Threads=32
LoadTime(s)=0.0159483
CODE_EXECUTION_TIME(s)=0.18842
RESULT=96615211
Throughput=5.12765e+08
VertexSetAllocated=2.04 MB
MiniGraphAllocated=6.48 MB
	Command being timed: "./bin/runner 32 /home/williamp/thesis_data/snap_format/dblp/"
	User time (seconds): 5.89
	System time (seconds): 0.04
	Percent of CPU this job got: 2815%
	Elapsed (wall clock) time (h:mm:ss or m:ss): 0:00.21
	Average shared text size (kbytes): 0
	Average unshared data size (kbytes): 0
	Average stack size (kbytes): 0
	Average total size (kbytes): 0
	Maximum resident set size (kbytes): 25384
	Average resident set size (kbytes): 0
	Major (requiring I/O) page faults: 5
	Minor (reclaiming a frame) page faults: 5761
	Voluntary context switches: 276
	Involuntary context switches: 25
	Swaps: 0
	File system inputs: 0
	File system outputs: 16
	Socket messages sent: 0
	Socket messages received: 0
	Signals delivered: 0
	Page size (bytes): 4096
	Exit status: 0
