Threads=16
LoadTime(s)=0.0165204
CODE_EXECUTION_TIME(s)=0.291093
RESULT=431568151
Throughput=1.48258e+09
VertexSetAllocated=1.02 MB
MiniGraphAllocated=388.66 KB
	Command being timed: "./bin/runner 16 /home/williamp/thesis_data/snap_format/dblp/"
	User time (seconds): 4.63
	System time (seconds): 0.01
	Percent of CPU this job got: 1491%
	Elapsed (wall clock) time (h:mm:ss or m:ss): 0:00.31
	Average shared text size (kbytes): 0
	Average unshared data size (kbytes): 0
	Average stack size (kbytes): 0
	Average total size (kbytes): 0
	Maximum resident set size (kbytes): 20860
	Average resident set size (kbytes): 0
	Major (requiring I/O) page faults: 2
	Minor (reclaiming a frame) page faults: 4221
	Voluntary context switches: 50
	Involuntary context switches: 18
	Swaps: 0
	File system inputs: 0
	File system outputs: 8
	Socket messages sent: 0
	Socket messages received: 0
	Signals delivered: 0
	Page size (bytes): 4096
	Exit status: 0
