Threads=64
LoadTime(s)=0.0159758
CODE_EXECUTION_TIME(s)=0.138048
RESULT=96615211
Throughput=6.99868e+08
VertexSetAllocated=4.07 MB
MiniGraphAllocated=11.33 MB
	Command being timed: "./bin/runner 64 /home/williamp/thesis_data/snap_format/dblp/"
	User time (seconds): 7.96
	System time (seconds): 0.26
	Percent of CPU this job got: 5141%
	Elapsed (wall clock) time (h:mm:ss or m:ss): 0:00.16
	Average shared text size (kbytes): 0
	Average unshared data size (kbytes): 0
	Average stack size (kbytes): 0
	Average total size (kbytes): 0
	Maximum resident set size (kbytes): 32496
	Average resident set size (kbytes): 0
	Major (requiring I/O) page faults: 0
	Minor (reclaiming a frame) page faults: 7145
	Voluntary context switches: 1502
	Involuntary context switches: 11
	Swaps: 0
	File system inputs: 0
	File system outputs: 8
	Socket messages sent: 0
	Socket messages received: 0
	Signals delivered: 0
	Page size (bytes): 4096
	Exit status: 0
