Threads=64
LoadTime(s)=0.0169779
CODE_EXECUTION_TIME(s)=0.0505577
RESULT=16713192
Throughput=3.30577e+08
VertexSetAllocated=0.00 Bytes
MiniGraphAllocated=3.83 MB
	Command being timed: "./bin/runner 64 /home/williamp/thesis_data/snap_format/dblp/"
	User time (seconds): 2.73
	System time (seconds): 0.16
	Percent of CPU this job got: 3969%
	Elapsed (wall clock) time (h:mm:ss or m:ss): 0:00.07
	Average shared text size (kbytes): 0
	Average unshared data size (kbytes): 0
	Average stack size (kbytes): 0
	Average total size (kbytes): 0
	Maximum resident set size (kbytes): 24404
	Average resident set size (kbytes): 0
	Major (requiring I/O) page faults: 1
	Minor (reclaiming a frame) page faults: 5127
	Voluntary context switches: 337
	Involuntary context switches: 4
	Swaps: 0
	File system inputs: 0
	File system outputs: 8
	Socket messages sent: 0
	Socket messages received: 0
	Signals delivered: 0
	Page size (bytes): 4096
	Exit status: 0
