Threads=64
LoadTime(s)=0.0162179
CODE_EXECUTION_TIME(s)=0.116009
RESULT=431568151
Throughput=3.72011e+09
VertexSetAllocated=4.07 MB
MiniGraphAllocated=1.53 MB
	Command being timed: "./bin/runner 64 /home/williamp/thesis_data/snap_format/dblp/"
	User time (seconds): 7.14
	System time (seconds): 0.03
	Percent of CPU this job got: 5236%
	Elapsed (wall clock) time (h:mm:ss or m:ss): 0:00.13
	Average shared text size (kbytes): 0
	Average unshared data size (kbytes): 0
	Average stack size (kbytes): 0
	Average total size (kbytes): 0
	Maximum resident set size (kbytes): 22492
	Average resident set size (kbytes): 0
	Major (requiring I/O) page faults: 1
	Minor (reclaiming a frame) page faults: 4651
	Voluntary context switches: 380
	Involuntary context switches: 17
	Swaps: 0
	File system inputs: 0
	File system outputs: 8
	Socket messages sent: 0
	Socket messages received: 0
	Signals delivered: 0
	Page size (bytes): 4096
	Exit status: 0
