Threads=32
LoadTime(s)=0.0165784
CODE_EXECUTION_TIME(s)=0.0599235
RESULT=16713192
Throughput=2.78909e+08
VertexSetAllocated=0.00 Bytes
MiniGraphAllocated=2.26 MB
	Command being timed: "./bin/runner 32 /home/williamp/thesis_data/snap_format/dblp/"
	User time (seconds): 1.82
	System time (seconds): 0.02
	Percent of CPU this job got: 2230%
	Elapsed (wall clock) time (h:mm:ss or m:ss): 0:00.08
	Average shared text size (kbytes): 0
	Average unshared data size (kbytes): 0
	Average stack size (kbytes): 0
	Average total size (kbytes): 0
	Maximum resident set size (kbytes): 22740
	Average resident set size (kbytes): 0
	Major (requiring I/O) page faults: 2
	Minor (reclaiming a frame) page faults: 4684
	Voluntary context switches: 195
	Involuntary context switches: 5
	Swaps: 0
	File system inputs: 0
	File system outputs: 8
	Socket messages sent: 0
	Socket messages received: 0
	Signals delivered: 0
	Page size (bytes): 4096
	Exit status: 0
