Threads=16
LoadTime(s)=0.17342
CODE_EXECUTION_TIME(s)=9.78034
RESULT=5216918441
Throughput=5.33409e+08
VertexSetAllocated=25.87 MB
MiniGraphAllocated=0.00 Bytes
	Command being timed: "./bin/runner 16 /home/williamp/thesis_data/snap_format/lj/"
	User time (seconds): 155.43
	System time (seconds): 1.15
	Percent of CPU this job got: 1566%
	Elapsed (wall clock) time (h:mm:ss or m:ss): 0:09.99
	Average shared text size (kbytes): 0
	Average unshared data size (kbytes): 0
	Average stack size (kbytes): 0
	Average total size (kbytes): 0
	Maximum resident set size (kbytes): 369460
	Average resident set size (kbytes): 0
	Major (requiring I/O) page faults: 0
	Minor (reclaiming a frame) page faults: 428230
	Voluntary context switches: 30972
	Involuntary context switches: 183
	Swaps: 0
	File system inputs: 0
	File system outputs: 24
	Socket messages sent: 0
	Socket messages received: 0
	Signals delivered: 0
	Page size (bytes): 4096
	Exit status: 0
