Threads=32
LoadTime(s)=0.161891
CODE_EXECUTION_TIME(s)=5.20965
RESULT=5216918441
Throughput=1.0014e+09
VertexSetAllocated=51.75 MB
MiniGraphAllocated=0.00 Bytes
	Command being timed: "./bin/runner 32 /home/williamp/thesis_data/snap_format/lj/"
	User time (seconds): 162.96
	System time (seconds): 3.70
	Percent of CPU this job got: 3077%
	Elapsed (wall clock) time (h:mm:ss or m:ss): 0:05.41
	Average shared text size (kbytes): 0
	Average unshared data size (kbytes): 0
	Average stack size (kbytes): 0
	Average total size (kbytes): 0
	Maximum resident set size (kbytes): 369716
	Average resident set size (kbytes): 0
	Major (requiring I/O) page faults: 9
	Minor (reclaiming a frame) page faults: 812786
	Voluntary context switches: 51501
	Involuntary context switches: 231
	Swaps: 0
	File system inputs: 0
	File system outputs: 8
	Socket messages sent: 0
	Socket messages received: 0
	Signals delivered: 0
	Page size (bytes): 4096
	Exit status: 0
