Threads=1
LoadTime(s)=0.0459686
CODE_EXECUTION_TIME(s)=0.467959
RESULT=42
Throughput=89.7514
VertexSetAllocated=60.00 Bytes
MiniGraphAllocated=0.00 Bytes
	Command being timed: "./bin/runner 1 /home/williamp/thesis_data/snap_format/roadNet-CA/"
	User time (seconds): 0.47
	System time (seconds): 0.05
	Percent of CPU this job got: 99%
	Elapsed (wall clock) time (h:mm:ss or m:ss): 0:00.52
	Average shared text size (kbytes): 0
	Average unshared data size (kbytes): 0
	Average stack size (kbytes): 0
	Average total size (kbytes): 0
	Maximum resident set size (kbytes): 72244
	Average resident set size (kbytes): 0
	Major (requiring I/O) page faults: 0
	Minor (reclaiming a frame) page faults: 17089
	Voluntary context switches: 2
	Involuntary context switches: 0
	Swaps: 0
	File system inputs: 0
	File system outputs: 16
	Socket messages sent: 0
	Socket messages received: 0
	Signals delivered: 0
	Page size (bytes): 4096
	Exit status: 0
