Threads=64
LoadTime(s)=0.0373875
CODE_EXECUTION_TIME(s)=0.11066
RESULT=4986965
Throughput=4.50655e+07
VertexSetAllocated=88.29 MB
MiniGraphAllocated=0.00 Bytes
	Command being timed: "./bin/runner 64 /home/williamp/thesis_data/snap_format/youtube/"
	User time (seconds): 6.76
	System time (seconds): 0.05
	Percent of CPU this job got: 4291%
	Elapsed (wall clock) time (h:mm:ss or m:ss): 0:00.15
	Average shared text size (kbytes): 0
	Average unshared data size (kbytes): 0
	Average stack size (kbytes): 0
	Average total size (kbytes): 0
	Maximum resident set size (kbytes): 55236
	Average resident set size (kbytes): 0
	Major (requiring I/O) page faults: 1
	Minor (reclaiming a frame) page faults: 12992
	Voluntary context switches: 404
	Involuntary context switches: 17
	Swaps: 0
	File system inputs: 0
	File system outputs: 8
	Socket messages sent: 0
	Socket messages received: 0
	Signals delivered: 0
	Page size (bytes): 4096
	Exit status: 0
