Threads=64
LoadTime(s)=0.00305045
CODE_EXECUTION_TIME(s)=1.77236
RESULT=4909606844
Throughput=2.7701e+09
VertexSetAllocated=8.66 MB
MiniGraphAllocated=1.60 MB
	Command being timed: "./bin/runner 64 /home/williamp/thesis_data/snap_format/enron/"
	User time (seconds): 25.94
	System time (seconds): 0.25
	Percent of CPU this job got: 1469%
	Elapsed (wall clock) time (h:mm:ss or m:ss): 0:01.78
	Average shared text size (kbytes): 0
	Average unshared data size (kbytes): 0
	Average stack size (kbytes): 0
	Average total size (kbytes): 0
	Maximum resident set size (kbytes): 9044
	Average resident set size (kbytes): 0
	Major (requiring I/O) page faults: 1
	Minor (reclaiming a frame) page faults: 1485
	Voluntary context switches: 626
	Involuntary context switches: 31
	Swaps: 0
	File system inputs: 0
	File system outputs: 8
	Socket messages sent: 0
	Socket messages received: 0
	Signals delivered: 0
	Page size (bytes): 4096
	Exit status: 0
