Threads=32
LoadTime(s)=0.00301057
CODE_EXECUTION_TIME(s)=1.86606
RESULT=4909606844
Throughput=2.631e+09
VertexSetAllocated=4.33 MB
MiniGraphAllocated=862.30 KB
	Command being timed: "./bin/runner 32 /home/williamp/thesis_data/snap_format/enron/"
	User time (seconds): 20.86
	System time (seconds): 0.08
	Percent of CPU this job got: 1117%
	Elapsed (wall clock) time (h:mm:ss or m:ss): 0:01.87
	Average shared text size (kbytes): 0
	Average unshared data size (kbytes): 0
	Average stack size (kbytes): 0
	Average total size (kbytes): 0
	Maximum resident set size (kbytes): 7920
	Average resident set size (kbytes): 0
	Major (requiring I/O) page faults: 28
	Minor (reclaiming a frame) page faults: 1268
	Voluntary context switches: 301
	Involuntary context switches: 49
	Swaps: 0
	File system inputs: 0
	File system outputs: 8
	Socket messages sent: 0
	Socket messages received: 0
	Signals delivered: 0
	Page size (bytes): 4096
	Exit status: 0
