Threads=64
LoadTime(s)=0.00292275
CODE_EXECUTION_TIME(s)=0.283516
RESULT=375691411
Throughput=1.32511e+09
VertexSetAllocated=8.66 MB
MiniGraphAllocated=11.70 MB
	Command being timed: "./bin/runner 64 /home/williamp/thesis_data/snap_format/enron/"
	User time (seconds): 10.83
	System time (seconds): 0.05
	Percent of CPU this job got: 3729%
	Elapsed (wall clock) time (h:mm:ss or m:ss): 0:00.29
	Average shared text size (kbytes): 0
	Average unshared data size (kbytes): 0
	Average stack size (kbytes): 0
	Average total size (kbytes): 0
	Maximum resident set size (kbytes): 19080
	Average resident set size (kbytes): 0
	Major (requiring I/O) page faults: 3
	Minor (reclaiming a frame) page faults: 3859
	Voluntary context switches: 559
	Involuntary context switches: 20
	Swaps: 0
	File system inputs: 0
	File system outputs: 8
	Socket messages sent: 0
	Socket messages received: 0
	Signals delivered: 0
	Page size (bytes): 4096
	Exit status: 0
