Threads=32
LoadTime(s)=0.00302064
CODE_EXECUTION_TIME(s)=0.27063
RESULT=375691411
Throughput=1.38821e+09
VertexSetAllocated=4.33 MB
MiniGraphAllocated=7.73 MB
	Command being timed: "./bin/runner 32 /home/williamp/thesis_data/snap_format/enron/"
	User time (seconds): 8.09
	System time (seconds): 0.01
	Percent of CPU this job got: 2897%
	Elapsed (wall clock) time (h:mm:ss or m:ss): 0:00.28
	Average shared text size (kbytes): 0
	Average unshared data size (kbytes): 0
	Average stack size (kbytes): 0
	Average total size (kbytes): 0
	Maximum resident set size (kbytes): 14288
	Average resident set size (kbytes): 0
	Major (requiring I/O) page faults: 5
	Minor (reclaiming a frame) page faults: 2746
	Voluntary context switches: 362
	Involuntary context switches: 9
	Swaps: 0
	File system inputs: 0
	File system outputs: 16
	Socket messages sent: 0
	Socket messages received: 0
	Signals delivered: 0
	Page size (bytes): 4096
	Exit status: 0
