Threads=1
LoadTime(s)=0.00324616
CODE_EXECUTION_TIME(s)=16.8854
RESULT=4909606844
Throughput=2.9076e+08
VertexSetAllocated=138.63 KB
MiniGraphAllocated=34.01 KB
	Command being timed: "./bin/runner 1 /home/williamp/thesis_data/snap_format/enron/"
	User time (seconds): 16.88
	System time (seconds): 0.00
	Percent of CPU this job got: 100%
	Elapsed (wall clock) time (h:mm:ss or m:ss): 0:16.89
	Average shared text size (kbytes): 0
	Average unshared data size (kbytes): 0
	Average stack size (kbytes): 0
	Average total size (kbytes): 0
	Maximum resident set size (kbytes): 6876
	Average resident set size (kbytes): 0
	Major (requiring I/O) page faults: 0
	Minor (reclaiming a frame) page faults: 1235
	Voluntary context switches: 2
	Involuntary context switches: 25
	Swaps: 0
	File system inputs: 0
	File system outputs: 24
	Socket messages sent: 0
	Socket messages received: 0
	Signals delivered: 0
	Page size (bytes): 4096
	Exit status: 0
