Threads=1
LoadTime(s)=0.00303241
CODE_EXECUTION_TIME(s)=18.6834
RESULT=1371828020
Throughput=7.34248e+07
VertexSetAllocated=277.26 KB
MiniGraphAllocated=0.00 Bytes
	Command being timed: "./bin/runner 1 /home/williamp/thesis_data/snap_format/enron/"
	User time (seconds): 18.68
	System time (seconds): 0.00
	Percent of CPU this job got: 99%
	Elapsed (wall clock) time (h:mm:ss or m:ss): 0:18.69
	Average shared text size (kbytes): 0
	Average unshared data size (kbytes): 0
	Average stack size (kbytes): 0
	Average total size (kbytes): 0
	Maximum resident set size (kbytes): 6808
	Average resident set size (kbytes): 0
	Major (requiring I/O) page faults: 0
	Minor (reclaiming a frame) page faults: 2799
	Voluntary context switches: 2
	Involuntary context switches: 18
	Swaps: 0
	File system inputs: 0
	File system outputs: 24
	Socket messages sent: 0
	Socket messages received: 0
	Signals delivered: 0
	Page size (bytes): 4096
	Exit status: 0
