Threads=16
LoadTime(s)=0.0030142
CODE_EXECUTION_TIME(s)=0.457792
RESULT=375691411
Throughput=8.20659e+08
VertexSetAllocated=2.17 MB
MiniGraphAllocated=4.93 MB
	Command being timed: "./bin/runner 16 /home/williamp/thesis_data/snap_format/enron/"
	User time (seconds): 7.29
	System time (seconds): 0.00
	Percent of CPU this job got: 1569%
	Elapsed (wall clock) time (h:mm:ss or m:ss): 0:00.46
	Average shared text size (kbytes): 0
	Average unshared data size (kbytes): 0
	Average stack size (kbytes): 0
	Average total size (kbytes): 0
	Maximum resident set size (kbytes): 11492
	Average resident set size (kbytes): 0
	Major (requiring I/O) page faults: 1
	Minor (reclaiming a frame) page faults: 1990
	Voluntary context switches: 89
	Involuntary context switches: 12
	Swaps: 0
	File system inputs: 0
	File system outputs: 8
	Socket messages sent: 0
	Socket messages received: 0
	Signals delivered: 0
	Page size (bytes): 4096
	Exit status: 0
