Threads=16
LoadTime(s)=0.00302842
CODE_EXECUTION_TIME(s)=0.469667
RESULT=375691411
Throughput=7.9991e+08
VertexSetAllocated=2.17 MB
MiniGraphAllocated=4.52 MB
	Command being timed: "./bin/runner 16 /home/williamp/thesis_data/snap_format/enron/"
	User time (seconds): 7.48
	System time (seconds): 0.02
	Percent of CPU this job got: 1572%
	Elapsed (wall clock) time (h:mm:ss or m:ss): 0:00.47
	Average shared text size (kbytes): 0
	Average unshared data size (kbytes): 0
	Average stack size (kbytes): 0
	Average total size (kbytes): 0
	Maximum resident set size (kbytes): 11384
	Average resident set size (kbytes): 0
	Major (requiring I/O) page faults: 0
	Minor (reclaiming a frame) page faults: 1903
	Voluntary context switches: 111
	Involuntary context switches: 8
	Swaps: 0
	File system inputs: 0
	File system outputs: 8
	Socket messages sent: 0
	Socket messages received: 0
	Signals delivered: 0
	Page size (bytes): 4096
	Exit status: 0
