Threads=32
LoadTime(s)=0.00305025
CODE_EXECUTION_TIME(s)=0.269374
RESULT=375691411
Throughput=1.39468e+09
VertexSetAllocated=4.33 MB
MiniGraphAllocated=7.51 MB
	Command being timed: "./bin/runner 32 /home/williamp/thesis_data/snap_format/enron/"
	User time (seconds): 8.10
	System time (seconds): 0.00
	Percent of CPU this job got: 2918%
	Elapsed (wall clock) time (h:mm:ss or m:ss): 0:00.27
	Average shared text size (kbytes): 0
	Average unshared data size (kbytes): 0
	Average stack size (kbytes): 0
	Average total size (kbytes): 0
	Maximum resident set size (kbytes): 14276
	Average resident set size (kbytes): 0
	Major (requiring I/O) page faults: 11
	Minor (reclaiming a frame) page faults: 2698
	Voluntary context switches: 320
	Involuntary context switches: 23
	Swaps: 0
	File system inputs: 0
	File system outputs: 16
	Socket messages sent: 0
	Socket messages received: 0
	Signals delivered: 0
	Page size (bytes): 4096
	Exit status: 0
