Threads=4
LoadTime(s)=0.00302949
CODE_EXECUTION_TIME(s)=1.72301
RESULT=375691411
Throughput=2.18044e+08
VertexSetAllocated=554.52 KB
MiniGraphAllocated=1.60 MB
	Command being timed: "./bin/runner 4 /home/williamp/thesis_data/snap_format/enron/"
	User time (seconds): 6.88
	System time (seconds): 0.00
	Percent of CPU this job got: 398%
	Elapsed (wall clock) time (h:mm:ss or m:ss): 0:01.73
	Average shared text size (kbytes): 0
	Average unshared data size (kbytes): 0
	Average stack size (kbytes): 0
	Average total size (kbytes): 0
	Maximum resident set size (kbytes): 7900
	Average resident set size (kbytes): 0
	Major (requiring I/O) page faults: 0
	Minor (reclaiming a frame) page faults: 1860
	Voluntary context switches: 14
	Involuntary context switches: 11
	Swaps: 0
	File system inputs: 0
	File system outputs: 8
	Socket messages sent: 0
	Socket messages received: 0
	Signals delivered: 0
	Page size (bytes): 4096
	Exit status: 0
