Threads=64
LoadTime(s)=0.003016
CODE_EXECUTION_TIME(s)=0.293535
RESULT=375691411
Throughput=1.27989e+09
VertexSetAllocated=8.66 MB
MiniGraphAllocated=11.50 MB
	Command being timed: "./bin/runner 64 /home/williamp/thesis_data/snap_format/enron/"
	User time (seconds): 10.84
	System time (seconds): 0.03
	Percent of CPU this job got: 3579%
	Elapsed (wall clock) time (h:mm:ss or m:ss): 0:00.30
	Average shared text size (kbytes): 0
	Average unshared data size (kbytes): 0
	Average stack size (kbytes): 0
	Average total size (kbytes): 0
	Maximum resident set size (kbytes): 18824
	Average resident set size (kbytes): 0
	Major (requiring I/O) page faults: 12
	Minor (reclaiming a frame) page faults: 3796
	Voluntary context switches: 745
	Involuntary context switches: 24
	Swaps: 0
	File system inputs: 0
	File system outputs: 8
	Socket messages sent: 0
	Socket messages received: 0
	Signals delivered: 0
	Page size (bytes): 4096
	Exit status: 0
