Threads=16
LoadTime(s)=0.00300307
CODE_EXECUTION_TIME(s)=0.469594
RESULT=375691411
Throughput=8.00035e+08
VertexSetAllocated=2.17 MB
MiniGraphAllocated=5.01 MB
	Command being timed: "./bin/runner 16 /home/williamp/thesis_data/snap_format/enron/"
	User time (seconds): 7.47
	System time (seconds): 0.01
	Percent of CPU this job got: 1569%
	Elapsed (wall clock) time (h:mm:ss or m:ss): 0:00.47
	Average shared text size (kbytes): 0
	Average unshared data size (kbytes): 0
	Average stack size (kbytes): 0
	Average total size (kbytes): 0
	Maximum resident set size (kbytes): 11472
	Average resident set size (kbytes): 0
	Major (requiring I/O) page faults: 0
	Minor (reclaiming a frame) page faults: 2000
	Voluntary context switches: 82
	Involuntary context switches: 15
	Swaps: 0
	File system inputs: 0
	File system outputs: 24
	Socket messages sent: 0
	Socket messages received: 0
	Signals delivered: 0
	Page size (bytes): 4096
	Exit status: 0
