Threads=32
LoadTime(s)=0.00304165
CODE_EXECUTION_TIME(s)=1.80841
RESULT=4909606844
Throughput=2.71488e+09
VertexSetAllocated=4.33 MB
MiniGraphAllocated=862.12 KB
	Command being timed: "./bin/runner 32 /home/williamp/thesis_data/snap_format/enron/"
	User time (seconds): 20.87
	System time (seconds): 0.01
	Percent of CPU this job got: 1150%
	Elapsed (wall clock) time (h:mm:ss or m:ss): 0:01.81
	Average shared text size (kbytes): 0
	Average unshared data size (kbytes): 0
	Average stack size (kbytes): 0
	Average total size (kbytes): 0
	Maximum resident set size (kbytes): 8136
	Average resident set size (kbytes): 0
	Major (requiring I/O) page faults: 0
	Minor (reclaiming a frame) page faults: 1176
	Voluntary context switches: 257
	Involuntary context switches: 21
	Swaps: 0
	File system inputs: 0
	File system outputs: 24
	Socket messages sent: 0
	Socket messages received: 0
	Signals delivered: 0
	Page size (bytes): 4096
	Exit status: 0
