Threads=64
LoadTime(s)=0.00304013
CODE_EXECUTION_TIME(s)=1.76942
RESULT=4909606844
Throughput=2.7747e+09
VertexSetAllocated=8.66 MB
MiniGraphAllocated=1.60 MB
	Command being timed: "./bin/runner 64 /home/williamp/thesis_data/snap_format/enron/"
	User time (seconds): 25.50
	System time (seconds): 0.19
	Percent of CPU this job got: 1444%
	Elapsed (wall clock) time (h:mm:ss or m:ss): 0:01.77
	Average shared text size (kbytes): 0
	Average unshared data size (kbytes): 0
	Average stack size (kbytes): 0
	Average total size (kbytes): 0
	Maximum resident set size (kbytes): 9120
	Average resident set size (kbytes): 0
	Major (requiring I/O) page faults: 0
	Minor (reclaiming a frame) page faults: 1455
	Voluntary context switches: 529
	Involuntary context switches: 34
	Swaps: 0
	File system inputs: 0
	File system outputs: 8
	Socket messages sent: 0
	Socket messages received: 0
	Signals delivered: 0
	Page size (bytes): 4096
	Exit status: 0
