Threads=4
LoadTime(s)=0.0187379
CODE_EXECUTION_TIME(s)=17.5769
RESULT=30817361
Throughput=1.75328e+06
VertexSetAllocated=2.04 MB
MiniGraphAllocated=0.00 Bytes
	Command being timed: "./bin/runner 4 /home/williamp/thesis_data/snap_format/dblp/"
	User time (seconds): 70.29
	System time (seconds): 0.03
	Percent of CPU this job got: 399%
	Elapsed (wall clock) time (h:mm:ss or m:ss): 0:17.60
	Average shared text size (kbytes): 0
	Average unshared data size (kbytes): 0
	Average stack size (kbytes): 0
	Average total size (kbytes): 0
	Maximum resident set size (kbytes): 20568
	Average resident set size (kbytes): 0
	Major (requiring I/O) page faults: 0
	Minor (reclaiming a frame) page faults: 14771
	Voluntary context switches: 14
	Involuntary context switches: 57
	Swaps: 0
	File system inputs: 0
	File system outputs: 8
	Socket messages sent: 0
	Socket messages received: 0
	Signals delivered: 0
	Page size (bytes): 4096
	Exit status: 0
