Threads=16
LoadTime(s)=0.0189299
CODE_EXECUTION_TIME(s)=0.361902
RESULT=252447350
Throughput=6.97557e+08
VertexSetAllocated=2.04 MB
MiniGraphAllocated=0.00 Bytes
	Command being timed: "./bin/runner 16 /home/williamp/thesis_data/snap_format/dblp/"
	User time (seconds): 5.76
	System time (seconds): 0.02
	Percent of CPU this job got: 1495%
	Elapsed (wall clock) time (h:mm:ss or m:ss): 0:00.38
	Average shared text size (kbytes): 0
	Average unshared data size (kbytes): 0
	Average stack size (kbytes): 0
	Average total size (kbytes): 0
	Maximum resident set size (kbytes): 20568
	Average resident set size (kbytes): 0
	Major (requiring I/O) page faults: 3
	Minor (reclaiming a frame) page faults: 4196
	Voluntary context switches: 45
	Involuntary context switches: 9
	Swaps: 0
	File system inputs: 0
	File system outputs: 8
	Socket messages sent: 0
	Socket messages received: 0
	Signals delivered: 0
	Page size (bytes): 4096
	Exit status: 0
