Threads=32
LoadTime(s)=0.00360844
CODE_EXECUTION_TIME(s)=17.4791
RESULT=3980912552
Throughput=2.27753e+08
VertexSetAllocated=21.66 MB
MiniGraphAllocated=0.00 Bytes
	Command being timed: "./bin/runner 32 /home/williamp/thesis_data/snap_format/enron/"
	User time (seconds): 413.79
	System time (seconds): 0.01
	Percent of CPU this job got: 2366%
	Elapsed (wall clock) time (h:mm:ss or m:ss): 0:17.48
	Average shared text size (kbytes): 0
	Average unshared data size (kbytes): 0
	Average stack size (kbytes): 0
	Average total size (kbytes): 0
	Maximum resident set size (kbytes): 8096
	Average resident set size (kbytes): 0
	Major (requiring I/O) page faults: 1
	Minor (reclaiming a frame) page faults: 2910
	Voluntary context switches: 217
	Involuntary context switches: 398
	Swaps: 0
	File system inputs: 0
	File system outputs: 8
	Socket messages sent: 0
	Socket messages received: 0
	Signals delivered: 0
	Page size (bytes): 4096
	Exit status: 0
