Threads=4
LoadTime(s)=0.00347385
CODE_EXECUTION_TIME(s)=98.9195
RESULT=3980912552
Throughput=4.0244e+07
VertexSetAllocated=2.71 MB
MiniGraphAllocated=0.00 Bytes
	Command being timed: "./bin/runner 4 /home/williamp/thesis_data/snap_format/enron/"
	User time (seconds): 395.67
	System time (seconds): 0.00
	Percent of CPU this job got: 399%
	Elapsed (wall clock) time (h:mm:ss or m:ss): 1:38.92
	Average shared text size (kbytes): 0
	Average unshared data size (kbytes): 0
	Average stack size (kbytes): 0
	Average total size (kbytes): 0
	Maximum resident set size (kbytes): 7052
	Average resident set size (kbytes): 0
	Major (requiring I/O) page faults: 1
	Minor (reclaiming a frame) page faults: 5529
	Voluntary context switches: 23
	Involuntary context switches: 383
	Swaps: 0
	File system inputs: 0
	File system outputs: 24
	Socket messages sent: 0
	Socket messages received: 0
	Signals delivered: 0
	Page size (bytes): 4096
	Exit status: 0
