Threads=64
LoadTime(s)=0.00322123
CODE_EXECUTION_TIME(s)=73.262
RESULT=2673718975
Throughput=3.64953e+07
VertexSetAllocated=69.31 MB
MiniGraphAllocated=0.00 Bytes
	Command being timed: "./bin/runner 64 /home/williamp/thesis_data/snap_format/enron/"
	User time (seconds): 1986.71
	System time (seconds): 0.02
	Percent of CPU this job got: 2711%
	Elapsed (wall clock) time (h:mm:ss or m:ss): 1:13.27
	Average shared text size (kbytes): 0
	Average unshared data size (kbytes): 0
	Average stack size (kbytes): 0
	Average total size (kbytes): 0
	Maximum resident set size (kbytes): 10460
	Average resident set size (kbytes): 0
	Major (requiring I/O) page faults: 0
	Minor (reclaiming a frame) page faults: 5670
	Voluntary context switches: 620
	Involuntary context switches: 1661
	Swaps: 0
	File system inputs: 0
	File system outputs: 24
	Socket messages sent: 0
	Socket messages received: 0
	Signals delivered: 0
	Page size (bytes): 4096
	Exit status: 0
