Threads=64
LoadTime(s)=0.00355091
CODE_EXECUTION_TIME(s)=0.0317759
RESULT=2341639
Throughput=7.36923e+07
VertexSetAllocated=8.66 MB
MiniGraphAllocated=0.00 Bytes
	Command being timed: "./bin/runner 64 /home/williamp/thesis_data/snap_format/enron/"
	User time (seconds): 1.69
	System time (seconds): 0.04
	Percent of CPU this job got: 4241%
	Elapsed (wall clock) time (h:mm:ss or m:ss): 0:00.04
	Average shared text size (kbytes): 0
	Average unshared data size (kbytes): 0
	Average stack size (kbytes): 0
	Average total size (kbytes): 0
	Maximum resident set size (kbytes): 8036
	Average resident set size (kbytes): 0
	Major (requiring I/O) page faults: 11
	Minor (reclaiming a frame) page faults: 1088
	Voluntary context switches: 380
	Involuntary context switches: 24
	Swaps: 0
	File system inputs: 0
	File system outputs: 8
	Socket messages sent: 0
	Socket messages received: 0
	Signals delivered: 0
	Page size (bytes): 4096
	Exit status: 0
