Threads=32
LoadTime(s)=0.20547
CODE_EXECUTION_TIME(s)=290.473
RESULT=542683013686
Throughput=1.86828e+09
VertexSetAllocated=103.50 MB
MiniGraphAllocated=0.00 Bytes
	Command being timed: "./bin/runner 32 /home/williamp/thesis_data/snap_format/lj/"
	User time (seconds): 9294.19
	System time (seconds): 1.01
	Percent of CPU this job got: 3197%
	Elapsed (wall clock) time (h:mm:ss or m:ss): 4:50.72
	Average shared text size (kbytes): 0
	Average unshared data size (kbytes): 0
	Average stack size (kbytes): 0
	Average total size (kbytes): 0
	Maximum resident set size (kbytes): 371820
	Average resident set size (kbytes): 0
	Major (requiring I/O) page faults: 0
	Minor (reclaiming a frame) page faults: 619982
	Voluntary context switches: 183
	Involuntary context switches: 6665
	Swaps: 0
	File system inputs: 0
	File system outputs: 24
	Socket messages sent: 0
	Socket messages received: 0
	Signals delivered: 0
	Page size (bytes): 4096
	Exit status: 0
