Threads=16
LoadTime(s)=0.058698
CODE_EXECUTION_TIME(s)=0.228168
RESULT=0
Throughput=0
VertexSetAllocated=4.69 KB
MiniGraphAllocated=0.00 Bytes
	Command being timed: "./bin/runner 16 /home/williamp/thesis_data/snap_format/roadNet-CA/"
	User time (seconds): 3.61
	System time (seconds): 0.08
	Percent of CPU this job got: 1231%
	Elapsed (wall clock) time (h:mm:ss or m:ss): 0:00.30
	Average shared text size (kbytes): 0
	Average unshared data size (kbytes): 0
	Average stack size (kbytes): 0
	Average total size (kbytes): 0
	Maximum resident set size (kbytes): 72304
	Average resident set size (kbytes): 0
	Major (requiring I/O) page faults: 14
	Minor (reclaiming a frame) page faults: 17149
	Voluntary context switches: 53
	Involuntary context switches: 11
	Swaps: 0
	File system inputs: 0
	File system outputs: 8
	Socket messages sent: 0
	Socket messages received: 0
	Signals delivered: 0
	Page size (bytes): 4096
	Exit status: 0
