Threads=64
LoadTime(s)=0.0609008
CODE_EXECUTION_TIME(s)=0.211865
RESULT=0
Throughput=0
VertexSetAllocated=17.81 KB
MiniGraphAllocated=0.00 Bytes
	Command being timed: "./bin/runner 64 /home/williamp/thesis_data/snap_format/roadNet-CA/"
	User time (seconds): 13.23
	System time (seconds): 0.19
	Percent of CPU this job got: 4763%
	Elapsed (wall clock) time (h:mm:ss or m:ss): 0:00.28
	Average shared text size (kbytes): 0
	Average unshared data size (kbytes): 0
	Average stack size (kbytes): 0
	Average total size (kbytes): 0
	Maximum resident set size (kbytes): 73408
	Average resident set size (kbytes): 0
	Major (requiring I/O) page faults: 0
	Minor (reclaiming a frame) page faults: 17360
	Voluntary context switches: 207
	Involuntary context switches: 47
	Swaps: 0
	File system inputs: 0
	File system outputs: 8
	Socket messages sent: 0
	Socket messages received: 0
	Signals delivered: 0
	Page size (bytes): 4096
	Exit status: 0
