Threads=32
LoadTime(s)=0.0506732
CODE_EXECUTION_TIME(s)=0.127579
RESULT=42
Throughput=329.207
VertexSetAllocated=1.88 KB
MiniGraphAllocated=0.00 Bytes
	Command being timed: "./bin/runner 32 /home/williamp/thesis_data/snap_format/roadNet-CA/"
	User time (seconds): 4.00
	System time (seconds): 0.06
	Percent of CPU this job got: 2130%
	Elapsed (wall clock) time (h:mm:ss or m:ss): 0:00.19
	Average shared text size (kbytes): 0
	Average unshared data size (kbytes): 0
	Average stack size (kbytes): 0
	Average total size (kbytes): 0
	Maximum resident set size (kbytes): 72740
	Average resident set size (kbytes): 0
	Major (requiring I/O) page faults: 2
	Minor (reclaiming a frame) page faults: 17221
	Voluntary context switches: 105
	Involuntary context switches: 14
	Swaps: 0
	File system inputs: 0
	File system outputs: 8
	Socket messages sent: 0
	Socket messages received: 0
	Signals delivered: 0
	Page size (bytes): 4096
	Exit status: 0
