Threads=16
LoadTime(s)=0.0580617
CODE_EXECUTION_TIME(s)=0.285929
RESULT=48
Throughput=167.874
VertexSetAllocated=8.44 KB
MiniGraphAllocated=0.00 Bytes
	Command being timed: "./bin/runner 16 /home/williamp/thesis_data/snap_format/roadNet-CA/"
	User time (seconds): 4.52
	System time (seconds): 0.09
	Percent of CPU this job got: 1291%
	Elapsed (wall clock) time (h:mm:ss or m:ss): 0:00.35
	Average shared text size (kbytes): 0
	Average unshared data size (kbytes): 0
	Average stack size (kbytes): 0
	Average total size (kbytes): 0
	Maximum resident set size (kbytes): 72548
	Average resident set size (kbytes): 0
	Major (requiring I/O) page faults: 2
	Minor (reclaiming a frame) page faults: 17174
	Voluntary context switches: 43
	Involuntary context switches: 16
	Swaps: 0
	File system inputs: 0
	File system outputs: 8
	Socket messages sent: 0
	Socket messages received: 0
	Signals delivered: 0
	Page size (bytes): 4096
	Exit status: 0
