Threads=16
LoadTime(s)=0.00153183
CODE_EXECUTION_TIME(s)=0.13163
RESULT=4514137
Throughput=3.4294e+07
VertexSetAllocated=7.55 MB
MiniGraphAllocated=0.00 Bytes
	Command being timed: "./bin/runner 16 /home/williamp/thesis_data/snap_format/wiki/"
	User time (seconds): 2.07
	System time (seconds): 0.00
	Percent of CPU this job got: 1509%
	Elapsed (wall clock) time (h:mm:ss or m:ss): 0:00.13
	Average shared text size (kbytes): 0
	Average unshared data size (kbytes): 0
	Average stack size (kbytes): 0
	Average total size (kbytes): 0
	Maximum resident set size (kbytes): 5828
	Average resident set size (kbytes): 0
	Major (requiring I/O) page faults: 2
	Minor (reclaiming a frame) page faults: 506
	Voluntary context switches: 93
	Involuntary context switches: 18
	Swaps: 0
	File system inputs: 0
	File system outputs: 8
	Socket messages sent: 0
	Socket messages received: 0
	Signals delivered: 0
	Page size (bytes): 4096
	Exit status: 0
