Threads=16
LoadTime(s)=0.00149749
CODE_EXECUTION_TIME(s)=233.538
RESULT=6374008876
Throughput=2.72932e+07
VertexSetAllocated=26.44 MB
MiniGraphAllocated=0.00 Bytes
	Command being timed: "./bin/runner 16 /home/williamp/thesis_data/snap_format/wiki/"
	User time (seconds): 2239.64
	System time (seconds): 0.00
	Percent of CPU this job got: 958%
	Elapsed (wall clock) time (h:mm:ss or m:ss): 3:53.54
	Average shared text size (kbytes): 0
	Average unshared data size (kbytes): 0
	Average stack size (kbytes): 0
	Average total size (kbytes): 0
	Maximum resident set size (kbytes): 6040
	Average resident set size (kbytes): 0
	Major (requiring I/O) page faults: 0
	Minor (reclaiming a frame) page faults: 2770
	Voluntary context switches: 221
	Involuntary context switches: 1599
	Swaps: 0
	File system inputs: 0
	File system outputs: 24
	Socket messages sent: 0
	Socket messages received: 0
	Signals delivered: 0
	Page size (bytes): 4096
	Exit status: 0
