Threads=16
LoadTime(s)=0.04388
CODE_EXECUTION_TIME(s)=80.4178
RESULT=50244537511
Throughput=6.24794e+08
VertexSetAllocated=44.15 MB
MiniGraphAllocated=0.00 Bytes
	Command being timed: "./bin/runner 16 /home/williamp/thesis_data/snap_format/youtube/"
	User time (seconds): 502.89
	System time (seconds): 0.12
	Percent of CPU this job got: 625%
	Elapsed (wall clock) time (h:mm:ss or m:ss): 1:20.47
	Average shared text size (kbytes): 0
	Average unshared data size (kbytes): 0
	Average stack size (kbytes): 0
	Average total size (kbytes): 0
	Maximum resident set size (kbytes): 54912
	Average resident set size (kbytes): 0
	Major (requiring I/O) page faults: 0
	Minor (reclaiming a frame) page faults: 41923
	Voluntary context switches: 122
	Involuntary context switches: 692
	Swaps: 0
	File system inputs: 0
	File system outputs: 24
	Socket messages sent: 0
	Socket messages received: 0
	Signals delivered: 0
	Page size (bytes): 4096
	Exit status: 0
