Threads=32
LoadTime(s)=0.0472747
CODE_EXECUTION_TIME(s)=78.7696
RESULT=50244537511
Throughput=6.37867e+08
VertexSetAllocated=88.29 MB
MiniGraphAllocated=0.00 Bytes
	Command being timed: "./bin/runner 32 /home/williamp/thesis_data/snap_format/youtube/"
	User time (seconds): 515.51
	System time (seconds): 0.14
	Percent of CPU this job got: 654%
	Elapsed (wall clock) time (h:mm:ss or m:ss): 1:18.83
	Average shared text size (kbytes): 0
	Average unshared data size (kbytes): 0
	Average stack size (kbytes): 0
	Average total size (kbytes): 0
	Maximum resident set size (kbytes): 55396
	Average resident set size (kbytes): 0
	Major (requiring I/O) page faults: 1
	Minor (reclaiming a frame) page faults: 48751
	Voluntary context switches: 278
	Involuntary context switches: 762
	Swaps: 0
	File system inputs: 0
	File system outputs: 24
	Socket messages sent: 0
	Socket messages received: 0
	Signals delivered: 0
	Page size (bytes): 4096
	Exit status: 0
