Threads=32
LoadTime(s)=0.0491349
CODE_EXECUTION_TIME(s)=223.15
RESULT=122401075225
Throughput=5.48516e+08
VertexSetAllocated=397.31 MB
MiniGraphAllocated=0.00 Bytes
	Command being timed: "./bin/runner 32 /home/williamp/thesis_data/snap_format/youtube/"
	User time (seconds): 3829.84
	System time (seconds): 0.11
	Percent of CPU this job got: 1715%
	Elapsed (wall clock) time (h:mm:ss or m:ss): 3:43.21
	Average shared text size (kbytes): 0
	Average unshared data size (kbytes): 0
	Average stack size (kbytes): 0
	Average total size (kbytes): 0
	Maximum resident set size (kbytes): 61040
	Average resident set size (kbytes): 0
	Major (requiring I/O) page faults: 0
	Minor (reclaiming a frame) page faults: 59526
	Voluntary context switches: 598
	Involuntary context switches: 2904
	Swaps: 0
	File system inputs: 0
	File system outputs: 24
	Socket messages sent: 0
	Socket messages received: 0
	Signals delivered: 0
	Page size (bytes): 4096
	Exit status: 0
