Threads=64
LoadTime(s)=0.040939
CODE_EXECUTION_TIME(s)=168.403
RESULT=73583788710
Throughput=4.3695e+08
VertexSetAllocated=441.46 MB
MiniGraphAllocated=0.00 Bytes
	Command being timed: "./bin/runner 64 /home/williamp/thesis_data/snap_format/youtube/"
	User time (seconds): 5118.16
	System time (seconds): 0.12
	Percent of CPU this job got: 3038%
	Elapsed (wall clock) time (h:mm:ss or m:ss): 2:48.45
	Average shared text size (kbytes): 0
	Average unshared data size (kbytes): 0
	Average stack size (kbytes): 0
	Average total size (kbytes): 0
	Maximum resident set size (kbytes): 57000
	Average resident set size (kbytes): 0
	Major (requiring I/O) page faults: 0
	Minor (reclaiming a frame) page faults: 63202
	Voluntary context switches: 491
	Involuntary context switches: 3578
	Swaps: 0
	File system inputs: 0
	File system outputs: 24
	Socket messages sent: 0
	Socket messages received: 0
	Signals delivered: 0
	Page size (bytes): 4096
	Exit status: 0
