Threads=16
LoadTime(s)=0.0468736
CODE_EXECUTION_TIME(s)=15.5611
RESULT=99180327
Throughput=6.3736e+06
VertexSetAllocated=154.51 MB
MiniGraphAllocated=0.00 Bytes
	Command being timed: "./bin/runner 16 /home/williamp/thesis_data/snap_format/youtube/"
	User time (seconds): 248.40
	System time (seconds): 0.20
	Percent of CPU this job got: 1591%
	Elapsed (wall clock) time (h:mm:ss or m:ss): 0:15.62
	Average shared text size (kbytes): 0
	Average unshared data size (kbytes): 0
	Average stack size (kbytes): 0
	Average total size (kbytes): 0
	Maximum resident set size (kbytes): 55004
	Average resident set size (kbytes): 0
	Major (requiring I/O) page faults: 0
	Minor (reclaiming a frame) page faults: 73979
	Voluntary context switches: 4188
	Involuntary context switches: 342
	Swaps: 0
	File system inputs: 0
	File system outputs: 8
	Socket messages sent: 0
	Socket messages received: 0
	Signals delivered: 0
	Page size (bytes): 4096
	Exit status: 0
