Threads=2
LoadTime(s)=0.0103243
CODE_EXECUTION_TIME(s)=2.93353
RESULT=96615211
Throughput=3.29348e+07
VertexSetAllocated=130.40 KB
MiniGraphAllocated=371.91 KB
        3.25 real         5.74 user         0.03 sys
            19775488  maximum resident set size
                   0  average shared memory size
                   0  average unshared data size
                   0  average unshared stack size
                1314  page reclaims
                   2  page faults
                   0  swaps
                   0  block input operations
                   0  block output operations
                   0  messages sent
                   0  messages received
                   0  signals received
                   0  voluntary context switches
                3776  involuntary context switches
         40455079562  instructions retired
         11404299303  cycles elapsed
            18465920  peak memory footprint
