Threads=2
LoadTime(s)=0.010693
CODE_EXECUTION_TIME(s)=0.542575
RESULT=16713192
Throughput=3.08035e+07
VertexSetAllocated=0.00 Bytes
MiniGraphAllocated=129.21 KB
        0.86 real         1.08 user         0.01 sys
            19316736  maximum resident set size
                   0  average shared memory size
                   0  average unshared data size
                   0  average unshared stack size
                1286  page reclaims
                   1  page faults
                   0  swaps
                   0  block input operations
                   0  block output operations
                   0  messages sent
                   0  messages received
                   0  signals received
                   0  voluntary context switches
                 404  involuntary context switches
          7545866410  instructions retired
          2141133906  cycles elapsed
            17908480  peak memory footprint
