Threads=2
LoadTime(s)=0.0156391
CODE_EXECUTION_TIME(s)=3.05374
RESULT=252447350
Throughput=8.26682e+07
VertexSetAllocated=260.80 KB
MiniGraphAllocated=0.00 Bytes
        3.38 real         6.09 user         0.03 sys
            19251200  maximum resident set size
                   0  average shared memory size
                   0  average unshared data size
                   0  average unshared stack size
                1280  page reclaims
                   2  page faults
                   0  swaps
                   0  block input operations
                   0  block output operations
                   0  messages sent
                   0  messages received
                   0  signals received
                   0  voluntary context switches
                 370  involuntary context switches
         42890743715  instructions retired
         11999189995  cycles elapsed
            17908608  peak memory footprint
