Threads=4
LoadTime(s)=0.00918675
CODE_EXECUTION_TIME(s)=0.314006
RESULT=16713192
Throughput=5.32257e+07
VertexSetAllocated=0.00 Bytes
MiniGraphAllocated=297.52 KB
        0.63 real         1.20 user         0.01 sys
            19644416  maximum resident set size
                   0  average shared memory size
                   0  average unshared data size
                   0  average unshared stack size
                1311  page reclaims
                   1  page faults
                   0  swaps
                   0  block input operations
                   0  block output operations
                   0  messages sent
                   0  messages received
                   0  signals received
                   0  voluntary context switches
                1194  involuntary context switches
          7554940989  instructions retired
          2531980128  cycles elapsed
            18301952  peak memory footprint
