Threads=2
LoadTime(s)=0.0179883
CODE_EXECUTION_TIME(s)=0.674825
RESULT=16713192
Throughput=2.47667e+07
VertexSetAllocated=0.00 Bytes
MiniGraphAllocated=129.21 KB
        1.01 real         1.16 user         0.03 sys
            19283968  maximum resident set size
                   0  average shared memory size
                   0  average unshared data size
                   0  average unshared stack size
                1399  page reclaims
                   1  page faults
                   0  swaps
                   0  block input operations
                   0  block output operations
                   0  messages sent
                   0  messages received
                   0  signals received
                   2  voluntary context switches
                3614  involuntary context switches
          7575732711  instructions retired
          2375210426  cycles elapsed
            17957632  peak memory footprint
