Threads=4
LoadTime(s)=0.0130518
CODE_EXECUTION_TIME(s)=0.2735
RESULT=16713192
Throughput=6.11085e+07
VertexSetAllocated=0.00 Bytes
MiniGraphAllocated=296.49 KB
        0.60 real         1.09 user         0.01 sys
            19562496  maximum resident set size
                   0  average shared memory size
                   0  average unshared data size
                   0  average unshared stack size
                1301  page reclaims
                   5  page faults
                   0  swaps
                   0  block input operations
                   0  block output operations
                   0  messages sent
                   0  messages received
                   0  signals received
                   1  voluntary context switches
                  82  involuntary context switches
          7543058495  instructions retired
          2132900748  cycles elapsed
            18154240  peak memory footprint
