Threads=4
LoadTime(s)=0.0199681
CODE_EXECUTION_TIME(s)=0.270691
RESULT=16713192
Throughput=6.17427e+07
VertexSetAllocated=0.00 Bytes
MiniGraphAllocated=263.87 KB
        0.60 real         1.08 user         0.01 sys
            19595264  maximum resident set size
                   0  average shared memory size
                   0  average unshared data size
                   0  average unshared stack size
                1289  page reclaims
                  19  page faults
                   0  swaps
                   0  block input operations
                   0  block output operations
                   0  messages sent
                   0  messages received
                   0  signals received
                   0  voluntary context switches
                 131  involuntary context switches
          7546582525  instructions retired
          2128173349  cycles elapsed
            18219904  peak memory footprint
