Threads=2
LoadTime(s)=0.0141753
CODE_EXECUTION_TIME(s)=2.84702
RESULT=96615211
Throughput=3.39355e+07
VertexSetAllocated=130.40 KB
MiniGraphAllocated=371.91 KB
        3.18 real         5.68 user         0.02 sys
            19759104  maximum resident set size
                   0  average shared memory size
                   0  average unshared data size
                   0  average unshared stack size
                1313  page reclaims
                   2  page faults
                   0  swaps
                   0  block input operations
                   0  block output operations
                   0  messages sent
                   0  messages received
                   0  signals received
                   0  voluntary context switches
                 326  involuntary context switches
         40427683543  instructions retired
         11210271463  cycles elapsed
            18400192  peak memory footprint
