Threads=4
LoadTime(s)=0.0175006
CODE_EXECUTION_TIME(s)=0.27445
RESULT=16713192
Throughput=6.0897e+07
VertexSetAllocated=0.00 Bytes
MiniGraphAllocated=263.87 KB
        0.61 real         1.09 user         0.01 sys
            19660800  maximum resident set size
                   0  average shared memory size
                   0  average unshared data size
                   0  average unshared stack size
                1311  page reclaims
                   1  page faults
                   0  swaps
                   0  block input operations
                   0  block output operations
                   0  messages sent
                   0  messages received
                   0  signals received
                   0  voluntary context switches
                 221  involuntary context switches
          7543317891  instructions retired
          2146334767  cycles elapsed
            18285440  peak memory footprint
