Threads=4
LoadTime(s)=0.0174504
CODE_EXECUTION_TIME(s)=1.49701
RESULT=96615211
Throughput=6.45389e+07
VertexSetAllocated=260.80 KB
MiniGraphAllocated=914.66 KB
        1.84 real         5.74 user         0.03 sys
            20365312  maximum resident set size
                   0  average shared memory size
                   0  average unshared data size
                   0  average unshared stack size
                1372  page reclaims
                  19  page faults
                   0  swaps
                   0  block input operations
                   0  block output operations
                   0  messages sent
                   0  messages received
                   0  signals received
                   1  voluntary context switches
                2558  involuntary context switches
         40448980303  instructions retired
         11458042435  cycles elapsed
            19121216  peak memory footprint
