Threads=1
LoadTime(s)=0.014419
CODE_EXECUTION_TIME(s)=6.1207
RESULT=252447350
Throughput=4.12449e+07
VertexSetAllocated=130.40 KB
MiniGraphAllocated=0.00 Bytes
        6.45 real         6.08 user         0.05 sys
            19038208  maximum resident set size
                   0  average shared memory size
                   0  average unshared data size
                   0  average unshared stack size
                1268  page reclaims
                   2  page faults
                   0  swaps
                   0  block input operations
                   0  block output operations
                   0  messages sent
                   0  messages received
                   0  signals received
                   1  voluntary context switches
                 464  involuntary context switches
         42841632550  instructions retired
         12058378875  cycles elapsed
            17679040  peak memory footprint
