Threads=4
LoadTime(s)=0.021901
CODE_EXECUTION_TIME(s)=0.287161
RESULT=16713192
Throughput=5.82016e+07
VertexSetAllocated=0.00 Bytes
MiniGraphAllocated=297.50 KB
        0.62 real         1.11 user         0.02 sys
            19611648  maximum resident set size
                   0  average shared memory size
                   0  average unshared data size
                   0  average unshared stack size
                1308  page reclaims
                   1  page faults
                   0  swaps
                   0  block input operations
                   0  block output operations
                   0  messages sent
                   0  messages received
                   0  signals received
                   0  voluntary context switches
                2057  involuntary context switches
          7558782368  instructions retired
          2227382040  cycles elapsed
            18219840  peak memory footprint
