Threads=1
LoadTime(s)=0.0144537
CODE_EXECUTION_TIME(s)=5.72291
RESULT=96615211
Throughput=1.68822e+07
VertexSetAllocated=65.20 KB
MiniGraphAllocated=228.53 KB
        6.04 real         5.69 user         0.02 sys
            19300352  maximum resident set size
                   0  average shared memory size
                   0  average unshared data size
                   0  average unshared stack size
                1330  page reclaims
                   3  page faults
                   0  swaps
                   0  block input operations
                   0  block output operations
                   0  messages sent
                   0  messages received
                   0  signals received
                   4  voluntary context switches
                1268  involuntary context switches
         40405328817  instructions retired
         11252413526  cycles elapsed
            17990464  peak memory footprint
