Threads=4
LoadTime(s)=0.0188385
CODE_EXECUTION_TIME(s)=0.276118
RESULT=16713192
Throughput=6.05291e+07
VertexSetAllocated=0.00 Bytes
MiniGraphAllocated=263.95 KB
        0.60 real         1.09 user         0.01 sys
            19677184  maximum resident set size
                   0  average shared memory size
                   0  average unshared data size
                   0  average unshared stack size
                1312  page reclaims
                   2  page faults
                   0  swaps
                   0  block input operations
                   0  block output operations
                   0  messages sent
                   0  messages received
                   0  signals received
                   0  voluntary context switches
                 904  involuntary context switches
          7549028692  instructions retired
          2157360318  cycles elapsed
            18351168  peak memory footprint
