Threads=1
LoadTime(s)=0.00824329
CODE_EXECUTION_TIME(s)=6.27875
RESULT=252447350
Throughput=4.02066e+07
VertexSetAllocated=130.40 KB
MiniGraphAllocated=0.00 Bytes
        6.60 real         6.11 user         0.06 sys
            18923520  maximum resident set size
                   0  average shared memory size
                   0  average unshared data size
                   0  average unshared stack size
                1333  page reclaims
                  20  page faults
                   0  swaps
                   0  block input operations
                   0  block output operations
                   0  messages sent
                   0  messages received
                   0  signals received
                   2  voluntary context switches
                4705  involuntary context switches
         42880780413  instructions retired
         12167223156  cycles elapsed
            17613504  peak memory footprint
