Threads=4
LoadTime(s)=0.0249831
CODE_EXECUTION_TIME(s)=0.603579
RESULT=16713192
Throughput=2.76901e+07
VertexSetAllocated=0.00 Bytes
MiniGraphAllocated=296.43 KB
        1.04 real         1.75 user         0.05 sys
            19202048  maximum resident set size
                   0  average shared memory size
                   0  average unshared data size
                   0  average unshared stack size
                1412  page reclaims
                   1  page faults
                   0  swaps
                   0  block input operations
                   0  block output operations
                   0  messages sent
                   0  messages received
                   0  signals received
                   1  voluntary context switches
                8967  involuntary context switches
          7623607673  instructions retired
          3483640976  cycles elapsed
            18252672  peak memory footprint
