Threads=4
LoadTime(s)=0.0145247
CODE_EXECUTION_TIME(s)=1.98404
RESULT=96615211
Throughput=4.86962e+07
VertexSetAllocated=260.80 KB
MiniGraphAllocated=914.50 KB
        2.31 real         7.70 user         0.05 sys
            20430848  maximum resident set size
                   0  average shared memory size
                   0  average unshared data size
                   0  average unshared stack size
                1358  page reclaims
                   1  page faults
                   0  swaps
                   0  block input operations
                   0  block output operations
                   0  messages sent
                   0  messages received
                   0  signals received
                   0  voluntary context switches
                6621  involuntary context switches
         40478033457  instructions retired
         11550065060  cycles elapsed
            19071936  peak memory footprint
