Threads=4
LoadTime(s)=0.0109731
CODE_EXECUTION_TIME(s)=1.53665
RESULT=96615211
Throughput=6.28739e+07
VertexSetAllocated=260.80 KB
MiniGraphAllocated=914.81 KB
        1.85 real         5.98 user         0.03 sys
            20480000  maximum resident set size
                   0  average shared memory size
                   0  average unshared data size
                   0  average unshared stack size
                1362  page reclaims
                   1  page faults
                   0  swaps
                   0  block input operations
                   0  block output operations
                   0  messages sent
                   0  messages received
                   0  signals received
                   0  voluntary context switches
                4322  involuntary context switches
         40458725344  instructions retired
         12285424486  cycles elapsed
            19186880  peak memory footprint
