Threads=2
LoadTime(s)=0.0153901
CODE_EXECUTION_TIME(s)=2.88661
RESULT=96615211
Throughput=3.34701e+07
VertexSetAllocated=130.40 KB
MiniGraphAllocated=371.91 KB
        3.22 real         5.74 user         0.02 sys
            19595264  maximum resident set size
                   0  average shared memory size
                   0  average unshared data size
                   0  average unshared stack size
                1303  page reclaims
                   2  page faults
                   0  swaps
                   0  block input operations
                   0  block output operations
                   0  messages sent
                   0  messages received
                   0  signals received
                   0  voluntary context switches
                 832  involuntary context switches
         40431694479  instructions retired
         11380034246  cycles elapsed
            18219904  peak memory footprint
