Threads=4
LoadTime(s)=0.0159954
CODE_EXECUTION_TIME(s)=1.45663
RESULT=96615211
Throughput=6.63281e+07
VertexSetAllocated=260.80 KB
MiniGraphAllocated=916.00 KB
        1.79 real         5.73 user         0.03 sys
            20381696  maximum resident set size
                   0  average shared memory size
                   0  average unshared data size
                   0  average unshared stack size
                1355  page reclaims
                   1  page faults
                   0  swaps
                   0  block input operations
                   0  block output operations
                   0  messages sent
                   0  messages received
                   0  signals received
                   1  voluntary context switches
                4199  involuntary context switches
         40457970898  instructions retired
         11393036326  cycles elapsed
            19022784  peak memory footprint
