Threads=1
LoadTime(s)=0.0147673
CODE_EXECUTION_TIME(s)=3.54066
RESULT=4764685
Throughput=1.3457e+06
VertexSetAllocated=0.00 Bytes
MiniGraphAllocated=231.70 KB
        3.87 real         3.51 user         0.02 sys
            19218432  maximum resident set size
                   0  average shared memory size
                   0  average unshared data size
                   0  average unshared stack size
                1312  page reclaims
                   1  page faults
                   0  swaps
                   0  block input operations
                   0  block output operations
                   0  messages sent
                   0  messages received
                   0  signals received
                   1  voluntary context switches
                1104  involuntary context switches
         25276817143  instructions retired
          6952107706  cycles elapsed
            17875648  peak memory footprint
