Threads=2
LoadTime(s)=0.0156083
CODE_EXECUTION_TIME(s)=3.07069
RESULT=252447350
Throughput=8.22119e+07
VertexSetAllocated=260.80 KB
MiniGraphAllocated=0.00 Bytes
        3.41 real         6.10 user         0.03 sys
            19382272  maximum resident set size
                   0  average shared memory size
                   0  average unshared data size
                   0  average unshared stack size
                1287  page reclaims
                   4  page faults
                   0  swaps
                   0  block input operations
                   0  block output operations
                   0  messages sent
                   0  messages received
                   0  signals received
                   8  voluntary context switches
                2180  involuntary context switches
         42905920355  instructions retired
         12066614348  cycles elapsed
            18105472  peak memory footprint
