Threads=1
LoadTime(s)=0.0129158
CODE_EXECUTION_TIME(s)=1.27578
RESULT=16713192
Throughput=1.31003e+07
VertexSetAllocated=0.00 Bytes
MiniGraphAllocated=91.13 KB
        1.61 real         1.13 user         0.02 sys
            19169280  maximum resident set size
                   0  average shared memory size
                   0  average unshared data size
                   0  average unshared stack size
                1410  page reclaims
                   1  page faults
                   0  swaps
                   0  block input operations
                   0  block output operations
                   0  messages sent
                   0  messages received
                   0  signals received
                   1  voluntary context switches
                1709  involuntary context switches
          7624835289  instructions retired
          2277990250  cycles elapsed
            17859392  peak memory footprint
