Threads=1
LoadTime(s)=0.0130407
CODE_EXECUTION_TIME(s)=5.87871
RESULT=96615211
Throughput=1.64348e+07
VertexSetAllocated=65.20 KB
MiniGraphAllocated=228.53 KB
        6.20 real         5.76 user         0.05 sys
            19349504  maximum resident set size
                   0  average shared memory size
                   0  average unshared data size
                   0  average unshared stack size
                1385  page reclaims
                   2  page faults
                   0  swaps
                   0  block input operations
                   0  block output operations
                   0  messages sent
                   0  messages received
                   0  signals received
                   1  voluntary context switches
                4367  involuntary context switches
         40435089273  instructions retired
         11449270069  cycles elapsed
            18056064  peak memory footprint
