Threads=1
LoadTime(s)=0.0189084
CODE_EXECUTION_TIME(s)=5.83647
RESULT=96615211
Throughput=1.65537e+07
VertexSetAllocated=65.20 KB
MiniGraphAllocated=228.53 KB
        6.17 real         5.74 user         0.04 sys
            19267584  maximum resident set size
                   0  average shared memory size
                   0  average unshared data size
                   0  average unshared stack size
                1322  page reclaims
                   2  page faults
                   0  swaps
                   0  block input operations
                   0  block output operations
                   0  messages sent
                   0  messages received
                   0  signals received
                   1  voluntary context switches
                1945  involuntary context switches
         40415781351  instructions retired
         11404646279  cycles elapsed
            17941248  peak memory footprint
