Threads=4
LoadTime(s)=0.0103471
CODE_EXECUTION_TIME(s)=0.277614
RESULT=16713192
Throughput=6.02029e+07
VertexSetAllocated=0.00 Bytes
MiniGraphAllocated=296.62 KB
        0.60 real         1.10 user         0.01 sys
            19677184  maximum resident set size
                   0  average shared memory size
                   0  average unshared data size
                   0  average unshared stack size
                1311  page reclaims
                   1  page faults
                   0  swaps
                   0  block input operations
                   0  block output operations
                   0  messages sent
                   0  messages received
                   0  signals received
                   0  voluntary context switches
                 523  involuntary context switches
          7548090439  instructions retired
          2167858620  cycles elapsed
            18351168  peak memory footprint
