Threads=2
LoadTime(s)=0.0107061
CODE_EXECUTION_TIME(s)=0.544481
RESULT=16713192
Throughput=3.06956e+07
VertexSetAllocated=0.00 Bytes
MiniGraphAllocated=129.21 KB
        0.86 real         1.08 user         0.01 sys
            19234816  maximum resident set size
                   0  average shared memory size
                   0  average unshared data size
                   0  average unshared stack size
                1281  page reclaims
                   1  page faults
                   0  swaps
                   0  block input operations
                   0  block output operations
                   0  messages sent
                   0  messages received
                   0  signals received
                   1  voluntary context switches
                 814  involuntary context switches
          7549128109  instructions retired
          2146560025  cycles elapsed
            17826560  peak memory footprint
