Threads=2
LoadTime(s)=0.0163233
CODE_EXECUTION_TIME(s)=3.11901
RESULT=252447350
Throughput=8.09384e+07
VertexSetAllocated=260.80 KB
MiniGraphAllocated=0.00 Bytes
        3.46 real         6.11 user         0.04 sys
            19234816  maximum resident set size
                   0  average shared memory size
                   0  average unshared data size
                   0  average unshared stack size
                1279  page reclaims
                   2  page faults
                   0  swaps
                   0  block input operations
                   0  block output operations
                   0  messages sent
                   0  messages received
                   0  signals received
                   0  voluntary context switches
                3563  involuntary context switches
         42916607455  instructions retired
         12133224910  cycles elapsed
            17892224  peak memory footprint
