Threads=4
LoadTime(s)=0.0123499
CODE_EXECUTION_TIME(s)=0.395101
RESULT=16713192
Throughput=4.2301e+07
VertexSetAllocated=0.00 Bytes
MiniGraphAllocated=296.24 KB
        0.72 real         1.54 user         0.01 sys
            19644416  maximum resident set size
                   0  average shared memory size
                   0  average unshared data size
                   0  average unshared stack size
                1311  page reclaims
                   2  page faults
                   0  swaps
                   0  block input operations
                   0  block output operations
                   0  messages sent
                   0  messages received
                   0  signals received
                   0  voluntary context switches
                 619  involuntary context switches
          7549098339  instructions retired
          2603495609  cycles elapsed
            18285504  peak memory footprint
