Threads=1
LoadTime(s)=0.0109412
CODE_EXECUTION_TIME(s)=1.10633
RESULT=16713192
Throughput=1.51068e+07
VertexSetAllocated=0.00 Bytes
MiniGraphAllocated=91.13 KB
        1.42 real         1.10 user         0.01 sys
            19300352  maximum resident set size
                   0  average shared memory size
                   0  average unshared data size
                   0  average unshared stack size
                1285  page reclaims
                   1  page faults
                   0  swaps
                   0  block input operations
                   0  block output operations
                   0  messages sent
                   0  messages received
                   0  signals received
                   0  voluntary context switches
                  38  involuntary context switches
          7609508718  instructions retired
          2197849790  cycles elapsed
            17974208  peak memory footprint
