Threads=2
LoadTime(s)=0.0149879
CODE_EXECUTION_TIME(s)=0.543011
RESULT=16713192
Throughput=3.07787e+07
VertexSetAllocated=0.00 Bytes
MiniGraphAllocated=129.21 KB
        0.88 real         1.08 user         0.01 sys
            19251200  maximum resident set size
                   0  average shared memory size
                   0  average unshared data size
                   0  average unshared stack size
                1282  page reclaims
                   2  page faults
                   0  swaps
                   0  block input operations
                   0  block output operations
                   0  messages sent
                   0  messages received
                   0  signals received
                   1  voluntary context switches
                 530  involuntary context switches
          7546555359  instructions retired
          2142584334  cycles elapsed
            17793600  peak memory footprint
