Threads=1
LoadTime(s)=0.013409
CODE_EXECUTION_TIME(s)=5.76154
RESULT=96615211
Throughput=1.6769e+07
VertexSetAllocated=65.20 KB
MiniGraphAllocated=228.53 KB
        6.08 real         5.72 user         0.03 sys
            19431424  maximum resident set size
                   0  average shared memory size
                   0  average unshared data size
                   0  average unshared stack size
                1292  page reclaims
                   2  page faults
                   0  swaps
                   0  block input operations
                   0  block output operations
                   0  messages sent
                   0  messages received
                   0  signals received
                   1  voluntary context switches
                2265  involuntary context switches
         40410893640  instructions retired
         11332664722  cycles elapsed
            18105280  peak memory footprint
