Threads=1
LoadTime(s)=0.0143055
CODE_EXECUTION_TIME(s)=1.11015
RESULT=16713192
Throughput=1.50549e+07
VertexSetAllocated=0.00 Bytes
MiniGraphAllocated=91.13 KB
        1.43 real         1.10 user         0.01 sys
            19218432  maximum resident set size
                   0  average shared memory size
                   0  average unshared data size
                   0  average unshared stack size
                1279  page reclaims
                   1  page faults
                   0  swaps
                   0  block input operations
                   0  block output operations
                   0  messages sent
                   0  messages received
                   0  signals received
                   0  voluntary context switches
                 516  involuntary context switches
          7614319893  instructions retired
          2199659720  cycles elapsed
            17875776  peak memory footprint
