Threads=1
LoadTime(s)=0.0148713
CODE_EXECUTION_TIME(s)=5.94088
RESULT=96615211
Throughput=1.62628e+07
VertexSetAllocated=65.20 KB
MiniGraphAllocated=228.53 KB
        6.27 real         5.75 user         0.03 sys
            19431424  maximum resident set size
                   0  average shared memory size
                   0  average unshared data size
                   0  average unshared stack size
                1355  page reclaims
                   3  page faults
                   0  swaps
                   0  block input operations
                   0  block output operations
                   0  messages sent
                   0  messages received
                   0  signals received
                   1  voluntary context switches
                1972  involuntary context switches
         40413576208  instructions retired
         11420725252  cycles elapsed
            18121536  peak memory footprint
