Threads=2
LoadTime(s)=0.0105254
CODE_EXECUTION_TIME(s)=0.659232
RESULT=16713192
Throughput=2.53525e+07
VertexSetAllocated=0.00 Bytes
MiniGraphAllocated=129.21 KB
        1.07 real         1.13 user         0.02 sys
            19300352  maximum resident set size
                   0  average shared memory size
                   0  average unshared data size
                   0  average unshared stack size
                1288  page reclaims
                   2  page faults
                   0  swaps
                   0  block input operations
                   0  block output operations
                   0  messages sent
                   0  messages received
                   0  signals received
                   1  voluntary context switches
                1691  involuntary context switches
          7557326454  instructions retired
          2296842588  cycles elapsed
            17875648  peak memory footprint
