Threads=4
LoadTime(s)=0.00823033
CODE_EXECUTION_TIME(s)=1.64169
RESULT=252447350
Throughput=1.53773e+08
VertexSetAllocated=521.59 KB
MiniGraphAllocated=0.00 Bytes
        1.96 real         6.21 user         0.05 sys
            19267584  maximum resident set size
                   0  average shared memory size
                   0  average unshared data size
                   0  average unshared stack size
                1308  page reclaims
                   1  page faults
                   0  swaps
                   0  block input operations
                   0  block output operations
                   0  messages sent
                   0  messages received
                   0  signals received
                   0  voluntary context switches
                7518  involuntary context switches
         42950417936  instructions retired
         12515600518  cycles elapsed
            17924928  peak memory footprint
