Threads=1
LoadTime(s)=0.0144932
CODE_EXECUTION_TIME(s)=5.82796
RESULT=96615211
Throughput=1.65779e+07
VertexSetAllocated=65.20 KB
MiniGraphAllocated=228.53 KB
        6.15 real         5.73 user         0.04 sys
            19382272  maximum resident set size
                   0  average shared memory size
                   0  average unshared data size
                   0  average unshared stack size
                1354  page reclaims
                   2  page faults
                   0  swaps
                   0  block input operations
                   0  block output operations
                   0  messages sent
                   0  messages received
                   0  signals received
                   3  voluntary context switches
                3276  involuntary context switches
         40422407470  instructions retired
         11378697542  cycles elapsed
            18072384  peak memory footprint
