Threads=4
LoadTime(s)=0.0108697
CODE_EXECUTION_TIME(s)=1.69135
RESULT=252447350
Throughput=1.49258e+08
VertexSetAllocated=521.59 KB
MiniGraphAllocated=0.00 Bytes
        2.02 real         6.72 user         0.02 sys
            19300352  maximum resident set size
                   0  average shared memory size
                   0  average unshared data size
                   0  average unshared stack size
                1288  page reclaims
                   1  page faults
                   0  swaps
                   0  block input operations
                   0  block output operations
                   0  messages sent
                   0  messages received
                   0  signals received
                   0  voluntary context switches
                1323  involuntary context switches
         42897130945  instructions retired
         12022510727  cycles elapsed
            17957760  peak memory footprint
