Threads=1
LoadTime(s)=0.0110828
CODE_EXECUTION_TIME(s)=5.7413
RESULT=96615211
Throughput=1.68281e+07
VertexSetAllocated=65.20 KB
MiniGraphAllocated=228.53 KB
        6.12 real         5.71 user         0.03 sys
            19300352  maximum resident set size
                   0  average shared memory size
                   0  average unshared data size
                   0  average unshared stack size
                1326  page reclaims
                  20  page faults
                   0  swaps
                   0  block input operations
                   0  block output operations
                   0  messages sent
                   0  messages received
                   0  signals received
                   1  voluntary context switches
                 519  involuntary context switches
         40404658883  instructions retired
         11321652720  cycles elapsed
            17990464  peak memory footprint
