Threads=4
LoadTime(s)=0.0591433
CODE_EXECUTION_TIME(s)=1.44187
RESULT=96615211
Throughput=6.70069e+07
VertexSetAllocated=260.80 KB
MiniGraphAllocated=914.93 KB
        1.83 real         5.71 user         0.03 sys
            20316160  maximum resident set size
                   0  average shared memory size
                   0  average unshared data size
                   0  average unshared stack size
                1353  page reclaims
                   1  page faults
                   0  swaps
                   0  block input operations
                   0  block output operations
                   0  messages sent
                   0  messages received
                   0  signals received
                  40  voluntary context switches
                2645  involuntary context switches
         40491037677  instructions retired
         11387752100  cycles elapsed
            18957248  peak memory footprint
