Threads=64
LoadTime(s)=0.0168057
CODE_EXECUTION_TIME(s)=0.170971
RESULT=24076173
Throughput=1.4082e+08
VertexSetAllocated=36.67 MB
MiniGraphAllocated=0.00 Bytes
	Command being timed: "./bin/runner 64 /home/williamp/thesis_data/snap_format/dblp/"
	User time (seconds): 10.08
	System time (seconds): 0.21
	Percent of CPU this job got: 5339%
	Elapsed (wall clock) time (h:mm:ss or m:ss): 0:00.19
	Average shared text size (kbytes): 0
	Average unshared data size (kbytes): 0
	Average stack size (kbytes): 0
	Average total size (kbytes): 0
	Maximum resident set size (kbytes): 24184
	Average resident set size (kbytes): 0
	Major (requiring I/O) page faults: 4
	Minor (reclaiming a frame) page faults: 5110
	Voluntary context switches: 647
	Involuntary context switches: 49
	Swaps: 0
	File system inputs: 0
	File system outputs: 8
	Socket messages sent: 0
	Socket messages received: 0
	Signals delivered: 0
	Page size (bytes): 4096
	Exit status: 0
