Threads=4
LoadTime(s)=0.00177283
Assertion failed: (i < m_size), function operator[], file vertex_set.h, line 118.
time: command terminated abnormally
        0.03 real         0.00 user         0.00 sys
             4571136  maximum resident set size
                   0  average shared memory size
                   0  average unshared data size
                   0  average unshared stack size
                 378  page reclaims
                   1  page faults
                   0  swaps
                   0  block input operations
                   0  block output operations
                   0  messages sent
                   0  messages received
                   0  signals received
                   0  voluntary context switches
                  65  involuntary context switches
            28245583  instructions retired
            12617780  cycles elapsed
             3081024  peak memory footprint
