Threads=4
LoadTime(s)=0.00161896
Assertion failed: (i < m_size), function operator[], file vertex_set.h, line 118.
time: command terminated abnormally
        0.03 real         0.00 user         0.00 sys
             4341760  maximum resident set size
                   0  average shared memory size
                   0  average unshared data size
                   0  average unshared stack size
                 365  page reclaims
                   1  page faults
                   0  swaps
                   0  block input operations
                   0  block output operations
                   0  messages sent
                   0  messages received
                   0  signals received
                   0  voluntary context switches
                  23  involuntary context switches
            27608309  instructions retired
             9284458  cycles elapsed
             2818752  peak memory footprint
