Threads=1
LoadTime(s)=0.00640212
CODE_EXECUTION_TIME(s)=6.28332
RESULT=252447350
Throughput=4.01774e+07
VertexSetAllocated=130.40 KB
MiniGraphAllocated=0.00 Bytes
        6.29 real         6.27 user         0.01 sys
            19185664  maximum resident set size
                   0  average shared memory size
                   0  average unshared data size
                   0  average unshared stack size
                1282  page reclaims
                   2  page faults
                   0  swaps
                   0  block input operations
                   0  block output operations
                   0  messages sent
                   0  messages received
                   0  signals received
                   0  voluntary context switches
                 812  involuntary context switches
         44109221331  instructions retired
         12381953504  cycles elapsed
            17842880  peak memory footprint
