Threads=1
LoadTime(s)=0.00832337
CODE_EXECUTION_TIME(s)=5.83118
RESULT=96615211
Throughput=1.65687e+07
VertexSetAllocated=65.20 KB
MiniGraphAllocated=228.53 KB
        6.15 real         5.75 user         0.04 sys
            19234816  maximum resident set size
                   0  average shared memory size
                   0  average unshared data size
                   0  average unshared stack size
                1315  page reclaims
                   2  page faults
                   0  swaps
                   0  block input operations
                   0  block output operations
                   0  messages sent
                   0  messages received
                   0  signals received
                   1  voluntary context switches
                2368  involuntary context switches
         40414318284  instructions retired
         11425863185  cycles elapsed
            17941248  peak memory footprint
