Threads=2
LoadTime(s)=0.0160994
CODE_EXECUTION_TIME(s)=4.61626
RESULT=96615211
Throughput=2.09293e+07
VertexSetAllocated=130.40 KB
MiniGraphAllocated=371.91 KB
        4.96 real         7.39 user         0.13 sys
            19693568  maximum resident set size
                   0  average shared memory size
                   0  average unshared data size
                   0  average unshared stack size
                1414  page reclaims
                   2  page faults
                   0  swaps
                   0  block input operations
                   0  block output operations
                   0  messages sent
                   0  messages received
                   0  signals received
                   1  voluntary context switches
               20039  involuntary context switches
         40595148861  instructions retired
         12707693556  cycles elapsed
            18630016  peak memory footprint
