Threads=4
LoadTime(s)=0.0122215
CODE_EXECUTION_TIME(s)=1.53081
RESULT=252447350
Throughput=1.64911e+08
VertexSetAllocated=521.59 KB
MiniGraphAllocated=0.00 Bytes
        1.86 real         6.09 user         0.02 sys
            19382272  maximum resident set size
                   0  average shared memory size
                   0  average unshared data size
                   0  average unshared stack size
                1292  page reclaims
                   1  page faults
                   0  swaps
                   0  block input operations
                   0  block output operations
                   0  messages sent
                   0  messages received
                   0  signals received
                   2  voluntary context switches
                1832  involuntary context switches
         42899652951  instructions retired
         12039902756  cycles elapsed
            18039680  peak memory footprint
