Threads=2
LoadTime(s)=0.0104575
CODE_EXECUTION_TIME(s)=0.542355
RESULT=16713192
Throughput=3.0816e+07
VertexSetAllocated=0.00 Bytes
MiniGraphAllocated=129.21 KB
        0.86 real         1.08 user         0.01 sys
            19333120  maximum resident set size
                   0  average shared memory size
                   0  average unshared data size
                   0  average unshared stack size
                1287  page reclaims
                   1  page faults
                   0  swaps
                   0  block input operations
                   0  block output operations
                   0  messages sent
                   0  messages received
                   0  signals received
                   0  voluntary context switches
                 449  involuntary context switches
          7546595909  instructions retired
          2143208104  cycles elapsed
            17957760  peak memory footprint
