Threads=4
LoadTime(s)=0.0179325
CODE_EXECUTION_TIME(s)=1.95543
RESULT=96615211
Throughput=4.94086e+07
VertexSetAllocated=260.80 KB
MiniGraphAllocated=916.12 KB
        2.29 real         7.45 user         0.05 sys
            20480000  maximum resident set size
                   0  average shared memory size
                   0  average unshared data size
                   0  average unshared stack size
                1362  page reclaims
                   1  page faults
                   0  swaps
                   0  block input operations
                   0  block output operations
                   0  messages sent
                   0  messages received
                   0  signals received
                   2  voluntary context switches
                6911  involuntary context switches
         40480450882  instructions retired
         11682181552  cycles elapsed
            19121088  peak memory footprint
