Threads=2
LoadTime(s)=0.0122194
CODE_EXECUTION_TIME(s)=0.536307
RESULT=16713192
Throughput=3.11635e+07
VertexSetAllocated=0.00 Bytes
MiniGraphAllocated=129.21 KB
        0.86 real         1.07 user         0.01 sys
            19218432  maximum resident set size
                   0  average shared memory size
                   0  average unshared data size
                   0  average unshared stack size
                1280  page reclaims
                   2  page faults
                   0  swaps
                   0  block input operations
                   0  block output operations
                   0  messages sent
                   0  messages received
                   0  signals received
                   3  voluntary context switches
                 346  involuntary context switches
          7544792769  instructions retired
          2126370915  cycles elapsed
            17793728  peak memory footprint
