Threads=1
LoadTime(s)=0.0157545
CODE_EXECUTION_TIME(s)=6.01399
RESULT=96615211
Throughput=1.60651e+07
VertexSetAllocated=65.20 KB
MiniGraphAllocated=228.53 KB
        6.35 real         5.75 user         0.07 sys
            19365888  maximum resident set size
                   0  average shared memory size
                   0  average unshared data size
                   0  average unshared stack size
                1666  page reclaims
                   3  page faults
                   0  swaps
                   0  block input operations
                   0  block output operations
                   0  messages sent
                   0  messages received
                   0  signals received
                   5  voluntary context switches
                5200  involuntary context switches
         40444389094  instructions retired
         11476878140  cycles elapsed
            18203712  peak memory footprint
