Threads=4
LoadTime(s)=0.0115785
CODE_EXECUTION_TIME(s)=1.572
RESULT=252447350
Throughput=1.6059e+08
VertexSetAllocated=521.59 KB
MiniGraphAllocated=0.00 Bytes
        1.99 real         6.15 user         0.04 sys
            19398656  maximum resident set size
                   0  average shared memory size
                   0  average unshared data size
                   0  average unshared stack size
                1294  page reclaims
                   1  page faults
                   0  swaps
                   0  block input operations
                   0  block output operations
                   0  messages sent
                   0  messages received
                   0  signals received
                   1  voluntary context switches
                6456  involuntary context switches
         42937043171  instructions retired
         12240108565  cycles elapsed
            18088960  peak memory footprint
