Threads=2
LoadTime(s)=0.00831325
CODE_EXECUTION_TIME(s)=3.05483
RESULT=96615211
Throughput=3.1627e+07
VertexSetAllocated=130.40 KB
MiniGraphAllocated=371.91 KB
        3.39 real         5.77 user         0.06 sys
            19333120  maximum resident set size
                   0  average shared memory size
                   0  average unshared data size
                   0  average unshared stack size
                1326  page reclaims
                   2  page faults
                   0  swaps
                   0  block input operations
                   0  block output operations
                   0  messages sent
                   0  messages received
                   0  signals received
                   0  voluntary context switches
                9606  involuntary context switches
         40504544614  instructions retired
         11535958232  cycles elapsed
            18039488  peak memory footprint
