Threads=1
LoadTime(s)=0.0137445
CODE_EXECUTION_TIME(s)=3.51378
RESULT=4764685
Throughput=1.356e+06
VertexSetAllocated=0.00 Bytes
MiniGraphAllocated=231.70 KB
        3.83 real         3.49 user         0.02 sys
            19251200  maximum resident set size
                   0  average shared memory size
                   0  average unshared data size
                   0  average unshared stack size
                1281  page reclaims
                   1  page faults
                   0  swaps
                   0  block input operations
                   0  block output operations
                   0  messages sent
                   0  messages received
                   0  signals received
                   1  voluntary context switches
                 541  involuntary context switches
         25272896802  instructions retired
          6925554045  cycles elapsed
            17892096  peak memory footprint
