Threads=2
LoadTime(s)=0.0130428
CODE_EXECUTION_TIME(s)=1.82527
RESULT=4764685
Throughput=2.6104e+06
VertexSetAllocated=0.00 Bytes
MiniGraphAllocated=322.36 KB
        2.58 real         3.55 user         0.03 sys
            19431424  maximum resident set size
                   0  average shared memory size
                   0  average unshared data size
                   0  average unshared stack size
                1339  page reclaims
                   1  page faults
                   0  swaps
                   0  block input operations
                   0  block output operations
                   0  messages sent
                   0  messages received
                   0  signals received
                   0  voluntary context switches
                2300  involuntary context switches
         25327027979  instructions retired
          7010489431  cycles elapsed
            18072320  peak memory footprint
