Threads=1
LoadTime(s)=0.00832021
CODE_EXECUTION_TIME(s)=5.79685
RESULT=96615211
Throughput=1.66669e+07
VertexSetAllocated=65.20 KB
MiniGraphAllocated=228.53 KB
        7.18 real         5.72 user         0.04 sys
            19251200  maximum resident set size
                   0  average shared memory size
                   0  average unshared data size
                   0  average unshared stack size
                1280  page reclaims
                   2  page faults
                   0  swaps
                   0  block input operations
                   0  block output operations
                   0  messages sent
                   0  messages received
                   0  signals received
                   5  voluntary context switches
                1028  involuntary context switches
         40404274370  instructions retired
         11353874765  cycles elapsed
            17859200  peak memory footprint
