Threads=1
LoadTime(s)=0.0174369
CODE_EXECUTION_TIME(s)=1.10015
RESULT=16713192
Throughput=1.51917e+07
VertexSetAllocated=0.00 Bytes
MiniGraphAllocated=91.13 KB
        1.42 real         1.10 user         0.01 sys
            19169280  maximum resident set size
                   0  average shared memory size
                   0  average unshared data size
                   0  average unshared stack size
                1277  page reclaims
                   1  page faults
                   0  swaps
                   0  block input operations
                   0  block output operations
                   0  messages sent
                   0  messages received
                   0  signals received
                   4  voluntary context switches
                 110  involuntary context switches
          7610497464  instructions retired
          2183745730  cycles elapsed
            17810240  peak memory footprint
