Threads=4
LoadTime(s)=0.0141086
CODE_EXECUTION_TIME(s)=0.27217
RESULT=16713192
Throughput=6.14071e+07
VertexSetAllocated=0.00 Bytes
MiniGraphAllocated=263.95 KB
        0.60 real         1.09 user         0.01 sys
            19546112  maximum resident set size
                   0  average shared memory size
                   0  average unshared data size
                   0  average unshared stack size
                1303  page reclaims
                   2  page faults
                   0  swaps
                   0  block input operations
                   0  block output operations
                   0  messages sent
                   0  messages received
                   0  signals received
                   4  voluntary context switches
                  81  involuntary context switches
          7542110754  instructions retired
          2133017467  cycles elapsed
            18137856  peak memory footprint
