Threads=2
LoadTime(s)=0.0111199
CODE_EXECUTION_TIME(s)=1.74804
RESULT=4764685
Throughput=2.72572e+06
VertexSetAllocated=0.00 Bytes
MiniGraphAllocated=322.36 KB
        2.07 real         3.49 user         0.01 sys
            19513344  maximum resident set size
                   0  average shared memory size
                   0  average unshared data size
                   0  average unshared stack size
                1298  page reclaims
                   1  page faults
                   0  swaps
                   0  block input operations
                   0  block output operations
                   0  messages sent
                   0  messages received
                   0  signals received
                   1  voluntary context switches
                  37  involuntary context switches
         25306001232  instructions retired
          6892348542  cycles elapsed
            18088640  peak memory footprint
