Threads=1
LoadTime(s)=0.0159596
CODE_EXECUTION_TIME(s)=5.81785
RESULT=96615211
Throughput=1.66067e+07
VertexSetAllocated=65.20 KB
MiniGraphAllocated=228.53 KB
        6.15 real         5.76 user         0.03 sys
            19431424  maximum resident set size
                   0  average shared memory size
                   0  average unshared data size
                   0  average unshared stack size
                1291  page reclaims
                   2  page faults
                   0  swaps
                   0  block input operations
                   0  block output operations
                   0  messages sent
                   0  messages received
                   0  signals received
                   0  voluntary context switches
                 708  involuntary context switches
         40402282328  instructions retired
         11406794258  cycles elapsed
            18105216  peak memory footprint
