Threads=1
LoadTime(s)=0.0197427
CODE_EXECUTION_TIME(s)=3.53267
RESULT=4764685
Throughput=1.34875e+06
VertexSetAllocated=0.00 Bytes
MiniGraphAllocated=231.70 KB
        4.79 real         3.52 user         0.03 sys
            19218432  maximum resident set size
                   0  average shared memory size
                   0  average unshared data size
                   0  average unshared stack size
                1312  page reclaims
                   2  page faults
                   0  swaps
                   0  block input operations
                   0  block output operations
                   0  messages sent
                   0  messages received
                   0  signals received
                   0  voluntary context switches
                 557  involuntary context switches
         25272646059  instructions retired
          6971592041  cycles elapsed
            17875648  peak memory footprint
