Threads=1
LoadTime(s)=0.0128348
CODE_EXECUTION_TIME(s)=1.13032
RESULT=16713192
Throughput=1.47862e+07
VertexSetAllocated=0.00 Bytes
MiniGraphAllocated=91.13 KB
        1.45 real         1.11 user         0.01 sys
            19234816  maximum resident set size
                   0  average shared memory size
                   0  average unshared data size
                   0  average unshared stack size
                1280  page reclaims
                   1  page faults
                   0  swaps
                   0  block input operations
                   0  block output operations
                   0  messages sent
                   0  messages received
                   0  signals received
                   1  voluntary context switches
                 773  involuntary context switches
          7615304110  instructions retired
          2223637715  cycles elapsed
            17892160  peak memory footprint
