Threads=1
LoadTime(s)=0.00884925
CODE_EXECUTION_TIME(s)=1.11023
RESULT=16713192
Throughput=1.50538e+07
VertexSetAllocated=0.00 Bytes
MiniGraphAllocated=91.13 KB
        1.42 real         1.10 user         0.01 sys
            19136512  maximum resident set size
                   0  average shared memory size
                   0  average unshared data size
                   0  average unshared stack size
                1273  page reclaims
                   2  page faults
                   0  swaps
                   0  block input operations
                   0  block output operations
                   0  messages sent
                   0  messages received
                   0  signals received
                   2  voluntary context switches
                 783  involuntary context switches
          7616538303  instructions retired
          2201041491  cycles elapsed
            17777408  peak memory footprint
