Threads=1
LoadTime(s)=0.00977717
CODE_EXECUTION_TIME(s)=1.10487
RESULT=16713192
Throughput=1.51269e+07
VertexSetAllocated=0.00 Bytes
MiniGraphAllocated=91.13 KB
        2.18 real         1.10 user         0.01 sys
            19136512  maximum resident set size
                   0  average shared memory size
                   0  average unshared data size
                   0  average unshared stack size
                1274  page reclaims
                   1  page faults
                   0  swaps
                   0  block input operations
                   0  block output operations
                   0  messages sent
                   0  messages received
                   0  signals received
                   0  voluntary context switches
                 470  involuntary context switches
          7612501216  instructions retired
          2197317122  cycles elapsed
            17744512  peak memory footprint
