Threads=4
LoadTime(s)=0.0119175
CODE_EXECUTION_TIME(s)=1.52698
RESULT=252447350
Throughput=1.65324e+08
VertexSetAllocated=521.59 KB
MiniGraphAllocated=0.00 Bytes
        1.93 real         6.08 user         0.02 sys
            19513344  maximum resident set size
                   0  average shared memory size
                   0  average unshared data size
                   0  average unshared stack size
                1300  page reclaims
                   1  page faults
                   0  swaps
                   0  block input operations
                   0  block output operations
                   0  messages sent
                   0  messages received
                   0  signals received
                   1  voluntary context switches
                1399  involuntary context switches
         42896922333  instructions retired
         12012355373  cycles elapsed
            18203648  peak memory footprint
