Threads=4
LoadTime(s)=0.013388
CODE_EXECUTION_TIME(s)=0.280618
RESULT=16713192
Throughput=5.95585e+07
VertexSetAllocated=0.00 Bytes
MiniGraphAllocated=296.48 KB
        0.63 real         1.10 user         0.01 sys
            19628032  maximum resident set size
                   0  average shared memory size
                   0  average unshared data size
                   0  average unshared stack size
                1309  page reclaims
                   1  page faults
                   0  swaps
                   0  block input operations
                   0  block output operations
                   0  messages sent
                   0  messages received
                   0  signals received
                   1  voluntary context switches
                 998  involuntary context switches
          7549514300  instructions retired
          2182565910  cycles elapsed
            18285568  peak memory footprint
