Threads=2
LoadTime(s)=0.0143999
CODE_EXECUTION_TIME(s)=0.539591
RESULT=16713192
Throughput=3.09738e+07
VertexSetAllocated=0.00 Bytes
MiniGraphAllocated=129.21 KB
        0.88 real         1.08 user         0.01 sys
            19349504  maximum resident set size
                   0  average shared memory size
                   0  average unshared data size
                   0  average unshared stack size
                1288  page reclaims
                   1  page faults
                   0  swaps
                   0  block input operations
                   0  block output operations
                   0  messages sent
                   0  messages received
                   0  signals received
                   0  voluntary context switches
                 362  involuntary context switches
          7545309160  instructions retired
          2132251868  cycles elapsed
            17957696  peak memory footprint
