Threads=2
LoadTime(s)=0.0299873
CODE_EXECUTION_TIME(s)=2.86924
RESULT=96615211
Throughput=3.36727e+07
VertexSetAllocated=130.40 KB
MiniGraphAllocated=371.91 KB
        3.60 real         5.69 user         0.02 sys
            19709952  maximum resident set size
                   0  average shared memory size
                   0  average unshared data size
                   0  average unshared stack size
                1310  page reclaims
                   2  page faults
                   0  swaps
                   0  block input operations
                   0  block output operations
                   0  messages sent
                   0  messages received
                   0  signals received
                   0  voluntary context switches
                1043  involuntary context switches
         40434402056  instructions retired
         11259973487  cycles elapsed
            18383936  peak memory footprint
