Threads=2
LoadTime(s)=0.0165346
CODE_EXECUTION_TIME(s)=0.552604
RESULT=16713192
Throughput=3.02445e+07
VertexSetAllocated=0.00 Bytes
MiniGraphAllocated=129.21 KB
        0.87 real         1.09 user         0.01 sys
            19300352  maximum resident set size
                   0  average shared memory size
                   0  average unshared data size
                   0  average unshared stack size
                1268  page reclaims
                  19  page faults
                   0  swaps
                   0  block input operations
                   0  block output operations
                   0  messages sent
                   0  messages received
                   0  signals received
                   1  voluntary context switches
                1067  involuntary context switches
          7555957813  instructions retired
          2172396762  cycles elapsed
            17908544  peak memory footprint
