Threads=2
LoadTime(s)=0.0143834
CODE_EXECUTION_TIME(s)=0.536971
RESULT=16713192
Throughput=3.11249e+07
VertexSetAllocated=0.00 Bytes
MiniGraphAllocated=129.21 KB
        0.86 real         1.07 user         0.01 sys
            19251200  maximum resident set size
                   0  average shared memory size
                   0  average unshared data size
                   0  average unshared stack size
                1264  page reclaims
                  19  page faults
                   0  swaps
                   0  block input operations
                   0  block output operations
                   0  messages sent
                   0  messages received
                   0  signals received
                   0  voluntary context switches
                  32  involuntary context switches
          7546901349  instructions retired
          2128229374  cycles elapsed
            17859392  peak memory footprint
