Threads=4
LoadTime(s)=0.0103138
CODE_EXECUTION_TIME(s)=0.279394
RESULT=16713192
Throughput=5.98194e+07
VertexSetAllocated=0.00 Bytes
MiniGraphAllocated=329.16 KB
        0.94 real         1.10 user         0.01 sys
            19644416  maximum resident set size
                   0  average shared memory size
                   0  average unshared data size
                   0  average unshared stack size
                1313  page reclaims
                   1  page faults
                   0  swaps
                   0  block input operations
                   0  block output operations
                   0  messages sent
                   0  messages received
                   0  signals received
                   0  voluntary context switches
                 663  involuntary context switches
          7549251790  instructions retired
          2200873549  cycles elapsed
            18269056  peak memory footprint
