Threads=2
LoadTime(s)=0.0129865
CODE_EXECUTION_TIME(s)=0.563927
RESULT=16713192
Throughput=2.96371e+07
VertexSetAllocated=0.00 Bytes
MiniGraphAllocated=129.21 KB
        0.94 real         1.09 user         0.01 sys
            19365888  maximum resident set size
                   0  average shared memory size
                   0  average unshared data size
                   0  average unshared stack size
                1289  page reclaims
                   2  page faults
                   0  swaps
                   0  block input operations
                   0  block output operations
                   0  messages sent
                   0  messages received
                   0  signals received
                   1  voluntary context switches
                1101  involuntary context switches
          7552230108  instructions retired
          2184892168  cycles elapsed
            18006976  peak memory footprint
