Threads=1
LoadTime(s)=0.0117313
CODE_EXECUTION_TIME(s)=6.21698
RESULT=252447350
Throughput=4.06061e+07
VertexSetAllocated=130.40 KB
MiniGraphAllocated=0.00 Bytes
        6.56 real         6.12 user         0.04 sys
            19103744  maximum resident set size
                   0  average shared memory size
                   0  average unshared data size
                   0  average unshared stack size
                1272  page reclaims
                   2  page faults
                   0  swaps
                   0  block input operations
                   0  block output operations
                   0  messages sent
                   0  messages received
                   0  signals received
                   1  voluntary context switches
                 872  involuntary context switches
         42842331558  instructions retired
         12120467881  cycles elapsed
            17777472  peak memory footprint
