Threads=1
LoadTime(s)=0.0133616
CODE_EXECUTION_TIME(s)=1.18451
RESULT=16713192
Throughput=1.41098e+07
VertexSetAllocated=0.00 Bytes
MiniGraphAllocated=91.13 KB
        1.54 real         1.12 user         0.01 sys
            19038208  maximum resident set size
                   0  average shared memory size
                   0  average unshared data size
                   0  average unshared stack size
                1571  page reclaims
                   2  page faults
                   0  swaps
                   0  block input operations
                   0  block output operations
                   0  messages sent
                   0  messages received
                   0  signals received
                   1  voluntary context switches
                2004  involuntary context switches
          7627346560  instructions retired
          2253973923  cycles elapsed
            17711872  peak memory footprint
