Threads=2
LoadTime(s)=0.014296
CODE_EXECUTION_TIME(s)=3.06269
RESULT=252447350
Throughput=8.24267e+07
VertexSetAllocated=260.80 KB
MiniGraphAllocated=0.00 Bytes
        3.41 real         6.09 user         0.03 sys
            19267584  maximum resident set size
                   0  average shared memory size
                   0  average unshared data size
                   0  average unshared stack size
                1281  page reclaims
                   2  page faults
                   0  swaps
                   0  block input operations
                   0  block output operations
                   0  messages sent
                   0  messages received
                   0  signals received
                   0  voluntary context switches
                1659  involuntary context switches
         42899761275  instructions retired
         12041836274  cycles elapsed
            17924992  peak memory footprint
