Threads=1
LoadTime(s)=0.0106742
CODE_EXECUTION_TIME(s)=6.19337
RESULT=252447350
Throughput=4.07609e+07
VertexSetAllocated=130.40 KB
MiniGraphAllocated=0.00 Bytes
        7.99 real         6.15 user         0.04 sys
            19152896  maximum resident set size
                   0  average shared memory size
                   0  average unshared data size
                   0  average unshared stack size
                1256  page reclaims
                  20  page faults
                   0  swaps
                   0  block input operations
                   0  block output operations
                   0  messages sent
                   0  messages received
                   0  signals received
                   8  voluntary context switches
                1248  involuntary context switches
         42850073661  instructions retired
         12196041799  cycles elapsed
            17843008  peak memory footprint
