Threads=4
LoadTime(s)=0.0123647
CODE_EXECUTION_TIME(s)=0.271904
RESULT=16713192
Throughput=6.14673e+07
VertexSetAllocated=0.00 Bytes
MiniGraphAllocated=263.89 KB
        0.59 real         1.08 user         0.01 sys
            19595264  maximum resident set size
                   0  average shared memory size
                   0  average unshared data size
                   0  average unshared stack size
                1289  page reclaims
                  19  page faults
                   0  swaps
                   0  block input operations
                   0  block output operations
                   0  messages sent
                   0  messages received
                   0  signals received
                   1  voluntary context switches
                  57  involuntary context switches
          7545057170  instructions retired
          2127544365  cycles elapsed
            18219904  peak memory footprint
