Threads=4
LoadTime(s)=0.0137925
CODE_EXECUTION_TIME(s)=1.72637
RESULT=96615211
Throughput=5.59644e+07
VertexSetAllocated=260.80 KB
MiniGraphAllocated=914.50 KB
        2.31 real         6.86 user         0.02 sys
            20480000  maximum resident set size
                   0  average shared memory size
                   0  average unshared data size
                   0  average unshared stack size
                1363  page reclaims
                   1  page faults
                   0  swaps
                   0  block input operations
                   0  block output operations
                   0  messages sent
                   0  messages received
                   0  signals received
                   0  voluntary context switches
                 890  involuntary context switches
         40430732984  instructions retired
         11216121177  cycles elapsed
            19186880  peak memory footprint
