Threads=2
LoadTime(s)=0.0180911
CODE_EXECUTION_TIME(s)=0.536524
RESULT=16713192
Throughput=3.11509e+07
VertexSetAllocated=0.00 Bytes
MiniGraphAllocated=129.21 KB
        0.87 real         1.07 user         0.01 sys
            19415040  maximum resident set size
                   0  average shared memory size
                   0  average unshared data size
                   0  average unshared stack size
                1292  page reclaims
                   2  page faults
                   0  swaps
                   0  block input operations
                   0  block output operations
                   0  messages sent
                   0  messages received
                   0  signals received
                   0  voluntary context switches
                 160  involuntary context switches
          7544028913  instructions retired
          2144148333  cycles elapsed
            18039680  peak memory footprint
