Threads=1
LoadTime(s)=0.0165636
time: command terminated abnormally
        0.62 real         0.30 user         0.01 sys
            18923520  maximum resident set size
                   0  average shared memory size
                   0  average unshared data size
                   0  average unshared stack size
                1240  page reclaims
                  20  page faults
                   0  swaps
                   0  block input operations
                   0  block output operations
                   0  messages sent
                   0  messages received
                   0  signals received
                   2  voluntary context switches
                  32  involuntary context switches
          2211139981  instructions retired
           604648058  cycles elapsed
            17580672  peak memory footprint
