Threads=4
LoadTime(s)=0.0162824
CODE_EXECUTION_TIME(s)=1.56087
RESULT=96615211
Throughput=6.18984e+07
VertexSetAllocated=260.80 KB
MiniGraphAllocated=915.00 KB
        1.89 real         6.20 user         0.02 sys
            20381696  maximum resident set size
                   0  average shared memory size
                   0  average unshared data size
                   0  average unshared stack size
                1348  page reclaims
                   8  page faults
                   0  swaps
                   0  block input operations
                   0  block output operations
                   0  messages sent
                   0  messages received
                   0  signals received
                   0  voluntary context switches
                 834  involuntary context switches
         40429214067  instructions retired
         11209832743  cycles elapsed
            19039232  peak memory footprint
