Threads=4
LoadTime(s)=0.0100743
CODE_EXECUTION_TIME(s)=0.89238
RESULT=4764685
Throughput=5.3393e+06
VertexSetAllocated=0.00 Bytes
MiniGraphAllocated=667.26 KB
        1.22 real         3.51 user         0.02 sys
            20119552  maximum resident set size
                   0  average shared memory size
                   0  average unshared data size
                   0  average unshared stack size
                1341  page reclaims
                   2  page faults
                   0  swaps
                   0  block input operations
                   0  block output operations
                   0  messages sent
                   0  messages received
                   0  signals received
                   6  voluntary context switches
                2718  involuntary context switches
         25327666291  instructions retired
          6968017134  cycles elapsed
            18760640  peak memory footprint
