Threads=2
LoadTime(s)=0.0148693
CODE_EXECUTION_TIME(s)=0.5426
RESULT=16713192
Throughput=3.0802e+07
VertexSetAllocated=0.00 Bytes
MiniGraphAllocated=129.21 KB
        0.92 real         1.08 user         0.01 sys
            19234816  maximum resident set size
                   0  average shared memory size
                   0  average unshared data size
                   0  average unshared stack size
                1281  page reclaims
                   1  page faults
                   0  swaps
                   0  block input operations
                   0  block output operations
                   0  messages sent
                   0  messages received
                   0  signals received
                   1  voluntary context switches
                 302  involuntary context switches
          7544895084  instructions retired
          2141326269  cycles elapsed
            17810112  peak memory footprint
