Threads=2
LoadTime(s)=0.0102121
CODE_EXECUTION_TIME(s)=0.558698
RESULT=16713192
Throughput=2.99146e+07
VertexSetAllocated=0.00 Bytes
MiniGraphAllocated=129.21 KB
        0.88 real         1.09 user         0.01 sys
            19185664  maximum resident set size
                   0  average shared memory size
                   0  average unshared data size
                   0  average unshared stack size
                1278  page reclaims
                   1  page faults
                   0  swaps
                   0  block input operations
                   0  block output operations
                   0  messages sent
                   0  messages received
                   0  signals received
                   0  voluntary context switches
                1001  involuntary context switches
          7550739909  instructions retired
          2170741820  cycles elapsed
            17744512  peak memory footprint
