Threads=4
LoadTime(s)=0.0143615
CODE_EXECUTION_TIME(s)=1.74072
RESULT=252447350
Throughput=1.45025e+08
VertexSetAllocated=521.59 KB
MiniGraphAllocated=0.00 Bytes
        2.12 real         6.20 user         0.02 sys
            19415040  maximum resident set size
                   0  average shared memory size
                   0  average unshared data size
                   0  average unshared stack size
                1293  page reclaims
                   1  page faults
                   0  swaps
                   0  block input operations
                   0  block output operations
                   0  messages sent
                   0  messages received
                   0  signals received
                   1  voluntary context switches
                2883  involuntary context switches
         42909349530  instructions retired
         12469265594  cycles elapsed
            18072448  peak memory footprint
