Threads=4
LoadTime(s)=0.0065495
CODE_EXECUTION_TIME(s)=1.64326
RESULT=96615211
Throughput=5.8795e+07
VertexSetAllocated=260.80 KB
MiniGraphAllocated=915.94 KB
        1.98 real         6.22 user         0.04 sys
            20496384  maximum resident set size
                   0  average shared memory size
                   0  average unshared data size
                   0  average unshared stack size
                1362  page reclaims
                   1  page faults
                   0  swaps
                   0  block input operations
                   0  block output operations
                   0  messages sent
                   0  messages received
                   0  signals received
                   1  voluntary context switches
                7600  involuntary context switches
         40487581386  instructions retired
         13068142251  cycles elapsed
            19203264  peak memory footprint
