Threads=1
LoadTime(s)=0.0137592
CODE_EXECUTION_TIME(s)=1.10944
RESULT=16713192
Throughput=1.50646e+07
VertexSetAllocated=0.00 Bytes
MiniGraphAllocated=91.13 KB
        1.44 real         1.10 user         0.01 sys
            19218432  maximum resident set size
                   0  average shared memory size
                   0  average unshared data size
                   0  average unshared stack size
                1280  page reclaims
                   1  page faults
                   0  swaps
                   0  block input operations
                   0  block output operations
                   0  messages sent
                   0  messages received
                   0  signals received
                   1  voluntary context switches
                 142  involuntary context switches
          7611399200  instructions retired
          2198849959  cycles elapsed
            17892288  peak memory footprint
