Threads=4
LoadTime(s)=0.0180616
CODE_EXECUTION_TIME(s)=0.286981
RESULT=16713192
Throughput=5.82381e+07
VertexSetAllocated=0.00 Bytes
MiniGraphAllocated=296.55 KB
        0.61 real         1.15 user         0.01 sys
            19791872  maximum resident set size
                   0  average shared memory size
                   0  average unshared data size
                   0  average unshared stack size
                1319  page reclaims
                   1  page faults
                   0  swaps
                   0  block input operations
                   0  block output operations
                   0  messages sent
                   0  messages received
                   0  signals received
                   4  voluntary context switches
                  83  involuntary context switches
          7544688987  instructions retired
          2128378946  cycles elapsed
            18449408  peak memory footprint
