Threads=4
LoadTime(s)=0.0149442
CODE_EXECUTION_TIME(s)=0.305732
RESULT=16713192
Throughput=5.46662e+07
VertexSetAllocated=0.00 Bytes
MiniGraphAllocated=277.95 KB
        0.63 real         1.19 user         0.01 sys
            19677184  maximum resident set size
                   0  average shared memory size
                   0  average unshared data size
                   0  average unshared stack size
                1315  page reclaims
                   2  page faults
                   0  swaps
                   0  block input operations
                   0  block output operations
                   0  messages sent
                   0  messages received
                   0  signals received
                   0  voluntary context switches
                1306  involuntary context switches
          7554345619  instructions retired
          2486789481  cycles elapsed
            18351168  peak memory footprint
