Threads=2
LoadTime(s)=0.011975
CODE_EXECUTION_TIME(s)=0.539917
RESULT=16713192
Throughput=3.09551e+07
VertexSetAllocated=0.00 Bytes
MiniGraphAllocated=129.21 KB
        1.07 real         1.08 user         0.01 sys
            19349504  maximum resident set size
                   0  average shared memory size
                   0  average unshared data size
                   0  average unshared stack size
                1288  page reclaims
                   1  page faults
                   0  swaps
                   0  block input operations
                   0  block output operations
                   0  messages sent
                   0  messages received
                   0  signals received
                   0  voluntary context switches
                 119  involuntary context switches
          7543728745  instructions retired
          2144010163  cycles elapsed
            17941248  peak memory footprint
