Threads=4
LoadTime(s)=0.0114685
CODE_EXECUTION_TIME(s)=1.47036
RESULT=96615211
Throughput=6.57085e+07
VertexSetAllocated=260.80 KB
MiniGraphAllocated=914.93 KB
        1.79 real         5.72 user         0.04 sys
            20348928  maximum resident set size
                   0  average shared memory size
                   0  average unshared data size
                   0  average unshared stack size
                1353  page reclaims
                   1  page faults
                   0  swaps
                   0  block input operations
                   0  block output operations
                   0  messages sent
                   0  messages received
                   0  signals received
                   1  voluntary context switches
                6072  involuntary context switches
         40471908514  instructions retired
         11413708729  cycles elapsed
            18973568  peak memory footprint
