Threads=2
LoadTime(s)=0.0157148
CODE_EXECUTION_TIME(s)=1.75405
RESULT=4764685
Throughput=2.7164e+06
VertexSetAllocated=0.00 Bytes
MiniGraphAllocated=322.36 KB
        2.08 real         3.50 user         0.01 sys
            19611648  maximum resident set size
                   0  average shared memory size
                   0  average unshared data size
                   0  average unshared stack size
                1286  page reclaims
                  20  page faults
                   0  swaps
                   0  block input operations
                   0  block output operations
                   0  messages sent
                   0  messages received
                   0  signals received
                   1  voluntary context switches
                 211  involuntary context switches
         25312247439  instructions retired
          6916334164  cycles elapsed
            18219840  peak memory footprint
