Threads=2
LoadTime(s)=0.0176885
CODE_EXECUTION_TIME(s)=2.88549
RESULT=96615211
Throughput=3.34831e+07
VertexSetAllocated=130.40 KB
MiniGraphAllocated=371.91 KB
        4.06 real         5.71 user         0.03 sys
            19791872  maximum resident set size
                   0  average shared memory size
                   0  average unshared data size
                   0  average unshared stack size
                1315  page reclaims
                   2  page faults
                   0  swaps
                   0  block input operations
                   0  block output operations
                   0  messages sent
                   0  messages received
                   0  signals received
                   0  voluntary context switches
                3356  involuntary context switches
         40451652791  instructions retired
         11308501053  cycles elapsed
            18449408  peak memory footprint
