Threads=2
LoadTime(s)=0.0157832
CODE_EXECUTION_TIME(s)=3.21589
RESULT=252447350
Throughput=7.85001e+07
VertexSetAllocated=260.80 KB
MiniGraphAllocated=0.00 Bytes
        3.55 real         6.15 user         0.06 sys
            19234816  maximum resident set size
                   0  average shared memory size
                   0  average unshared data size
                   0  average unshared stack size
                1366  page reclaims
                   2  page faults
                   0  swaps
                   0  block input operations
                   0  block output operations
                   0  messages sent
                   0  messages received
                   0  signals received
                   0  voluntary context switches
                6966  involuntary context switches
         42946535214  instructions retired
         12278389950  cycles elapsed
            17924992  peak memory footprint
