Threads=2
LoadTime(s)=0.0129022
CODE_EXECUTION_TIME(s)=0.539362
RESULT=16713192
Throughput=3.0987e+07
VertexSetAllocated=0.00 Bytes
MiniGraphAllocated=129.21 KB
        0.87 real         1.08 user         0.01 sys
            19267584  maximum resident set size
                   0  average shared memory size
                   0  average unshared data size
                   0  average unshared stack size
                1282  page reclaims
                   2  page faults
                   0  swaps
                   0  block input operations
                   0  block output operations
                   0  messages sent
                   0  messages received
                   0  signals received
                   5  voluntary context switches
                  29  involuntary context switches
          7542851556  instructions retired
          2132320143  cycles elapsed
            17892224  peak memory footprint
