Threads=2
LoadTime(s)=0.0130593
CODE_EXECUTION_TIME(s)=0.540412
RESULT=16713192
Throughput=3.09267e+07
VertexSetAllocated=0.00 Bytes
MiniGraphAllocated=129.21 KB
        0.87 real         1.08 user         0.01 sys
            19300352  maximum resident set size
                   0  average shared memory size
                   0  average unshared data size
                   0  average unshared stack size
                1267  page reclaims
                  20  page faults
                   0  swaps
                   0  block input operations
                   0  block output operations
                   0  messages sent
                   0  messages received
                   0  signals received
                   1  voluntary context switches
                  20  involuntary context switches
          7547400329  instructions retired
          2138850295  cycles elapsed
            17908544  peak memory footprint
