Threads=4
LoadTime(s)=0.011805
CODE_EXECUTION_TIME(s)=1.4336
RESULT=96615211
Throughput=6.73935e+07
VertexSetAllocated=260.80 KB
MiniGraphAllocated=915.79 KB
        1.81 real         5.70 user         0.01 sys
            20594688  maximum resident set size
                   0  average shared memory size
                   0  average unshared data size
                   0  average unshared stack size
                1368  page reclaims
                   1  page faults
                   0  swaps
                   0  block input operations
                   0  block output operations
                   0  messages sent
                   0  messages received
                   0  signals received
                   0  voluntary context switches
                 285  involuntary context switches
         40424428389  instructions retired
         11231595299  cycles elapsed
            19318016  peak memory footprint
