Threads=4
LoadTime(s)=0.015057
CODE_EXECUTION_TIME(s)=0.27971
RESULT=16713192
Throughput=5.97519e+07
VertexSetAllocated=0.00 Bytes
MiniGraphAllocated=296.49 KB
        0.60 real         1.09 user         0.01 sys
            19464192  maximum resident set size
                   0  average shared memory size
                   0  average unshared data size
                   0  average unshared stack size
                1303  page reclaims
                   1  page faults
                   0  swaps
                   0  block input operations
                   0  block output operations
                   0  messages sent
                   0  messages received
                   0  signals received
                   0  voluntary context switches
                1639  involuntary context switches
          7553983476  instructions retired
          2183392499  cycles elapsed
            18055936  peak memory footprint
