Threads=4
LoadTime(s)=0.0143199
CODE_EXECUTION_TIME(s)=0.305676
RESULT=16713192
Throughput=5.46762e+07
VertexSetAllocated=0.00 Bytes
MiniGraphAllocated=263.61 KB
        0.63 real         1.18 user         0.01 sys
            19628032  maximum resident set size
                   0  average shared memory size
                   0  average unshared data size
                   0  average unshared stack size
                1310  page reclaims
                   2  page faults
                   0  swaps
                   0  block input operations
                   0  block output operations
                   0  messages sent
                   0  messages received
                   0  signals received
                   1  voluntary context switches
                 980  involuntary context switches
          7550176633  instructions retired
          2473310135  cycles elapsed
            18285568  peak memory footprint
