Threads=1
LoadTime(s)=0.0129794
CODE_EXECUTION_TIME(s)=1.1538
RESULT=16713192
Throughput=1.44853e+07
VertexSetAllocated=0.00 Bytes
MiniGraphAllocated=91.13 KB
        1.86 real         1.12 user         0.02 sys
            19103744  maximum resident set size
                   0  average shared memory size
                   0  average unshared data size
                   0  average unshared stack size
                1416  page reclaims
                   1  page faults
                   0  swaps
                   0  block input operations
                   0  block output operations
                   0  messages sent
                   0  messages received
                   0  signals received
                   0  voluntary context switches
                1037  involuntary context switches
          7619104077  instructions retired
          2244352269  cycles elapsed
            17744512  peak memory footprint
