Threads=4
LoadTime(s)=0.0110429
CODE_EXECUTION_TIME(s)=1.76635
RESULT=96615211
Throughput=5.46975e+07
VertexSetAllocated=260.80 KB
MiniGraphAllocated=914.22 KB
        2.70 real         7.03 user         0.02 sys
            20578304  maximum resident set size
                   0  average shared memory size
                   0  average unshared data size
                   0  average unshared stack size
                1367  page reclaims
                   1  page faults
                   0  swaps
                   0  block input operations
                   0  block output operations
                   0  messages sent
                   0  messages received
                   0  signals received
                   1  voluntary context switches
                 404  involuntary context switches
         40427700708  instructions retired
         11169599625  cycles elapsed
            19285184  peak memory footprint
