Threads=4
LoadTime(s)=0.0133734
CODE_EXECUTION_TIME(s)=0.274649
RESULT=16713192
Throughput=6.08528e+07
VertexSetAllocated=0.00 Bytes
MiniGraphAllocated=296.52 KB
        0.59 real         1.09 user         0.01 sys
            19726336  maximum resident set size
                   0  average shared memory size
                   0  average unshared data size
                   0  average unshared stack size
                1318  page reclaims
                   1  page faults
                   0  swaps
                   0  block input operations
                   0  block output operations
                   0  messages sent
                   0  messages received
                   0  signals received
                   0  voluntary context switches
                 456  involuntary context switches
          7544745025  instructions retired
          2148211348  cycles elapsed
            18367424  peak memory footprint
