Threads=4
LoadTime(s)=0.0170052
CODE_EXECUTION_TIME(s)=1.42094
RESULT=96615211
Throughput=6.79939e+07
VertexSetAllocated=260.80 KB
MiniGraphAllocated=915.28 KB
        1.77 real         5.65 user         0.02 sys
            20365312  maximum resident set size
                   0  average shared memory size
                   0  average unshared data size
                   0  average unshared stack size
                1354  page reclaims
                   1  page faults
                   0  swaps
                   0  block input operations
                   0  block output operations
                   0  messages sent
                   0  messages received
                   0  signals received
                   0  voluntary context switches
                 400  involuntary context switches
         40427010807  instructions retired
         11135444361  cycles elapsed
            19006400  peak memory footprint
