Threads=1
LoadTime(s)=0.015391
CODE_EXECUTION_TIME(s)=1.10488
RESULT=16713192
Throughput=1.51267e+07
VertexSetAllocated=0.00 Bytes
MiniGraphAllocated=91.13 KB
        1.42 real         1.10 user         0.01 sys
            19103744  maximum resident set size
                   0  average shared memory size
                   0  average unshared data size
                   0  average unshared stack size
                1272  page reclaims
                   1  page faults
                   0  swaps
                   0  block input operations
                   0  block output operations
                   0  messages sent
                   0  messages received
                   0  signals received
                   0  voluntary context switches
                 207  involuntary context switches
          7610642749  instructions retired
          2189701276  cycles elapsed
            17728192  peak memory footprint
