Threads=1
LoadTime(s)=0.00956638
CODE_EXECUTION_TIME(s)=1.18478
RESULT=16713192
Throughput=1.41065e+07
VertexSetAllocated=0.00 Bytes
MiniGraphAllocated=91.13 KB
        2.66 real         1.12 user         0.02 sys
            19087360  maximum resident set size
                   0  average shared memory size
                   0  average unshared data size
                   0  average unshared stack size
                1856  page reclaims
                   1  page faults
                   0  swaps
                   0  block input operations
                   0  block output operations
                   0  messages sent
                   0  messages received
                   0  signals received
                   0  voluntary context switches
                2691  involuntary context switches
          7634779797  instructions retired
          2282276146  cycles elapsed
            17744576  peak memory footprint
