Threads=4
LoadTime(s)=0.018255
CODE_EXECUTION_TIME(s)=0.951764
RESULT=4764685
Throughput=5.00616e+06
VertexSetAllocated=0.00 Bytes
MiniGraphAllocated=667.26 KB
        1.28 real         3.70 user         0.02 sys
            20103168  maximum resident set size
                   0  average shared memory size
                   0  average unshared data size
                   0  average unshared stack size
                1332  page reclaims
                   5  page faults
                   0  swaps
                   0  block input operations
                   0  block output operations
                   0  messages sent
                   0  messages received
                   0  signals received
                   4  voluntary context switches
                2932  involuntary context switches
         25330257215  instructions retired
          7580930299  cycles elapsed
            18810048  peak memory footprint
