Threads=4
LoadTime(s)=0.0136121
CODE_EXECUTION_TIME(s)=0.279255
RESULT=16713192
Throughput=5.98492e+07
VertexSetAllocated=0.00 Bytes
MiniGraphAllocated=296.45 KB
        0.60 real         1.10 user         0.01 sys
            19677184  maximum resident set size
                   0  average shared memory size
                   0  average unshared data size
                   0  average unshared stack size
                1314  page reclaims
                   1  page faults
                   0  swaps
                   0  block input operations
                   0  block output operations
                   0  messages sent
                   0  messages received
                   0  signals received
                   0  voluntary context switches
                 629  involuntary context switches
          7546693992  instructions retired
          2174301969  cycles elapsed
            18301824  peak memory footprint
