Threads=2
LoadTime(s)=0.0150205
CODE_EXECUTION_TIME(s)=0.536775
RESULT=16713192
Throughput=3.11363e+07
VertexSetAllocated=0.00 Bytes
MiniGraphAllocated=129.21 KB
        0.86 real         1.07 user         0.01 sys
            19218432  maximum resident set size
                   0  average shared memory size
                   0  average unshared data size
                   0  average unshared stack size
                1281  page reclaims
                   1  page faults
                   0  swaps
                   0  block input operations
                   0  block output operations
                   0  messages sent
                   0  messages received
                   0  signals received
                   1  voluntary context switches
                  33  involuntary context switches
          7542318962  instructions retired
          2126102226  cycles elapsed
            17810176  peak memory footprint
