Threads=4
LoadTime(s)=0.0102544
CODE_EXECUTION_TIME(s)=1.48911
RESULT=96615211
Throughput=6.48811e+07
VertexSetAllocated=260.80 KB
MiniGraphAllocated=914.50 KB
        1.82 real         5.83 user         0.03 sys
            20398080  maximum resident set size
                   0  average shared memory size
                   0  average unshared data size
                   0  average unshared stack size
                1357  page reclaims
                   1  page faults
                   0  swaps
                   0  block input operations
                   0  block output operations
                   0  messages sent
                   0  messages received
                   0  signals received
                   0  voluntary context switches
                3674  involuntary context switches
         40453405213  instructions retired
         11717396110  cycles elapsed
            19072064  peak memory footprint
