Threads=1
LoadTime(s)=0.015323
CODE_EXECUTION_TIME(s)=5.79328
RESULT=96615211
Throughput=1.66771e+07
VertexSetAllocated=65.20 KB
MiniGraphAllocated=228.53 KB
        6.13 real         5.73 user         0.04 sys
            19382272  maximum resident set size
                   0  average shared memory size
                   0  average unshared data size
                   0  average unshared stack size
                1272  page reclaims
                  19  page faults
                   0  swaps
                   0  block input operations
                   0  block output operations
                   0  messages sent
                   0  messages received
                   0  signals received
                   6  voluntary context switches
                1101  involuntary context switches
         40411065498  instructions retired
         11355534159  cycles elapsed
            18056128  peak memory footprint
