Threads=1
LoadTime(s)=0.00980521
CODE_EXECUTION_TIME(s)=1.10845
RESULT=16713192
Throughput=1.50779e+07
VertexSetAllocated=0.00 Bytes
MiniGraphAllocated=91.13 KB
        1.42 real         1.10 user         0.01 sys
            19202048  maximum resident set size
                   0  average shared memory size
                   0  average unshared data size
                   0  average unshared stack size
                1278  page reclaims
                   1  page faults
                   0  swaps
                   0  block input operations
                   0  block output operations
                   0  messages sent
                   0  messages received
                   0  signals received
                   3  voluntary context switches
                 584  involuntary context switches
          7614497191  instructions retired
          2200607556  cycles elapsed
            17842944  peak memory footprint
