Threads=1
LoadTime(s)=0.011724
CODE_EXECUTION_TIME(s)=1.10025
RESULT=16713192
Throughput=1.51903e+07
VertexSetAllocated=0.00 Bytes
MiniGraphAllocated=91.13 KB
        1.47 real         1.10 user         0.01 sys
            19185664  maximum resident set size
                   0  average shared memory size
                   0  average unshared data size
                   0  average unshared stack size
                1278  page reclaims
                   1  page faults
                   0  swaps
                   0  block input operations
                   0  block output operations
                   0  messages sent
                   0  messages received
                   0  signals received
                   1  voluntary context switches
                  48  involuntary context switches
          7609488633  instructions retired
          2191278121  cycles elapsed
            17810176  peak memory footprint
