Threads=1
LoadTime(s)=0.0141388
CODE_EXECUTION_TIME(s)=3.6101
RESULT=4764685
Throughput=1.31982e+06
VertexSetAllocated=0.00 Bytes
MiniGraphAllocated=231.70 KB
        3.91 real         3.54 user         0.02 sys
            19316736  maximum resident set size
                   0  average shared memory size
                   0  average unshared data size
                   0  average unshared stack size
                1285  page reclaims
                   2  page faults
                   0  swaps
                   0  block input operations
                   0  block output operations
                   0  messages sent
                   0  messages received
                   0  signals received
                   1  voluntary context switches
                1632  involuntary context switches
         25280068554  instructions retired
          7064621249  cycles elapsed
            17941248  peak memory footprint
