Threads=1
LoadTime(s)=0.00917146
CODE_EXECUTION_TIME(s)=6.17641
RESULT=252447350
Throughput=4.08728e+07
VertexSetAllocated=130.40 KB
MiniGraphAllocated=0.00 Bytes
        6.50 real         6.12 user         0.02 sys
            19005440  maximum resident set size
                   0  average shared memory size
                   0  average unshared data size
                   0  average unshared stack size
                1266  page reclaims
                   2  page faults
                   0  swaps
                   0  block input operations
                   0  block output operations
                   0  messages sent
                   0  messages received
                   0  signals received
                   1  voluntary context switches
                1959  involuntary context switches
         42848094336  instructions retired
         12119167638  cycles elapsed
            17646272  peak memory footprint
