Threads=1
LoadTime(s)=0.0179019
CODE_EXECUTION_TIME(s)=3.50832
RESULT=4764685
Throughput=1.35811e+06
VertexSetAllocated=0.00 Bytes
MiniGraphAllocated=231.70 KB
        3.84 real         3.49 user         0.02 sys
            19333120  maximum resident set size
                   0  average shared memory size
                   0  average unshared data size
                   0  average unshared stack size
                1267  page reclaims
                  20  page faults
                   0  swaps
                   0  block input operations
                   0  block output operations
                   0  messages sent
                   0  messages received
                   0  signals received
                   3  voluntary context switches
                 197  involuntary context switches
         25273184731  instructions retired
          6926499338  cycles elapsed
            17941120  peak memory footprint
