Threads=1
LoadTime(s)=0.0295252
CODE_EXECUTION_TIME(s)=1.28139
RESULT=16713192
Throughput=1.3043e+07
VertexSetAllocated=0.00 Bytes
MiniGraphAllocated=91.13 KB
        1.64 real         1.13 user         0.02 sys
            19136512  maximum resident set size
                   0  average shared memory size
                   0  average unshared data size
                   0  average unshared stack size
                1697  page reclaims
                   1  page faults
                   0  swaps
                   0  block input operations
                   0  block output operations
                   0  messages sent
                   0  messages received
                   0  signals received
                   1  voluntary context switches
                1844  involuntary context switches
          7628058178  instructions retired
          2290840006  cycles elapsed
            17843072  peak memory footprint
