Threads=1
LoadTime(s)=0.0121177
CODE_EXECUTION_TIME(s)=6.3409
RESULT=252447350
Throughput=3.98125e+07
VertexSetAllocated=130.40 KB
MiniGraphAllocated=0.00 Bytes
        6.69 real         6.12 user         0.04 sys
            18989056  maximum resident set size
                   0  average shared memory size
                   0  average unshared data size
                   0  average unshared stack size
                1360  page reclaims
                   3  page faults
                   0  swaps
                   0  block input operations
                   0  block output operations
                   0  messages sent
                   0  messages received
                   0  signals received
                   4  voluntary context switches
                5803  involuntary context switches
         42882714495  instructions retired
         12168547372  cycles elapsed
            17711936  peak memory footprint
