Threads=2
LoadTime(s)=0.0111183
CODE_EXECUTION_TIME(s)=2.92442
RESULT=96615211
Throughput=3.30373e+07
VertexSetAllocated=130.40 KB
MiniGraphAllocated=371.91 KB
        3.43 real         5.72 user         0.04 sys
            19742720  maximum resident set size
                   0  average shared memory size
                   0  average unshared data size
                   0  average unshared stack size
                1311  page reclaims
                   2  page faults
                   0  swaps
                   0  block input operations
                   0  block output operations
                   0  messages sent
                   0  messages received
                   0  signals received
                   1  voluntary context switches
                4149  involuntary context switches
         40459432246  instructions retired
         11362477757  cycles elapsed
            18383808  peak memory footprint
