Threads=1
LoadTime(s)=0.0136116
CODE_EXECUTION_TIME(s)=1.10382
RESULT=16713192
Throughput=1.51412e+07
VertexSetAllocated=0.00 Bytes
MiniGraphAllocated=91.13 KB
        1.43 real         1.09 user         0.01 sys
            19120128  maximum resident set size
                   0  average shared memory size
                   0  average unshared data size
                   0  average unshared stack size
                1273  page reclaims
                   1  page faults
                   0  swaps
                   0  block input operations
                   0  block output operations
                   0  messages sent
                   0  messages received
                   0  signals received
                   0  voluntary context switches
                 492  involuntary context switches
          7613289256  instructions retired
          2187617416  cycles elapsed
            17744576  peak memory footprint
