Threads=1
LoadTime(s)=0.0175357
CODE_EXECUTION_TIME(s)=6.17315
RESULT=252447350
Throughput=4.08944e+07
VertexSetAllocated=130.40 KB
MiniGraphAllocated=0.00 Bytes
        6.50 real         6.13 user         0.03 sys
            18923520  maximum resident set size
                   0  average shared memory size
                   0  average unshared data size
                   0  average unshared stack size
                1305  page reclaims
                   3  page faults
                   0  swaps
                   0  block input operations
                   0  block output operations
                   0  messages sent
                   0  messages received
                   0  signals received
                   1  voluntary context switches
                2497  involuntary context switches
         42853516882  instructions retired
         12131554333  cycles elapsed
            17646400  peak memory footprint
