Threads=4
LoadTime(s)=0.0112614
CODE_EXECUTION_TIME(s)=0.277125
RESULT=16713192
Throughput=6.03093e+07
VertexSetAllocated=0.00 Bytes
MiniGraphAllocated=296.57 KB
        0.60 real         1.10 user         0.01 sys
            19611648  maximum resident set size
                   0  average shared memory size
                   0  average unshared data size
                   0  average unshared stack size
                1308  page reclaims
                   1  page faults
                   0  swaps
                   0  block input operations
                   0  block output operations
                   0  messages sent
                   0  messages received
                   0  signals received
                   0  voluntary context switches
                 234  involuntary context switches
          7543695105  instructions retired
          2173775571  cycles elapsed
            18219840  peak memory footprint
