Threads=2
LoadTime(s)=0.0116449
CODE_EXECUTION_TIME(s)=2.89118
RESULT=96615211
Throughput=3.34172e+07
VertexSetAllocated=130.40 KB
MiniGraphAllocated=371.91 KB
        3.22 real         5.72 user         0.04 sys
            19857408  maximum resident set size
                   0  average shared memory size
                   0  average unshared data size
                   0  average unshared stack size
                1318  page reclaims
                   2  page faults
                   0  swaps
                   0  block input operations
                   0  block output operations
                   0  messages sent
                   0  messages received
                   0  signals received
                   1  voluntary context switches
                3123  involuntary context switches
         40451319569  instructions retired
         11351675208  cycles elapsed
            18547840  peak memory footprint
