Threads=1
LoadTime(s)=0.0108265
CODE_EXECUTION_TIME(s)=5.76677
RESULT=96615211
Throughput=1.67538e+07
VertexSetAllocated=65.20 KB
MiniGraphAllocated=228.53 KB
        6.10 real         5.72 user         0.04 sys
            19333120  maximum resident set size
                   0  average shared memory size
                   0  average unshared data size
                   0  average unshared stack size
                1328  page reclaims
                   4  page faults
                   0  swaps
                   0  block input operations
                   0  block output operations
                   0  messages sent
                   0  messages received
                   0  signals received
                   7  voluntary context switches
                1000  involuntary context switches
         40408467948  instructions retired
         11339655021  cycles elapsed
            18039680  peak memory footprint
