Threads=4
LoadTime(s)=0.0116572
CODE_EXECUTION_TIME(s)=1.42974
RESULT=96615211
Throughput=6.75753e+07
VertexSetAllocated=260.80 KB
MiniGraphAllocated=914.97 KB
        1.75 real         5.70 user         0.01 sys
            20365312  maximum resident set size
                   0  average shared memory size
                   0  average unshared data size
                   0  average unshared stack size
                1353  page reclaims
                   1  page faults
                   0  swaps
                   0  block input operations
                   0  block output operations
                   0  messages sent
                   0  messages received
                   0  signals received
                   0  voluntary context switches
                 115  involuntary context switches
         40423023978  instructions retired
         11214987971  cycles elapsed
            19006400  peak memory footprint
