Threads=4
LoadTime(s)=0.0280542
CODE_EXECUTION_TIME(s)=2.06229
RESULT=252447350
Throughput=1.22411e+08
VertexSetAllocated=521.59 KB
MiniGraphAllocated=0.00 Bytes
        2.40 real         8.02 user         0.05 sys
            19333120  maximum resident set size
                   0  average shared memory size
                   0  average unshared data size
                   0  average unshared stack size
                1288  page reclaims
                   1  page faults
                   0  swaps
                   0  block input operations
                   0  block output operations
                   0  messages sent
                   0  messages received
                   0  signals received
                   0  voluntary context switches
                8238  involuntary context switches
         42952344372  instructions retired
         12268005887  cycles elapsed
            17990528  peak memory footprint
