Threads=4
LoadTime(s)=0.0156573
CODE_EXECUTION_TIME(s)=1.45677
RESULT=96615211
Throughput=6.63217e+07
VertexSetAllocated=260.80 KB
MiniGraphAllocated=915.12 KB
        1.79 real         5.70 user         0.05 sys
            20480000  maximum resident set size
                   0  average shared memory size
                   0  average unshared data size
                   0  average unshared stack size
                1361  page reclaims
                   1  page faults
                   0  swaps
                   0  block input operations
                   0  block output operations
                   0  messages sent
                   0  messages received
                   0  signals received
                   0  voluntary context switches
                5793  involuntary context switches
         40472309087  instructions retired
         11325535457  cycles elapsed
            19153984  peak memory footprint
