Threads=4
LoadTime(s)=0.0106482
CODE_EXECUTION_TIME(s)=1.04004
RESULT=4764685
Throughput=4.58123e+06
VertexSetAllocated=0.00 Bytes
MiniGraphAllocated=666.27 KB
        1.37 real         4.09 user         0.03 sys
            20135936  maximum resident set size
                   0  average shared memory size
                   0  average unshared data size
                   0  average unshared stack size
                1340  page reclaims
                   1  page faults
                   0  swaps
                   0  block input operations
                   0  block output operations
                   0  messages sent
                   0  messages received
                   0  signals received
                   0  voluntary context switches
                3652  involuntary context switches
         25335241490  instructions retired
          6975088205  cycles elapsed
            18760576  peak memory footprint
