Threads=2
LoadTime(s)=0.0151472
CODE_EXECUTION_TIME(s)=0.54516
RESULT=16713192
Throughput=3.06574e+07
VertexSetAllocated=0.00 Bytes
MiniGraphAllocated=129.21 KB
        0.88 real         1.08 user         0.01 sys
            19447808  maximum resident set size
                   0  average shared memory size
                   0  average unshared data size
                   0  average unshared stack size
                1294  page reclaims
                   1  page faults
                   0  swaps
                   0  block input operations
                   0  block output operations
                   0  messages sent
                   0  messages received
                   0  signals received
                   0  voluntary context switches
                 585  involuntary context switches
          7547199543  instructions retired
          2150828721  cycles elapsed
            18056000  peak memory footprint
