Threads=4
LoadTime(s)=0.0119406
CODE_EXECUTION_TIME(s)=1.10535
RESULT=4764685
Throughput=4.31055e+06
VertexSetAllocated=0.00 Bytes
MiniGraphAllocated=667.26 KB
        1.42 real         3.75 user         0.07 sys
            19824640  maximum resident set size
                   0  average shared memory size
                   0  average unshared data size
                   0  average unshared stack size
                1384  page reclaims
                   1  page faults
                   0  swaps
                   0  block input operations
                   0  block output operations
                   0  messages sent
                   0  messages received
                   0  signals received
                   0  voluntary context switches
               13276  involuntary context switches
         25419022953  instructions retired
          7786438550  cycles elapsed
            18826304  peak memory footprint
