Threads=4
LoadTime(s)=0.0132667
CODE_EXECUTION_TIME(s)=1.77033
RESULT=252447350
Throughput=1.42599e+08
VertexSetAllocated=521.59 KB
MiniGraphAllocated=0.00 Bytes
        2.08 real         6.34 user         0.07 sys
            19283968  maximum resident set size
                   0  average shared memory size
                   0  average unshared data size
                   0  average unshared stack size
                1341  page reclaims
                   1  page faults
                   0  swaps
                   0  block input operations
                   0  block output operations
                   0  messages sent
                   0  messages received
                   0  signals received
                   1  voluntary context switches
               14780  involuntary context switches
         43010327393  instructions retired
         12989960254  cycles elapsed
            18056128  peak memory footprint
