Threads=2
LoadTime(s)=0.00955092
CODE_EXECUTION_TIME(s)=0.54277
RESULT=16713192
Throughput=3.07924e+07
VertexSetAllocated=0.00 Bytes
MiniGraphAllocated=129.21 KB
        0.86 real         1.07 user         0.01 sys
            19267584  maximum resident set size
                   0  average shared memory size
                   0  average unshared data size
                   0  average unshared stack size
                1284  page reclaims
                   2  page faults
                   0  swaps
                   0  block input operations
                   0  block output operations
                   0  messages sent
                   0  messages received
                   0  signals received
                   4  voluntary context switches
                 674  involuntary context switches
          7548981807  instructions retired
          2150577312  cycles elapsed
            17908672  peak memory footprint
