Threads=1
LoadTime(s)=0.0123049
CODE_EXECUTION_TIME(s)=5.93897
RESULT=96615211
Throughput=1.6268e+07
VertexSetAllocated=65.20 KB
MiniGraphAllocated=228.53 KB
        6.32 real         5.75 user         0.04 sys
            19316736  maximum resident set size
                   0  average shared memory size
                   0  average unshared data size
                   0  average unshared stack size
                1516  page reclaims
                   2  page faults
                   0  swaps
                   0  block input operations
                   0  block output operations
                   0  messages sent
                   0  messages received
                   0  signals received
                   1  voluntary context switches
                4323  involuntary context switches
         40433296395  instructions retired
         11426261629  cycles elapsed
            17990400  peak memory footprint
