Threads=4
LoadTime(s)=0.0144887
CODE_EXECUTION_TIME(s)=1.83719
RESULT=252447350
Throughput=1.37409e+08
VertexSetAllocated=521.59 KB
MiniGraphAllocated=0.00 Bytes
        2.16 real         7.34 user         0.02 sys
            19447808  maximum resident set size
                   0  average shared memory size
                   0  average unshared data size
                   0  average unshared stack size
                1277  page reclaims
                  19  page faults
                   0  swaps
                   0  block input operations
                   0  block output operations
                   0  messages sent
                   0  messages received
                   0  signals received
                   1  voluntary context switches
                 429  involuntary context switches
         42892779556  instructions retired
         11978601682  cycles elapsed
            18121664  peak memory footprint
