Threads=1
LoadTime(s)=0.0127874
CODE_EXECUTION_TIME(s)=5.76222
RESULT=96615211
Throughput=1.6767e+07
VertexSetAllocated=65.20 KB
MiniGraphAllocated=228.53 KB
        6.09 real         5.72 user         0.04 sys
            19546112  maximum resident set size
                   0  average shared memory size
                   0  average unshared data size
                   0  average unshared stack size
                1299  page reclaims
                   2  page faults
                   0  swaps
                   0  block input operations
                   0  block output operations
                   0  messages sent
                   0  messages received
                   0  signals received
                   0  voluntary context switches
                 670  involuntary context switches
         40400787264  instructions retired
         11344338688  cycles elapsed
            18269312  peak memory footprint
