Threads=2
LoadTime(s)=0.0132729
CODE_EXECUTION_TIME(s)=0.538195
RESULT=16713192
Throughput=3.10542e+07
VertexSetAllocated=0.00 Bytes
MiniGraphAllocated=129.21 KB
        0.86 real         1.07 user         0.01 sys
            19349504  maximum resident set size
                   0  average shared memory size
                   0  average unshared data size
                   0  average unshared stack size
                1289  page reclaims
                   1  page faults
                   0  swaps
                   0  block input operations
                   0  block output operations
                   0  messages sent
                   0  messages received
                   0  signals received
                   0  voluntary context switches
                 233  involuntary context switches
          7544225214  instructions retired
          2132009622  cycles elapsed
            18007040  peak memory footprint
