Threads=4
LoadTime(s)=0.0151255
CODE_EXECUTION_TIME(s)=0.295301
RESULT=16713192
Throughput=5.65971e+07
VertexSetAllocated=0.00 Bytes
MiniGraphAllocated=297.50 KB
        0.62 real         1.18 user         0.01 sys
            19677184  maximum resident set size
                   0  average shared memory size
                   0  average unshared data size
                   0  average unshared stack size
                1313  page reclaims
                   1  page faults
                   0  swaps
                   0  block input operations
                   0  block output operations
                   0  messages sent
                   0  messages received
                   0  signals received
                   0  voluntary context switches
                  67  involuntary context switches
          7542029037  instructions retired
          2128545705  cycles elapsed
            18301824  peak memory footprint
