Threads=2
LoadTime(s)=0.0140927
CODE_EXECUTION_TIME(s)=3.12717
RESULT=252447350
Throughput=8.07271e+07
VertexSetAllocated=260.80 KB
MiniGraphAllocated=0.00 Bytes
        3.46 real         6.24 user         0.01 sys
            19234816  maximum resident set size
                   0  average shared memory size
                   0  average unshared data size
                   0  average unshared stack size
                1280  page reclaims
                   2  page faults
                   0  swaps
                   0  block input operations
                   0  block output operations
                   0  messages sent
                   0  messages received
                   0  signals received
                   0  voluntary context switches
                 405  involuntary context switches
         42889023512  instructions retired
         12054072891  cycles elapsed
            17859328  peak memory footprint
