Threads=2
LoadTime(s)=0.0122769
CODE_EXECUTION_TIME(s)=1.75815
RESULT=4764685
Throughput=2.71006e+06
VertexSetAllocated=0.00 Bytes
MiniGraphAllocated=322.36 KB
        2.34 real         3.51 user         0.02 sys
            19513344  maximum resident set size
                   0  average shared memory size
                   0  average unshared data size
                   0  average unshared stack size
                1282  page reclaims
                  19  page faults
                   0  swaps
                   0  block input operations
                   0  block output operations
                   0  messages sent
                   0  messages received
                   0  signals received
                   2  voluntary context switches
                 515  involuntary context switches
         25315794616  instructions retired
          6937634622  cycles elapsed
            18121536  peak memory footprint
