Threads=1
LoadTime(s)=0.0155885
CODE_EXECUTION_TIME(s)=1.10336
RESULT=16713192
Throughput=1.51476e+07
VertexSetAllocated=0.00 Bytes
MiniGraphAllocated=91.13 KB
        1.42 real         1.10 user         0.01 sys
            19087360  maximum resident set size
                   0  average shared memory size
                   0  average unshared data size
                   0  average unshared stack size
                1271  page reclaims
                   2  page faults
                   0  swaps
                   0  block input operations
                   0  block output operations
                   0  messages sent
                   0  messages received
                   0  signals received
                   1  voluntary context switches
                  46  involuntary context switches
          7609555681  instructions retired
          2190558503  cycles elapsed
            17695360  peak memory footprint
