Threads=1
LoadTime(s)=0.0181646
CODE_EXECUTION_TIME(s)=3.54104
RESULT=4764685
Throughput=1.34556e+06
VertexSetAllocated=0.00 Bytes
MiniGraphAllocated=231.70 KB
        3.86 real         3.52 user         0.02 sys
            19365888  maximum resident set size
                   0  average shared memory size
                   0  average unshared data size
                   0  average unshared stack size
                1289  page reclaims
                   1  page faults
                   0  swaps
                   0  block input operations
                   0  block output operations
                   0  messages sent
                   0  messages received
                   0  signals received
                   0  voluntary context switches
                 200  involuntary context switches
         25269163990  instructions retired
          6985403451  cycles elapsed
            18023296  peak memory footprint
