Threads=4
LoadTime(s)=0.040069
CODE_EXECUTION_TIME(s)=0.316995
RESULT=16713192
Throughput=5.27238e+07
VertexSetAllocated=0.00 Bytes
MiniGraphAllocated=297.48 KB
        0.71 real         1.14 user         0.02 sys
            19644416  maximum resident set size
                   0  average shared memory size
                   0  average unshared data size
                   0  average unshared stack size
                1290  page reclaims
                  19  page faults
                   0  swaps
                   0  block input operations
                   0  block output operations
                   0  messages sent
                   0  messages received
                   0  signals received
                   3  voluntary context switches
                1635  involuntary context switches
          7560553622  instructions retired
          2274173894  cycles elapsed
            18269056  peak memory footprint
