Threads=1
LoadTime(s)=0.0123883
CODE_EXECUTION_TIME(s)=3.50565
RESULT=4764685
Throughput=1.35915e+06
VertexSetAllocated=0.00 Bytes
MiniGraphAllocated=231.70 KB
        4.27 real         3.49 user         0.03 sys
            19333120  maximum resident set size
                   0  average shared memory size
                   0  average unshared data size
                   0  average unshared stack size
                1285  page reclaims
                   2  page faults
                   0  swaps
                   0  block input operations
                   0  block output operations
                   0  messages sent
                   0  messages received
                   0  signals received
                   2  voluntary context switches
                 182  involuntary context switches
         25269994084  instructions retired
          6922154555  cycles elapsed
            17990464  peak memory footprint
