Threads=4
LoadTime(s)=0.013666
CODE_EXECUTION_TIME(s)=0.309026
RESULT=16713192
Throughput=5.40835e+07
VertexSetAllocated=0.00 Bytes
MiniGraphAllocated=297.50 KB
        0.64 real         1.22 user         0.01 sys
            19578880  maximum resident set size
                   0  average shared memory size
                   0  average unshared data size
                   0  average unshared stack size
                1287  page reclaims
                  19  page faults
                   0  swaps
                   0  block input operations
                   0  block output operations
                   0  messages sent
                   0  messages received
                   0  signals received
                   2  voluntary context switches
                 572  involuntary context switches
          7551191256  instructions retired
          2138142919  cycles elapsed
            18236416  peak memory footprint
