Threads=4
LoadTime(s)=0.0175926
CODE_EXECUTION_TIME(s)=0.278554
RESULT=16713192
Throughput=5.99999e+07
VertexSetAllocated=0.00 Bytes
MiniGraphAllocated=296.62 KB
        0.60 real         1.10 user         0.01 sys
            19644416  maximum resident set size
                   0  average shared memory size
                   0  average unshared data size
                   0  average unshared stack size
                1314  page reclaims
                   1  page faults
                   0  swaps
                   0  block input operations
                   0  block output operations
                   0  messages sent
                   0  messages received
                   0  signals received
                   0  voluntary context switches
                1033  involuntary context switches
          7551625245  instructions retired
          2162009908  cycles elapsed
            18285504  peak memory footprint
