Threads=2
LoadTime(s)=0.0155685
CODE_EXECUTION_TIME(s)=3.11367
RESULT=252447350
Throughput=8.10771e+07
VertexSetAllocated=260.80 KB
MiniGraphAllocated=0.00 Bytes
        3.44 real         6.13 user         0.04 sys
            19251200  maximum resident set size
                   0  average shared memory size
                   0  average unshared data size
                   0  average unshared stack size
                1313  page reclaims
                   2  page faults
                   0  swaps
                   0  block input operations
                   0  block output operations
                   0  messages sent
                   0  messages received
                   0  signals received
                   3  voluntary context switches
                4348  involuntary context switches
         42923172195  instructions retired
         12133736736  cycles elapsed
            17957824  peak memory footprint
