Threads=2
LoadTime(s)=0.0105834
CODE_EXECUTION_TIME(s)=3.1115
RESULT=252447350
Throughput=8.11337e+07
VertexSetAllocated=260.80 KB
MiniGraphAllocated=0.00 Bytes
        3.44 real         6.12 user         0.03 sys
            19234816  maximum resident set size
                   0  average shared memory size
                   0  average unshared data size
                   0  average unshared stack size
                1281  page reclaims
                   2  page faults
                   0  swaps
                   0  block input operations
                   0  block output operations
                   0  messages sent
                   0  messages received
                   0  signals received
                   0  voluntary context switches
                3070  involuntary context switches
         42912211334  instructions retired
         12133205482  cycles elapsed
            17908608  peak memory footprint
