Threads=2
LoadTime(s)=0.0153024
CODE_EXECUTION_TIME(s)=0.540527
RESULT=16713192
Throughput=3.09202e+07
VertexSetAllocated=0.00 Bytes
MiniGraphAllocated=129.21 KB
        0.86 real         1.08 user         0.01 sys
            19234816  maximum resident set size
                   0  average shared memory size
                   0  average unshared data size
                   0  average unshared stack size
                1281  page reclaims
                   2  page faults
                   0  swaps
                   0  block input operations
                   0  block output operations
                   0  messages sent
                   0  messages received
                   0  signals received
                   0  voluntary context switches
                 158  involuntary context switches
          7542888642  instructions retired
          2137869965  cycles elapsed
            17810112  peak memory footprint
