Threads=4
LoadTime(s)=0.0129225
CODE_EXECUTION_TIME(s)=1.52235
RESULT=252447350
Throughput=1.65827e+08
VertexSetAllocated=521.59 KB
MiniGraphAllocated=0.00 Bytes
        2.64 real         6.08 user         0.01 sys
            19365888  maximum resident set size
                   0  average shared memory size
                   0  average unshared data size
                   0  average unshared stack size
                1293  page reclaims
                   1  page faults
                   0  swaps
                   0  block input operations
                   0  block output operations
                   0  messages sent
                   0  messages received
                   0  signals received
                   0  voluntary context switches
                 310  involuntary context switches
         42887774525  instructions retired
         11991369962  cycles elapsed
            18023296  peak memory footprint
