Threads=4
LoadTime(s)=0.0122882
CODE_EXECUTION_TIME(s)=0.273584
RESULT=16713192
Throughput=6.10897e+07
VertexSetAllocated=0.00 Bytes
MiniGraphAllocated=297.54 KB
        1.57 real         1.09 user         0.01 sys
            19562496  maximum resident set size
                   0  average shared memory size
                   0  average unshared data size
                   0  average unshared stack size
                1306  page reclaims
                   1  page faults
                   0  swaps
                   0  block input operations
                   0  block output operations
                   0  messages sent
                   0  messages received
                   0  signals received
                   0  voluntary context switches
                 547  involuntary context switches
          7546059386  instructions retired
          2146843383  cycles elapsed
            18170688  peak memory footprint
