Threads=2
LoadTime(s)=0.00948742
CODE_EXECUTION_TIME(s)=0.554493
RESULT=16713192
Throughput=3.01414e+07
VertexSetAllocated=0.00 Bytes
MiniGraphAllocated=129.21 KB
        0.88 real         1.09 user         0.01 sys
            19349504  maximum resident set size
                   0  average shared memory size
                   0  average unshared data size
                   0  average unshared stack size
                1270  page reclaims
                  20  page faults
                   0  swaps
                   0  block input operations
                   0  block output operations
                   0  messages sent
                   0  messages received
                   0  signals received
                   2  voluntary context switches
                 940  involuntary context switches
          7554668954  instructions retired
          2166283393  cycles elapsed
            17957696  peak memory footprint
