Threads=4
LoadTime(s)=0.0111434
CODE_EXECUTION_TIME(s)=0.271515
RESULT=16713192
Throughput=6.15554e+07
VertexSetAllocated=0.00 Bytes
MiniGraphAllocated=263.88 KB
        0.58 real         1.08 user         0.01 sys
            19496960  maximum resident set size
                   0  average shared memory size
                   0  average unshared data size
                   0  average unshared stack size
                1301  page reclaims
                   1  page faults
                   0  swaps
                   0  block input operations
                   0  block output operations
                   0  messages sent
                   0  messages received
                   0  signals received
                   0  voluntary context switches
                  44  involuntary context switches
          7541354421  instructions retired
          2121593322  cycles elapsed
            18072256  peak memory footprint
