Threads=2
LoadTime(s)=0.0187723
CODE_EXECUTION_TIME(s)=2.84126
RESULT=96615211
Throughput=3.40043e+07
VertexSetAllocated=130.40 KB
MiniGraphAllocated=371.91 KB
        3.18 real         5.66 user         0.02 sys
            19644416  maximum resident set size
                   0  average shared memory size
                   0  average unshared data size
                   0  average unshared stack size
                1305  page reclaims
                   2  page faults
                   0  swaps
                   0  block input operations
                   0  block output operations
                   0  messages sent
                   0  messages received
                   0  signals received
                   3  voluntary context switches
                1244  involuntary context switches
         40434778429  instructions retired
         11173093956  cycles elapsed
            18252608  peak memory footprint
