Threads=32
LoadTime(s)=0.0392665
CODE_EXECUTION_TIME(s)=0.183955
RESULT=7211947
Throughput=3.92049e+07
VertexSetAllocated=88.29 MB
MiniGraphAllocated=0.00 Bytes
	Command being timed: "./bin/runner 32 /home/williamp/thesis_data/snap_format/youtube/"
	User time (seconds): 5.76
	System time (seconds): 0.09
	Percent of CPU this job got: 2504%
	Elapsed (wall clock) time (h:mm:ss or m:ss): 0:00.23
	Average shared text size (kbytes): 0
	Average unshared data size (kbytes): 0
	Average stack size (kbytes): 0
	Average total size (kbytes): 0
	Maximum resident set size (kbytes): 55352
	Average resident set size (kbytes): 0
	Major (requiring I/O) page faults: 2
	Minor (reclaiming a frame) page faults: 12855
	Voluntary context switches: 192
	Involuntary context switches: 17
	Swaps: 0
	File system inputs: 0
	File system outputs: 24
	Socket messages sent: 0
	Socket messages received: 0
	Signals delivered: 0
	Page size (bytes): 4096
	Exit status: 0
