Threads=4
LoadTime(s)=0.00134487
CODE_EXECUTION_TIME(s)=0.0375649
RESULT=608389
Throughput=1.61957e+07
VertexSetAllocated=0.00 Bytes
MiniGraphAllocated=0.00 Bytes
        0.50 real         0.14 user         0.00 sys
             4014080  maximum resident set size
                   0  average shared memory size
                   0  average unshared data size
                   0  average unshared stack size
                 355  page reclaims
                   1  page faults
                   0  swaps
                   0  block input operations
                   0  block output operations
                   0  messages sent
                   0  messages received
                   0  signals received
                   0  voluntary context switches
                  44  involuntary context switches
           745779575  instructions retired
           306437631  cycles elapsed
             2605696  peak memory footprint
