Threads=1
LoadTime(s)=0.00228679
CODE_EXECUTION_TIME(s)=0.367428
RESULT=2077903
Throughput=5.65527e+06
VertexSetAllocated=0.00 Bytes
MiniGraphAllocated=227.03 KB
        0.68 real         0.36 user         0.00 sys
             4194304  maximum resident set size
                   0  average shared memory size
                   0  average unshared data size
                   0  average unshared stack size
                 363  page reclaims
                   2  page faults
                   0  swaps
                   0  block input operations
                   0  block output operations
                   0  messages sent
                   0  messages received
                   0  signals received
                   8  voluntary context switches
                 144  involuntary context switches
          2315770574  instructions retired
           729801234  cycles elapsed
             2818752  peak memory footprint
