Threads=4
LoadTime(s)=0.00636837
CODE_EXECUTION_TIME(s)=0.276636
RESULT=16713192
Throughput=6.04158e+07
VertexSetAllocated=0.00 Bytes
MiniGraphAllocated=263.82 KB
        0.28 real         1.09 user         0.00 sys
            19398656  maximum resident set size
                   0  average shared memory size
                   0  average unshared data size
                   0  average unshared stack size
                1295  page reclaims
                   1  page faults
                   0  swaps
                   0  block input operations
                   0  block output operations
                   0  messages sent
                   0  messages received
                   0  signals received
                   0  voluntary context switches
                 557  involuntary context switches
          7544884964  instructions retired
          2192205206  cycles elapsed
            17957504  peak memory footprint
