Threads=16
LoadTime(s)=0.00679896
CODE_EXECUTION_TIME(s)=0.185072
RESULT=16713192
Throughput=9.03066e+07
VertexSetAllocated=0.00 Bytes
MiniGraphAllocated=800.61 KB
        0.19 real         1.36 user         0.01 sys
            20643840  maximum resident set size
                   0  average shared memory size
                   0  average unshared data size
                   0  average unshared stack size
                1384  page reclaims
                   1  page faults
                   0  swaps
                   0  block input operations
                   0  block output operations
                   0  messages sent
                   0  messages received
                   0  signals received
                   0  voluntary context switches
                1603  involuntary context switches
          7537326855  instructions retired
          3024055360  cycles elapsed
            19367168  peak memory footprint
