Threads=2
LoadTime(s)=0.00668708
CODE_EXECUTION_TIME(s)=0.539816
RESULT=16713192
Throughput=3.09609e+07
VertexSetAllocated=0.00 Bytes
MiniGraphAllocated=129.21 KB
        0.55 real         1.07 user         0.00 sys
            19169280  maximum resident set size
                   0  average shared memory size
                   0  average unshared data size
                   0  average unshared stack size
                1281  page reclaims
                   1  page faults
                   0  swaps
                   0  block input operations
                   0  block output operations
                   0  messages sent
                   0  messages received
                   0  signals received
                   0  voluntary context switches
                 389  involuntary context switches
          7544598878  instructions retired
          2138869054  cycles elapsed
            17761024  peak memory footprint
