Threads=2
LoadTime(s)=0.00655971
CODE_EXECUTION_TIME(s)=0.538791
RESULT=16713192
Throughput=3.10198e+07
VertexSetAllocated=0.00 Bytes
MiniGraphAllocated=129.21 KB
        0.54 real         1.07 user         0.01 sys
            19185664  maximum resident set size
                   0  average shared memory size
                   0  average unshared data size
                   0  average unshared stack size
                1277  page reclaims
                   3  page faults
                   0  swaps
                   0  block input operations
                   0  block output operations
                   0  messages sent
                   0  messages received
                   0  signals received
                   0  voluntary context switches
                 415  involuntary context switches
          7545428524  instructions retired
          2134412275  cycles elapsed
            17744512  peak memory footprint
