Threads=8
LoadTime(s)=0.00641767
CODE_EXECUTION_TIME(s)=0.190651
RESULT=16713192
Throughput=8.76638e+07
VertexSetAllocated=0.00 Bytes
MiniGraphAllocated=675.58 KB
        0.20 real         1.37 user         0.01 sys
            20299776  maximum resident set size
                   0  average shared memory size
                   0  average unshared data size
                   0  average unshared stack size
                1352  page reclaims
                   1  page faults
                   0  swaps
                   0  block input operations
                   0  block output operations
                   0  messages sent
                   0  messages received
                   0  signals received
                   0  voluntary context switches
                1683  involuntary context switches
          7533402377  instructions retired
          3036606276  cycles elapsed
            18957312  peak memory footprint
