Threads=4
LoadTime(s)=0.00731187
CODE_EXECUTION_TIME(s)=0.289599
RESULT=16713192
Throughput=5.77114e+07
VertexSetAllocated=0.00 Bytes
MiniGraphAllocated=296.60 KB
        0.30 real         1.11 user         0.01 sys
            19562496  maximum resident set size
                   0  average shared memory size
                   0  average unshared data size
                   0  average unshared stack size
                1306  page reclaims
                   1  page faults
                   0  swaps
                   0  block input operations
                   0  block output operations
                   0  messages sent
                   0  messages received
                   0  signals received
                   0  voluntary context switches
                1243  involuntary context switches
          7553664852  instructions retired
          2260885681  cycles elapsed
            18187136  peak memory footprint
