Threads=16
LoadTime(s)=0.00684642
CODE_EXECUTION_TIME(s)=0.170101
RESULT=16713192
Throughput=9.82544e+07
VertexSetAllocated=0.00 Bytes
MiniGraphAllocated=1011.95 KB
        0.18 real         1.35 user         0.00 sys
            20856832  maximum resident set size
                   0  average shared memory size
                   0  average unshared data size
                   0  average unshared stack size
                1395  page reclaims
                   2  page faults
                   0  swaps
                   0  block input operations
                   0  block output operations
                   0  messages sent
                   0  messages received
                   0  signals received
                   0  voluntary context switches
                 391  involuntary context switches
          7514024261  instructions retired
          2980475124  cycles elapsed
            19547264  peak memory footprint
