Threads=16
LoadTime(s)=0.00660438
CODE_EXECUTION_TIME(s)=0.16994
RESULT=16713192
Throughput=9.83474e+07
VertexSetAllocated=0.00 Bytes
MiniGraphAllocated=1.04 MB
        0.18 real         1.35 user         0.00 sys
            20856832  maximum resident set size
                   0  average shared memory size
                   0  average unshared data size
                   0  average unshared stack size
                1395  page reclaims
                   1  page faults
                   0  swaps
                   0  block input operations
                   0  block output operations
                   0  messages sent
                   0  messages received
                   0  signals received
                   0  voluntary context switches
                 407  involuntary context switches
          7525257535  instructions retired
          2993600617  cycles elapsed
            19514368  peak memory footprint
