Threads=8
LoadTime(s)=0.00634758
CODE_EXECUTION_TIME(s)=0.172565
RESULT=16713192
Throughput=9.68516e+07
VertexSetAllocated=0.00 Bytes
MiniGraphAllocated=675.59 KB
        0.18 real         1.36 user         0.00 sys
            20365312  maximum resident set size
                   0  average shared memory size
                   0  average unshared data size
                   0  average unshared stack size
                1355  page reclaims
                   1  page faults
                   0  swaps
                   0  block input operations
                   0  block output operations
                   0  messages sent
                   0  messages received
                   0  signals received
                   0  voluntary context switches
                 349  involuntary context switches
          7522396053  instructions retired
          3010788751  cycles elapsed
            19088640  peak memory footprint
