Threads=2
LoadTime(s)=0.00641025
CODE_EXECUTION_TIME(s)=0.535992
RESULT=16713192
Throughput=3.11818e+07
VertexSetAllocated=0.00 Bytes
MiniGraphAllocated=129.21 KB
        0.54 real         1.07 user         0.00 sys
            19218432  maximum resident set size
                   0  average shared memory size
                   0  average unshared data size
                   0  average unshared stack size
                1284  page reclaims
                   1  page faults
                   0  swaps
                   0  block input operations
                   0  block output operations
                   0  messages sent
                   0  messages received
                   0  signals received
                   0  voluntary context switches
                  61  involuntary context switches
          7541733793  instructions retired
          2127822630  cycles elapsed
            17826624  peak memory footprint
