Threads=2
LoadTime(s)=0.00642912
CODE_EXECUTION_TIME(s)=0.544679
RESULT=16713192
Throughput=3.06845e+07
VertexSetAllocated=0.00 Bytes
MiniGraphAllocated=129.21 KB
        0.55 real         1.08 user         0.01 sys
            19202048  maximum resident set size
                   0  average shared memory size
                   0  average unshared data size
                   0  average unshared stack size
                1278  page reclaims
                   1  page faults
                   0  swaps
                   0  block input operations
                   0  block output operations
                   0  messages sent
                   0  messages received
                   0  signals received
                   0  voluntary context switches
                 834  involuntary context switches
          7548063040  instructions retired
          2154159562  cycles elapsed
            17793792  peak memory footprint
