Threads=8
LoadTime(s)=0.00648383
CODE_EXECUTION_TIME(s)=0.17303
RESULT=16713192
Throughput=9.65913e+07
VertexSetAllocated=0.00 Bytes
MiniGraphAllocated=623.22 KB
        0.18 real         1.34 user         0.00 sys
            20168704  maximum resident set size
                   0  average shared memory size
                   0  average unshared data size
                   0  average unshared stack size
                1343  page reclaims
                   1  page faults
                   0  swaps
                   0  block input operations
                   0  block output operations
                   0  messages sent
                   0  messages received
                   0  signals received
                   0  voluntary context switches
                 477  involuntary context switches
          7523780448  instructions retired
          2962414873  cycles elapsed
            18809792  peak memory footprint
