Threads=1
LoadTime(s)=0.00649321
CODE_EXECUTION_TIME(s)=1.138
RESULT=16713192
Throughput=1.46865e+07
VertexSetAllocated=0.00 Bytes
MiniGraphAllocated=91.13 KB
        1.14 real         1.11 user         0.01 sys
            19038208  maximum resident set size
                   0  average shared memory size
                   0  average unshared data size
                   0  average unshared stack size
                1268  page reclaims
                   1  page faults
                   0  swaps
                   0  block input operations
                   0  block output operations
                   0  messages sent
                   0  messages received
                   0  signals received
                   0  voluntary context switches
                 246  involuntary context switches
          7611212577  instructions retired
          2224546869  cycles elapsed
            17662656  peak memory footprint
