Threads=2
LoadTime(s)=0.00661383
CODE_EXECUTION_TIME(s)=0.538758
RESULT=16713192
Throughput=3.10217e+07
VertexSetAllocated=0.00 Bytes
MiniGraphAllocated=129.21 KB
        0.54 real         1.07 user         0.00 sys
            19169280  maximum resident set size
                   0  average shared memory size
                   0  average unshared data size
                   0  average unshared stack size
                1276  page reclaims
                   1  page faults
                   0  swaps
                   0  block input operations
                   0  block output operations
                   0  messages sent
                   0  messages received
                   0  signals received
                   0  voluntary context switches
                 133  involuntary context switches
          7543269454  instructions retired
          2137506618  cycles elapsed
            17761024  peak memory footprint
