Threads=1
LoadTime(s)=0.00632396
CODE_EXECUTION_TIME(s)=1.09797
RESULT=16713192
Throughput=1.52219e+07
VertexSetAllocated=0.00 Bytes
MiniGraphAllocated=91.13 KB
        1.10 real         1.10 user         0.00 sys
            19087360  maximum resident set size
                   0  average shared memory size
                   0  average unshared data size
                   0  average unshared stack size
                1271  page reclaims
                   1  page faults
                   0  swaps
                   0  block input operations
                   0  block output operations
                   0  messages sent
                   0  messages received
                   0  signals received
                   0  voluntary context switches
                  42  involuntary context switches
          7607294828  instructions retired
          2179301428  cycles elapsed
            17695360  peak memory footprint
