Threads=8
LoadTime(s)=0.00670421
CODE_EXECUTION_TIME(s)=0.175664
RESULT=16713192
Throughput=9.5143e+07
VertexSetAllocated=0.00 Bytes
MiniGraphAllocated=624.54 KB
        0.18 real         1.36 user         0.00 sys
            20250624  maximum resident set size
                   0  average shared memory size
                   0  average unshared data size
                   0  average unshared stack size
                1348  page reclaims
                   1  page faults
                   0  swaps
                   0  block input operations
                   0  block output operations
                   0  messages sent
                   0  messages received
                   0  signals received
                   0  voluntary context switches
                 544  involuntary context switches
          7524089386  instructions retired
          3021761944  cycles elapsed
            18941056  peak memory footprint
