Threads=32
LoadTime(s)=0.0168402
CODE_EXECUTION_TIME(s)=2.44544
RESULT=30817361
Throughput=1.2602e+07
VertexSetAllocated=16.30 MB
MiniGraphAllocated=0.00 Bytes
	Command being timed: "./bin/runner 32 /home/williamp/thesis_data/snap_format/dblp/"
	User time (seconds): 78.13
	System time (seconds): 0.02
	Percent of CPU this job got: 3165%
	Elapsed (wall clock) time (h:mm:ss or m:ss): 0:02.46
	Average shared text size (kbytes): 0
	Average unshared data size (kbytes): 0
	Average stack size (kbytes): 0
	Average total size (kbytes): 0
	Maximum resident set size (kbytes): 22148
	Average resident set size (kbytes): 0
	Major (requiring I/O) page faults: 2
	Minor (reclaiming a frame) page faults: 7633
	Voluntary context switches: 382
	Involuntary context switches: 94
	Swaps: 0
	File system inputs: 0
	File system outputs: 8
	Socket messages sent: 0
	Socket messages received: 0
	Signals delivered: 0
	Page size (bytes): 4096
	Exit status: 0
