Threads=32
LoadTime(s)=0.0377288
CODE_EXECUTION_TIME(s)=0.193983
RESULT=7211947
Throughput=3.71783e+07
VertexSetAllocated=88.29 MB
MiniGraphAllocated=0.00 Bytes
	Command being timed: "./bin/runner 32 /home/williamp/thesis_data/snap_format/youtube/"
	User time (seconds): 6.07
	System time (seconds): 0.10
	Percent of CPU this job got: 2552%
	Elapsed (wall clock) time (h:mm:ss or m:ss): 0:00.24
	Average shared text size (kbytes): 0
	Average unshared data size (kbytes): 0
	Average stack size (kbytes): 0
	Average total size (kbytes): 0
	Maximum resident set size (kbytes): 55212
	Average resident set size (kbytes): 0
	Major (requiring I/O) page faults: 2
	Minor (reclaiming a frame) page faults: 12856
	Voluntary context switches: 201
	Involuntary context switches: 29
	Swaps: 0
	File system inputs: 0
	File system outputs: 8
	Socket messages sent: 0
	Socket messages received: 0
	Signals delivered: 0
	Page size (bytes): 4096
	Exit status: 0
