Threads=16
LoadTime(s)=0.00953225
CODE_EXECUTION_TIME(s)=0.366266
RESULT=16713192
Throughput=4.56314e+07
VertexSetAllocated=0.00 Bytes
MiniGraphAllocated=992.79 KB
        0.66 real         1.66 user         0.01 sys
            20856832  maximum resident set size
                   0  average shared memory size
                   0  average unshared data size
                   0  average unshared stack size
                1399  page reclaims
                   1  page faults
                   0  swaps
                   0  block input operations
                   0  block output operations
                   0  messages sent
                   0  messages received
                   0  signals received
                   0  voluntary context switches
                2141  involuntary context switches
          7536215876  instructions retired
          3607977805  cycles elapsed
            19547264  peak memory footprint
