Threads=4
LoadTime(s)=0.009525
CODE_EXECUTION_TIME(s)=0.0477397
RESULT=2224385
Throughput=4.6594e+07
VertexSetAllocated=0.00 Bytes
MiniGraphAllocated=0.00 Bytes
        0.41 real         0.19 user         0.00 sys
            19038208  maximum resident set size
                   0  average shared memory size
                   0  average unshared data size
                   0  average unshared stack size
                1271  page reclaims
                   1  page faults
                   0  swaps
                   0  block input operations
                   0  block output operations
                   0  messages sent
                   0  messages received
                   0  signals received
                   0  voluntary context switches
                  27  involuntary context switches
          1091511563  instructions retired
           418672053  cycles elapsed
            17629824  peak memory footprint
