Threads=1
LoadTime(s)=0.0151422
CODE_EXECUTION_TIME(s)=6.84839
RESULT=258570802
Throughput=3.77564e+07
VertexSetAllocated=65.20 KB
MiniGraphAllocated=144.31 KB
        7.17 real         6.73 user         0.04 sys
            19316736  maximum resident set size
                   0  average shared memory size
                   0  average unshared data size
                   0  average unshared stack size
                1315  page reclaims
                   2  page faults
                   0  swaps
                   0  block input operations
                   0  block output operations
                   0  messages sent
                   0  messages received
                   0  signals received
                   1  voluntary context switches
                4034  involuntary context switches
         50202080896  instructions retired
         13226838947  cycles elapsed
            18006912  peak memory footprint
