Threads=4
LoadTime(s)=0.0134681
CODE_EXECUTION_TIME(s)=2.67902
RESULT=262663639
Throughput=9.80448e+07
VertexSetAllocated=0.00 Bytes
MiniGraphAllocated=687.06 KB
        2.98 real         9.93 user         0.04 sys
            20185088  maximum resident set size
                   0  average shared memory size
                   0  average unshared data size
                   0  average unshared stack size
                1347  page reclaims
                   1  page faults
                   0  swaps
                   0  block input operations
                   0  block output operations
                   0  messages sent
                   0  messages received
                   0  signals received
                   0  voluntary context switches
                4789  involuntary context switches
         52672198438  instructions retired
         17316052181  cycles elapsed
            18875520  peak memory footprint
