Threads=8
LoadTime(s)=0.00954567
CODE_EXECUTION_TIME(s)=0.0419045
RESULT=2224385
Throughput=5.30822e+07
VertexSetAllocated=0.00 Bytes
MiniGraphAllocated=0.00 Bytes
        0.34 real         0.22 user         0.01 sys
            19169280  maximum resident set size
                   0  average shared memory size
                   0  average unshared data size
                   0  average unshared stack size
                1283  page reclaims
                   1  page faults
                   0  swaps
                   0  block input operations
                   0  block output operations
                   0  messages sent
                   0  messages received
                   0  signals received
                   1  voluntary context switches
                 295  involuntary context switches
          1094384508  instructions retired
           523601965  cycles elapsed
            17777344  peak memory footprint
