Threads=16
LoadTime(s)=0.00955304
CODE_EXECUTION_TIME(s)=2.50377
RESULT=262663639
Throughput=1.04907e+08
VertexSetAllocated=0.00 Bytes
MiniGraphAllocated=2.16 MB
        2.81 real        10.32 user         0.10 sys
            22167552  maximum resident set size
                   0  average shared memory size
                   0  average unshared data size
                   0  average unshared stack size
                1488  page reclaims
                   1  page faults
                   0  swaps
                   0  block input operations
                   0  block output operations
                   0  messages sent
                   0  messages received
                   0  signals received
                   2  voluntary context switches
               17703  involuntary context switches
         52738499369  instructions retired
         21776749718  cycles elapsed
            20874432  peak memory footprint
