Threads=4
LoadTime(s)=0.0112864
CODE_EXECUTION_TIME(s)=3.43661
RESULT=258570802
Throughput=7.52401e+07
VertexSetAllocated=260.80 KB
MiniGraphAllocated=416.09 KB
        3.74 real        10.32 user         0.06 sys
            20021248  maximum resident set size
                   0  average shared memory size
                   0  average unshared data size
                   0  average unshared stack size
                1386  page reclaims
                   1  page faults
                   0  swaps
                   0  block input operations
                   0  block output operations
                   0  messages sent
                   0  messages received
                   0  signals received
                   2  voluntary context switches
               10252  involuntary context switches
         50232854802  instructions retired
         17924442725  cycles elapsed
            18744576  peak memory footprint
