Threads=2
LoadTime(s)=0.0132193
CODE_EXECUTION_TIME(s)=4.24865
RESULT=258570802
Throughput=6.08596e+07
VertexSetAllocated=130.40 KB
MiniGraphAllocated=234.78 KB
        4.56 real         8.30 user         0.06 sys
            19578880  maximum resident set size
                   0  average shared memory size
                   0  average unshared data size
                   0  average unshared stack size
                1304  page reclaims
                   2  page faults
                   0  swaps
                   0  block input operations
                   0  block output operations
                   0  messages sent
                   0  messages received
                   0  signals received
                   0  voluntary context switches
                8590  involuntary context switches
         50257205083  instructions retired
         13378740472  cycles elapsed
            18220032  peak memory footprint
