Threads=2
LoadTime(s)=0.00712608
CODE_EXECUTION_TIME(s)=0.0863963
RESULT=2224385
Throughput=2.57463e+07
VertexSetAllocated=0.00 Bytes
MiniGraphAllocated=0.00 Bytes
        0.38 real         0.17 user         0.00 sys
            18907136  maximum resident set size
                   0  average shared memory size
                   0  average unshared data size
                   0  average unshared stack size
                1260  page reclaims
                   1  page faults
                   0  swaps
                   0  block input operations
                   0  block output operations
                   0  messages sent
                   0  messages received
                   0  signals received
                   1  voluntary context switches
                  31  involuntary context switches
          1091405107  instructions retired
           331384511  cycles elapsed
            17482304  peak memory footprint
