Threads=8
LoadTime(s)=0.00938771
CODE_EXECUTION_TIME(s)=1.04245
RESULT=50139576
Throughput=4.80978e+07
VertexSetAllocated=521.59 KB
MiniGraphAllocated=672.23 KB
        1.35 real         4.20 user         0.04 sys
            20447232  maximum resident set size
                   0  average shared memory size
                   0  average unshared data size
                   0  average unshared stack size
                1363  page reclaims
                   1  page faults
                   0  swaps
                   0  block input operations
                   0  block output operations
                   0  messages sent
                   0  messages received
                   0  signals received
                   1  voluntary context switches
                6191  involuntary context switches
         19045824336  instructions retired
          9145307769  cycles elapsed
            19121280  peak memory footprint
