Threads=4
LoadTime(s)=0.00957096
CODE_EXECUTION_TIME(s)=1.02972
RESULT=252893
Throughput=245593
VertexSetAllocated=521.59 KB
MiniGraphAllocated=0.00 Bytes
        1.32 real         3.88 user         0.01 sys
            19349504  maximum resident set size
                   0  average shared memory size
                   0  average unshared data size
                   0  average unshared stack size
                1292  page reclaims
                   2  page faults
                   0  swaps
                   0  block input operations
                   0  block output operations
                   0  messages sent
                   0  messages received
                   0  signals received
                   0  voluntary context switches
                 692  involuntary context switches
         17253734218  instructions retired
          7292494748  cycles elapsed
            18006912  peak memory footprint
