Threads=1
LoadTime(s)=0.00973721
CODE_EXECUTION_TIME(s)=6.66562
RESULT=262663639
Throughput=3.94057e+07
VertexSetAllocated=0.00 Bytes
MiniGraphAllocated=182.14 KB
        6.96 real         6.55 user         0.05 sys
            19349504  maximum resident set size
                   0  average shared memory size
                   0  average unshared data size
                   0  average unshared stack size
                1287  page reclaims
                   1  page faults
                   0  swaps
                   0  block input operations
                   0  block output operations
                   0  messages sent
                   0  messages received
                   0  signals received
                   0  voluntary context switches
                5018  involuntary context switches
         52839992210  instructions retired
         12999040557  cycles elapsed
            18023296  peak memory footprint
