Threads=1
LoadTime(s)=0.00894604
CODE_EXECUTION_TIME(s)=0.0864589
RESULT=727044
Throughput=8.40913e+06
VertexSetAllocated=0.00 Bytes
MiniGraphAllocated=0.00 Bytes
        0.38 real         0.08 user         0.00 sys
             5423104  maximum resident set size
                   0  average shared memory size
                   0  average unshared data size
                   0  average unshared stack size
                 437  page reclaims
                   2  page faults
                   0  swaps
                   0  block input operations
                   0  block output operations
                   0  messages sent
                   0  messages received
                   0  signals received
                   8  voluntary context switches
                 126  involuntary context switches
           576607618  instructions retired
           184699216  cycles elapsed
             4080384  peak memory footprint
