Threads=2
LoadTime(s)=0.00260629
CODE_EXECUTION_TIME(s)=0.165783
RESULT=2341639
Throughput=1.41247e+07
VertexSetAllocated=0.00 Bytes
MiniGraphAllocated=114.97 KB
        0.45 real         0.33 user         0.00 sys
             5472256  maximum resident set size
                   0  average shared memory size
                   0  average unshared data size
                   0  average unshared stack size
                 441  page reclaims
                   1  page faults
                   0  swaps
                   0  block input operations
                   0  block output operations
                   0  messages sent
                   0  messages received
                   0  signals received
                   0  voluntary context switches
                  94  involuntary context switches
          2091162076  instructions retired
           665995075  cycles elapsed
             4031104  peak memory footprint
