Threads=2
LoadTime(s)=0.00264446
CODE_EXECUTION_TIME(s)=0.477167
RESULT=5809356
Throughput=1.21747e+07
VertexSetAllocated=0.00 Bytes
MiniGraphAllocated=170.25 KB
        0.76 real         0.95 user         0.00 sys
             5586944  maximum resident set size
                   0  average shared memory size
                   0  average unshared data size
                   0  average unshared stack size
                 449  page reclaims
                   1  page faults
                   0  swaps
                   0  block input operations
                   0  block output operations
                   0  messages sent
                   0  messages received
                   0  signals received
                   0  voluntary context switches
                 197  involuntary context switches
          6311557276  instructions retired
          1890866897  cycles elapsed
             4129344  peak memory footprint
