Threads=8
LoadTime(s)=0.00815179
CODE_EXECUTION_TIME(s)=23.7001
RESULT=512196821
Throughput=2.16115e+07
VertexSetAllocated=4.33 MB
MiniGraphAllocated=6.69 MB
       24.01 real       127.83 user         0.56 sys
            13434880  maximum resident set size
                   0  average shared memory size
                   0  average unshared data size
                   0  average unshared stack size
                1006  page reclaims
                   3  page faults
                   0  swaps
                   0  block input operations
                   0  block output operations
                   0  messages sent
                   0  messages received
                   0  signals received
                   9  voluntary context switches
              103237  involuntary context switches
        611313559699  instructions retired
        255277373723  cycles elapsed
            12240256  peak memory footprint
