Threads=16
LoadTime(s)=0.00229579
CODE_EXECUTION_TIME(s)=0.350432
RESULT=7024917
Throughput=2.00464e+07
VertexSetAllocated=2.17 MB
MiniGraphAllocated=3.22 MB
        0.64 real         1.78 user         0.01 sys
            10141696  maximum resident set size
                   0  average shared memory size
                   0  average unshared data size
                   0  average unshared stack size
                 743  page reclaims
                   1  page faults
                   0  swaps
                   0  block input operations
                   0  block output operations
                   0  messages sent
                   0  messages received
                   0  signals received
                   0  voluntary context switches
                2241  involuntary context switches
          8799616186  instructions retired
          3797094632  cycles elapsed
             8881536  peak memory footprint
