Threads=16
LoadTime(s)=0.00756138
CODE_EXECUTION_TIME(s)=14.0513
RESULT=4479591993
Throughput=3.18803e+08
VertexSetAllocated=2.17 MB
MiniGraphAllocated=2.63 MB
       14.36 real        66.87 user         0.20 sys
             9420800  maximum resident set size
                   0  average shared memory size
                   0  average unshared data size
                   0  average unshared stack size
                 700  page reclaims
                   2  page faults
                   0  swaps
                   0  block input operations
                   0  block output operations
                   0  messages sent
                   0  messages received
                   0  signals received
                   8  voluntary context switches
               35494  involuntary context switches
        426108133563  instructions retired
        136948751558  cycles elapsed
             8193536  peak memory footprint
