Threads=1
LoadTime(s)=0.00263317
CODE_EXECUTION_TIME(s)=7.02077
RESULT=8821744
Throughput=1.25652e+06
VertexSetAllocated=277.26 KB
MiniGraphAllocated=0.00 Bytes
        7.31 real         6.94 user         0.03 sys
             5324800  maximum resident set size
                   0  average shared memory size
                   0  average unshared data size
                   0  average unshared stack size
                 432  page reclaims
                   1  page faults
                   0  swaps
                   0  block input operations
                   0  block output operations
                   0  messages sent
                   0  messages received
                   0  signals received
                   2  voluntary context switches
                3990  involuntary context switches
         49129513984  instructions retired
         13739766831  cycles elapsed
             3965632  peak memory footprint
