Threads=4
LoadTime(s)=0.00323533
CODE_EXECUTION_TIME(s)=0.0250425
RESULT=727044
Throughput=2.90324e+07
VertexSetAllocated=0.00 Bytes
MiniGraphAllocated=0.00 Bytes
        0.32 real         0.10 user         0.00 sys
             5357568  maximum resident set size
                   0  average shared memory size
                   0  average unshared data size
                   0  average unshared stack size
                 439  page reclaims
                   1  page faults
                   0  swaps
                   0  block input operations
                   0  block output operations
                   0  messages sent
                   0  messages received
                   0  signals received
                   1  voluntary context switches
                  28  involuntary context switches
           580362947  instructions retired
           219103751  cycles elapsed
             3949184  peak memory footprint
