Threads=1
LoadTime(s)=0.00252571
CODE_EXECUTION_TIME(s)=0.331694
RESULT=2341639
Throughput=7.05964e+06
VertexSetAllocated=0.00 Bytes
MiniGraphAllocated=57.17 KB
        0.63 real         0.33 user         0.00 sys
             5373952  maximum resident set size
                   0  average shared memory size
                   0  average unshared data size
                   0  average unshared stack size
                 435  page reclaims
                   1  page faults
                   0  swaps
                   0  block input operations
                   0  block output operations
                   0  messages sent
                   0  messages received
                   0  signals received
                   2  voluntary context switches
                  43  involuntary context switches
          2099568167  instructions retired
           667329145  cycles elapsed
             3982016  peak memory footprint
