Threads=2
LoadTime(s)=0.00809208
CODE_EXECUTION_TIME(s)=25.6037
RESULT=4479591993
Throughput=1.74959e+08
VertexSetAllocated=277.26 KB
MiniGraphAllocated=453.32 KB
       25.91 real        49.72 user         0.32 sys
             6193152  maximum resident set size
                   0  average shared memory size
                   0  average unshared data size
                   0  average unshared stack size
                 540  page reclaims
                   3  page faults
                   0  swaps
                   0  block input operations
                   0  block output operations
                   0  messages sent
                   0  messages received
                   0  signals received
                  10  voluntary context switches
               50268  involuntary context switches
        426205873147  instructions retired
         98881581557  cycles elapsed
             4834240  peak memory footprint
