Threads=4
LoadTime(s)=0.00813
CODE_EXECUTION_TIME(s)=27.026
RESULT=512196821
Throughput=1.8952e+07
VertexSetAllocated=2.17 MB
MiniGraphAllocated=3.60 MB
       27.34 real       105.69 user         0.48 sys
             9715712  maximum resident set size
                   0  average shared memory size
                   0  average unshared data size
                   0  average unshared stack size
                 706  page reclaims
                   3  page faults
                   0  swaps
                   0  block input operations
                   0  block output operations
                   0  messages sent
                   0  messages received
                   0  signals received
                   9  voluntary context switches
               52543  involuntary context switches
        610795582225  instructions retired
        185257092061  cycles elapsed
             8389760  peak memory footprint
