Threads=16
LoadTime(s)=0.00164442
CODE_EXECUTION_TIME(s)=0.0189504
RESULT=608389
Throughput=3.21043e+07
VertexSetAllocated=0.00 Bytes
MiniGraphAllocated=0.00 Bytes
        0.32 real         0.14 user         0.00 sys
             4374528  maximum resident set size
                   0  average shared memory size
                   0  average unshared data size
                   0  average unshared stack size
                 388  page reclaims
                   1  page faults
                   0  swaps
                   0  block input operations
                   0  block output operations
                   0  messages sent
                   0  messages received
                   0  signals received
                   0  voluntary context switches
                 103  involuntary context switches
           747754080  instructions retired
           285521873  cycles elapsed
             3015488  peak memory footprint
