Threads=4
LoadTime(s)=0.00167492
CODE_EXECUTION_TIME(s)=0.135816
RESULT=2077903
Throughput=1.52994e+07
VertexSetAllocated=0.00 Bytes
MiniGraphAllocated=641.44 KB
        0.47 real         0.50 user         0.00 sys
             5079040  maximum resident set size
                   0  average shared memory size
                   0  average unshared data size
                   0  average unshared stack size
                 419  page reclaims
                   5  page faults
                   0  swaps
                   0  block input operations
                   0  block output operations
                   0  messages sent
                   0  messages received
                   0  signals received
                   0  voluntary context switches
                 653  involuntary context switches
          2323257324  instructions retired
           920948107  cycles elapsed
             3720128  peak memory footprint
