Threads=1
LoadTime(s)=0.00307938
CODE_EXECUTION_TIME(s)=0.36971
RESULT=2077903
Throughput=5.62036e+06
VertexSetAllocated=0.00 Bytes
MiniGraphAllocated=227.03 KB
        0.67 real         0.37 user         0.00 sys
             4325376  maximum resident set size
                   0  average shared memory size
                   0  average unshared data size
                   0  average unshared stack size
                 370  page reclaims
                   2  page faults
                   0  swaps
                   0  block input operations
                   0  block output operations
                   0  messages sent
                   0  messages received
                   0  signals received
                   8  voluntary context switches
                 218  involuntary context switches
          2316452492  instructions retired
           738937960  cycles elapsed
             2966336  peak memory footprint
