Threads=1
LoadTime(s)=0.001859
CODE_EXECUTION_TIME(s)=18.7128
RESULT=1127174796
Throughput=6.02355e+07
VertexSetAllocated=241.72 KB
MiniGraphAllocated=363.05 KB
       19.00 real        18.17 user         0.16 sys
             4407296  maximum resident set size
                   0  average shared memory size
                   0  average unshared data size
                   0  average unshared stack size
                 375  page reclaims
                   2  page faults
                   0  swaps
                   0  block input operations
                   0  block output operations
                   0  messages sent
                   0  messages received
                   0  signals received
                   0  voluntary context switches
               25459  involuntary context switches
        142731564806  instructions retired
         35256296298  cycles elapsed
             3015424  peak memory footprint
