Threads=16
LoadTime(s)=0.00180054
CODE_EXECUTION_TIME(s)=0.106135
RESULT=2077903
Throughput=1.95779e+07
VertexSetAllocated=0.00 Bytes
MiniGraphAllocated=1.34 MB
        0.45 real         0.48 user         0.00 sys
             6225920  maximum resident set size
                   0  average shared memory size
                   0  average unshared data size
                   0  average unshared stack size
                 508  page reclaims
                   1  page faults
                   0  swaps
                   0  block input operations
                   0  block output operations
                   0  messages sent
                   0  messages received
                   0  signals received
                   0  voluntary context switches
                 908  involuntary context switches
          2325395691  instructions retired
          1022110641  cycles elapsed
             4932800  peak memory footprint
