Threads=1
LoadTime(s)=0.00201967
CODE_EXECUTION_TIME(s)=173.717
RESULT=1527784701
Throughput=8.79469e+06
VertexSetAllocated=966.89 KB
MiniGraphAllocated=1.42 MB
      174.01 real       166.69 user         1.03 sys
             5029888  maximum resident set size
                   0  average shared memory size
                   0  average unshared data size
                   0  average unshared stack size
                 654  page reclaims
                   2  page faults
                   0  swaps
                   0  block input operations
                   0  block output operations
                   0  messages sent
                   0  messages received
                   0  signals received
                  10  voluntary context switches
              133060  involuntary context switches
       1013193840758  instructions retired
        325790030500  cycles elapsed
             4162368  peak memory footprint
