Threads=4
LoadTime(s)=0.00173625
CODE_EXECUTION_TIME(s)=0.346434
RESULT=4514137
Throughput=1.30303e+07
VertexSetAllocated=0.00 Bytes
MiniGraphAllocated=710.86 KB
        0.65 real         1.31 user         0.01 sys
             5095424  maximum resident set size
                   0  average shared memory size
                   0  average unshared data size
                   0  average unshared stack size
                 422  page reclaims
                   1  page faults
                   0  swaps
                   0  block input operations
                   0  block output operations
                   0  messages sent
                   0  messages received
                   0  signals received
                   0  voluntary context switches
                1005  involuntary context switches
          6161385224  instructions retired
          2370060431  cycles elapsed
             3752960  peak memory footprint
