Threads=16
LoadTime(s)=0.0172702
CODE_EXECUTION_TIME(s)=9.93917
RESULT=89217432
Throughput=8.97634e+06
VertexSetAllocated=5.09 MB
MiniGraphAllocated=0.00 Bytes
	Command being timed: "./bin/runner 16 /home/williamp/thesis_data/snap_format/dblp/"
	User time (seconds): 158.97
	System time (seconds): 0.03
	Percent of CPU this job got: 1596%
	Elapsed (wall clock) time (h:mm:ss or m:ss): 0:09.96
	Average shared text size (kbytes): 0
	Average unshared data size (kbytes): 0
	Average stack size (kbytes): 0
	Average total size (kbytes): 0
	Maximum resident set size (kbytes): 20808
	Average resident set size (kbytes): 0
	Major (requiring I/O) page faults: 8
	Minor (reclaiming a frame) page faults: 11646
	Voluntary context switches: 88
	Involuntary context switches: 216
	Swaps: 0
	File system inputs: 0
	File system outputs: 8
	Socket messages sent: 0
	Socket messages received: 0
	Signals delivered: 0
	Page size (bytes): 4096
	Exit status: 0
