Threads=32
LoadTime(s)=0.0166323
CODE_EXECUTION_TIME(s)=5.16937
RESULT=89217432
Throughput=1.72589e+07
VertexSetAllocated=10.19 MB
MiniGraphAllocated=0.00 Bytes
	Command being timed: "./bin/runner 32 /home/williamp/thesis_data/snap_format/dblp/"
	User time (seconds): 164.79
	System time (seconds): 0.04
	Percent of CPU this job got: 3174%
	Elapsed (wall clock) time (h:mm:ss or m:ss): 0:05.19
	Average shared text size (kbytes): 0
	Average unshared data size (kbytes): 0
	Average stack size (kbytes): 0
	Average total size (kbytes): 0
	Maximum resident set size (kbytes): 21448
	Average resident set size (kbytes): 0
	Major (requiring I/O) page faults: 3
	Minor (reclaiming a frame) page faults: 10154
	Voluntary context switches: 342
	Involuntary context switches: 224
	Swaps: 0
	File system inputs: 0
	File system outputs: 8
	Socket messages sent: 0
	Socket messages received: 0
	Signals delivered: 0
	Page size (bytes): 4096
	Exit status: 0
