Threads=8
LoadTime(s)=0.0316483
CODE_EXECUTION_TIME(s)=0.236268
RESULT=3056386
Throughput=1.29361e+07
VertexSetAllocated=0.00 Bytes
MiniGraphAllocated=0.00 Bytes
        0.57 real         1.62 user         0.02 sys
            54362112  maximum resident set size
                   0  average shared memory size
                   0  average unshared data size
                   0  average unshared stack size
                3419  page reclaims
                  14  page faults
                   0  swaps
                   0  block input operations
                   0  block output operations
                   0  messages sent
                   0  messages received
                   0  signals received
                   2  voluntary context switches
                1610  involuntary context switches
          9391374349  instructions retired
          3636993874  cycles elapsed
            52986624  peak memory footprint
