Threads=2
LoadTime(s)=0.809457
CODE_EXECUTION_TIME(s)=258.378
RESULT=15650755323
Throughput=6.05732e+07
VertexSetAllocated=3.23 MB
MiniGraphAllocated=11.63 MB
      259.69 real       514.93 user         1.35 sys
           356761600  maximum resident set size
                   0  average shared memory size
                   0  average unshared data size
                   0  average unshared stack size
               79715  page reclaims
                  20  page faults
                   0  swaps
                   0  block input operations
                   0  block output operations
                   0  messages sent
                   0  messages received
                   0  signals received
                 258  voluntary context switches
               45136  involuntary context switches
       3740799274659  instructions retired
       1016107974527  cycles elapsed
           387728960  peak memory footprint
