Threads=4
LoadTime(s)=0.264235
CODE_EXECUTION_TIME(s)=7.37615
RESULT=10503213
Throughput=1.42394e+06
VertexSetAllocated=161.98 KB
MiniGraphAllocated=466.51 KB
        7.98 real        29.33 user         0.16 sys
           226721792  maximum resident set size
                   0  average shared memory size
                   0  average unshared data size
                   0  average unshared stack size
               13952  page reclaims
                   3  page faults
                   0  swaps
                   0  block input operations
                   0  block output operations
                   0  messages sent
                   0  messages received
                   0  signals received
                  12  voluntary context switches
                9020  involuntary context switches
        161043161370  instructions retired
         58620120247  cycles elapsed
           225461568  peak memory footprint
