Threads=16
LoadTime(s)=0.126235
CODE_EXECUTION_TIME(s)=1.55946
RESULT=7515023
Throughput=4.81899e+06
VertexSetAllocated=0.00 Bytes
MiniGraphAllocated=0.00 Bytes
        1.99 real         8.36 user         0.14 sys
           218464256  maximum resident set size
                   0  average shared memory size
                   0  average unshared data size
                   0  average unshared stack size
               15345  page reclaims
                   1  page faults
                   0  swaps
                   0  block input operations
                   0  block output operations
                   0  messages sent
                   0  messages received
                   0  signals received
                   0  voluntary context switches
                9781  involuntary context switches
         23520191932  instructions retired
         17455394462  cycles elapsed
           224969984  peak memory footprint
