Threads=2
LoadTime(s)=0.046873
CODE_EXECUTION_TIME(s)=0.655745
RESULT=3056386
Throughput=4.66093e+06
VertexSetAllocated=0.00 Bytes
MiniGraphAllocated=0.00 Bytes
        1.00 real         1.31 user         0.03 sys
            54132736  maximum resident set size
                   0  average shared memory size
                   0  average unshared data size
                   0  average unshared stack size
                3409  page reclaims
                   4  page faults
                   0  swaps
                   0  block input operations
                   0  block output operations
                   0  messages sent
                   0  messages received
                   0  signals received
                   0  voluntary context switches
                 274  involuntary context switches
          9378241770  instructions retired
          2628499447  cycles elapsed
            52724352  peak memory footprint
