Threads=8
LoadTime(s)=0.00596779
CODE_EXECUTION_TIME(s)=6.60235
RESULT=262663639
Throughput=3.97834e+07
VertexSetAllocated=0.00 Bytes
MiniGraphAllocated=182.14 KB
        6.61 real         6.57 user         0.01 sys
            19169280  maximum resident set size
                   0  average shared memory size
                   0  average unshared data size
                   0  average unshared stack size
                1275  page reclaims
                   2  page faults
                   0  swaps
                   0  block input operations
                   0  block output operations
                   0  messages sent
                   0  messages received
                   0  signals received
                   1  voluntary context switches
                1448  involuntary context switches
         52984589569  instructions retired
         12970537662  cycles elapsed
            17793664  peak memory footprint
