Threads=8
LoadTime(s)=0.00739067
CODE_EXECUTION_TIME(s)=5.48963
RESULT=261636048
Throughput=4.76601e+07
VertexSetAllocated=0.00 Bytes
MiniGraphAllocated=370.35 KB
        5.50 real         7.69 user         0.04 sys
            19677184  maximum resident set size
                   0  average shared memory size
                   0  average unshared data size
                   0  average unshared stack size
                1311  page reclaims
                   2  page faults
                   0  swaps
                   0  block input operations
                   0  block output operations
                   0  messages sent
                   0  messages received
                   0  signals received
                   0  voluntary context switches
                6087  involuntary context switches
         52845552989  instructions retired
         15024555263  cycles elapsed
            18334656  peak memory footprint
