Threads=8
LoadTime(s)=0.00631546
libc++abi: terminating with uncaught exception of type std::out_of_range: vector
time: command terminated abnormally
        0.02 real         0.00 user         0.00 sys
            20037632  maximum resident set size
                   0  average shared memory size
                   0  average unshared data size
                   0  average unshared stack size
                1306  page reclaims
                   1  page faults
                   0  swaps
                   0  block input operations
                   0  block output operations
                   0  messages sent
                   0  messages received
                   0  signals received
                   3  voluntary context switches
                  72  involuntary context switches
            63898254  instructions retired
            20971312  cycles elapsed
            18613184  peak memory footprint
