Threads=8
LoadTime(s)=0.00714583
CODE_EXECUTION_TIME(s)=5.16872
RESULT=261635574
Throughput=5.0619e+07
VertexSetAllocated=0.00 Bytes
MiniGraphAllocated=370.35 KB
        5.18 real         6.78 user         0.04 sys
            19693568  maximum resident set size
                   0  average shared memory size
                   0  average unshared data size
                   0  average unshared stack size
                1398  page reclaims
                   9  page faults
                   0  swaps
                   0  block input operations
                   0  block output operations
                   0  messages sent
                   0  messages received
                   0  signals received
                   1  voluntary context switches
                4120  involuntary context switches
         52833938368  instructions retired
         13567026542  cycles elapsed
            18334528  peak memory footprint
