Threads=8
LoadTime(s)=0.00629125
CODE_EXECUTION_TIME(s)=5.0163
RESULT=261789613
Throughput=5.21878e+07
VertexSetAllocated=0.00 Bytes
MiniGraphAllocated=370.35 KB
        5.02 real         6.72 user         0.01 sys
            19693568  maximum resident set size
                   0  average shared memory size
                   0  average unshared data size
                   0  average unshared stack size
                1313  page reclaims
                   2  page faults
                   0  swaps
                   0  block input operations
                   0  block output operations
                   0  messages sent
                   0  messages received
                   0  signals received
                   0  voluntary context switches
                1287  involuntary context switches
         52804718024  instructions retired
         13436920684  cycles elapsed
            18318144  peak memory footprint
