Threads=8
LoadTime(s)=0.00597783
libc++abi: terminating with uncaught exception of type std::out_of_range: vector
time: command terminated abnormally
        0.02 real         0.00 user         0.00 sys
            20021248  maximum resident set size
                   0  average shared memory size
                   0  average unshared data size
                   0  average unshared stack size
                1306  page reclaims
                   1  page faults
                   0  swaps
                   0  block input operations
                   0  block output operations
                   0  messages sent
                   0  messages received
                   0  signals received
                   0  voluntary context switches
                  65  involuntary context switches
            63786917  instructions retired
            20451417  cycles elapsed
            18596800  peak memory footprint
