Threads=8
LoadTime(s)=0.00626925
CODE_EXECUTION_TIME(s)=6.58786
RESULT=262663639
Throughput=3.98709e+07
VertexSetAllocated=0.00 Bytes
MiniGraphAllocated=182.14 KB
        6.59 real         6.56 user         0.01 sys
            19202048  maximum resident set size
                   0  average shared memory size
                   0  average unshared data size
                   0  average unshared stack size
                1279  page reclaims
                   1  page faults
                   0  swaps
                   0  block input operations
                   0  block output operations
                   0  messages sent
                   0  messages received
                   0  signals received
                   0  voluntary context switches
                1215  involuntary context switches
         52978915713  instructions retired
         12954965764  cycles elapsed
            17842880  peak memory footprint
