Threads=8
LoadTime(s)=0.00616913
CODE_EXECUTION_TIME(s)=3.53156
RESULT=255239153
Throughput=7.22737e+07
VertexSetAllocated=0.00 Bytes
MiniGraphAllocated=687.04 KB
        3.54 real         8.27 user         0.04 sys
            20201472  maximum resident set size
                   0  average shared memory size
                   0  average unshared data size
                   0  average unshared stack size
                1348  page reclaims
                   1  page faults
                   0  swaps
                   0  block input operations
                   0  block output operations
                   0  messages sent
                   0  messages received
                   0  signals received
                   1  voluntary context switches
                6399  involuntary context switches
         52798644249  instructions retired
         15273676357  cycles elapsed
            18858944  peak memory footprint
