Threads=8
LoadTime(s)=0.00692808
CODE_EXECUTION_TIME(s)=5.00752
RESULT=261692347
Throughput=5.22599e+07
VertexSetAllocated=0.00 Bytes
MiniGraphAllocated=370.35 KB
        5.01 real         6.73 user         0.01 sys
            19709952  maximum resident set size
                   0  average shared memory size
                   0  average unshared data size
                   0  average unshared stack size
                1312  page reclaims
                   1  page faults
                   0  swaps
                   0  block input operations
                   0  block output operations
                   0  messages sent
                   0  messages received
                   0  signals received
                   1  voluntary context switches
                1656  involuntary context switches
         52808040611  instructions retired
         13473938608  cycles elapsed
            18350976  peak memory footprint
