Threads=8
LoadTime(s)=0.00675029
CODE_EXECUTION_TIME(s)=3.71082
RESULT=255451262
Throughput=6.88396e+07
VertexSetAllocated=0.00 Bytes
MiniGraphAllocated=687.04 KB
        3.72 real         8.36 user         0.06 sys
            20201472  maximum resident set size
                   0  average shared memory size
                   0  average unshared data size
                   0  average unshared stack size
                1353  page reclaims
                   1  page faults
                   0  swaps
                   0  block input operations
                   0  block output operations
                   0  messages sent
                   0  messages received
                   0  signals received
                   1  voluntary context switches
               10485  involuntary context switches
         52836026821  instructions retired
         16714937916  cycles elapsed
            18858880  peak memory footprint
