Threads=8
LoadTime(s)=0.00102125
CODE_EXECUTION_TIME(s)=0.887604
RESULT=5808880
Throughput=6.54445e+06
VertexSetAllocated=0.00 Bytes
MiniGraphAllocated=141.16 KB
        0.89 real         0.96 user         0.00 sys
             5455872  maximum resident set size
                   0  average shared memory size
                   0  average unshared data size
                   0  average unshared stack size
                 441  page reclaims
                   1  page faults
                   0  swaps
                   0  block input operations
                   0  block output operations
                   0  messages sent
                   0  messages received
                   0  signals received
                   0  voluntary context switches
                  83  involuntary context switches
          6346452860  instructions retired
          1909861837  cycles elapsed
             4031104  peak memory footprint
