Threads=8
LoadTime(s)=0.00100854
CODE_EXECUTION_TIME(s)=0.514832
RESULT=5687196
Throughput=1.10467e+07
VertexSetAllocated=0.00 Bytes
MiniGraphAllocated=506.58 KB
        0.52 real         1.01 user         0.00 sys
             6225920  maximum resident set size
                   0  average shared memory size
                   0  average unshared data size
                   0  average unshared stack size
                 493  page reclaims
                   1  page faults
                   0  swaps
                   0  block input operations
                   0  block output operations
                   0  messages sent
                   0  messages received
                   0  signals received
                   0  voluntary context switches
                 368  involuntary context switches
          6335614235  instructions retired
          2048090459  cycles elapsed
             4834048  peak memory footprint
