Threads=8
LoadTime(s)=0.00100604
CODE_EXECUTION_TIME(s)=0.763141
RESULT=5793842
Throughput=7.5921e+06
VertexSetAllocated=0.00 Bytes
MiniGraphAllocated=253.21 KB
        0.76 real         0.96 user         0.00 sys
             5767168  maximum resident set size
                   0  average shared memory size
                   0  average unshared data size
                   0  average unshared stack size
                 463  page reclaims
                   1  page faults
                   0  swaps
                   0  block input operations
                   0  block output operations
                   0  messages sent
                   0  messages received
                   0  signals received
                   0  voluntary context switches
                 199  involuntary context switches
          6332178448  instructions retired
          1904983451  cycles elapsed
             4358848  peak memory footprint
