Threads=8
LoadTime(s)=0.001007
CODE_EXECUTION_TIME(s)=0.765331
RESULT=5792016
Throughput=7.56799e+06
VertexSetAllocated=0.00 Bytes
MiniGraphAllocated=253.21 KB
        0.77 real         0.96 user         0.00 sys
             5799936  maximum resident set size
                   0  average shared memory size
                   0  average unshared data size
                   0  average unshared stack size
                 465  page reclaims
                   1  page faults
                   0  swaps
                   0  block input operations
                   0  block output operations
                   0  messages sent
                   0  messages received
                   0  signals received
                   1  voluntary context switches
                 218  involuntary context switches
          6332801157  instructions retired
          1921961379  cycles elapsed
             4391616  peak memory footprint
