Threads=8
LoadTime(s)=0.00113667
CODE_EXECUTION_TIME(s)=0.885412
RESULT=5808808
Throughput=6.56057e+06
VertexSetAllocated=0.00 Bytes
MiniGraphAllocated=141.16 KB
        0.89 real         0.96 user         0.00 sys
             5554176  maximum resident set size
                   0  average shared memory size
                   0  average unshared data size
                   0  average unshared stack size
                 448  page reclaims
                   1  page faults
                   0  swaps
                   0  block input operations
                   0  block output operations
                   0  messages sent
                   0  messages received
                   0  signals received
                   0  voluntary context switches
                  65  involuntary context switches
          6346298707  instructions retired
          1905775523  cycles elapsed
             4145856  peak memory footprint
