Threads=8
LoadTime(s)=0.000997125
libc++abi: terminating with uncaught exception of type std::out_of_range: vector
libc++abi: time: command terminated abnormally
        0.02 real         0.00 user         0.00 sys
             6307840  maximum resident set size
                   0  average shared memory size
                   0  average unshared data size
                   0  average unshared stack size
                 468  page reclaims
                   1  page faults
                   0  swaps
                   0  block input operations
                   0  block output operations
                   0  messages sent
                   0  messages received
                   0  signals received
                   0  voluntary context switches
                  63  involuntary context switches
            31901762  instructions retired
            10346892  cycles elapsed
             4883392  peak memory footprint
