Threads=8
LoadTime(s)=0.00102508
CODE_EXECUTION_TIME(s)=0.808577
RESULT=5793055
Throughput=7.16451e+06
VertexSetAllocated=0.00 Bytes
MiniGraphAllocated=253.21 KB
        0.81 real         0.97 user         0.00 sys
             5816320  maximum resident set size
                   0  average shared memory size
                   0  average unshared data size
                   0  average unshared stack size
                 464  page reclaims
                   1  page faults
                   0  swaps
                   0  block input operations
                   0  block output operations
                   0  messages sent
                   0  messages received
                   0  signals received
                   2  voluntary context switches
                 404  involuntary context switches
          6334278106  instructions retired
          1935204352  cycles elapsed
             4408000  peak memory footprint
