Threads=8
LoadTime(s)=0.00101308
libc++abi: terminating with uncaught exception of type std::out_of_range: vector
libc++abi: terminating with uncaught exception of type std::out_of_range: vector
libc++abi: terminating with uncaught exception of type std::out_of_range: vectortime: command terminated abnormally
        0.02 real         0.00 user         0.00 sys
             6340608  maximum resident set size
                   0  average shared memory size
                   0  average unshared data size
                   0  average unshared stack size
                 470  page reclaims
                   1  page faults
                   0  swaps
                   0  block input operations
                   0  block output operations
                   0  messages sent
                   0  messages received
                   0  signals received
                   0  voluntary context switches
                  91  involuntary context switches
            32315267  instructions retired
            11016571  cycles elapsed
             4883264  peak memory footprint
