Threads=8
LoadTime(s)=0.00054325
libc++abi: terminating with uncaught exception of type std::out_of_range: vector
libc++abi: terminating with uncaught exception of type std::out_of_range: vector
time: command terminated abnormally
        0.02 real         0.00 user         0.00 sys
             4915200  maximum resident set size
                   0  average shared memory size
                   0  average unshared data size
                   0  average unshared stack size
                 384  page reclaims
                   1  page faults
                   0  swaps
                   0  block input operations
                   0  block output operations
                   0  messages sent
                   0  messages received
                   0  signals received
                   0  voluntary context switches
                  60  involuntary context switches
            29082171  instructions retired
             9492142  cycles elapsed
             3441408  peak memory footprint
