Threads=8
LoadTime(s)=0.000533125
CODE_EXECUTION_TIME(s)=0.471376
RESULT=4377149
Throughput=9.28589e+06
VertexSetAllocated=0.00 Bytes
MiniGraphAllocated=710.86 KB
        0.47 real         0.99 user         0.00 sys
             4964352  maximum resident set size
                   0  average shared memory size
                   0  average unshared data size
                   0  average unshared stack size
                 414  page reclaims
                   1  page faults
                   0  swaps
                   0  block input operations
                   0  block output operations
                   0  messages sent
                   0  messages received
                   0  signals received
                   0  voluntary context switches
                 275  involuntary context switches
          6187564565  instructions retired
          1962874979  cycles elapsed
             3572480  peak memory footprint
