Threads=8
LoadTime(s)=0.000584125
libc++abi: terminating with uncaught exception of type std::out_of_range: vector
libc++abi: time: command terminated abnormally
        0.02 real         0.00 user         0.00 sys
             4833280  maximum resident set size
                   0  average shared memory size
                   0  average unshared data size
                   0  average unshared stack size
                 380  page reclaims
                   1  page faults
                   0  swaps
                   0  block input operations
                   0  block output operations
                   0  messages sent
                   0  messages received
                   0  signals received
                   0  voluntary context switches
                  66  involuntary context switches
            29057392  instructions retired
             9559613  cycles elapsed
             3359488  peak memory footprint
