Threads=8
LoadTime(s)=0.000529333
CODE_EXECUTION_TIME(s)=0.470072
RESULT=4385372
Throughput=9.32916e+06
VertexSetAllocated=0.00 Bytes
MiniGraphAllocated=710.86 KB
        0.47 real         0.98 user         0.00 sys
             4980736  maximum resident set size
                   0  average shared memory size
                   0  average unshared data size
                   0  average unshared stack size
                 416  page reclaims
                   1  page faults
                   0  swaps
                   0  block input operations
                   0  block output operations
                   0  messages sent
                   0  messages received
                   0  signals received
                   0  voluntary context switches
                 233  involuntary context switches
          6187100695  instructions retired
          1955381793  cycles elapsed
             3588864  peak memory footprint
