Threads=8
LoadTime(s)=0.000522875
CODE_EXECUTION_TIME(s)=0.375639
RESULT=4175910
Throughput=1.11168e+07
VertexSetAllocated=0.00 Bytes
MiniGraphAllocated=1.01 MB
        0.38 real         1.12 user         0.00 sys
             5586944  maximum resident set size
                   0  average shared memory size
                   0  average unshared data size
                   0  average unshared stack size
                 456  page reclaims
                   1  page faults
                   0  swaps
                   0  block input operations
                   0  block output operations
                   0  messages sent
                   0  messages received
                   0  signals received
                   0  voluntary context switches
                 457  involuntary context switches
          6191307214  instructions retired
          2209639242  cycles elapsed
             4260864  peak memory footprint
