Threads=8
LoadTime(s)=0.00596754
CODE_EXECUTION_TIME(s)=2.7824
RESULT=262663639
Throughput=9.44019e+07
VertexSetAllocated=0.00 Bytes
MiniGraphAllocated=747.34 KB
        2.79 real         7.61 user         0.01 sys
            20234240  maximum resident set size
                   0  average shared memory size
                   0  average unshared data size
                   0  average unshared stack size
                1347  page reclaims
                   2  page faults
                   0  swaps
                   0  block input operations
                   0  block output operations
                   0  messages sent
                   0  messages received
                   0  signals received
                   0  voluntary context switches
                1961  involuntary context switches
         52549853005  instructions retired
         16066590773  cycles elapsed
            18825984  peak memory footprint
