Threads=8
LoadTime(s)=0.0181801
CODE_EXECUTION_TIME(s)=2.82541
RESULT=262663639
Throughput=9.29646e+07
VertexSetAllocated=0.00 Bytes
MiniGraphAllocated=747.34 KB
        2.84 real         7.51 user         0.01 sys
            20267008  maximum resident set size
                   0  average shared memory size
                   0  average unshared data size
                   0  average unshared stack size
                1352  page reclaims
                   1  page faults
                   0  swaps
                   0  block input operations
                   0  block output operations
                   0  messages sent
                   0  messages received
                   0  signals received
                   9  voluntary context switches
                2302  involuntary context switches
         52560057087  instructions retired
         15912072141  cycles elapsed
            18891648  peak memory footprint
