Threads=8
LoadTime(s)=0.00587808
CODE_EXECUTION_TIME(s)=2.76988
RESULT=262663639
Throughput=9.48284e+07
VertexSetAllocated=0.00 Bytes
MiniGraphAllocated=747.34 KB
        2.78 real         7.57 user         0.01 sys
            20316160  maximum resident set size
                   0  average shared memory size
                   0  average unshared data size
                   0  average unshared stack size
                1353  page reclaims
                   2  page faults
                   0  swaps
                   0  block input operations
                   0  block output operations
                   0  messages sent
                   0  messages received
                   0  signals received
                   0  voluntary context switches
                1862  involuntary context switches
         52548478163  instructions retired
         15990926687  cycles elapsed
            18940800  peak memory footprint
