Threads=8
LoadTime(s)=0.00587758
CODE_EXECUTION_TIME(s)=2.77204
RESULT=262663639
Throughput=9.47545e+07
VertexSetAllocated=0.00 Bytes
MiniGraphAllocated=747.34 KB
        2.78 real         7.56 user         0.01 sys
            20234240  maximum resident set size
                   0  average shared memory size
                   0  average unshared data size
                   0  average unshared stack size
                1348  page reclaims
                   1  page faults
                   0  swaps
                   0  block input operations
                   0  block output operations
                   0  messages sent
                   0  messages received
                   0  signals received
                   0  voluntary context switches
                2376  involuntary context switches
         52551560262  instructions retired
         15989887490  cycles elapsed
            18858880  peak memory footprint
