Threads=8
LoadTime(s)=0.00599163
CODE_EXECUTION_TIME(s)=3.27141
RESULT=262663639
Throughput=8.02907e+07
VertexSetAllocated=0.00 Bytes
MiniGraphAllocated=727.27 KB
        3.28 real         8.90 user         0.03 sys
            20250624  maximum resident set size
                   0  average shared memory size
                   0  average unshared data size
                   0  average unshared stack size
                1351  page reclaims
                   1  page faults
                   0  swaps
                   0  block input operations
                   0  block output operations
                   0  messages sent
                   0  messages received
                   0  signals received
                   0  voluntary context switches
                4917  involuntary context switches
         52564015251  instructions retired
         17751092898  cycles elapsed
            18891712  peak memory footprint
