Threads=8
LoadTime(s)=0.00595838
CODE_EXECUTION_TIME(s)=2.74429
RESULT=262663639
Throughput=9.57128e+07
VertexSetAllocated=0.00 Bytes
MiniGraphAllocated=767.41 KB
        2.75 real         7.62 user         0.01 sys
            20267008  maximum resident set size
                   0  average shared memory size
                   0  average unshared data size
                   0  average unshared stack size
                1350  page reclaims
                   1  page faults
                   0  swaps
                   0  block input operations
                   0  block output operations
                   0  messages sent
                   0  messages received
                   0  signals received
                   0  voluntary context switches
                1712  involuntary context switches
         52561445645  instructions retired
         16076648556  cycles elapsed
            18875200  peak memory footprint
