Threads=8
LoadTime(s)=0.00603337
CODE_EXECUTION_TIME(s)=3.26101
RESULT=262663639
Throughput=8.05468e+07
VertexSetAllocated=0.00 Bytes
MiniGraphAllocated=767.41 KB
        3.27 real         8.87 user         0.03 sys
            20299776  maximum resident set size
                   0  average shared memory size
                   0  average unshared data size
                   0  average unshared stack size
                1355  page reclaims
                   2  page faults
                   0  swaps
                   0  block input operations
                   0  block output operations
                   0  messages sent
                   0  messages received
                   0  signals received
                   0  voluntary context switches
                5037  involuntary context switches
         52589222290  instructions retired
         17756500638  cycles elapsed
            18907968  peak memory footprint
