Threads=8
LoadTime(s)=0.00593554
CODE_EXECUTION_TIME(s)=2.78949
RESULT=262663639
Throughput=9.41618e+07
VertexSetAllocated=0.00 Bytes
MiniGraphAllocated=747.34 KB
        2.80 real         7.68 user         0.01 sys
            20267008  maximum resident set size
                   0  average shared memory size
                   0  average unshared data size
                   0  average unshared stack size
                1351  page reclaims
                   2  page faults
                   0  swaps
                   0  block input operations
                   0  block output operations
                   0  messages sent
                   0  messages received
                   0  signals received
                   1  voluntary context switches
                1952  involuntary context switches
         52540813332  instructions retired
         16089113781  cycles elapsed
            18875200  peak memory footprint
