Threads=8
LoadTime(s)=0.005856
CODE_EXECUTION_TIME(s)=2.83067
RESULT=262663639
Throughput=9.2792e+07
VertexSetAllocated=0.00 Bytes
MiniGraphAllocated=767.41 KB
        2.84 real         7.72 user         0.01 sys
            20283392  maximum resident set size
                   0  average shared memory size
                   0  average unshared data size
                   0  average unshared stack size
                1351  page reclaims
                   2  page faults
                   0  swaps
                   0  block input operations
                   0  block output operations
                   0  messages sent
                   0  messages received
                   0  signals received
                   3  voluntary context switches
                2073  involuntary context switches
         52567230079  instructions retired
         16119334076  cycles elapsed
            18908032  peak memory footprint
