Threads=8
LoadTime(s)=0.00107242
CODE_EXECUTION_TIME(s)=0.187338
RESULT=5809356
Throughput=3.101e+07
VertexSetAllocated=0.00 Bytes
MiniGraphAllocated=595.73 KB
        0.19 real         1.24 user         0.00 sys
             6356992  maximum resident set size
                   0  average shared memory size
                   0  average unshared data size
                   0  average unshared stack size
                 502  page reclaims
                   1  page faults
                   0  swaps
                   0  block input operations
                   0  block output operations
                   0  messages sent
                   0  messages received
                   0  signals received
                   0  voluntary context switches
                 565  involuntary context switches
          6314467070  instructions retired
          2786250180  cycles elapsed
             4932288  peak memory footprint
