Threads=8
LoadTime(s)=0.00104317
CODE_EXECUTION_TIME(s)=0.196693
RESULT=5809356
Throughput=2.95351e+07
VertexSetAllocated=0.00 Bytes
MiniGraphAllocated=604.86 KB
        0.20 real         1.22 user         0.00 sys
             6373376  maximum resident set size
                   0  average shared memory size
                   0  average unshared data size
                   0  average unshared stack size
                 503  page reclaims
                   2  page faults
                   0  swaps
                   0  block input operations
                   0  block output operations
                   0  messages sent
                   0  messages received
                   0  signals received
                   1  voluntary context switches
                1304  involuntary context switches
          6319341763  instructions retired
          2734815751  cycles elapsed
             4948672  peak memory footprint
