Threads=8
LoadTime(s)=0.00102754
CODE_EXECUTION_TIME(s)=0.187673
RESULT=5809356
Throughput=3.09547e+07
VertexSetAllocated=0.00 Bytes
MiniGraphAllocated=604.86 KB
        0.19 real         1.24 user         0.00 sys
             6324224  maximum resident set size
                   0  average shared memory size
                   0  average unshared data size
                   0  average unshared stack size
                 499  page reclaims
                   1  page faults
                   0  swaps
                   0  block input operations
                   0  block output operations
                   0  messages sent
                   0  messages received
                   0  signals received
                   0  voluntary context switches
                 576  involuntary context switches
          6312025335  instructions retired
          2785878059  cycles elapsed
             4899520  peak memory footprint
