Threads=8
LoadTime(s)=0.00107329
CODE_EXECUTION_TIME(s)=0.582993
RESULT=5809356
Throughput=9.96471e+06
VertexSetAllocated=0.00 Bytes
MiniGraphAllocated=585.73 KB
        0.59 real         1.48 user         0.01 sys
             6373376  maximum resident set size
                   0  average shared memory size
                   0  average unshared data size
                   0  average unshared stack size
                 504  page reclaims
                   1  page faults
                   0  swaps
                   0  block input operations
                   0  block output operations
                   0  messages sent
                   0  messages received
                   0  signals received
                   0  voluntary context switches
                3175  involuntary context switches
          6335228960  instructions retired
          3182049843  cycles elapsed
             4981568  peak memory footprint
