Threads=8
LoadTime(s)=0.00102621
CODE_EXECUTION_TIME(s)=0.194268
RESULT=5809356
Throughput=2.99039e+07
VertexSetAllocated=0.00 Bytes
MiniGraphAllocated=614.87 KB
        0.19 real         1.22 user         0.00 sys
             6356992  maximum resident set size
                   0  average shared memory size
                   0  average unshared data size
                   0  average unshared stack size
                 504  page reclaims
                   1  page faults
                   0  swaps
                   0  block input operations
                   0  block output operations
                   0  messages sent
                   0  messages received
                   0  signals received
                   0  voluntary context switches
                 523  involuntary context switches
          6314078453  instructions retired
          2722519021  cycles elapsed
             4932288  peak memory footprint
