Threads=8
LoadTime(s)=0.00165304
CODE_EXECUTION_TIME(s)=0.586611
RESULT=5809356
Throughput=9.90326e+06
VertexSetAllocated=0.00 Bytes
MiniGraphAllocated=614.87 KB
        0.59 real         1.51 user         0.02 sys
             6340608  maximum resident set size
                   0  average shared memory size
                   0  average unshared data size
                   0  average unshared stack size
                 501  page reclaims
                   2  page faults
                   0  swaps
                   0  block input operations
                   0  block output operations
                   0  messages sent
                   0  messages received
                   0  signals received
                   2  voluntary context switches
                4277  involuntary context switches
          6345086256  instructions retired
          3289573915  cycles elapsed
             4932352  peak memory footprint
