Threads=8
LoadTime(s)=0.00104854
CODE_EXECUTION_TIME(s)=0.48271
RESULT=5809356
Throughput=1.20349e+07
VertexSetAllocated=0.00 Bytes
MiniGraphAllocated=605.77 KB
        0.49 real         1.48 user         0.02 sys
             6356992  maximum resident set size
                   0  average shared memory size
                   0  average unshared data size
                   0  average unshared stack size
                 500  page reclaims
                   2  page faults
                   0  swaps
                   0  block input operations
                   0  block output operations
                   0  messages sent
                   0  messages received
                   0  signals received
                   1  voluntary context switches
                4522  involuntary context switches
          6346402606  instructions retired
          3241521401  cycles elapsed
             4932288  peak memory footprint
