Threads=8
LoadTime(s)=0.00631717
CODE_EXECUTION_TIME(s)=0.241502
RESULT=5809356
Throughput=2.40551e+07
VertexSetAllocated=0.00 Bytes
MiniGraphAllocated=605.79 KB
        0.25 real         1.23 user         0.01 sys
             6422528  maximum resident set size
                   0  average shared memory size
                   0  average unshared data size
                   0  average unshared stack size
                 508  page reclaims
                   2  page faults
                   0  swaps
                   0  block input operations
                   0  block output operations
                   0  messages sent
                   0  messages received
                   0  signals received
                  10  voluntary context switches
                2411  involuntary context switches
          6329776558  instructions retired
          2771054587  cycles elapsed
             5047168  peak memory footprint
