Threads=8
LoadTime(s)=0.00105167
CODE_EXECUTION_TIME(s)=0.187082
RESULT=5809356
Throughput=3.10524e+07
VertexSetAllocated=0.00 Bytes
MiniGraphAllocated=585.73 KB
        0.19 real         1.24 user         0.00 sys
             6340608  maximum resident set size
                   0  average shared memory size
                   0  average unshared data size
                   0  average unshared stack size
                 502  page reclaims
                   1  page faults
                   0  swaps
                   0  block input operations
                   0  block output operations
                   0  messages sent
                   0  messages received
                   0  signals received
                   0  voluntary context switches
                 541  involuntary context switches
          6310325348  instructions retired
          2774270175  cycles elapsed
             4915904  peak memory footprint
