Threads=8
LoadTime(s)=0.00203067
CODE_EXECUTION_TIME(s)=0.793341
RESULT=5809356
Throughput=7.32265e+06
VertexSetAllocated=0.00 Bytes
MiniGraphAllocated=604.86 KB
        0.80 real         1.59 user         0.03 sys
             6340608  maximum resident set size
                   0  average shared memory size
                   0  average unshared data size
                   0  average unshared stack size
                 499  page reclaims
                   1  page faults
                   0  swaps
                   0  block input operations
                   0  block output operations
                   0  messages sent
                   0  messages received
                   0  signals received
                   0  voluntary context switches
                6278  involuntary context switches
          6357233463  instructions retired
          3582885836  cycles elapsed
             4965248  peak memory footprint
