Threads=8
LoadTime(s)=0.00114488
CODE_EXECUTION_TIME(s)=0.538647
RESULT=5809356
Throughput=1.07851e+07
VertexSetAllocated=0.00 Bytes
MiniGraphAllocated=624.91 KB
        0.54 real         1.49 user         0.02 sys
             6389760  maximum resident set size
                   0  average shared memory size
                   0  average unshared data size
                   0  average unshared stack size
                 503  page reclaims
                   2  page faults
                   0  swaps
                   0  block input operations
                   0  block output operations
                   0  messages sent
                   0  messages received
                   0  signals received
                   1  voluntary context switches
                5710  involuntary context switches
          6355438777  instructions retired
          3346145236  cycles elapsed
             5014400  peak memory footprint
