Threads=8
LoadTime(s)=0.00103171
CODE_EXECUTION_TIME(s)=0.211902
RESULT=5809356
Throughput=2.74153e+07
VertexSetAllocated=0.00 Bytes
MiniGraphAllocated=604.86 KB
        0.21 real         1.21 user         0.01 sys
             6373376  maximum resident set size
                   0  average shared memory size
                   0  average unshared data size
                   0  average unshared stack size
                 502  page reclaims
                   1  page faults
                   0  swaps
                   0  block input operations
                   0  block output operations
                   0  messages sent
                   0  messages received
                   0  signals received
                   0  voluntary context switches
                2406  involuntary context switches
          6326820681  instructions retired
          2719711935  cycles elapsed
             4948672  peak memory footprint
