Threads=8
LoadTime(s)=0.000543959
CODE_EXECUTION_TIME(s)=0.880148
RESULT=4514137
Throughput=5.12884e+06
VertexSetAllocated=0.00 Bytes
MiniGraphAllocated=1.20 MB
        0.88 real         1.45 user         0.01 sys
             5914624  maximum resident set size
                   0  average shared memory size
                   0  average unshared data size
                   0  average unshared stack size
                 475  page reclaims
                   1  page faults
                   0  swaps
                   0  block input operations
                   0  block output operations
                   0  messages sent
                   0  messages received
                   0  signals received
                   0  voluntary context switches
                3409  involuntary context switches
          6179210661  instructions retired
          3150120118  cycles elapsed
             4605056  peak memory footprint
