Threads=8
LoadTime(s)=0.000587
CODE_EXECUTION_TIME(s)=0.326927
RESULT=4514137
Throughput=1.38078e+07
VertexSetAllocated=0.00 Bytes
MiniGraphAllocated=1.17 MB
        0.33 real         1.19 user         0.01 sys
             5865472  maximum resident set size
                   0  average shared memory size
                   0  average unshared data size
                   0  average unshared stack size
                 471  page reclaims
                   1  page faults
                   0  swaps
                   0  block input operations
                   0  block output operations
                   0  messages sent
                   0  messages received
                   0  signals received
                   0  voluntary context switches
                3787  involuntary context switches
          6182279347  instructions retired
          2676708215  cycles elapsed
             4523008  peak memory footprint
