Threads=8
LoadTime(s)=0.000553125
CODE_EXECUTION_TIME(s)=0.246941
RESULT=4514137
Throughput=1.82802e+07
VertexSetAllocated=0.00 Bytes
MiniGraphAllocated=1.19 MB
        0.25 real         1.19 user         0.00 sys
             5881856  maximum resident set size
                   0  average shared memory size
                   0  average unshared data size
                   0  average unshared stack size
                 472  page reclaims
                   2  page faults
                   0  swaps
                   0  block input operations
                   0  block output operations
                   0  messages sent
                   0  messages received
                   0  signals received
                   1  voluntary context switches
                1213  involuntary context switches
          6160495697  instructions retired
          2649891471  cycles elapsed
             4555840  peak memory footprint
