Threads=8
LoadTime(s)=0.000543917
CODE_EXECUTION_TIME(s)=0.23974
RESULT=4514137
Throughput=1.88293e+07
VertexSetAllocated=0.00 Bytes
MiniGraphAllocated=1.21 MB
        0.24 real         1.20 user         0.00 sys
             5881856  maximum resident set size
                   0  average shared memory size
                   0  average unshared data size
                   0  average unshared stack size
                 473  page reclaims
                   1  page faults
                   0  swaps
                   0  block input operations
                   0  block output operations
                   0  messages sent
                   0  messages received
                   0  signals received
                   1  voluntary context switches
                 675  involuntary context switches
          6156045698  instructions retired
          2670950826  cycles elapsed
             4539392  peak memory footprint
