Threads=8
LoadTime(s)=0.000823
CODE_EXECUTION_TIME(s)=0.651164
RESULT=4514137
Throughput=6.93242e+06
VertexSetAllocated=0.00 Bytes
MiniGraphAllocated=1.19 MB
        0.65 real         1.52 user         0.03 sys
             5881856  maximum resident set size
                   0  average shared memory size
                   0  average unshared data size
                   0  average unshared stack size
                 472  page reclaims
                   1  page faults
                   0  swaps
                   0  block input operations
                   0  block output operations
                   0  messages sent
                   0  messages received
                   0  signals received
                   0  voluntary context switches
                5747  involuntary context switches
          6200750329  instructions retired
          3121264613  cycles elapsed
             4555840  peak memory footprint
