Threads=8
LoadTime(s)=0.000576084
CODE_EXECUTION_TIME(s)=0.336929
RESULT=4514137
Throughput=1.33979e+07
VertexSetAllocated=0.00 Bytes
MiniGraphAllocated=1.21 MB
        0.34 real         1.37 user         0.01 sys
             5898240  maximum resident set size
                   0  average shared memory size
                   0  average unshared data size
                   0  average unshared stack size
                 475  page reclaims
                   1  page faults
                   0  swaps
                   0  block input operations
                   0  block output operations
                   0  messages sent
                   0  messages received
                   0  signals received
                   0  voluntary context switches
                1980  involuntary context switches
          6166513587  instructions retired
          2816855458  cycles elapsed
             4588672  peak memory footprint
