Threads=8
LoadTime(s)=0.00137338
CODE_EXECUTION_TIME(s)=1.21217
RESULT=4514137
Throughput=3.72402e+06
VertexSetAllocated=0.00 Bytes
MiniGraphAllocated=1.22 MB
        1.22 real         1.53 user         0.05 sys
             5799936  maximum resident set size
                   0  average shared memory size
                   0  average unshared data size
                   0  average unshared stack size
                 494  page reclaims
                   2  page faults
                   0  swaps
                   0  block input operations
                   0  block output operations
                   0  messages sent
                   0  messages received
                   0  signals received
                   0  voluntary context switches
                9050  involuntary context switches
          6227350195  instructions retired
          3330313785  cycles elapsed
             4473792  peak memory footprint
