Threads=8
LoadTime(s)=0.000558042
CODE_EXECUTION_TIME(s)=0.25153
RESULT=4514137
Throughput=1.79467e+07
VertexSetAllocated=0.00 Bytes
MiniGraphAllocated=1.23 MB
        0.25 real         1.21 user         0.00 sys
             5931008  maximum resident set size
                   0  average shared memory size
                   0  average unshared data size
                   0  average unshared stack size
                 474  page reclaims
                   1  page faults
                   0  swaps
                   0  block input operations
                   0  block output operations
                   0  messages sent
                   0  messages received
                   0  signals received
                   0  voluntary context switches
                1099  involuntary context switches
          6159336395  instructions retired
          2710774385  cycles elapsed
             4604992  peak memory footprint
