Threads=8
LoadTime(s)=0.000537958
CODE_EXECUTION_TIME(s)=0.235207
RESULT=4514137
Throughput=1.91922e+07
VertexSetAllocated=0.00 Bytes
MiniGraphAllocated=1.22 MB
        0.24 real         1.19 user         0.00 sys
             5865472  maximum resident set size
                   0  average shared memory size
                   0  average unshared data size
                   0  average unshared stack size
                 471  page reclaims
                   1  page faults
                   0  swaps
                   0  block input operations
                   0  block output operations
                   0  messages sent
                   0  messages received
                   0  signals received
                   0  voluntary context switches
                 895  involuntary context switches
          6157275192  instructions retired
          2652689494  cycles elapsed
             4506560  peak memory footprint
