Threads=8
LoadTime(s)=0.000543208
CODE_EXECUTION_TIME(s)=0.620334
RESULT=4514137
Throughput=7.27694e+06
VertexSetAllocated=0.00 Bytes
MiniGraphAllocated=1.19 MB
        0.62 real         1.41 user         0.02 sys
             5914624  maximum resident set size
                   0  average shared memory size
                   0  average unshared data size
                   0  average unshared stack size
                 475  page reclaims
                   2  page faults
                   0  swaps
                   0  block input operations
                   0  block output operations
                   0  messages sent
                   0  messages received
                   0  signals received
                   2  voluntary context switches
                5177  involuntary context switches
          6195787844  instructions retired
          3012409986  cycles elapsed
             4572160  peak memory footprint
