Threads=8
LoadTime(s)=0.00192037
CODE_EXECUTION_TIME(s)=0.272255
RESULT=4514137
Throughput=1.65806e+07
VertexSetAllocated=0.00 Bytes
MiniGraphAllocated=1.22 MB
        0.28 real         1.19 user         0.01 sys
             5996544  maximum resident set size
                   0  average shared memory size
                   0  average unshared data size
                   0  average unshared stack size
                 479  page reclaims
                   1  page faults
                   0  swaps
                   0  block input operations
                   0  block output operations
                   0  messages sent
                   0  messages received
                   0  signals received
                   0  voluntary context switches
                2270  involuntary context switches
          6169889071  instructions retired
          2675779095  cycles elapsed
             4719872  peak memory footprint
