Threads=8
LoadTime(s)=0.000537375
CODE_EXECUTION_TIME(s)=0.251004
RESULT=4514137
Throughput=1.79843e+07
VertexSetAllocated=0.00 Bytes
MiniGraphAllocated=1.16 MB
        0.25 real         1.22 user         0.00 sys
             5734400  maximum resident set size
                   0  average shared memory size
                   0  average unshared data size
                   0  average unshared stack size
                 462  page reclaims
                   1  page faults
                   0  swaps
                   0  block input operations
                   0  block output operations
                   0  messages sent
                   0  messages received
                   0  signals received
                   0  voluntary context switches
                1442  involuntary context switches
          6161975360  instructions retired
          2646392079  cycles elapsed
             4408384  peak memory footprint
