Threads=1
LoadTime(s)=0.171616
CODE_EXECUTION_TIME(s)=0.386773
RESULT=608389
Throughput=1.57299e+06
VertexSetAllocated=0.00 Bytes
MiniGraphAllocated=0.00 Bytes
        0.71 real         0.15 user         0.01 sys
             3997696  maximum resident set size
                   0  average shared memory size
                   0  average unshared data size
                   0  average unshared stack size
                 293  page reclaims
                  59  page faults
                   0  swaps
                   0  block input operations
                   0  block output operations
                   0  messages sent
                   0  messages received
                   0  signals received
                  29  voluntary context switches
                1136  involuntary context switches
           760098641  instructions retired
           306762513  cycles elapsed
             2622016  peak memory footprint
