Threads=2
LoadTime(s)=0.0142365
Assertion failed: (i < m_size), function operator[], file vertex_set.h, line 118.
time: command terminated abnormally
        0.11 real         0.00 user         0.00 sys
             4358144  maximum resident set size
                   0  average shared memory size
                   0  average unshared data size
                   0  average unshared stack size
                 322  page reclaims
                  44  page faults
                   0  swaps
                   0  block input operations
                   0  block output operations
                   0  messages sent
                   0  messages received
                   0  signals received
                  34  voluntary context switches
                 119  involuntary context switches
            34546124  instructions retired
            21900697  cycles elapsed
             2835136  peak memory footprint
