Threads=64
LoadTime(s)=0.173453
CODE_EXECUTION_TIME(s)=192.437
RESULT=542683013686
Throughput=2.82006e+09
VertexSetAllocated=207.00 MB
MiniGraphAllocated=0.00 Bytes
	Command being timed: "./bin/runner 64 /home/williamp/thesis_data/snap_format/lj/"
	User time (seconds): 12314.62
	System time (seconds): 1.06
	Percent of CPU this job got: 6392%
	Elapsed (wall clock) time (h:mm:ss or m:ss): 3:12.64
	Average shared text size (kbytes): 0
	Average unshared data size (kbytes): 0
	Average stack size (kbytes): 0
	Average total size (kbytes): 0
	Maximum resident set size (kbytes): 374588
	Average resident set size (kbytes): 0
	Major (requiring I/O) page faults: 6
	Minor (reclaiming a frame) page faults: 553634
	Voluntary context switches: 562
	Involuntary context switches: 8499
	Swaps: 0
	File system inputs: 0
	File system outputs: 24
	Socket messages sent: 0
	Socket messages received: 0
	Signals delivered: 0
	Page size (bytes): 4096
	Exit status: 0
