Threads=64
LoadTime(s)=0.177345
CODE_EXECUTION_TIME(s)=194.217
RESULT=542683013686
Throughput=2.79421e+09
VertexSetAllocated=207.00 MB
MiniGraphAllocated=0.00 Bytes
	Command being timed: "./bin/runner 64 /home/williamp/thesis_data/snap_format/lj/"
	User time (seconds): 12426.55
	System time (seconds): 1.01
	Percent of CPU this job got: 6391%
	Elapsed (wall clock) time (h:mm:ss or m:ss): 3:14.45
	Average shared text size (kbytes): 0
	Average unshared data size (kbytes): 0
	Average stack size (kbytes): 0
	Average total size (kbytes): 0
	Maximum resident set size (kbytes): 374808
	Average resident set size (kbytes): 0
	Major (requiring I/O) page faults: 0
	Minor (reclaiming a frame) page faults: 501798
	Voluntary context switches: 520
	Involuntary context switches: 8383
	Swaps: 0
	File system inputs: 0
	File system outputs: 24
	Socket messages sent: 0
	Socket messages received: 0
	Signals delivered: 0
	Page size (bytes): 4096
	Exit status: 0
