Threads=8
LoadTime(s)=0.00972983
CODE_EXECUTION_TIME(s)=4.91141
RESULT=4816095
Throughput=980593
VertexSetAllocated=2.04 MB
MiniGraphAllocated=2.14 MB
        5.22 real        27.55 user         0.13 sys
            22511616  maximum resident set size
                   0  average shared memory size
                   0  average unshared data size
                   0  average unshared stack size
                1489  page reclaims
                   2  page faults
                   0  swaps
                   0  block input operations
                   0  block output operations
                   0  messages sent
                   0  messages received
                   0  signals received
                   4  voluntary context switches
               23684  involuntary context switches
        122817111325  instructions retired
         55305997196  cycles elapsed
            21202112  peak memory footprint
