Threads=8
LoadTime(s)=0.0101428
CODE_EXECUTION_TIME(s)=0.0310086
RESULT=2224385
Throughput=7.17344e+07
VertexSetAllocated=0.00 Bytes
MiniGraphAllocated=0.00 Bytes
        0.34 real         0.22 user         0.01 sys
            19136512  maximum resident set size
                   0  average shared memory size
                   0  average unshared data size
                   0  average unshared stack size
                1279  page reclaims
                   2  page faults
                   0  swaps
                   0  block input operations
                   0  block output operations
                   0  messages sent
                   0  messages received
                   0  signals received
                   1  voluntary context switches
                  62  involuntary context switches
          1092086301  instructions retired
           465389445  cycles elapsed
            17761024  peak memory footprint
