Threads=8
LoadTime(s)=0.0104187
CODE_EXECUTION_TIME(s)=0.189135
RESULT=16713192
Throughput=8.83664e+07
VertexSetAllocated=0.00 Bytes
MiniGraphAllocated=675.45 KB
        0.51 real         1.38 user         0.01 sys
            20299776  maximum resident set size
                   0  average shared memory size
                   0  average unshared data size
                   0  average unshared stack size
                1355  page reclaims
                   1  page faults
                   0  swaps
                   0  block input operations
                   0  block output operations
                   0  messages sent
                   0  messages received
                   0  signals received
                   0  voluntary context switches
                 409  involuntary context switches
          7524388440  instructions retired
          3000698608  cycles elapsed
            18957312  peak memory footprint
