Threads=8
LoadTime(s)=0.0155379
CODE_EXECUTION_TIME(s)=1.48245
RESULT=258570802
Throughput=1.74421e+08
VertexSetAllocated=521.59 KB
MiniGraphAllocated=728.06 KB
        1.81 real         9.95 user         0.02 sys
            20627456  maximum resident set size
                   0  average shared memory size
                   0  average unshared data size
                   0  average unshared stack size
                1359  page reclaims
                  20  page faults
                   0  swaps
                   0  block input operations
                   0  block output operations
                   0  messages sent
                   0  messages received
                   0  signals received
                   3  voluntary context switches
                2522  involuntary context switches
         50129834436  instructions retired
         19377695100  cycles elapsed
            19383680  peak memory footprint
