Threads=8
LoadTime(s)=0.0103491
CODE_EXECUTION_TIME(s)=1.55491
RESULT=258570802
Throughput=1.66294e+08
VertexSetAllocated=521.59 KB
MiniGraphAllocated=781.76 KB
        1.86 real         9.95 user         0.02 sys
            20578304  maximum resident set size
                   0  average shared memory size
                   0  average unshared data size
                   0  average unshared stack size
                1372  page reclaims
                   1  page faults
                   0  swaps
                   0  block input operations
                   0  block output operations
                   0  messages sent
                   0  messages received
                   0  signals received
                   0  voluntary context switches
                3067  involuntary context switches
         50131304308  instructions retired
         19537355254  cycles elapsed
            19268736  peak memory footprint
