Threads=8
LoadTime(s)=0.0142625
CODE_EXECUTION_TIME(s)=0.188879
RESULT=16713192
Throughput=8.84862e+07
VertexSetAllocated=0.00 Bytes
MiniGraphAllocated=675.56 KB
        0.50 real         1.37 user         0.01 sys
            20299776  maximum resident set size
                   0  average shared memory size
                   0  average unshared data size
                   0  average unshared stack size
                1358  page reclaims
                   1  page faults
                   0  swaps
                   0  block input operations
                   0  block output operations
                   0  messages sent
                   0  messages received
                   0  signals received
                   0  voluntary context switches
                 775  involuntary context switches
          7527387438  instructions retired
          2997408561  cycles elapsed
            19023104  peak memory footprint
