Threads=8
LoadTime(s)=0.0101144
CODE_EXECUTION_TIME(s)=0.0319891
RESULT=2224385
Throughput=6.95357e+07
VertexSetAllocated=0.00 Bytes
MiniGraphAllocated=0.00 Bytes
        0.34 real         0.22 user         0.01 sys
            19136512  maximum resident set size
                   0  average shared memory size
                   0  average unshared data size
                   0  average unshared stack size
                1280  page reclaims
                   1  page faults
                   0  swaps
                   0  block input operations
                   0  block output operations
                   0  messages sent
                   0  messages received
                   0  signals received
                   1  voluntary context switches
                  60  involuntary context switches
          1091889645  instructions retired
           472995141  cycles elapsed
            17728128  peak memory footprint
