Threads=8
LoadTime(s)=0.010091
CODE_EXECUTION_TIME(s)=0.184386
RESULT=16713192
Throughput=9.06423e+07
VertexSetAllocated=0.00 Bytes
MiniGraphAllocated=675.55 KB
        0.50 real         1.37 user         0.01 sys
            20299776  maximum resident set size
                   0  average shared memory size
                   0  average unshared data size
                   0  average unshared stack size
                1354  page reclaims
                   1  page faults
                   0  swaps
                   0  block input operations
                   0  block output operations
                   0  messages sent
                   0  messages received
                   0  signals received
                   0  voluntary context switches
                 345  involuntary context switches
          7523997444  instructions retired
          2966749186  cycles elapsed
            18957312  peak memory footprint
