Threads=8
LoadTime(s)=0.0100257
CODE_EXECUTION_TIME(s)=1.25919
RESULT=258570802
Throughput=2.05347e+08
VertexSetAllocated=521.59 KB
MiniGraphAllocated=728.66 KB
        1.57 real         9.05 user         0.02 sys
            20529152  maximum resident set size
                   0  average shared memory size
                   0  average unshared data size
                   0  average unshared stack size
                1369  page reclaims
                   1  page faults
                   0  swaps
                   0  block input operations
                   0  block output operations
                   0  messages sent
                   0  messages received
                   0  signals received
                   0  voluntary context switches
                2108  involuntary context switches
         50119863333  instructions retired
         18286215339  cycles elapsed
            19236032  peak memory footprint
