Threads=8
LoadTime(s)=0.0100711
CODE_EXECUTION_TIME(s)=0.185833
RESULT=16713192
Throughput=8.99365e+07
VertexSetAllocated=0.00 Bytes
MiniGraphAllocated=612.12 KB
        0.49 real         1.35 user         0.01 sys
            20168704  maximum resident set size
                   0  average shared memory size
                   0  average unshared data size
                   0  average unshared stack size
                1349  page reclaims
                   1  page faults
                   0  swaps
                   0  block input operations
                   0  block output operations
                   0  messages sent
                   0  messages received
                   0  signals received
                   3  voluntary context switches
                 662  involuntary context switches
          7530532705  instructions retired
          2948812377  cycles elapsed
            18809792  peak memory footprint
