Threads=8
LoadTime(s)=0.00994171
CODE_EXECUTION_TIME(s)=0.426775
RESULT=252893
Throughput=592568
VertexSetAllocated=1.02 MB
MiniGraphAllocated=0.00 Bytes
        0.74 real         3.26 user         0.01 sys
            19726336  maximum resident set size
                   0  average shared memory size
                   0  average unshared data size
                   0  average unshared stack size
                1316  page reclaims
                   1  page faults
                   0  swaps
                   0  block input operations
                   0  block output operations
                   0  messages sent
                   0  messages received
                   0  signals received
                   1  voluntary context switches
                 747  involuntary context switches
         17254240942  instructions retired
          7125003978  cycles elapsed
            18449536  peak memory footprint
