Threads=8
LoadTime(s)=0.00223412
CODE_EXECUTION_TIME(s)=0.175505
RESULT=5809356
Throughput=3.31008e+07
VertexSetAllocated=0.00 Bytes
MiniGraphAllocated=595.70 KB
        0.48 real         1.19 user         0.01 sys
             6389760  maximum resident set size
                   0  average shared memory size
                   0  average unshared data size
                   0  average unshared stack size
                 506  page reclaims
                   1  page faults
                   0  swaps
                   0  block input operations
                   0  block output operations
                   0  messages sent
                   0  messages received
                   0  signals received
                   0  voluntary context switches
                1409  involuntary context switches
          6321342693  instructions retired
          2557050014  cycles elapsed
             4997952  peak memory footprint
