Threads=8
LoadTime(s)=0.00785667
CODE_EXECUTION_TIME(s)=21.5597
RESULT=4479591993
Throughput=2.07776e+08
VertexSetAllocated=1.08 MB
MiniGraphAllocated=1.53 MB
       21.93 real        67.50 user         0.55 sys
             7159808  maximum resident set size
                   0  average shared memory size
                   0  average unshared data size
                   0  average unshared stack size
                 928  page reclaims
                   3  page faults
                   0  swaps
                   0  block input operations
                   0  block output operations
                   0  messages sent
                   0  messages received
                   0  signals received
                  14  voluntary context switches
              102683  involuntary context switches
        426680349436  instructions retired
        145268098162  cycles elapsed
             6489216  peak memory footprint
