Threads=8
LoadTime(s)=0.00223213
CODE_EXECUTION_TIME(s)=0.181204
RESULT=5809356
Throughput=3.20598e+07
VertexSetAllocated=0.00 Bytes
MiniGraphAllocated=624.87 KB
        0.47 real         1.21 user         0.01 sys
             6455296  maximum resident set size
                   0  average shared memory size
                   0  average unshared data size
                   0  average unshared stack size
                 513  page reclaims
                   2  page faults
                   0  swaps
                   0  block input operations
                   0  block output operations
                   0  messages sent
                   0  messages received
                   0  signals received
                   3  voluntary context switches
                1761  involuntary context switches
          6324332102  instructions retired
          2625495259  cycles elapsed
             5079936  peak memory footprint
