Threads=8
LoadTime(s)=0.00195625
CODE_EXECUTION_TIME(s)=0.0608293
RESULT=2341639
Throughput=3.84953e+07
VertexSetAllocated=0.00 Bytes
MiniGraphAllocated=381.63 KB
        0.36 real         0.44 user         0.00 sys
             6111232  maximum resident set size
                   0  average shared memory size
                   0  average unshared data size
                   0  average unshared stack size
                 490  page reclaims
                   1  page faults
                   0  swaps
                   0  block input operations
                   0  block output operations
                   0  messages sent
                   0  messages received
                   0  signals received
                   0  voluntary context switches
                 125  involuntary context switches
          2092295132  instructions retired
           931291652  cycles elapsed
             4686528  peak memory footprint
