Threads=8
LoadTime(s)=0.00993917
CODE_EXECUTION_TIME(s)=0.090328
RESULT=2341639
Throughput=2.59237e+07
VertexSetAllocated=0.00 Bytes
MiniGraphAllocated=381.56 KB
        0.44 real         0.41 user         0.00 sys
             6127616  maximum resident set size
                   0  average shared memory size
                   0  average unshared data size
                   0  average unshared stack size
                 497  page reclaims
                   2  page faults
                   0  swaps
                   0  block input operations
                   0  block output operations
                   0  messages sent
                   0  messages received
                   0  signals received
                  10  voluntary context switches
                 457  involuntary context switches
          2097414719  instructions retired
           943557923  cycles elapsed
             4702912  peak memory footprint
