Threads=8
LoadTime(s)=0.00167238
CODE_EXECUTION_TIME(s)=0.0572657
RESULT=2341639
Throughput=4.08907e+07
VertexSetAllocated=0.00 Bytes
MiniGraphAllocated=381.46 KB
        0.36 real         0.42 user         0.00 sys
             6160384  maximum resident set size
                   0  average shared memory size
                   0  average unshared data size
                   0  average unshared stack size
                 495  page reclaims
                   1  page faults
                   0  swaps
                   0  block input operations
                   0  block output operations
                   0  messages sent
                   0  messages received
                   0  signals received
                   2  voluntary context switches
                 128  involuntary context switches
          2092522752  instructions retired
           900124116  cycles elapsed
             4735680  peak memory footprint
