Threads=8
LoadTime(s)=0.00203883
CODE_EXECUTION_TIME(s)=0.229908
RESULT=7024917
Throughput=3.05554e+07
VertexSetAllocated=1.08 MB
MiniGraphAllocated=1.72 MB
        0.52 real         1.62 user         0.00 sys
             7962624  maximum resident set size
                   0  average shared memory size
                   0  average unshared data size
                   0  average unshared stack size
                 606  page reclaims
                   1  page faults
                   0  swaps
                   0  block input operations
                   0  block output operations
                   0  messages sent
                   0  messages received
                   0  signals received
                   1  voluntary context switches
                 806  involuntary context switches
          8786426078  instructions retired
          3445313898  cycles elapsed
             6669504  peak memory footprint
