Threads=8
LoadTime(s)=0.00199862
CODE_EXECUTION_TIME(s)=0.178499
RESULT=5809356
Throughput=3.25456e+07
VertexSetAllocated=0.00 Bytes
MiniGraphAllocated=585.69 KB
        0.47 real         1.21 user         0.01 sys
             6307840  maximum resident set size
                   0  average shared memory size
                   0  average unshared data size
                   0  average unshared stack size
                 502  page reclaims
                   1  page faults
                   0  swaps
                   0  block input operations
                   0  block output operations
                   0  messages sent
                   0  messages received
                   0  signals received
                   0  voluntary context switches
                1179  involuntary context switches
          6318981467  instructions retired
          2609075903  cycles elapsed
             4916032  peak memory footprint
