Threads=8
LoadTime(s)=0.00101821
CODE_EXECUTION_TIME(s)=0.470842
RESULT=6233709
Throughput=1.32395e+07
VertexSetAllocated=1.89 MB
MiniGraphAllocated=3.34 MB
        0.81 real         1.83 user         0.02 sys
             8404992  maximum resident set size
                   0  average shared memory size
                   0  average unshared data size
                   0  average unshared stack size
                 629  page reclaims
                   1  page faults
                   0  swaps
                   0  block input operations
                   0  block output operations
                   0  messages sent
                   0  messages received
                   0  signals received
                   0  voluntary context switches
                2880  involuntary context switches
          8474265192  instructions retired
          3855785840  cycles elapsed
             7095424  peak memory footprint
