Threads=8
LoadTime(s)=0.00540996
CODE_EXECUTION_TIME(s)=0.0220308
RESULT=608389
Throughput=2.76153e+07
VertexSetAllocated=0.00 Bytes
MiniGraphAllocated=0.00 Bytes
        0.33 real         0.12 user         0.00 sys
             4046848  maximum resident set size
                   0  average shared memory size
                   0  average unshared data size
                   0  average unshared stack size
                 340  page reclaims
                  23  page faults
                   0  swaps
                   0  block input operations
                   0  block output operations
                   0  messages sent
                   0  messages received
                   0  signals received
                  11  voluntary context switches
                 183  involuntary context switches
           750029477  instructions retired
           270382001  cycles elapsed
             2638464  peak memory footprint
