Threads=8
LoadTime(s)=0.00901762
CODE_EXECUTION_TIME(s)=1.10311
RESULT=6233709
Throughput=5.65103e+06
VertexSetAllocated=1.89 MB
MiniGraphAllocated=3.05 MB
        1.98 real         1.88 user         0.03 sys
             7438336  maximum resident set size
                   0  average shared memory size
                   0  average unshared data size
                   0  average unshared stack size
                 656  page reclaims
                   2  page faults
                   0  swaps
                   0  block input operations
                   0  block output operations
                   0  messages sent
                   0  messages received
                   0  signals received
                   1  voluntary context switches
                5043  involuntary context switches
          8492253442  instructions retired
          3985799927  cycles elapsed
             6669376  peak memory footprint
