Threads=8
LoadTime(s)=0.00109708
CODE_EXECUTION_TIME(s)=0.0798711
RESULT=2077903
Throughput=2.60157e+07
VertexSetAllocated=0.00 Bytes
MiniGraphAllocated=1.00 MB
        0.38 real         0.45 user         0.00 sys
             5685248  maximum resident set size
                   0  average shared memory size
                   0  average unshared data size
                   0  average unshared stack size
                 464  page reclaims
                   1  page faults
                   0  swaps
                   0  block input operations
                   0  block output operations
                   0  messages sent
                   0  messages received
                   0  signals received
                   0  voluntary context switches
                 456  involuntary context switches
          2320924865  instructions retired
           955494748  cycles elapsed
             4359232  peak memory footprint
