Threads=8
LoadTime(s)=0.00105912
CODE_EXECUTION_TIME(s)=0.0728112
RESULT=2077903
Throughput=2.85382e+07
VertexSetAllocated=0.00 Bytes
MiniGraphAllocated=991.32 KB
        0.38 real         0.44 user         0.00 sys
             5619712  maximum resident set size
                   0  average shared memory size
                   0  average unshared data size
                   0  average unshared stack size
                 460  page reclaims
                   1  page faults
                   0  swaps
                   0  block input operations
                   0  block output operations
                   0  messages sent
                   0  messages received
                   0  signals received
                   0  voluntary context switches
                 378  involuntary context switches
          2319895379  instructions retired
           927245459  cycles elapsed
             4277248  peak memory footprint
