Threads=8
LoadTime(s)=0.000994875
CODE_EXECUTION_TIME(s)=0.256571
RESULT=4514137
Throughput=1.75941e+07
VertexSetAllocated=0.00 Bytes
MiniGraphAllocated=1.20 MB
        0.56 real         1.31 user         0.01 sys
             5849088  maximum resident set size
                   0  average shared memory size
                   0  average unshared data size
                   0  average unshared stack size
                 475  page reclaims
                   1  page faults
                   0  swaps
                   0  block input operations
                   0  block output operations
                   0  messages sent
                   0  messages received
                   0  signals received
                   0  voluntary context switches
                2412  involuntary context switches
          6173045573  instructions retired
          2709412726  cycles elapsed
             4523072  peak memory footprint
