Threads=8
LoadTime(s)=0.000858834
CODE_EXECUTION_TIME(s)=0.0724207
RESULT=2077903
Throughput=2.86921e+07
VertexSetAllocated=0.00 Bytes
MiniGraphAllocated=990.49 KB
        0.36 real         0.44 user         0.00 sys
             5652480  maximum resident set size
                   0  average shared memory size
                   0  average unshared data size
                   0  average unshared stack size
                 460  page reclaims
                   1  page faults
                   0  swaps
                   0  block input operations
                   0  block output operations
                   0  messages sent
                   0  messages received
                   0  signals received
                   0  voluntary context switches
                 148  involuntary context switches
          2318517940  instructions retired
           936190711  cycles elapsed
             4359360  peak memory footprint
