Threads=8
LoadTime(s)=0.00167754
CODE_EXECUTION_TIME(s)=0.0282442
RESULT=608389
Throughput=2.15403e+07
VertexSetAllocated=0.00 Bytes
MiniGraphAllocated=0.00 Bytes
        0.32 real         0.15 user         0.00 sys
             4096000  maximum resident set size
                   0  average shared memory size
                   0  average unshared data size
                   0  average unshared stack size
                 364  page reclaims
                   1  page faults
                   0  swaps
                   0  block input operations
                   0  block output operations
                   0  messages sent
                   0  messages received
                   0  signals received
                   0  voluntary context switches
                 103  involuntary context switches
           747074494  instructions retired
           294624732  cycles elapsed
             2687616  peak memory footprint
