Threads=4
LoadTime(s)=0.0174557
CODE_EXECUTION_TIME(s)=1.22206
RESULT=262663639
Throughput=2.14934e+08
VertexSetAllocated=521.59 KB
MiniGraphAllocated=0.00 Bytes
	Command being timed: "./bin/runner 4 /home/williamp/thesis_data/snap_format/dblp/"
	User time (seconds): 4.89
	System time (seconds): 0.01
	Percent of CPU this job got: 394%
	Elapsed (wall clock) time (h:mm:ss or m:ss): 0:01.24
	Average shared text size (kbytes): 0
	Average unshared data size (kbytes): 0
	Average stack size (kbytes): 0
	Average total size (kbytes): 0
	Maximum resident set size (kbytes): 20364
	Average resident set size (kbytes): 0
	Major (requiring I/O) page faults: 0
	Minor (reclaiming a frame) page faults: 8935
	Voluntary context switches: 14
	Involuntary context switches: 12
	Swaps: 0
	File system inputs: 0
	File system outputs: 8
	Socket messages sent: 0
	Socket messages received: 0
	Signals delivered: 0
	Page size (bytes): 4096
	Exit status: 0
