Threads=16
LoadTime(s)=0.0159106
CODE_EXECUTION_TIME(s)=9.94741
RESULT=89217432
Throughput=8.96891e+06
VertexSetAllocated=5.09 MB
MiniGraphAllocated=0.00 Bytes
	Command being timed: "./bin/runner 16 /home/williamp/thesis_data/snap_format/dblp/"
	User time (seconds): 159.10
	System time (seconds): 0.04
	Percent of CPU this job got: 1596%
	Elapsed (wall clock) time (h:mm:ss or m:ss): 0:09.97
	Average shared text size (kbytes): 0
	Average unshared data size (kbytes): 0
	Average stack size (kbytes): 0
	Average total size (kbytes): 0
	Maximum resident set size (kbytes): 20972
	Average resident set size (kbytes): 0
	Major (requiring I/O) page faults: 0
	Minor (reclaiming a frame) page faults: 9546
	Voluntary context switches: 126
	Involuntary context switches: 153
	Swaps: 0
	File system inputs: 0
	File system outputs: 24
	Socket messages sent: 0
	Socket messages received: 0
	Signals delivered: 0
	Page size (bytes): 4096
	Exit status: 0
