Threads=8
LoadTime(s)=0.0306514
CODE_EXECUTION_TIME(s)=0.222819
RESULT=3056386
Throughput=1.37169e+07
VertexSetAllocated=0.00 Bytes
MiniGraphAllocated=0.00 Bytes
        0.58 real         1.59 user         0.03 sys
            54427648  maximum resident set size
                   0  average shared memory size
                   0  average unshared data size
                   0  average unshared stack size
                3434  page reclaims
                   2  page faults
                   0  swaps
                   0  block input operations
                   0  block output operations
                   0  messages sent
                   0  messages received
                   0  signals received
                   2  voluntary context switches
                2732  involuntary context switches
          9396936022  instructions retired
          3528545428  cycles elapsed
            53052160  peak memory footprint
