Threads=64
LoadTime(s)=0.0163348
CODE_EXECUTION_TIME(s)=4.36553
RESULT=89217432
Throughput=2.04368e+07
VertexSetAllocated=20.37 MB
MiniGraphAllocated=0.00 Bytes
	Command being timed: "./bin/runner 64 /home/williamp/thesis_data/snap_format/dblp/"
	User time (seconds): 228.19
	System time (seconds): 0.24
	Percent of CPU this job got: 5204%
	Elapsed (wall clock) time (h:mm:ss or m:ss): 0:04.38
	Average shared text size (kbytes): 0
	Average unshared data size (kbytes): 0
	Average stack size (kbytes): 0
	Average total size (kbytes): 0
	Maximum resident set size (kbytes): 22760
	Average resident set size (kbytes): 0
	Major (requiring I/O) page faults: 47
	Minor (reclaiming a frame) page faults: 8302
	Voluntary context switches: 790
	Involuntary context switches: 307
	Swaps: 0
	File system inputs: 0
	File system outputs: 8
	Socket messages sent: 0
	Socket messages received: 0
	Signals delivered: 0
	Page size (bytes): 4096
	Exit status: 0
