Threads=64
LoadTime(s)=0.0453742
CODE_EXECUTION_TIME(s)=78.5092
RESULT=50244537511
Throughput=6.39983e+08
VertexSetAllocated=176.58 MB
MiniGraphAllocated=0.00 Bytes
	Command being timed: "./bin/runner 64 /home/williamp/thesis_data/snap_format/youtube/"
	User time (seconds): 606.48
	System time (seconds): 0.09
	Percent of CPU this job got: 772%
	Elapsed (wall clock) time (h:mm:ss or m:ss): 1:18.56
	Average shared text size (kbytes): 0
	Average unshared data size (kbytes): 0
	Average stack size (kbytes): 0
	Average total size (kbytes): 0
	Maximum resident set size (kbytes): 56220
	Average resident set size (kbytes): 0
	Major (requiring I/O) page faults: 39
	Minor (reclaiming a frame) page faults: 46656
	Voluntary context switches: 457
	Involuntary context switches: 716
	Swaps: 0
	File system inputs: 0
	File system outputs: 24
	Socket messages sent: 0
	Socket messages received: 0
	Signals delivered: 0
	Page size (bytes): 4096
	Exit status: 0
