Threads=4
LoadTime(s)=0.0436655
CODE_EXECUTION_TIME(s)=0.787922
RESULT=4986965
Throughput=6.32927e+06
VertexSetAllocated=5.52 MB
MiniGraphAllocated=0.00 Bytes
	Command being timed: "./bin/runner 4 /home/williamp/thesis_data/snap_format/youtube/"
	User time (seconds): 3.15
	System time (seconds): 0.05
	Percent of CPU this job got: 379%
	Elapsed (wall clock) time (h:mm:ss or m:ss): 0:00.84
	Average shared text size (kbytes): 0
	Average unshared data size (kbytes): 0
	Average stack size (kbytes): 0
	Average total size (kbytes): 0
	Maximum resident set size (kbytes): 54604
	Average resident set size (kbytes): 0
	Major (requiring I/O) page faults: 0
	Minor (reclaiming a frame) page faults: 12676
	Voluntary context switches: 14
	Involuntary context switches: 4
	Swaps: 0
	File system inputs: 0
	File system outputs: 8
	Socket messages sent: 0
	Socket messages received: 0
	Signals delivered: 0
	Page size (bytes): 4096
	Exit status: 0
