Threads=16
LoadTime(s)=0.00587975
time: command terminated abnormally
        0.05 real         0.00 user         0.00 sys
             5799936  maximum resident set size
                   0  average shared memory size
                   0  average unshared data size
                   0  average unshared stack size
                 441  page reclaims
                   1  page faults
                   0  swaps
                   0  block input operations
                   0  block output operations
                   0  messages sent
                   0  messages received
                   0  signals received
                   1  voluntary context switches
                 141  involuntary context switches
            53678034  instructions retired
            31395446  cycles elapsed
             4441408  peak memory footprint
