Threads=2
LoadTime(s)=0.023571
time: command terminated abnormally
        0.10 real         0.01 user         0.00 sys
             4554752  maximum resident set size
                   0  average shared memory size
                   0  average unshared data size
                   0  average unshared stack size
                 375  page reclaims
                   2  page faults
                   0  swaps
                   0  block input operations
                   0  block output operations
                   0  messages sent
                   0  messages received
                   0  signals received
                  10  voluntary context switches
                 160  involuntary context switches
            87389081  instructions retired
            51797420  cycles elapsed
             3130432  peak memory footprint
