Threads=8
LoadTime(s)=0.00606083
CODE_EXECUTION_TIME(s)=2.2315
RESULT=262663639
Throughput=1.17707e+08
VertexSetAllocated=0.00 Bytes
MiniGraphAllocated=1.45 MB
        2.24 real        10.63 user         0.07 sys
            21348352  maximum resident set size
                   0  average shared memory size
                   0  average unshared data size
                   0  average unshared stack size
                1408  page reclaims
                   0  page faults
                   0  swaps
                   0  block input operations
                   0  block output operations
                   0  messages sent
                   0  messages received
                   0  signals received
                   0  voluntary context switches
               13200  involuntary context switches
         54190553210  instructions retired
         22114091878  cycles elapsed
            20300672  peak memory footprint
