Threads=8
LoadTime(s)=0.00581587
CODE_EXECUTION_TIME(s)=1.57336
RESULT=262663639
Throughput=1.66945e+08
VertexSetAllocated=0.00 Bytes
MiniGraphAllocated=1.66 MB
        1.58 real        10.50 user         0.03 sys
            21708800  maximum resident set size
                   0  average shared memory size
                   0  average unshared data size
                   0  average unshared stack size
                1429  page reclaims
                   0  page faults
                   0  swaps
                   0  block input operations
                   0  block output operations
                   0  messages sent
                   0  messages received
                   0  signals received
                   0  voluntary context switches
                5036  involuntary context switches
         54099888274  instructions retired
         20649811355  cycles elapsed
            20694016  peak memory footprint
