Threads=8
LoadTime(s)=0.00593863
CODE_EXECUTION_TIME(s)=1.19225
RESULT=262663639
Throughput=2.20309e+08
VertexSetAllocated=0.00 Bytes
MiniGraphAllocated=1.34 MB
        1.20 real         8.52 user         0.04 sys
            21381120  maximum resident set size
                   0  average shared memory size
                   0  average unshared data size
                   0  average unshared stack size
                1410  page reclaims
                   0  page faults
                   0  swaps
                   0  block input operations
                   0  block output operations
                   0  messages sent
                   0  messages received
                   0  signals received
                   0  voluntary context switches
                9593  involuntary context switches
         54157302024  instructions retired
         18608155036  cycles elapsed
            20399232  peak memory footprint
