Threads=8
LoadTime(s)=0.00621212
CODE_EXECUTION_TIME(s)=2.64894
RESULT=262663639
Throughput=9.91579e+07
VertexSetAllocated=0.00 Bytes
MiniGraphAllocated=1.46 MB
        2.66 real        10.84 user         0.11 sys
            21446656  maximum resident set size
                   0  average shared memory size
                   0  average unshared data size
                   0  average unshared stack size
                1413  page reclaims
                   0  page faults
                   0  swaps
                   0  block input operations
                   0  block output operations
                   0  messages sent
                   0  messages received
                   0  signals received
                   0  voluntary context switches
               21513  involuntary context switches
         54292042235  instructions retired
         22710920642  cycles elapsed
            20431872  peak memory footprint
