Threads=8
LoadTime(s)=0.00614112
CODE_EXECUTION_TIME(s)=2.47801
RESULT=262663639
Throughput=1.05998e+08
VertexSetAllocated=0.00 Bytes
MiniGraphAllocated=1.63 MB
        2.48 real        10.69 user         0.10 sys
            21676032  maximum resident set size
                   0  average shared memory size
                   0  average unshared data size
                   0  average unshared stack size
                1428  page reclaims
                   0  page faults
                   0  swaps
                   0  block input operations
                   0  block output operations
                   0  messages sent
                   0  messages received
                   0  signals received
                   0  voluntary context switches
               18219  involuntary context switches
         54243147885  instructions retired
         22647971571  cycles elapsed
            20661248  peak memory footprint
