Threads=8
LoadTime(s)=0.00623438
CODE_EXECUTION_TIME(s)=1.40606
RESULT=262663639
Throughput=1.86808e+08
VertexSetAllocated=0.00 Bytes
MiniGraphAllocated=1.39 MB
        1.41 real         9.01 user         0.05 sys
            21381120  maximum resident set size
                   0  average shared memory size
                   0  average unshared data size
                   0  average unshared stack size
                1411  page reclaims
                   0  page faults
                   0  swaps
                   0  block input operations
                   0  block output operations
                   0  messages sent
                   0  messages received
                   0  signals received
                   0  voluntary context switches
               11694  involuntary context switches
         54136741285  instructions retired
         19651181299  cycles elapsed
            20415680  peak memory footprint
