Threads=8
LoadTime(s)=0.00591483
CODE_EXECUTION_TIME(s)=1.119
RESULT=262663639
Throughput=2.34731e+08
VertexSetAllocated=0.00 Bytes
MiniGraphAllocated=1.36 MB
        1.12 real         8.62 user         0.02 sys
            21364736  maximum resident set size
                   0  average shared memory size
                   0  average unshared data size
                   0  average unshared stack size
                1408  page reclaims
                   0  page faults
                   0  swaps
                   0  block input operations
                   0  block output operations
                   0  messages sent
                   0  messages received
                   0  signals received
                   0  voluntary context switches
                3136  involuntary context switches
         54065398383  instructions retired
         18958251494  cycles elapsed
            20366400  peak memory footprint
