Threads=8
LoadTime(s)=0.00718979
CODE_EXECUTION_TIME(s)=2.03832
RESULT=262663639
Throughput=1.28863e+08
VertexSetAllocated=0.00 Bytes
MiniGraphAllocated=1.56 MB
        2.05 real        10.51 user         0.07 sys
            21512192  maximum resident set size
                   0  average shared memory size
                   0  average unshared data size
                   0  average unshared stack size
                1419  page reclaims
                   1  page faults
                   0  swaps
                   0  block input operations
                   0  block output operations
                   0  messages sent
                   0  messages received
                   0  signals received
                   3  voluntary context switches
               12669  involuntary context switches
         54176573314  instructions retired
         21692852497  cycles elapsed
            20530304  peak memory footprint
