Threads=8
LoadTime(s)=0.00598779
CODE_EXECUTION_TIME(s)=1.2343
RESULT=262663639
Throughput=2.12804e+08
VertexSetAllocated=0.00 Bytes
MiniGraphAllocated=1.30 MB
        1.24 real         8.54 user         0.04 sys
            21413888  maximum resident set size
                   0  average shared memory size
                   0  average unshared data size
                   0  average unshared stack size
                1411  page reclaims
                   1  page faults
                   0  swaps
                   0  block input operations
                   0  block output operations
                   0  messages sent
                   0  messages received
                   0  signals received
                   1  voluntary context switches
                8750  involuntary context switches
         54220370375  instructions retired
         18868755674  cycles elapsed
            20399104  peak memory footprint
