Threads=8
LoadTime(s)=0.00635875
CODE_EXECUTION_TIME(s)=1.83178
RESULT=262663639
Throughput=1.43392e+08
VertexSetAllocated=0.00 Bytes
MiniGraphAllocated=1.66 MB
        1.84 real        10.04 user         0.06 sys
            21610496  maximum resident set size
                   0  average shared memory size
                   0  average unshared data size
                   0  average unshared stack size
                1404  page reclaims
                  14  page faults
                   0  swaps
                   0  block input operations
                   0  block output operations
                   0  messages sent
                   0  messages received
                   0  signals received
                   1  voluntary context switches
               12020  involuntary context switches
         54188054114  instructions retired
         21000345947  cycles elapsed
            20612160  peak memory footprint
