Threads=8
LoadTime(s)=0.00592596
CODE_EXECUTION_TIME(s)=1.37669
RESULT=262663639
Throughput=1.90794e+08
VertexSetAllocated=0.00 Bytes
MiniGraphAllocated=1.27 MB
        1.38 real         8.84 user         0.04 sys
            21233664  maximum resident set size
                   0  average shared memory size
                   0  average unshared data size
                   0  average unshared stack size
                1404  page reclaims
                   1  page faults
                   0  swaps
                   0  block input operations
                   0  block output operations
                   0  messages sent
                   0  messages received
                   0  signals received
                   4  voluntary context switches
                9831  involuntary context switches
         54135565532  instructions retired
         19785082300  cycles elapsed
            20235328  peak memory footprint
