Threads=8
LoadTime(s)=0.00596342
CODE_EXECUTION_TIME(s)=1.17373
RESULT=262663639
Throughput=2.23786e+08
VertexSetAllocated=0.00 Bytes
MiniGraphAllocated=1.39 MB
        1.18 real         8.62 user         0.04 sys
            21331968  maximum resident set size
                   0  average shared memory size
                   0  average unshared data size
                   0  average unshared stack size
                1401  page reclaims
                   8  page faults
                   0  swaps
                   0  block input operations
                   0  block output operations
                   0  messages sent
                   0  messages received
                   0  signals received
                   1  voluntary context switches
                8435  involuntary context switches
         54131368906  instructions retired
         18687030598  cycles elapsed
            20317184  peak memory footprint
