Threads=8
LoadTime(s)=0.0109888
CODE_EXECUTION_TIME(s)=2.43741
RESULT=262663639
Throughput=1.07764e+08
VertexSetAllocated=0.00 Bytes
MiniGraphAllocated=1.58 MB
        2.45 real        11.04 user         0.07 sys
            21102592  maximum resident set size
                   0  average shared memory size
                   0  average unshared data size
                   0  average unshared stack size
                1418  page reclaims
                   1  page faults
                   0  swaps
                   0  block input operations
                   0  block output operations
                   0  messages sent
                   0  messages received
                   0  signals received
                   4  voluntary context switches
               11700  involuntary context switches
         54172616303  instructions retired
         23269341281  cycles elapsed
            20513856  peak memory footprint
