Threads=8
LoadTime(s)=0.0109431
CODE_EXECUTION_TIME(s)=3.1904
RESULT=262663639
Throughput=8.23294e+07
VertexSetAllocated=0.00 Bytes
MiniGraphAllocated=1.31 MB
        3.21 real        11.04 user         0.15 sys
            20234240  maximum resident set size
                   0  average shared memory size
                   0  average unshared data size
                   0  average unshared stack size
                1444  page reclaims
                   1  page faults
                   0  swaps
                   0  block input operations
                   0  block output operations
                   0  messages sent
                   0  messages received
                   0  signals received
                   0  voluntary context switches
               27779  involuntary context switches
         54276887262  instructions retired
         23512352617  cycles elapsed
            20235264  peak memory footprint
