Threads=8
LoadTime(s)=0.00108083
CODE_EXECUTION_TIME(s)=0.175127
RESULT=5809356
Throughput=3.31722e+07
VertexSetAllocated=0.00 Bytes
MiniGraphAllocated=650.66 KB
        0.18 real         1.29 user         0.00 sys
             6684672  maximum resident set size
                   0  average shared memory size
                   0  average unshared data size
                   0  average unshared stack size
                 514  page reclaims
                   0  page faults
                   0  swaps
                   0  block input operations
                   0  block output operations
                   0  messages sent
                   0  messages received
                   0  signals received
                   0  voluntary context switches
                 862  involuntary context switches
          6564637219  instructions retired
          2858764882  cycles elapsed
             5587648  peak memory footprint
