Threads=8
LoadTime(s)=0.00102308
CODE_EXECUTION_TIME(s)=0.167162
RESULT=5809356
Throughput=3.47529e+07
VertexSetAllocated=0.00 Bytes
MiniGraphAllocated=667.39 KB
        0.17 real         1.27 user         0.00 sys
             6701056  maximum resident set size
                   0  average shared memory size
                   0  average unshared data size
                   0  average unshared stack size
                 514  page reclaims
                   1  page faults
                   0  swaps
                   0  block input operations
                   0  block output operations
                   0  messages sent
                   0  messages received
                   0  signals received
                   1  voluntary context switches
                 872  involuntary context switches
          6563525272  instructions retired
          2820874082  cycles elapsed
             5587584  peak memory footprint
