Threads=8
LoadTime(s)=0.00102333
CODE_EXECUTION_TIME(s)=0.197351
RESULT=5809356
Throughput=2.94367e+07
VertexSetAllocated=0.00 Bytes
MiniGraphAllocated=637.14 KB
        0.20 real         1.29 user         0.01 sys
             6717440  maximum resident set size
                   0  average shared memory size
                   0  average unshared data size
                   0  average unshared stack size
                 499  page reclaims
                  15  page faults
                   0  swaps
                   0  block input operations
                   0  block output operations
                   0  messages sent
                   0  messages received
                   0  signals received
                   1  voluntary context switches
                1519  involuntary context switches
          6569864513  instructions retired
          2900106859  cycles elapsed
             5603968  peak memory footprint
