Threads=8
LoadTime(s)=0.00105875
CODE_EXECUTION_TIME(s)=0.190394
RESULT=5809356
Throughput=3.05122e+07
VertexSetAllocated=0.00 Bytes
MiniGraphAllocated=724.75 KB
        0.19 real         1.31 user         0.00 sys
             6717440  maximum resident set size
                   0  average shared memory size
                   0  average unshared data size
                   0  average unshared stack size
                 516  page reclaims
                   0  page faults
                   0  swaps
                   0  block input operations
                   0  block output operations
                   0  messages sent
                   0  messages received
                   0  signals received
                   1  voluntary context switches
                 486  involuntary context switches
          6561073792  instructions retired
          2937405606  cycles elapsed
             5603968  peak memory footprint
