Threads=8
LoadTime(s)=0.00106783
CODE_EXECUTION_TIME(s)=0.170578
RESULT=5809356
Throughput=3.40569e+07
VertexSetAllocated=0.00 Bytes
MiniGraphAllocated=632.73 KB
        0.17 real         1.25 user         0.00 sys
             6668288  maximum resident set size
                   0  average shared memory size
                   0  average unshared data size
                   0  average unshared stack size
                 512  page reclaims
                   0  page faults
                   0  swaps
                   0  block input operations
                   0  block output operations
                   0  messages sent
                   0  messages received
                   0  signals received
                   0  voluntary context switches
                1320  involuntary context switches
          6565153272  instructions retired
          2759373978  cycles elapsed
             5554816  peak memory footprint
