Threads=8
LoadTime(s)=0.001044
CODE_EXECUTION_TIME(s)=0.198565
RESULT=5809356
Throughput=2.92567e+07
VertexSetAllocated=0.00 Bytes
MiniGraphAllocated=658.00 KB
        0.20 real         1.29 user         0.00 sys
             6701056  maximum resident set size
                   0  average shared memory size
                   0  average unshared data size
                   0  average unshared stack size
                 510  page reclaims
                   1  page faults
                   0  swaps
                   0  block input operations
                   0  block output operations
                   0  messages sent
                   0  messages received
                   0  signals received
                   0  voluntary context switches
                 540  involuntary context switches
          6556552040  instructions retired
          2881031371  cycles elapsed
             5571200  peak memory footprint
