Threads=8
LoadTime(s)=0.00102221
CODE_EXECUTION_TIME(s)=0.169013
RESULT=5809356
Throughput=3.43722e+07
VertexSetAllocated=0.00 Bytes
MiniGraphAllocated=669.20 KB
        0.17 real         1.27 user         0.00 sys
             6717440  maximum resident set size
                   0  average shared memory size
                   0  average unshared data size
                   0  average unshared stack size
                 516  page reclaims
                   0  page faults
                   0  swaps
                   0  block input operations
                   0  block output operations
                   0  messages sent
                   0  messages received
                   0  signals received
                   0  voluntary context switches
                 647  involuntary context switches
          6565559113  instructions retired
          2823385547  cycles elapsed
             5636864  peak memory footprint
