Threads=8
LoadTime(s)=0.00108942
CODE_EXECUTION_TIME(s)=0.176078
RESULT=5809356
Throughput=3.29931e+07
VertexSetAllocated=0.00 Bytes
MiniGraphAllocated=725.18 KB
        0.18 real         1.27 user         0.00 sys
             6766592  maximum resident set size
                   0  average shared memory size
                   0  average unshared data size
                   0  average unshared stack size
                 519  page reclaims
                   0  page faults
                   0  swaps
                   0  block input operations
                   0  block output operations
                   0  messages sent
                   0  messages received
                   0  signals received
                   0  voluntary context switches
                 901  involuntary context switches
          6567810112  instructions retired
          2825390406  cycles elapsed
             5669568  peak memory footprint
