Threads=8
LoadTime(s)=0.00113154
CODE_EXECUTION_TIME(s)=0.168261
RESULT=5809356
Throughput=3.45259e+07
VertexSetAllocated=0.00 Bytes
MiniGraphAllocated=683.10 KB
        0.17 real         1.27 user         0.00 sys
             6701056  maximum resident set size
                   0  average shared memory size
                   0  average unshared data size
                   0  average unshared stack size
                 515  page reclaims
                   0  page faults
                   0  swaps
                   0  block input operations
                   0  block output operations
                   0  messages sent
                   0  messages received
                   0  signals received
                   0  voluntary context switches
                 806  involuntary context switches
          6558717403  instructions retired
          2801585702  cycles elapsed
             5620480  peak memory footprint
