Threads=8
LoadTime(s)=0.00103558
CODE_EXECUTION_TIME(s)=0.213072
RESULT=5809356
Throughput=2.72648e+07
VertexSetAllocated=0.00 Bytes
MiniGraphAllocated=622.65 KB
        0.21 real         1.33 user         0.00 sys
             6684672  maximum resident set size
                   0  average shared memory size
                   0  average unshared data size
                   0  average unshared stack size
                 510  page reclaims
                   1  page faults
                   0  swaps
                   0  block input operations
                   0  block output operations
                   0  messages sent
                   0  messages received
                   0  signals received
                   0  voluntary context switches
                 934  involuntary context switches
          6569407351  instructions retired
          3002853695  cycles elapsed
             5571200  peak memory footprint
