Threads=8
LoadTime(s)=0.00104433
CODE_EXECUTION_TIME(s)=0.168611
RESULT=5809356
Throughput=3.44542e+07
VertexSetAllocated=0.00 Bytes
MiniGraphAllocated=745.57 KB
        0.17 real         1.24 user         0.00 sys
             6848512  maximum resident set size
                   0  average shared memory size
                   0  average unshared data size
                   0  average unshared stack size
                 517  page reclaims
                   0  page faults
                   0  swaps
                   0  block input operations
                   0  block output operations
                   0  messages sent
                   0  messages received
                   0  signals received
                   0  voluntary context switches
                1221  involuntary context switches
          6560639626  instructions retired
          2723188682  cycles elapsed
             5718656  peak memory footprint
