Threads=8
LoadTime(s)=0.00105212
CODE_EXECUTION_TIME(s)=0.163719
RESULT=5809356
Throughput=3.54837e+07
VertexSetAllocated=0.00 Bytes
MiniGraphAllocated=759.64 KB
        0.16 real         1.25 user         0.00 sys
             6832128  maximum resident set size
                   0  average shared memory size
                   0  average unshared data size
                   0  average unshared stack size
                 521  page reclaims
                   0  page faults
                   0  swaps
                   0  block input operations
                   0  block output operations
                   0  messages sent
                   0  messages received
                   0  signals received
                   0  voluntary context switches
                 760  involuntary context switches
          6566528387  instructions retired
          2767485814  cycles elapsed
             5718656  peak memory footprint
