Threads=8
LoadTime(s)=0.00684692
CODE_EXECUTION_TIME(s)=0.975219
RESULT=5809356
Throughput=5.95698e+06
VertexSetAllocated=0.00 Bytes
MiniGraphAllocated=629.01 KB
        0.98 real         1.60 user         0.03 sys
             6651904  maximum resident set size
                   0  average shared memory size
                   0  average unshared data size
                   0  average unshared stack size
                 618  page reclaims
                   1  page faults
                   0  swaps
                   0  block input operations
                   0  block output operations
                   0  messages sent
                   0  messages received
                   0  signals received
                  13  voluntary context switches
                6222  involuntary context switches
          6618688072  instructions retired
          3527133809  cycles elapsed
             5636928  peak memory footprint
