Threads=8
LoadTime(s)=0.000526583
CODE_EXECUTION_TIME(s)=0.192448
RESULT=4514137
Throughput=2.34563e+07
VertexSetAllocated=0.00 Bytes
MiniGraphAllocated=1.17 MB
        0.19 real         1.31 user         0.00 sys
             6045696  maximum resident set size
                   0  average shared memory size
                   0  average unshared data size
                   0  average unshared stack size
                 475  page reclaims
                   0  page faults
                   0  swaps
                   0  block input operations
                   0  block output operations
                   0  messages sent
                   0  messages received
                   0  signals received
                   0  voluntary context switches
                 560  involuntary context switches
          6527456029  instructions retired
          2927545273  cycles elapsed
             4998016  peak memory footprint
