Threads=8
LoadTime(s)=0.000519709
CODE_EXECUTION_TIME(s)=0.197636
RESULT=4514137
Throughput=2.28407e+07
VertexSetAllocated=0.00 Bytes
MiniGraphAllocated=1.22 MB
        0.20 real         1.30 user         0.00 sys
             6012928  maximum resident set size
                   0  average shared memory size
                   0  average unshared data size
                   0  average unshared stack size
                 473  page reclaims
                   0  page faults
                   0  swaps
                   0  block input operations
                   0  block output operations
                   0  messages sent
                   0  messages received
                   0  signals received
                   0  voluntary context switches
                1302  involuntary context switches
          6532339687  instructions retired
          2911049241  cycles elapsed
             4932352  peak memory footprint
