Threads=8
LoadTime(s)=0.000537041
CODE_EXECUTION_TIME(s)=0.163007
RESULT=4514137
Throughput=2.76929e+07
VertexSetAllocated=0.00 Bytes
MiniGraphAllocated=1.27 MB
        0.16 real         1.27 user         0.00 sys
             6193152  maximum resident set size
                   0  average shared memory size
                   0  average unshared data size
                   0  average unshared stack size
                 484  page reclaims
                   0  page faults
                   0  swaps
                   0  block input operations
                   0  block output operations
                   0  messages sent
                   0  messages received
                   0  signals received
                   0  voluntary context switches
                 509  involuntary context switches
          6524024154  instructions retired
          2791411233  cycles elapsed
             5129024  peak memory footprint
