Threads=8
LoadTime(s)=0.000938917
CODE_EXECUTION_TIME(s)=0.31492
RESULT=4514137
Throughput=1.43342e+07
VertexSetAllocated=0.00 Bytes
MiniGraphAllocated=1.22 MB
        0.32 real         1.66 user         0.01 sys
             6176768  maximum resident set size
                   0  average shared memory size
                   0  average unshared data size
                   0  average unshared stack size
                 483  page reclaims
                   0  page faults
                   0  swaps
                   0  block input operations
                   0  block output operations
                   0  messages sent
                   0  messages received
                   0  signals received
                   0  voluntary context switches
                2624  involuntary context switches
          6543908456  instructions retired
          3297595632  cycles elapsed
             5178432  peak memory footprint
