Threads=8
LoadTime(s)=0.00438075
CODE_EXECUTION_TIME(s)=0.416463
RESULT=4514137
Throughput=1.08392e+07
VertexSetAllocated=0.00 Bytes
MiniGraphAllocated=1.19 MB
        0.42 real         1.66 user         0.02 sys
             6160384  maximum resident set size
                   0  average shared memory size
                   0  average unshared data size
                   0  average unshared stack size
                 480  page reclaims
                   0  page faults
                   0  swaps
                   0  block input operations
                   0  block output operations
                   0  messages sent
                   0  messages received
                   0  signals received
                   1  voluntary context switches
                4417  involuntary context switches
          6559761038  instructions retired
          3457890206  cycles elapsed
             5145600  peak memory footprint
