Threads=8
LoadTime(s)=0.000539792
CODE_EXECUTION_TIME(s)=0.175744
RESULT=4514137
Throughput=2.56858e+07
VertexSetAllocated=0.00 Bytes
MiniGraphAllocated=1.35 MB
        0.18 real         1.34 user         0.00 sys
             6275072  maximum resident set size
                   0  average shared memory size
                   0  average unshared data size
                   0  average unshared stack size
                 488  page reclaims
                   0  page faults
                   0  swaps
                   0  block input operations
                   0  block output operations
                   0  messages sent
                   0  messages received
                   0  signals received
                   0  voluntary context switches
                 586  involuntary context switches
          6526776878  instructions retired
          2861835000  cycles elapsed
             5227392  peak memory footprint
