Threads=8
LoadTime(s)=0.000536459
CODE_EXECUTION_TIME(s)=0.19496
RESULT=4514137
Throughput=2.31542e+07
VertexSetAllocated=0.00 Bytes
MiniGraphAllocated=1.09 MB
        0.19 real         1.31 user         0.00 sys
             6045696  maximum resident set size
                   0  average shared memory size
                   0  average unshared data size
                   0  average unshared stack size
                 472  page reclaims
                   1  page faults
                   0  swaps
                   0  block input operations
                   0  block output operations
                   0  messages sent
                   0  messages received
                   0  signals received
                   1  voluntary context switches
                1020  involuntary context switches
          6528316943  instructions retired
          2938315641  cycles elapsed
             5014464  peak memory footprint
