Threads=8
LoadTime(s)=0.000563792
CODE_EXECUTION_TIME(s)=0.189343
RESULT=4514137
Throughput=2.38411e+07
VertexSetAllocated=0.00 Bytes
MiniGraphAllocated=1.16 MB
        0.19 real         1.30 user         0.00 sys
             6062080  maximum resident set size
                   0  average shared memory size
                   0  average unshared data size
                   0  average unshared stack size
                 476  page reclaims
                   0  page faults
                   0  swaps
                   0  block input operations
                   0  block output operations
                   0  messages sent
                   0  messages received
                   0  signals received
                   0  voluntary context switches
                 553  involuntary context switches
          6523968582  instructions retired
          2903683471  cycles elapsed
             5030848  peak memory footprint
