Threads=8
LoadTime(s)=0.000534
CODE_EXECUTION_TIME(s)=0.222185
RESULT=4514137
Throughput=2.0317e+07
VertexSetAllocated=0.00 Bytes
MiniGraphAllocated=1.19 MB
        0.22 real         1.41 user         0.01 sys
             6127616  maximum resident set size
                   0  average shared memory size
                   0  average unshared data size
                   0  average unshared stack size
                 480  page reclaims
                   0  page faults
                   0  swaps
                   0  block input operations
                   0  block output operations
                   0  messages sent
                   0  messages received
                   0  signals received
                   0  voluntary context switches
                1922  involuntary context switches
          6537054032  instructions retired
          3034155255  cycles elapsed
             5112832  peak memory footprint
