Threads=8
LoadTime(s)=0.000988125
CODE_EXECUTION_TIME(s)=0.412044
RESULT=4514137
Throughput=1.09555e+07
VertexSetAllocated=0.00 Bytes
MiniGraphAllocated=1.15 MB
        0.42 real         1.63 user         0.02 sys
             6045696  maximum resident set size
                   0  average shared memory size
                   0  average unshared data size
                   0  average unshared stack size
                 477  page reclaims
                   0  page faults
                   0  swaps
                   0  block input operations
                   0  block output operations
                   0  messages sent
                   0  messages received
                   0  signals received
                   0  voluntary context switches
                3859  involuntary context switches
          6553650120  instructions retired
          3383766531  cycles elapsed
             4998016  peak memory footprint
