Threads=1
LoadTime(s)=0.00988504
CODE_EXECUTION_TIME(s)=2.76841
RESULT=252893
Throughput=91349.4
VertexSetAllocated=130.40 KB
MiniGraphAllocated=0.00 Bytes
        3.06 real         2.63 user         0.03 sys
            19038208  maximum resident set size
                   0  average shared memory size
                   0  average unshared data size
                   0  average unshared stack size
                1269  page reclaims
                   1  page faults
                   0  swaps
                   0  block input operations
                   0  block output operations
                   0  messages sent
                   0  messages received
                   0  signals received
                   1  voluntary context switches
                5615  involuntary context switches
         17239413819  instructions retired
          5096945821  cycles elapsed
            17662592  peak memory footprint
