Threads=16
LoadTime(s)=0.009573
CODE_EXECUTION_TIME(s)=0.738027
RESULT=252893
Throughput=342661
VertexSetAllocated=2.04 MB
MiniGraphAllocated=0.00 Bytes
        1.04 real         4.05 user         0.02 sys
            20267008  maximum resident set size
                   0  average shared memory size
                   0  average unshared data size
                   0  average unshared stack size
                1357  page reclaims
                   1  page faults
                   0  swaps
                   0  block input operations
                   0  block output operations
                   0  messages sent
                   0  messages received
                   0  signals received
                   0  voluntary context switches
                1795  involuntary context switches
         17266990944  instructions retired
          8422374866  cycles elapsed
            19023104  peak memory footprint
