Threads=1
LoadTime(s)=0.0112965
CODE_EXECUTION_TIME(s)=1.09176
RESULT=16713192
Throughput=1.53085e+07
VertexSetAllocated=0.00 Bytes
MiniGraphAllocated=91.13 KB
        1.39 real         1.09 user         0.01 sys
            19169280  maximum resident set size
                   0  average shared memory size
                   0  average unshared data size
                   0  average unshared stack size
                1280  page reclaims
                   1  page faults
                   0  swaps
                   0  block input operations
                   0  block output operations
                   0  messages sent
                   0  messages received
                   0  signals received
                   0  voluntary context switches
                  36  involuntary context switches
          7609185287  instructions retired
          2168981409  cycles elapsed
            17826688  peak memory footprint
