Threads=1
LoadTime(s)=0.00947663
CODE_EXECUTION_TIME(s)=2.7179
RESULT=50139576
Throughput=1.84479e+07
VertexSetAllocated=65.20 KB
MiniGraphAllocated=90.22 KB
        3.01 real         2.71 user         0.01 sys
            19251200  maximum resident set size
                   0  average shared memory size
                   0  average unshared data size
                   0  average unshared stack size
                1282  page reclaims
                   1  page faults
                   0  swaps
                   0  block input operations
                   0  block output operations
                   0  messages sent
                   0  messages received
                   0  signals received
                   0  voluntary context switches
                 299  involuntary context switches
         19052327740  instructions retired
          5371950889  cycles elapsed
            17875712  peak memory footprint
