Threads=2
LoadTime(s)=0.00970821
CODE_EXECUTION_TIME(s)=0.536793
RESULT=16713192
Throughput=3.11353e+07
VertexSetAllocated=0.00 Bytes
MiniGraphAllocated=129.21 KB
        0.85 real         1.07 user         0.01 sys
            19251200  maximum resident set size
                   0  average shared memory size
                   0  average unshared data size
                   0  average unshared stack size
                1282  page reclaims
                   1  page faults
                   0  swaps
                   0  block input operations
                   0  block output operations
                   0  messages sent
                   0  messages received
                   0  signals received
                   0  voluntary context switches
                 244  involuntary context switches
          7544020668  instructions retired
          2133181227  cycles elapsed
            17810048  peak memory footprint
