Threads=8
LoadTime(s)=0.0108514
CODE_EXECUTION_TIME(s)=1.72004
RESULT=258570802
Throughput=1.50329e+08
VertexSetAllocated=521.59 KB
MiniGraphAllocated=780.99 KB
        2.04 real        10.15 user         0.05 sys
            20627456  maximum resident set size
                   0  average shared memory size
                   0  average unshared data size
                   0  average unshared stack size
                1375  page reclaims
                   2  page faults
                   0  swaps
                   0  block input operations
                   0  block output operations
                   0  messages sent
                   0  messages received
                   0  signals received
                   0  voluntary context switches
                9188  involuntary context switches
         50184694280  instructions retired
         19786256578  cycles elapsed
            19317888  peak memory footprint
