Threads=1
LoadTime(s)=0.0106608
CODE_EXECUTION_TIME(s)=17.4689
RESULT=4816095
Throughput=275695
VertexSetAllocated=260.80 KB
MiniGraphAllocated=345.68 KB
       17.77 real        17.26 user         0.09 sys
            19496960  maximum resident set size
                   0  average shared memory size
                   0  average unshared data size
                   0  average unshared stack size
                1295  page reclaims
                   3  page faults
                   0  swaps
                   0  block input operations
                   0  block output operations
                   0  messages sent
                   0  messages received
                   0  signals received
                   0  voluntary context switches
                5704  involuntary context switches
        122624749961  instructions retired
         34181289093  cycles elapsed
            18088640  peak memory footprint
