Threads=4
LoadTime(s)=0.00961933
CODE_EXECUTION_TIME(s)=1.71517
RESULT=50139576
Throughput=2.92331e+07
VertexSetAllocated=260.80 KB
MiniGraphAllocated=327.71 KB
        2.14 real         4.49 user         0.06 sys
            19709952  maximum resident set size
                   0  average shared memory size
                   0  average unshared data size
                   0  average unshared stack size
                1316  page reclaims
                   2  page faults
                   0  swaps
                   0  block input operations
                   0  block output operations
                   0  messages sent
                   0  messages received
                   0  signals received
                   0  voluntary context switches
                8537  involuntary context switches
         19078441824  instructions retired
          9565622622  cycles elapsed
            18318144  peak memory footprint
