Threads=4
LoadTime(s)=0.0219448
CODE_EXECUTION_TIME(s)=1.9773
RESULT=258570802
Throughput=1.3077e+08
VertexSetAllocated=260.80 KB
MiniGraphAllocated=416.23 KB
        2.32 real         7.68 user         0.04 sys
            19955712  maximum resident set size
                   0  average shared memory size
                   0  average unshared data size
                   0  average unshared stack size
                1330  page reclaims
                   1  page faults
                   0  swaps
                   0  block input operations
                   0  block output operations
                   0  messages sent
                   0  messages received
                   0  signals received
                   1  voluntary context switches
                5051  involuntary context switches
         50184957002  instructions retired
         14767742539  cycles elapsed
            18596800  peak memory footprint
