Threads=1
LoadTime(s)=0.00797525
CODE_EXECUTION_TIME(s)=0.117257
RESULT=727044
Throughput=6.20042e+06
VertexSetAllocated=0.00 Bytes
MiniGraphAllocated=0.00 Bytes
        0.47 real         0.11 user         0.00 sys
             5423104  maximum resident set size
                   0  average shared memory size
                   0  average unshared data size
                   0  average unshared stack size
                 437  page reclaims
                   2  page faults
                   0  swaps
                   0  block input operations
                   0  block output operations
                   0  messages sent
                   0  messages received
                   0  signals received
                  10  voluntary context switches
                 204  involuntary context switches
           577660008  instructions retired
           182080463  cycles elapsed
             4063936  peak memory footprint
