Threads=16
LoadTime(s)=0.00254608
CODE_EXECUTION_TIME(s)=0.215558
RESULT=5809356
Throughput=2.69504e+07
VertexSetAllocated=0.00 Bytes
MiniGraphAllocated=1.13 MB
        0.51 real         1.31 user         0.02 sys
             7176192  maximum resident set size
                   0  average shared memory size
                   0  average unshared data size
                   0  average unshared stack size
                 565  page reclaims
                   1  page faults
                   0  swaps
                   0  block input operations
                   0  block output operations
                   0  messages sent
                   0  messages received
                   0  signals received
                   0  voluntary context switches
                4740  involuntary context switches
          6352619455  instructions retired
          2863066358  cycles elapsed
             5784384  peak memory footprint
