Threads=8
LoadTime(s)=0.00778542
CODE_EXECUTION_TIME(s)=16.2256
RESULT=4479591993
Throughput=2.76082e+08
VertexSetAllocated=1.08 MB
MiniGraphAllocated=1.53 MB
       16.53 real        68.36 user         0.63 sys
             7798784  maximum resident set size
                   0  average shared memory size
                   0  average unshared data size
                   0  average unshared stack size
                 651  page reclaims
                   3  page faults
                   0  swaps
                   0  block input operations
                   0  block output operations
                   0  messages sent
                   0  messages received
                   0  signals received
                   9  voluntary context switches
              110280  involuntary context switches
        426749608028  instructions retired
        136074185040  cycles elapsed
             6554944  peak memory footprint
