Threads=16
LoadTime(s)=0.00276246
CODE_EXECUTION_TIME(s)=0.0223614
RESULT=727044
Throughput=3.25134e+07
VertexSetAllocated=0.00 Bytes
MiniGraphAllocated=0.00 Bytes
        0.35 real         0.10 user         0.00 sys
             5750784  maximum resident set size
                   0  average shared memory size
                   0  average unshared data size
                   0  average unshared stack size
                 472  page reclaims
                   1  page faults
                   0  swaps
                   0  block input operations
                   0  block output operations
                   0  messages sent
                   0  messages received
                   0  signals received
                   1  voluntary context switches
                 224  involuntary context switches
           583229641  instructions retired
           253408775  cycles elapsed
             4375296  peak memory footprint
