Threads=16
LoadTime(s)=0.00264317
CODE_EXECUTION_TIME(s)=0.0656888
RESULT=2341639
Throughput=3.56475e+07
VertexSetAllocated=0.00 Bytes
MiniGraphAllocated=687.39 KB
        0.37 real         0.42 user         0.00 sys
             6668288  maximum resident set size
                   0  average shared memory size
                   0  average unshared data size
                   0  average unshared stack size
                 535  page reclaims
                   1  page faults
                   0  swaps
                   0  block input operations
                   0  block output operations
                   0  messages sent
                   0  messages received
                   0  signals received
                   0  voluntary context switches
                 423  involuntary context switches
          2096263126  instructions retired
           932423678  cycles elapsed
             5276480  peak memory footprint
