Threads=16
LoadTime(s)=0.00830779
CODE_EXECUTION_TIME(s)=20.3187
RESULT=4479591993
Throughput=2.20466e+08
VertexSetAllocated=2.17 MB
MiniGraphAllocated=2.55 MB
       20.66 real        67.89 user         0.97 sys
             8650752  maximum resident set size
                   0  average shared memory size
                   0  average unshared data size
                   0  average unshared stack size
                 806  page reclaims
                   3  page faults
                   0  swaps
                   0  block input operations
                   0  block output operations
                   0  messages sent
                   0  messages received
                   0  signals received
                  11  voluntary context switches
              184651  involuntary context switches
        427386856647  instructions retired
        139423270651  cycles elapsed
             8095168  peak memory footprint
