Threads=4
LoadTime(s)=0.0129497
CODE_EXECUTION_TIME(s)=17.1431
RESULT=4479591993
Throughput=2.61306e+08
VertexSetAllocated=554.52 KB
MiniGraphAllocated=908.32 KB
       17.47 real        64.55 user         0.26 sys
             6799360  maximum resident set size
                   0  average shared memory size
                   0  average unshared data size
                   0  average unshared stack size
                 512  page reclaims
                  16  page faults
                   0  swaps
                   0  block input operations
                   0  block output operations
                   0  messages sent
                   0  messages received
                   0  signals received
                  10  voluntary context switches
               27686  involuntary context switches
        426027009077  instructions retired
        100215037600  cycles elapsed
             5440448  peak memory footprint
