Threads=8
LoadTime(s)=0.00204858
CODE_EXECUTION_TIME(s)=0.024422
RESULT=727044
Throughput=2.97701e+07
VertexSetAllocated=0.00 Bytes
MiniGraphAllocated=0.00 Bytes
        0.34 real         0.11 user         0.00 sys
             5488640  maximum resident set size
                   0  average shared memory size
                   0  average unshared data size
                   0  average unshared stack size
                 450  page reclaims
                   1  page faults
                   0  swaps
                   0  block input operations
                   0  block output operations
                   0  messages sent
                   0  messages received
                   0  signals received
                   0  voluntary context switches
                  82  involuntary context switches
           581119521  instructions retired
           249403238  cycles elapsed
             4080256  peak memory footprint
