Threads=2
LoadTime(s)=0.00262013
CODE_EXECUTION_TIME(s)=0.210041
RESULT=2341639
Throughput=1.11485e+07
VertexSetAllocated=0.00 Bytes
MiniGraphAllocated=114.97 KB
        0.55 real         0.41 user         0.00 sys
             5505024  maximum resident set size
                   0  average shared memory size
                   0  average unshared data size
                   0  average unshared stack size
                 444  page reclaims
                   1  page faults
                   0  swaps
                   0  block input operations
                   0  block output operations
                   0  messages sent
                   0  messages received
                   0  signals received
                   0  voluntary context switches
                 351  involuntary context switches
          2093807201  instructions retired
           671362999  cycles elapsed
             4063872  peak memory footprint
