Threads=8
LoadTime(s)=0.00252479
CODE_EXECUTION_TIME(s)=2.56886
RESULT=8821744
Throughput=3.43412e+06
VertexSetAllocated=2.17 MB
MiniGraphAllocated=0.00 Bytes
        2.86 real        10.15 user         0.07 sys
             5947392  maximum resident set size
                   0  average shared memory size
                   0  average unshared data size
                   0  average unshared stack size
                 475  page reclaims
                   2  page faults
                   0  swaps
                   0  block input operations
                   0  block output operations
                   0  messages sent
                   0  messages received
                   0  signals received
                   1  voluntary context switches
               12047  involuntary context switches
         49211452676  instructions retired
         21776945973  cycles elapsed
             4654144  peak memory footprint
