Threads=1
LoadTime(s)=0.00153671
CODE_EXECUTION_TIME(s)=1.73852
RESULT=6233709
Throughput=3.58563e+06
VertexSetAllocated=241.72 KB
MiniGraphAllocated=867.82 KB
        2.08 real         1.52 user         0.01 sys
             4964352  maximum resident set size
                   0  average shared memory size
                   0  average unshared data size
                   0  average unshared stack size
                 410  page reclaims
                   1  page faults
                   0  swaps
                   0  block input operations
                   0  block output operations
                   0  messages sent
                   0  messages received
                   0  signals received
                   0  voluntary context switches
                1927  involuntary context switches
          8462875489  instructions retired
          2771726411  cycles elapsed
             3588864  peak memory footprint
