Threads=1
LoadTime(s)=0.001687
CODE_EXECUTION_TIME(s)=174.396
RESULT=1527784701
Throughput=8.76043e+06
VertexSetAllocated=966.89 KB
MiniGraphAllocated=1.42 MB
      174.68 real       165.99 user         0.92 sys
             5390336  maximum resident set size
                   0  average shared memory size
                   0  average unshared data size
                   0  average unshared stack size
                 664  page reclaims
                   2  page faults
                   0  swaps
                   0  block input operations
                   0  block output operations
                   0  messages sent
                   0  messages received
                   0  signals received
                   8  voluntary context switches
               85653  involuntary context switches
       1012826262595  instructions retired
        326410050751  cycles elapsed
             4047488  peak memory footprint
