Threads=2
LoadTime(s)=0.00204096
CODE_EXECUTION_TIME(s)=0.284278
RESULT=2077903
Throughput=7.30939e+06
VertexSetAllocated=0.00 Bytes
MiniGraphAllocated=320.50 KB
        0.81 real         0.55 user         0.00 sys
             4653056  maximum resident set size
                   0  average shared memory size
                   0  average unshared data size
                   0  average unshared stack size
                 392  page reclaims
                   1  page faults
                   0  swaps
                   0  block input operations
                   0  block output operations
                   0  messages sent
                   0  messages received
                   0  signals received
                   0  voluntary context switches
                 982  involuntary context switches
          2323782799  instructions retired
           780134155  cycles elapsed
             3244800  peak memory footprint
