Threads=16
LoadTime(s)=0.00129912
CODE_EXECUTION_TIME(s)=5.02201
RESULT=32230662
Throughput=6.41788e+06
VertexSetAllocated=7.55 MB
MiniGraphAllocated=0.00 Bytes
        5.37 real        13.43 user         0.09 sys
             5193728  maximum resident set size
                   0  average shared memory size
                   0  average unshared data size
                   0  average unshared stack size
                 436  page reclaims
                   2  page faults
                   0  swaps
                   0  block input operations
                   0  block output operations
                   0  messages sent
                   0  messages received
                   0  signals received
                   0  voluntary context switches
               17411  involuntary context switches
         69250684813  instructions retired
         30222514708  cycles elapsed
             3966272  peak memory footprint
