Threads=16
LoadTime(s)=0.00167192
CODE_EXECUTION_TIME(s)=0.251754
RESULT=4514137
Throughput=1.79307e+07
VertexSetAllocated=0.00 Bytes
MiniGraphAllocated=1.81 MB
        0.54 real         1.35 user         0.00 sys
             6766592  maximum resident set size
                   0  average shared memory size
                   0  average unshared data size
                   0  average unshared stack size
                 540  page reclaims
                   1  page faults
                   0  swaps
                   0  block input operations
                   0  block output operations
                   0  messages sent
                   0  messages received
                   0  signals received
                   0  voluntary context switches
                 841  involuntary context switches
          6152416652  instructions retired
          2896004558  cycles elapsed
             5457024  peak memory footprint
