Threads=16
LoadTime(s)=0.00158921
CODE_EXECUTION_TIME(s)=0.0212177
RESULT=608389
Throughput=2.86737e+07
VertexSetAllocated=0.00 Bytes
MiniGraphAllocated=0.00 Bytes
        0.31 real         0.12 user         0.00 sys
             4374528  maximum resident set size
                   0  average shared memory size
                   0  average unshared data size
                   0  average unshared stack size
                 391  page reclaims
                   1  page faults
                   0  swaps
                   0  block input operations
                   0  block output operations
                   0  messages sent
                   0  messages received
                   0  signals received
                   0  voluntary context switches
                 125  involuntary context switches
           748076188  instructions retired
           286525555  cycles elapsed
             2999040  peak memory footprint
