Threads=4
LoadTime(s)=0.00176329
CODE_EXECUTION_TIME(s)=0.033152
RESULT=608389
Throughput=1.83515e+07
VertexSetAllocated=0.00 Bytes
MiniGraphAllocated=0.00 Bytes
        0.32 real         0.12 user         0.00 sys
             4014080  maximum resident set size
                   0  average shared memory size
                   0  average unshared data size
                   0  average unshared stack size
                 357  page reclaims
                   1  page faults
                   0  swaps
                   0  block input operations
                   0  block output operations
                   0  messages sent
                   0  messages received
                   0  signals received
                   0  voluntary context switches
                 177  involuntary context switches
           747112332  instructions retired
           275197782  cycles elapsed
             2589248  peak memory footprint
