Threads=8
LoadTime(s)=0.00167129
CODE_EXECUTION_TIME(s)=0.792573
RESULT=6233709
Throughput=7.86515e+06
VertexSetAllocated=1.89 MB
MiniGraphAllocated=3.34 MB
        1.08 real         1.71 user         0.02 sys
             8388608  maximum resident set size
                   0  average shared memory size
                   0  average unshared data size
                   0  average unshared stack size
                 613  page reclaims
                  18  page faults
                   0  swaps
                   0  block input operations
                   0  block output operations
                   0  messages sent
                   0  messages received
                   0  signals received
                   3  voluntary context switches
                3024  involuntary context switches
          8479005415  instructions retired
          3786383418  cycles elapsed
             7111936  peak memory footprint
