Threads=4
LoadTime(s)=0.00168817
CODE_EXECUTION_TIME(s)=0.111824
RESULT=2077903
Throughput=1.85819e+07
VertexSetAllocated=0.00 Bytes
MiniGraphAllocated=608.02 KB
        0.40 real         0.42 user         0.00 sys
             4980736  maximum resident set size
                   0  average shared memory size
                   0  average unshared data size
                   0  average unshared stack size
                 420  page reclaims
                   1  page faults
                   0  swaps
                   0  block input operations
                   0  block output operations
                   0  messages sent
                   0  messages received
                   0  signals received
                   0  voluntary context switches
                 304  involuntary context switches
          2319017720  instructions retired
           855824710  cycles elapsed
             3605376  peak memory footprint
