Threads=4
LoadTime(s)=0.00161517
CODE_EXECUTION_TIME(s)=0.540427
RESULT=6233709
Throughput=1.15348e+07
VertexSetAllocated=966.89 KB
MiniGraphAllocated=1.86 MB
        0.85 real         1.79 user         0.01 sys
             6504448  maximum resident set size
                   0  average shared memory size
                   0  average unshared data size
                   0  average unshared stack size
                 512  page reclaims
                   1  page faults
                   0  swaps
                   0  block input operations
                   0  block output operations
                   0  messages sent
                   0  messages received
                   0  signals received
                   0  voluntary context switches
                2531  involuntary context switches
          8469534961  instructions retired
          3787323505  cycles elapsed
             5161984  peak memory footprint
