Threads=2
LoadTime(s)=0.00156029
CODE_EXECUTION_TIME(s)=0.299673
RESULT=2077903
Throughput=6.9339e+06
VertexSetAllocated=0.00 Bytes
MiniGraphAllocated=320.50 KB
        0.65 real         0.59 user         0.00 sys
             4538368  maximum resident set size
                   0  average shared memory size
                   0  average unshared data size
                   0  average unshared stack size
                 385  page reclaims
                   1  page faults
                   0  swaps
                   0  block input operations
                   0  block output operations
                   0  messages sent
                   0  messages received
                   0  signals received
                   0  voluntary context switches
                 556  involuntary context switches
          2320665614  instructions retired
           772737130  cycles elapsed
             3163008  peak memory footprint
