Threads=8
LoadTime(s)=0.00680037
CODE_EXECUTION_TIME(s)=2.83466
RESULT=262663639
Throughput=9.26614e+07
VertexSetAllocated=0.00 Bytes
MiniGraphAllocated=747.34 KB
        2.84 real         7.55 user         0.05 sys
            20316160  maximum resident set size
                   0  average shared memory size
                   0  average unshared data size
                   0  average unshared stack size
                1346  page reclaims
                   8  page faults
                   0  swaps
                   0  block input operations
                   0  block output operations
                   0  messages sent
                   0  messages received
                   0  signals received
                   1  voluntary context switches
                9386  involuntary context switches
         52621015531  instructions retired
         16108632014  cycles elapsed
            18973696  peak memory footprint
