Threads=8
LoadTime(s)=0.00624508
CODE_EXECUTION_TIME(s)=3.49549
RESULT=262663639
Throughput=7.51435e+07
VertexSetAllocated=0.00 Bytes
MiniGraphAllocated=787.49 KB
        3.50 real         8.27 user         0.08 sys
            20316160  maximum resident set size
                   0  average shared memory size
                   0  average unshared data size
                   0  average unshared stack size
                1353  page reclaims
                   1  page faults
                   0  swaps
                   0  block input operations
                   0  block output operations
                   0  messages sent
                   0  messages received
                   0  signals received
                   0  voluntary context switches
               14587  involuntary context switches
         52687829394  instructions retired
         16477260118  cycles elapsed
            18957248  peak memory footprint
