Threads=8
LoadTime(s)=0.00641346
CODE_EXECUTION_TIME(s)=2.65679
RESULT=262663639
Throughput=9.88649e+07
VertexSetAllocated=0.00 Bytes
MiniGraphAllocated=767.41 KB
        2.66 real         7.38 user         0.01 sys
            20283392  maximum resident set size
                   0  average shared memory size
                   0  average unshared data size
                   0  average unshared stack size
                1345  page reclaims
                   9  page faults
                   0  swaps
                   0  block input operations
                   0  block output operations
                   0  messages sent
                   0  messages received
                   0  signals received
                   0  voluntary context switches
                1099  involuntary context switches
         52543109835  instructions retired
         15480733276  cycles elapsed
            18924480  peak memory footprint
