Threads=8
LoadTime(s)=0.0063055
CODE_EXECUTION_TIME(s)=2.68867
RESULT=262663639
Throughput=9.76927e+07
VertexSetAllocated=0.00 Bytes
MiniGraphAllocated=747.34 KB
        2.70 real         7.49 user         0.02 sys
            20234240  maximum resident set size
                   0  average shared memory size
                   0  average unshared data size
                   0  average unshared stack size
                1347  page reclaims
                   1  page faults
                   0  swaps
                   0  block input operations
                   0  block output operations
                   0  messages sent
                   0  messages received
                   0  signals received
                   0  voluntary context switches
                2046  involuntary context switches
         52553932083  instructions retired
         15539935975  cycles elapsed
            18842432  peak memory footprint
