Threads=8
LoadTime(s)=0.00661121
CODE_EXECUTION_TIME(s)=3.41599
RESULT=262663639
Throughput=7.68923e+07
VertexSetAllocated=0.00 Bytes
MiniGraphAllocated=767.41 KB
        3.42 real         9.11 user         0.02 sys
            20267008  maximum resident set size
                   0  average shared memory size
                   0  average unshared data size
                   0  average unshared stack size
                1350  page reclaims
                   1  page faults
                   0  swaps
                   0  block input operations
                   0  block output operations
                   0  messages sent
                   0  messages received
                   0  signals received
                   0  voluntary context switches
                3346  involuntary context switches
         52573611055  instructions retired
         18352922001  cycles elapsed
            18891648  peak memory footprint
