Threads=8
LoadTime(s)=0.00811483
CODE_EXECUTION_TIME(s)=4.51894
RESULT=262663639
Throughput=5.81251e+07
VertexSetAllocated=0.00 Bytes
MiniGraphAllocated=727.27 KB
        4.53 real         9.51 user         0.09 sys
            20299776  maximum resident set size
                   0  average shared memory size
                   0  average unshared data size
                   0  average unshared stack size
                1353  page reclaims
                   2  page faults
                   0  swaps
                   0  block input operations
                   0  block output operations
                   0  messages sent
                   0  messages received
                   0  signals received
                   0  voluntary context switches
               17050  involuntary context switches
         52673311674  instructions retired
         19400020547  cycles elapsed
            18990208  peak memory footprint
