Threads=8
LoadTime(s)=0.00621254
CODE_EXECUTION_TIME(s)=2.6754
RESULT=262663639
Throughput=9.81775e+07
VertexSetAllocated=0.00 Bytes
MiniGraphAllocated=767.41 KB
        2.68 real         7.39 user         0.02 sys
            20250624  maximum resident set size
                   0  average shared memory size
                   0  average unshared data size
                   0  average unshared stack size
                1350  page reclaims
                   1  page faults
                   0  swaps
                   0  block input operations
                   0  block output operations
                   0  messages sent
                   0  messages received
                   0  signals received
                   0  voluntary context switches
                2156  involuntary context switches
         52558584661  instructions retired
         15514378845  cycles elapsed
            18875264  peak memory footprint
