Threads=8
LoadTime(s)=0.00617321
CODE_EXECUTION_TIME(s)=2.67863
RESULT=262663639
Throughput=9.8059e+07
VertexSetAllocated=0.00 Bytes
MiniGraphAllocated=767.41 KB
        2.68 real         7.37 user         0.02 sys
            20316160  maximum resident set size
                   0  average shared memory size
                   0  average unshared data size
                   0  average unshared stack size
                1353  page reclaims
                   1  page faults
                   0  swaps
                   0  block input operations
                   0  block output operations
                   0  messages sent
                   0  messages received
                   0  signals received
                   0  voluntary context switches
                2406  involuntary context switches
         52562482335  instructions retired
         15448662477  cycles elapsed
            18990144  peak memory footprint
