Threads=8
LoadTime(s)=0.00790454
CODE_EXECUTION_TIME(s)=3.95976
RESULT=262663639
Throughput=6.63333e+07
VertexSetAllocated=0.00 Bytes
MiniGraphAllocated=787.49 KB
        3.97 real         9.47 user         0.06 sys
            20299776  maximum resident set size
                   0  average shared memory size
                   0  average unshared data size
                   0  average unshared stack size
                1354  page reclaims
                   2  page faults
                   0  swaps
                   0  block input operations
                   0  block output operations
                   0  messages sent
                   0  messages received
                   0  signals received
                   1  voluntary context switches
               10019  involuntary context switches
         52639324654  instructions retired
         19251087690  cycles elapsed
            18940864  peak memory footprint
