Threads=8
LoadTime(s)=0.0130437
CODE_EXECUTION_TIME(s)=4.09466
RESULT=262663639
Throughput=6.41478e+07
VertexSetAllocated=0.00 Bytes
MiniGraphAllocated=747.34 KB
        4.11 real         9.24 user         0.13 sys
            20234240  maximum resident set size
                   0  average shared memory size
                   0  average unshared data size
                   0  average unshared stack size
                1346  page reclaims
                   8  page faults
                   0  swaps
                   0  block input operations
                   0  block output operations
                   0  messages sent
                   0  messages received
                   0  signals received
                   1  voluntary context switches
               23274  involuntary context switches
         52732351274  instructions retired
         18855766025  cycles elapsed
            18941120  peak memory footprint
