Threads=8
LoadTime(s)=0.00600171
CODE_EXECUTION_TIME(s)=3.73915
RESULT=262663639
Throughput=7.02469e+07
VertexSetAllocated=0.00 Bytes
MiniGraphAllocated=747.34 KB
        3.74 real         9.39 user         0.05 sys
            20267008  maximum resident set size
                   0  average shared memory size
                   0  average unshared data size
                   0  average unshared stack size
                1350  page reclaims
                   1  page faults
                   0  swaps
                   0  block input operations
                   0  block output operations
                   0  messages sent
                   0  messages received
                   0  signals received
                   0  voluntary context switches
                8516  involuntary context switches
         52597833574  instructions retired
         18355875024  cycles elapsed
            18924544  peak memory footprint
