Threads=8
LoadTime(s)=0.00598525
CODE_EXECUTION_TIME(s)=2.67248
RESULT=262663639
Throughput=9.82847e+07
VertexSetAllocated=0.00 Bytes
MiniGraphAllocated=767.41 KB
        2.68 real         7.40 user         0.02 sys
            20348928  maximum resident set size
                   0  average shared memory size
                   0  average unshared data size
                   0  average unshared stack size
                1355  page reclaims
                   1  page faults
                   0  swaps
                   0  block input operations
                   0  block output operations
                   0  messages sent
                   0  messages received
                   0  signals received
                   0  voluntary context switches
                1948  involuntary context switches
         52558968543  instructions retired
         15540928392  cycles elapsed
            19006464  peak memory footprint
