Threads=8
LoadTime(s)=0.00245167
CODE_EXECUTION_TIME(s)=0.394631
RESULT=5809356
Throughput=1.4721e+07
VertexSetAllocated=0.00 Bytes
MiniGraphAllocated=604.86 KB
        0.40 real         1.57 user         0.01 sys
             6356992  maximum resident set size
                   0  average shared memory size
                   0  average unshared data size
                   0  average unshared stack size
                 500  page reclaims
                   1  page faults
                   0  swaps
                   0  block input operations
                   0  block output operations
                   0  messages sent
                   0  messages received
                   0  signals received
                   0  voluntary context switches
                2325  involuntary context switches
          6326788741  instructions retired
          3385807150  cycles elapsed
             4965184  peak memory footprint
