Threads=8
LoadTime(s)=0.00202204
CODE_EXECUTION_TIME(s)=0.454381
RESULT=5809356
Throughput=1.27852e+07
VertexSetAllocated=0.00 Bytes
MiniGraphAllocated=604.86 KB
        0.46 real         1.59 user         0.02 sys
             6209536  maximum resident set size
                   0  average shared memory size
                   0  average unshared data size
                   0  average unshared stack size
                 491  page reclaims
                   9  page faults
                   0  swaps
                   0  block input operations
                   0  block output operations
                   0  messages sent
                   0  messages received
                   0  signals received
                   1  voluntary context switches
                3729  involuntary context switches
          6342563262  instructions retired
          3487844994  cycles elapsed
             4834176  peak memory footprint
