Threads=8
LoadTime(s)=0.00213713
CODE_EXECUTION_TIME(s)=0.388507
RESULT=5809356
Throughput=1.4953e+07
VertexSetAllocated=0.00 Bytes
MiniGraphAllocated=604.86 KB
        0.39 real         1.57 user         0.01 sys
             6406144  maximum resident set size
                   0  average shared memory size
                   0  average unshared data size
                   0  average unshared stack size
                 505  page reclaims
                   1  page faults
                   0  swaps
                   0  block input operations
                   0  block output operations
                   0  messages sent
                   0  messages received
                   0  signals received
                   0  voluntary context switches
                2093  involuntary context switches
          6325073709  instructions retired
          3388987613  cycles elapsed
             5047232  peak memory footprint
