Threads=8
LoadTime(s)=0.00171788
CODE_EXECUTION_TIME(s)=0.543697
RESULT=5809356
Throughput=1.06849e+07
VertexSetAllocated=0.00 Bytes
MiniGraphAllocated=595.77 KB
        0.55 real         1.57 user         0.02 sys
             6275072  maximum resident set size
                   0  average shared memory size
                   0  average unshared data size
                   0  average unshared stack size
                 504  page reclaims
                   1  page faults
                   0  swaps
                   0  block input operations
                   0  block output operations
                   0  messages sent
                   0  messages received
                   0  signals received
                   0  voluntary context switches
                3262  involuntary context switches
          6336342990  instructions retired
          3573744176  cycles elapsed
             4866816  peak memory footprint
