Threads=8
LoadTime(s)=0.00194496
CODE_EXECUTION_TIME(s)=0.382609
RESULT=5809356
Throughput=1.51835e+07
VertexSetAllocated=0.00 Bytes
MiniGraphAllocated=614.87 KB
        0.39 real         1.58 user         0.01 sys
             6356992  maximum resident set size
                   0  average shared memory size
                   0  average unshared data size
                   0  average unshared stack size
                 503  page reclaims
                   1  page faults
                   0  swaps
                   0  block input operations
                   0  block output operations
                   0  messages sent
                   0  messages received
                   0  signals received
                   0  voluntary context switches
                2257  involuntary context switches
          6327165276  instructions retired
          3375963690  cycles elapsed
             4948736  peak memory footprint
