Threads=8
LoadTime(s)=0.00200929
CODE_EXECUTION_TIME(s)=0.410024
RESULT=5809356
Throughput=1.41683e+07
VertexSetAllocated=0.00 Bytes
MiniGraphAllocated=605.77 KB
        0.41 real         1.59 user         0.01 sys
             6389760  maximum resident set size
                   0  average shared memory size
                   0  average unshared data size
                   0  average unshared stack size
                 504  page reclaims
                   1  page faults
                   0  swaps
                   0  block input operations
                   0  block output operations
                   0  messages sent
                   0  messages received
                   0  signals received
                   0  voluntary context switches
                2768  involuntary context switches
          6333324774  instructions retired
          3424879934  cycles elapsed
             4981504  peak memory footprint
