Threads=8
LoadTime(s)=0.0035355
CODE_EXECUTION_TIME(s)=0.502497
RESULT=5809356
Throughput=1.1561e+07
VertexSetAllocated=0.00 Bytes
MiniGraphAllocated=604.86 KB
        0.51 real         1.57 user         0.01 sys
             6373376  maximum resident set size
                   0  average shared memory size
                   0  average unshared data size
                   0  average unshared stack size
                 506  page reclaims
                   1  page faults
                   0  swaps
                   0  block input operations
                   0  block output operations
                   0  messages sent
                   0  messages received
                   0  signals received
                   0  voluntary context switches
                2608  involuntary context switches
          6328754258  instructions retired
          3566815992  cycles elapsed
             4981568  peak memory footprint
