Threads=8
LoadTime(s)=0.001835
CODE_EXECUTION_TIME(s)=0.404361
RESULT=5809356
Throughput=1.43668e+07
VertexSetAllocated=0.00 Bytes
MiniGraphAllocated=605.77 KB
        0.41 real         1.58 user         0.01 sys
             6340608  maximum resident set size
                   0  average shared memory size
                   0  average unshared data size
                   0  average unshared stack size
                 503  page reclaims
                   1  page faults
                   0  swaps
                   0  block input operations
                   0  block output operations
                   0  messages sent
                   0  messages received
                   0  signals received
                   0  voluntary context switches
                2103  involuntary context switches
          6327709363  instructions retired
          3425867307  cycles elapsed
             4932352  peak memory footprint
