Threads=8
LoadTime(s)=0.00181837
CODE_EXECUTION_TIME(s)=0.395004
RESULT=5809356
Throughput=1.47071e+07
VertexSetAllocated=0.00 Bytes
MiniGraphAllocated=605.77 KB
        0.40 real         1.58 user         0.01 sys
             6324224  maximum resident set size
                   0  average shared memory size
                   0  average unshared data size
                   0  average unshared stack size
                 499  page reclaims
                   1  page faults
                   0  swaps
                   0  block input operations
                   0  block output operations
                   0  messages sent
                   0  messages received
                   0  signals received
                   0  voluntary context switches
                2298  involuntary context switches
          6326452971  instructions retired
          3420404358  cycles elapsed
             4948864  peak memory footprint
