Threads=8
LoadTime(s)=0.00191521
CODE_EXECUTION_TIME(s)=0.368492
RESULT=5809356
Throughput=1.57652e+07
VertexSetAllocated=0.00 Bytes
MiniGraphAllocated=595.77 KB
        0.37 real         1.56 user         0.01 sys
             6324224  maximum resident set size
                   0  average shared memory size
                   0  average unshared data size
                   0  average unshared stack size
                 503  page reclaims
                   1  page faults
                   0  swaps
                   0  block input operations
                   0  block output operations
                   0  messages sent
                   0  messages received
                   0  signals received
                   0  voluntary context switches
                2245  involuntary context switches
          6327046438  instructions retired
          3300017803  cycles elapsed
             4915968  peak memory footprint
