Threads=8
LoadTime(s)=0.00203179
CODE_EXECUTION_TIME(s)=0.381386
RESULT=5809356
Throughput=1.52322e+07
VertexSetAllocated=0.00 Bytes
MiniGraphAllocated=604.86 KB
        0.39 real         1.57 user         0.01 sys
             6373376  maximum resident set size
                   0  average shared memory size
                   0  average unshared data size
                   0  average unshared stack size
                 505  page reclaims
                   1  page faults
                   0  swaps
                   0  block input operations
                   0  block output operations
                   0  messages sent
                   0  messages received
                   0  signals received
                   0  voluntary context switches
                2350  involuntary context switches
          6328556756  instructions retired
          3397267153  cycles elapsed
             4998016  peak memory footprint
