Threads=8
LoadTime(s)=0.000734416
CODE_EXECUTION_TIME(s)=0.553705
RESULT=4514137
Throughput=8.1526e+06
VertexSetAllocated=0.00 Bytes
MiniGraphAllocated=1.19 MB
        0.56 real         1.49 user         0.01 sys
             5832704  maximum resident set size
                   0  average shared memory size
                   0  average unshared data size
                   0  average unshared stack size
                 469  page reclaims
                   1  page faults
                   0  swaps
                   0  block input operations
                   0  block output operations
                   0  messages sent
                   0  messages received
                   0  signals received
                   0  voluntary context switches
                2689  involuntary context switches
          6172719004  instructions retired
          3249021195  cycles elapsed
             4506688  peak memory footprint
