Threads=8
LoadTime(s)=0.00072225
CODE_EXECUTION_TIME(s)=0.547475
RESULT=4514137
Throughput=8.24537e+06
VertexSetAllocated=0.00 Bytes
MiniGraphAllocated=1.18 MB
        0.55 real         1.48 user         0.01 sys
             5832704  maximum resident set size
                   0  average shared memory size
                   0  average unshared data size
                   0  average unshared stack size
                 471  page reclaims
                   1  page faults
                   0  swaps
                   0  block input operations
                   0  block output operations
                   0  messages sent
                   0  messages received
                   0  signals received
                   0  voluntary context switches
                2493  involuntary context switches
          6171135614  instructions retired
          3254429800  cycles elapsed
             4490240  peak memory footprint
