Threads=8
LoadTime(s)=0.00105387
CODE_EXECUTION_TIME(s)=0.634456
RESULT=4514137
Throughput=7.11497e+06
VertexSetAllocated=0.00 Bytes
MiniGraphAllocated=1.13 MB
        0.64 real         1.49 user         0.01 sys
             5734400  maximum resident set size
                   0  average shared memory size
                   0  average unshared data size
                   0  average unshared stack size
                 464  page reclaims
                   2  page faults
                   0  swaps
                   0  block input operations
                   0  block output operations
                   0  messages sent
                   0  messages received
                   0  signals received
                   0  voluntary context switches
                3480  involuntary context switches
          6179431240  instructions retired
          3258717028  cycles elapsed
             4408384  peak memory footprint
