Threads=8
LoadTime(s)=0.000858833
CODE_EXECUTION_TIME(s)=0.538827
RESULT=4514137
Throughput=8.37772e+06
VertexSetAllocated=0.00 Bytes
MiniGraphAllocated=1.19 MB
        0.54 real         1.48 user         0.01 sys
             5881856  maximum resident set size
                   0  average shared memory size
                   0  average unshared data size
                   0  average unshared stack size
                 474  page reclaims
                   1  page faults
                   0  swaps
                   0  block input operations
                   0  block output operations
                   0  messages sent
                   0  messages received
                   0  signals received
                   0  voluntary context switches
                2767  involuntary context switches
          6173283830  instructions retired
          3250948938  cycles elapsed
             4555840  peak memory footprint
