Threads=8
LoadTime(s)=0.000656666
CODE_EXECUTION_TIME(s)=0.342183
RESULT=4514137
Throughput=1.31922e+07
VertexSetAllocated=0.00 Bytes
MiniGraphAllocated=1.17 MB
        0.34 real         1.41 user         0.00 sys
             5931008  maximum resident set size
                   0  average shared memory size
                   0  average unshared data size
                   0  average unshared stack size
                 476  page reclaims
                   1  page faults
                   0  swaps
                   0  block input operations
                   0  block output operations
                   0  messages sent
                   0  messages received
                   0  signals received
                   0  voluntary context switches
                 859  involuntary context switches
          6157519193  instructions retired
          2958405302  cycles elapsed
             4621440  peak memory footprint
