Threads=8
LoadTime(s)=0.000942958
CODE_EXECUTION_TIME(s)=0.54979
RESULT=4514137
Throughput=8.21066e+06
VertexSetAllocated=0.00 Bytes
MiniGraphAllocated=1.17 MB
        0.55 real         1.50 user         0.01 sys
             5750784  maximum resident set size
                   0  average shared memory size
                   0  average unshared data size
                   0  average unshared stack size
                 464  page reclaims
                   1  page faults
                   0  swaps
                   0  block input operations
                   0  block output operations
                   0  messages sent
                   0  messages received
                   0  signals received
                   1  voluntary context switches
                2456  involuntary context switches
          6171338748  instructions retired
          3283392711  cycles elapsed
             4424768  peak memory footprint
