Threads=8
LoadTime(s)=0.0007855
CODE_EXECUTION_TIME(s)=0.561231
RESULT=4514137
Throughput=8.04328e+06
VertexSetAllocated=0.00 Bytes
MiniGraphAllocated=1.17 MB
        0.57 real         1.48 user         0.01 sys
             5799936  maximum resident set size
                   0  average shared memory size
                   0  average unshared data size
                   0  average unshared stack size
                 458  page reclaims
                   9  page faults
                   0  swaps
                   0  block input operations
                   0  block output operations
                   0  messages sent
                   0  messages received
                   0  signals received
                   0  voluntary context switches
                2168  involuntary context switches
          6168738256  instructions retired
          3280100530  cycles elapsed
             4457472  peak memory footprint
