Threads=8
LoadTime(s)=0.00212779
CODE_EXECUTION_TIME(s)=0.632273
RESULT=4514137
Throughput=7.13954e+06
VertexSetAllocated=0.00 Bytes
MiniGraphAllocated=1.17 MB
        0.64 real         1.50 user         0.02 sys
             5898240  maximum resident set size
                   0  average shared memory size
                   0  average unshared data size
                   0  average unshared stack size
                 481  page reclaims
                   1  page faults
                   0  swaps
                   0  block input operations
                   0  block output operations
                   0  messages sent
                   0  messages received
                   0  signals received
                   0  voluntary context switches
                3310  involuntary context switches
          6177958231  instructions retired
          3374505800  cycles elapsed
             4638016  peak memory footprint
