Threads=8
LoadTime(s)=0.000606292
CODE_EXECUTION_TIME(s)=0.391866
RESULT=4514137
Throughput=1.15196e+07
VertexSetAllocated=0.00 Bytes
MiniGraphAllocated=1.17 MB
        0.39 real         1.44 user         0.01 sys
             5865472  maximum resident set size
                   0  average shared memory size
                   0  average unshared data size
                   0  average unshared stack size
                 473  page reclaims
                   1  page faults
                   0  swaps
                   0  block input operations
                   0  block output operations
                   0  messages sent
                   0  messages received
                   0  signals received
                   0  voluntary context switches
                1665  involuntary context switches
          6164054304  instructions retired
          3028714932  cycles elapsed
             4555904  peak memory footprint
