Threads=8
LoadTime(s)=0.000613417
time: command terminated abnormally
        0.02 real         0.15 user         0.00 sys
             5177344  maximum resident set size
                   0  average shared memory size
                   0  average unshared data size
                   0  average unshared stack size
                 421  page reclaims
                   1  page faults
                   0  swaps
                   0  block input operations
                   0  block output operations
                   0  messages sent
                   0  messages received
                   0  signals received
                   0  voluntary context switches
                 243  involuntary context switches
           764098883  instructions retired
           324914057  cycles elapsed
             3769088  peak memory footprint
