Threads=2
LoadTime(s)=0.0501654
CODE_EXECUTION_TIME(s)=5.57383
RESULT=252447350
Throughput=4.52916e+07
VertexSetAllocated=260.80 KB
MiniGraphAllocated=0.00 Bytes
        5.63 real         8.73 user         0.08 sys
            19415040  maximum resident set size
                   0  average shared memory size
                   0  average unshared data size
                   0  average unshared stack size
                1404  page reclaims
                   3  page faults
                   0  swaps
                   0  block input operations
                   0  block output operations
                   0  messages sent
                   0  messages received
                   0  signals received
                   9  voluntary context switches
               11466  involuntary context switches
         44251134778  instructions retired
         18270158715  cycles elapsed
            18236416  peak memory footprint
