Threads=2
LoadTime(s)=0.006674
CODE_EXECUTION_TIME(s)=3.19936
RESULT=252447350
Throughput=7.89055e+07
VertexSetAllocated=260.80 KB
MiniGraphAllocated=0.00 Bytes
        3.21 real         6.33 user         0.01 sys
            19267584  maximum resident set size
                   0  average shared memory size
                   0  average unshared data size
                   0  average unshared stack size
                1313  page reclaims
                   2  page faults
                   0  swaps
                   0  block input operations
                   0  block output operations
                   0  messages sent
                   0  messages received
                   0  signals received
                   4  voluntary context switches
                1766  involuntary context switches
         44122557576  instructions retired
         12608860117  cycles elapsed
            17973952  peak memory footprint
