Threads=2
LoadTime(s)=0.00652175
CODE_EXECUTION_TIME(s)=3.16157
RESULT=252447350
Throughput=7.98487e+07
VertexSetAllocated=260.80 KB
MiniGraphAllocated=0.00 Bytes
        3.17 real         6.30 user         0.02 sys
            19267584  maximum resident set size
                   0  average shared memory size
                   0  average unshared data size
                   0  average unshared stack size
                1387  page reclaims
                   2  page faults
                   0  swaps
                   0  block input operations
                   0  block output operations
                   0  messages sent
                   0  messages received
                   0  signals received
                   0  voluntary context switches
                 499  involuntary context switches
         44113678788  instructions retired
         12362713439  cycles elapsed
            17941184  peak memory footprint
