Threads=4
LoadTime(s)=0.00640792
CODE_EXECUTION_TIME(s)=2.2461
RESULT=252447350
Throughput=1.12393e+08
VertexSetAllocated=521.59 KB
MiniGraphAllocated=0.00 Bytes
        2.25 real         7.46 user         0.02 sys
            19677184  maximum resident set size
                   0  average shared memory size
                   0  average unshared data size
                   0  average unshared stack size
                1316  page reclaims
                   2  page faults
                   0  swaps
                   0  block input operations
                   0  block output operations
                   0  messages sent
                   0  messages received
                   0  signals received
                   2  voluntary context switches
                4263  involuntary context switches
         44145434687  instructions retired
         14971366112  cycles elapsed
            18400192  peak memory footprint
