Threads=4
LoadTime(s)=0.0108025
CODE_EXECUTION_TIME(s)=3.37742
RESULT=252447350
Throughput=7.47455e+07
VertexSetAllocated=521.59 KB
MiniGraphAllocated=0.00 Bytes
        3.39 real         8.97 user         0.09 sys
            19808256  maximum resident set size
                   0  average shared memory size
                   0  average unshared data size
                   0  average unshared stack size
                1422  page reclaims
                   2  page faults
                   0  swaps
                   0  block input operations
                   0  block output operations
                   0  messages sent
                   0  messages received
                   0  signals received
                  10  voluntary context switches
               16643  involuntary context switches
         44257670689  instructions retired
         17951511343  cycles elapsed
            18613312  peak memory footprint
