Threads=4
LoadTime(s)=0.0148412
CODE_EXECUTION_TIME(s)=2.07022
RESULT=252447350
Throughput=1.21942e+08
VertexSetAllocated=521.59 KB
MiniGraphAllocated=0.00 Bytes
        2.09 real         8.12 user         0.07 sys
            19677184  maximum resident set size
                   0  average shared memory size
                   0  average unshared data size
                   0  average unshared stack size
                1306  page reclaims
                  10  page faults
                   0  swaps
                   0  block input operations
                   0  block output operations
                   0  messages sent
                   0  messages received
                   0  signals received
                   9  voluntary context switches
                4588  involuntary context switches
         44167186765  instructions retired
         13416586138  cycles elapsed
            18383744  peak memory footprint
