Threads=2
LoadTime(s)=0.015457
CODE_EXECUTION_TIME(s)=4.15076
RESULT=252447350
Throughput=6.08195e+07
VertexSetAllocated=260.80 KB
MiniGraphAllocated=0.00 Bytes
        4.17 real         7.25 user         0.08 sys
            19300352  maximum resident set size
                   0  average shared memory size
                   0  average unshared data size
                   0  average unshared stack size
                1404  page reclaims
                   3  page faults
                   0  swaps
                   0  block input operations
                   0  block output operations
                   0  messages sent
                   0  messages received
                   0  signals received
                  11  voluntary context switches
               13454  involuntary context switches
         44227655299  instructions retired
         13606961947  cycles elapsed
            18055936  peak memory footprint
