Threads=1
LoadTime(s)=0.00977783
CODE_EXECUTION_TIME(s)=6.45656
RESULT=252447350
Throughput=3.90994e+07
VertexSetAllocated=130.40 KB
MiniGraphAllocated=0.00 Bytes
        6.47 real         6.29 user         0.02 sys
            19152896  maximum resident set size
                   0  average shared memory size
                   0  average unshared data size
                   0  average unshared stack size
                1340  page reclaims
                   3  page faults
                   0  swaps
                   0  block input operations
                   0  block output operations
                   0  messages sent
                   0  messages received
                   0  signals received
                  12  voluntary context switches
                 472  involuntary context switches
         44110205064  instructions retired
         12474771700  cycles elapsed
            17875712  peak memory footprint
