Threads=4
LoadTime(s)=0.0134516
CODE_EXECUTION_TIME(s)=1.78111
RESULT=252447350
Throughput=1.41736e+08
VertexSetAllocated=521.59 KB
MiniGraphAllocated=0.00 Bytes
        1.79 real         7.02 user         0.02 sys
            19677184  maximum resident set size
                   0  average shared memory size
                   0  average unshared data size
                   0  average unshared stack size
                1316  page reclaims
                   2  page faults
                   0  swaps
                   0  block input operations
                   0  block output operations
                   0  messages sent
                   0  messages received
                   0  signals received
                   8  voluntary context switches
                2645  involuntary context switches
         44132294584  instructions retired
         13285514964  cycles elapsed
            18416640  peak memory footprint
