Threads=4
LoadTime(s)=0.0148392
CODE_EXECUTION_TIME(s)=3.61245
RESULT=252447350
Throughput=6.98826e+07
VertexSetAllocated=521.59 KB
MiniGraphAllocated=0.00 Bytes
        3.64 real         8.78 user         0.04 sys
            19759104  maximum resident set size
                   0  average shared memory size
                   0  average unshared data size
                   0  average unshared stack size
                1450  page reclaims
                   2  page faults
                   0  swaps
                   0  block input operations
                   0  block output operations
                   0  messages sent
                   0  messages received
                   0  signals received
                   1  voluntary context switches
                6358  involuntary context switches
         44166520198  instructions retired
         18315409983  cycles elapsed
            18498496  peak memory footprint
