Threads=4
LoadTime(s)=0.00632271
CODE_EXECUTION_TIME(s)=1.64845
RESULT=252447350
Throughput=1.53142e+08
VertexSetAllocated=521.59 KB
MiniGraphAllocated=0.00 Bytes
        1.65 real         6.57 user         0.01 sys
            19677184  maximum resident set size
                   0  average shared memory size
                   0  average unshared data size
                   0  average unshared stack size
                1317  page reclaims
                   1  page faults
                   0  swaps
                   0  block input operations
                   0  block output operations
                   0  messages sent
                   0  messages received
                   0  signals received
                   0  voluntary context switches
                 716  involuntary context switches
         44113301926  instructions retired
         13571534613  cycles elapsed
            18383744  peak memory footprint
