Threads=2
LoadTime(s)=0.00640317
CODE_EXECUTION_TIME(s)=3.17029
RESULT=252447350
Throughput=7.9629e+07
VertexSetAllocated=260.80 KB
MiniGraphAllocated=0.00 Bytes
        3.18 real         6.28 user         0.02 sys
            19267584  maximum resident set size
                   0  average shared memory size
                   0  average unshared data size
                   0  average unshared stack size
                1320  page reclaims
                   2  page faults
                   0  swaps
                   0  block input operations
                   0  block output operations
                   0  messages sent
                   0  messages received
                   0  signals received
                   1  voluntary context switches
                3778  involuntary context switches
         44138005578  instructions retired
         12432470053  cycles elapsed
            17941184  peak memory footprint
