Threads=4
LoadTime(s)=0.00695221
CODE_EXECUTION_TIME(s)=1.67454
RESULT=252447350
Throughput=1.50757e+08
VertexSetAllocated=521.59 KB
MiniGraphAllocated=0.00 Bytes
        1.68 real         6.60 user         0.02 sys
            19677184  maximum resident set size
                   0  average shared memory size
                   0  average unshared data size
                   0  average unshared stack size
                1309  page reclaims
                   2  page faults
                   0  swaps
                   0  block input operations
                   0  block output operations
                   0  messages sent
                   0  messages received
                   0  signals received
                   8  voluntary context switches
                2165  involuntary context switches
         44127102251  instructions retired
         13645293883  cycles elapsed
            18400192  peak memory footprint
