Threads=2
LoadTime(s)=0.049668
CODE_EXECUTION_TIME(s)=3.95352
RESULT=252447350
Throughput=6.38538e+07
VertexSetAllocated=260.80 KB
MiniGraphAllocated=0.00 Bytes
        4.01 real         7.24 user         0.05 sys
            19300352  maximum resident set size
                   0  average shared memory size
                   0  average unshared data size
                   0  average unshared stack size
                1325  page reclaims
                   2  page faults
                   0  swaps
                   0  block input operations
                   0  block output operations
                   0  messages sent
                   0  messages received
                   0  signals received
                  41  voluntary context switches
                6335  involuntary context switches
         44208860870  instructions retired
         13367050833  cycles elapsed
            18072256  peak memory footprint
