Threads=1
LoadTime(s)=0.0484709
CODE_EXECUTION_TIME(s)=6.30492
RESULT=252447350
Throughput=4.00397e+07
VertexSetAllocated=130.40 KB
MiniGraphAllocated=0.00 Bytes
        6.36 real         6.27 user         0.03 sys
            19185664  maximum resident set size
                   0  average shared memory size
                   0  average unshared data size
                   0  average unshared stack size
                1329  page reclaims
                  46  page faults
                   0  swaps
                   0  block input operations
                   0  block output operations
                   0  messages sent
                   0  messages received
                   0  signals received
                  50  voluntary context switches
                1112  involuntary context switches
         44162017663  instructions retired
         12419912700  cycles elapsed
            17859328  peak memory footprint
