Threads=8
LoadTime(s)=0.0100222
CODE_EXECUTION_TIME(s)=0.496511
RESULT=252893
Throughput=509340
VertexSetAllocated=1.02 MB
MiniGraphAllocated=0.00 Bytes
        0.79 real         3.79 user         0.01 sys
            20004864  maximum resident set size
                   0  average shared memory size
                   0  average unshared data size
                   0  average unshared stack size
                1330  page reclaims
                   0  page faults
                   0  swaps
                   0  block input operations
                   0  block output operations
                   0  messages sent
                   0  messages received
                   0  signals received
                   0  voluntary context switches
                 863  involuntary context switches
         17820482785  instructions retired
          7601561082  cycles elapsed
            19055744  peak memory footprint
