Threads=8
LoadTime(s)=0.0101073
CODE_EXECUTION_TIME(s)=0.533258
RESULT=252893
Throughput=474242
VertexSetAllocated=1.02 MB
MiniGraphAllocated=0.00 Bytes
        0.82 real         3.95 user         0.01 sys
            20004864  maximum resident set size
                   0  average shared memory size
                   0  average unshared data size
                   0  average unshared stack size
                1328  page reclaims
                   0  page faults
                   0  swaps
                   0  block input operations
                   0  block output operations
                   0  messages sent
                   0  messages received
                   0  signals received
                   0  voluntary context switches
                1221  involuntary context switches
         17825378003  instructions retired
          7843645857  cycles elapsed
            19088640  peak memory footprint
