Threads=8
LoadTime(s)=0.0194595
CODE_EXECUTION_TIME(s)=0.531012
RESULT=252893
Throughput=476247
VertexSetAllocated=1.02 MB
MiniGraphAllocated=0.00 Bytes
        0.85 real         3.86 user         0.01 sys
            20054016  maximum resident set size
                   0  average shared memory size
                   0  average unshared data size
                   0  average unshared stack size
                1328  page reclaims
                   0  page faults
                   0  swaps
                   0  block input operations
                   0  block output operations
                   0  messages sent
                   0  messages received
                   0  signals received
                   0  voluntary context switches
                1895  involuntary context switches
         17828906435  instructions retired
          7817627339  cycles elapsed
            19104896  peak memory footprint
