Threads=8
LoadTime(s)=0.0114851
CODE_EXECUTION_TIME(s)=0.72629
RESULT=252893
Throughput=348198
VertexSetAllocated=1.02 MB
MiniGraphAllocated=0.00 Bytes
        1.03 real         4.08 user         0.04 sys
            20004864  maximum resident set size
                   0  average shared memory size
                   0  average unshared data size
                   0  average unshared stack size
                1318  page reclaims
                   1  page faults
                   0  swaps
                   0  block input operations
                   0  block output operations
                   0  messages sent
                   0  messages received
                   0  signals received
                   0  voluntary context switches
                6177  involuntary context switches
         17864399217  instructions retired
          8307367471  cycles elapsed
            19055808  peak memory footprint
