Threads=8
LoadTime(s)=0.0104303
CODE_EXECUTION_TIME(s)=0.276956
RESULT=16713192
Throughput=6.03459e+07
VertexSetAllocated=0.00 Bytes
MiniGraphAllocated=443.09 KB
        0.56 real         1.74 user         0.01 sys
            20185088  maximum resident set size
                   0  average shared memory size
                   0  average unshared data size
                   0  average unshared stack size
                1338  page reclaims
                   1  page faults
                   0  swaps
                   0  block input operations
                   0  block output operations
                   0  messages sent
                   0  messages received
                   0  signals received
                   1  voluntary context switches
                2070  involuntary context switches
          8126528932  instructions retired
          3659080007  cycles elapsed
            19120960  peak memory footprint
