Threads=8
LoadTime(s)=0.0101093
CODE_EXECUTION_TIME(s)=0.481592
RESULT=252893
Throughput=525118
VertexSetAllocated=1.02 MB
MiniGraphAllocated=0.00 Bytes
        0.78 real         3.71 user         0.01 sys
            20070400  maximum resident set size
                   0  average shared memory size
                   0  average unshared data size
                   0  average unshared stack size
                1328  page reclaims
                   0  page faults
                   0  swaps
                   0  block input operations
                   0  block output operations
                   0  messages sent
                   0  messages received
                   0  signals received
                   0  voluntary context switches
                 870  involuntary context switches
         17820915915  instructions retired
          7455587273  cycles elapsed
            19137728  peak memory footprint
