Threads=8
LoadTime(s)=0.0102217
CODE_EXECUTION_TIME(s)=1.79688
RESULT=262663639
Throughput=1.46177e+08
VertexSetAllocated=0.00 Bytes
MiniGraphAllocated=1.30 MB
        2.09 real        10.66 user         0.06 sys
            21282816  maximum resident set size
                   0  average shared memory size
                   0  average unshared data size
                   0  average unshared stack size
                1404  page reclaims
                   0  page faults
                   0  swaps
                   0  block input operations
                   0  block output operations
                   0  messages sent
                   0  messages received
                   0  signals received
                   0  voluntary context switches
               10396  involuntary context switches
         54217665688  instructions retired
         20967104931  cycles elapsed
            20300928  peak memory footprint
