Threads=8
LoadTime(s)=0.00987563
CODE_EXECUTION_TIME(s)=1.58647
RESULT=258570802
Throughput=1.62985e+08
VertexSetAllocated=521.59 KB
MiniGraphAllocated=780.96 KB
        1.88 real        10.41 user         0.02 sys
            20873216  maximum resident set size
                   0  average shared memory size
                   0  average unshared data size
                   0  average unshared stack size
                1380  page reclaims
                   0  page faults
                   0  swaps
                   0  block input operations
                   0  block output operations
                   0  messages sent
                   0  messages received
                   0  signals received
                   0  voluntary context switches
                3566  involuntary context switches
         51747772622  instructions retired
         20453298427  cycles elapsed
            19874944  peak memory footprint
