Threads=8
LoadTime(s)=0.00976575
CODE_EXECUTION_TIME(s)=1.93839
RESULT=262663639
Throughput=1.35506e+08
VertexSetAllocated=0.00 Bytes
MiniGraphAllocated=1.36 MB
        1.95 real        11.15 user         0.05 sys
            21331968  maximum resident set size
                   0  average shared memory size
                   0  average unshared data size
                   0  average unshared stack size
                1405  page reclaims
                   0  page faults
                   0  swaps
                   0  block input operations
                   0  block output operations
                   0  messages sent
                   0  messages received
                   0  signals received
                   0  voluntary context switches
                8002  involuntary context switches
         54124029040  instructions retired
         22234739719  cycles elapsed
            20333632  peak memory footprint
