Threads=8
LoadTime(s)=0.00103317
CODE_EXECUTION_TIME(s)=0.16444
RESULT=5809356
Throughput=3.53281e+07
VertexSetAllocated=0.00 Bytes
MiniGraphAllocated=630.05 KB
        0.16 real         1.23 user         0.00 sys
             6668288  maximum resident set size
                   0  average shared memory size
                   0  average unshared data size
                   0  average unshared stack size
                 514  page reclaims
                   0  page faults
                   0  swaps
                   0  block input operations
                   0  block output operations
                   0  messages sent
                   0  messages received
                   0  signals received
                   0  voluntary context switches
                 668  involuntary context switches
          6443510372  instructions retired
          2693786286  cycles elapsed
             5554880  peak memory footprint
