Threads=8
LoadTime(s)=0.00193287
CODE_EXECUTION_TIME(s)=0.17356
RESULT=5809356
Throughput=3.34717e+07
VertexSetAllocated=0.00 Bytes
MiniGraphAllocated=643.57 KB
        0.48 real         1.26 user         0.00 sys
             6684672  maximum resident set size
                   0  average shared memory size
                   0  average unshared data size
                   0  average unshared stack size
                 514  page reclaims
                   0  page faults
                   0  swaps
                   0  block input operations
                   0  block output operations
                   0  messages sent
                   0  messages received
                   0  signals received
                   0  voluntary context switches
                 306  involuntary context switches
          6445306152  instructions retired
          2725610157  cycles elapsed
             5587712  peak memory footprint
