Threads=8
LoadTime(s)=0.00709817
CODE_EXECUTION_TIME(s)=13.6627
RESULT=4479591993
Throughput=3.2787e+08
VertexSetAllocated=1.08 MB
MiniGraphAllocated=1.54 MB
       14.03 real        67.97 user         0.33 sys
             8110080  maximum resident set size
                   0  average shared memory size
                   0  average unshared data size
                   0  average unshared stack size
                 600  page reclaims
                   1  page faults
                   0  swaps
                   0  block input operations
                   0  block output operations
                   0  messages sent
                   0  messages received
                   0  signals received
                  11  voluntary context switches
               61350  involuntary context switches
        426728057244  instructions retired
        139016062021  cycles elapsed
             7128256  peak memory footprint
