Threads=8
LoadTime(s)=0.00202804
CODE_EXECUTION_TIME(s)=1.09118
RESULT=8821744
Throughput=8.0846e+06
VertexSetAllocated=2.17 MB
MiniGraphAllocated=0.00 Bytes
        1.38 real         8.35 user         0.02 sys
             6094848  maximum resident set size
                   0  average shared memory size
                   0  average unshared data size
                   0  average unshared stack size
                 481  page reclaims
                   0  page faults
                   0  swaps
                   0  block input operations
                   0  block output operations
                   0  messages sent
                   0  messages received
                   0  signals received
                   0  voluntary context switches
                3356  involuntary context switches
         49231525366  instructions retired
         18276600930  cycles elapsed
             5079936  peak memory footprint
