Threads=8
LoadTime(s)=0.0019785
CODE_EXECUTION_TIME(s)=0.174113
RESULT=5809356
Throughput=3.33655e+07
VertexSetAllocated=0.00 Bytes
MiniGraphAllocated=630.89 KB
        0.46 real         1.27 user         0.00 sys
             6668288  maximum resident set size
                   0  average shared memory size
                   0  average unshared data size
                   0  average unshared stack size
                 513  page reclaims
                   0  page faults
                   0  swaps
                   0  block input operations
                   0  block output operations
                   0  messages sent
                   0  messages received
                   0  signals received
                   1  voluntary context switches
                 328  involuntary context switches
          6445135694  instructions retired
          2732635419  cycles elapsed
             5554880  peak memory footprint
