Threads=8
LoadTime(s)=0.0010025
CODE_EXECUTION_TIME(s)=0.159069
RESULT=5809356
Throughput=3.65211e+07
VertexSetAllocated=0.00 Bytes
MiniGraphAllocated=604.79 KB
        0.16 real         1.24 user         0.00 sys
             6733824  maximum resident set size
                   0  average shared memory size
                   0  average unshared data size
                   0  average unshared stack size
                 517  page reclaims
                   0  page faults
                   0  swaps
                   0  block input operations
                   0  block output operations
                   0  messages sent
                   0  messages received
                   0  signals received
                   0  voluntary context switches
                 497  involuntary context switches
          6449095167  instructions retired
          2737859607  cycles elapsed
             5620416  peak memory footprint
