Threads=8
LoadTime(s)=0.00101533
CODE_EXECUTION_TIME(s)=0.160503
RESULT=5809356
Throughput=3.61946e+07
VertexSetAllocated=0.00 Bytes
MiniGraphAllocated=660.22 KB
        0.16 real         1.23 user         0.00 sys
             6733824  maximum resident set size
                   0  average shared memory size
                   0  average unshared data size
                   0  average unshared stack size
                 519  page reclaims
                   0  page faults
                   0  swaps
                   0  block input operations
                   0  block output operations
                   0  messages sent
                   0  messages received
                   0  signals received
                   0  voluntary context switches
                 493  involuntary context switches
          6441278272  instructions retired
          2704459181  cycles elapsed
             5620416  peak memory footprint
