Threads=8
LoadTime(s)=0.00187671
CODE_EXECUTION_TIME(s)=0.0722886
RESULT=2341639
Throughput=3.23929e+07
VertexSetAllocated=0.00 Bytes
MiniGraphAllocated=419.29 KB
        0.35 real         0.45 user         0.00 sys
             6373376  maximum resident set size
                   0  average shared memory size
                   0  average unshared data size
                   0  average unshared stack size
                 496  page reclaims
                   0  page faults
                   0  swaps
                   0  block input operations
                   0  block output operations
                   0  messages sent
                   0  messages received
                   0  signals received
                   0  voluntary context switches
                 178  involuntary context switches
          2208174212  instructions retired
           986017308  cycles elapsed
             5259904  peak memory footprint
