Threads=8
LoadTime(s)=0.00101721
CODE_EXECUTION_TIME(s)=0.158313
RESULT=5809356
Throughput=3.66954e+07
VertexSetAllocated=0.00 Bytes
MiniGraphAllocated=609.77 KB
        0.16 real         1.23 user         0.00 sys
             6832128  maximum resident set size
                   0  average shared memory size
                   0  average unshared data size
                   0  average unshared stack size
                 522  page reclaims
                   0  page faults
                   0  swaps
                   0  block input operations
                   0  block output operations
                   0  messages sent
                   0  messages received
                   0  signals received
                   0  voluntary context switches
                 540  involuntary context switches
          6448099944  instructions retired
          2713812614  cycles elapsed
             5751616  peak memory footprint
