Threads=8
LoadTime(s)=0.00183608
CODE_EXECUTION_TIME(s)=0.0742386
RESULT=2341639
Throughput=3.15421e+07
VertexSetAllocated=0.00 Bytes
MiniGraphAllocated=382.33 KB
        0.35 real         0.45 user         0.00 sys
             6340608  maximum resident set size
                   0  average shared memory size
                   0  average unshared data size
                   0  average unshared stack size
                 494  page reclaims
                   0  page faults
                   0  swaps
                   0  block input operations
                   0  block output operations
                   0  messages sent
                   0  messages received
                   0  signals received
                   0  voluntary context switches
                 316  involuntary context switches
          2216046833  instructions retired
           994194117  cycles elapsed
             5243584  peak memory footprint
