Threads=8
LoadTime(s)=0.00108071
CODE_EXECUTION_TIME(s)=3.77422
RESULT=1127174796
Throughput=2.98651e+08
VertexSetAllocated=1.89 MB
MiniGraphAllocated=1.90 MB
        4.06 real        24.62 user         0.05 sys
             7159808  maximum resident set size
                   0  average shared memory size
                   0  average unshared data size
                   0  average unshared stack size
                 543  page reclaims
                   0  page faults
                   0  swaps
                   0  block input operations
                   0  block output operations
                   0  messages sent
                   0  messages received
                   0  signals received
                   0  voluntary context switches
                8559  involuntary context switches
        142768895386  instructions retired
         47854205931  cycles elapsed
             6194432  peak memory footprint
