Threads=8
LoadTime(s)=0.00107546
CODE_EXECUTION_TIME(s)=0.0264105
RESULT=608389
Throughput=2.30359e+07
VertexSetAllocated=0.00 Bytes
MiniGraphAllocated=0.00 Bytes
        0.31 real         0.15 user         0.00 sys
             4325376  maximum resident set size
                   0  average shared memory size
                   0  average unshared data size
                   0  average unshared stack size
                 372  page reclaims
                   0  page faults
                   0  swaps
                   0  block input operations
                   0  block output operations
                   0  messages sent
                   0  messages received
                   0  signals received
                   0  voluntary context switches
                 206  involuntary context switches
           759637952  instructions retired
           294012451  cycles elapsed
             3244608  peak memory footprint
