Threads=8
LoadTime(s)=0.000969
CODE_EXECUTION_TIME(s)=1.95442
RESULT=32230662
Throughput=1.64912e+07
VertexSetAllocated=3.78 MB
MiniGraphAllocated=0.00 Bytes
        2.25 real        13.96 user         0.02 sys
             4800512  maximum resident set size
                   0  average shared memory size
                   0  average unshared data size
                   0  average unshared stack size
                 402  page reclaims
                   1  page faults
                   0  swaps
                   0  block input operations
                   0  block output operations
                   0  messages sent
                   0  messages received
                   0  signals received
                   2  voluntary context switches
                3727  involuntary context switches
         69169703194  instructions retired
         26901683871  cycles elapsed
             3785600  peak memory footprint
