Threads=8
LoadTime(s)=0.000597708
CODE_EXECUTION_TIME(s)=0.155255
RESULT=4514137
Throughput=2.90756e+07
VertexSetAllocated=0.00 Bytes
MiniGraphAllocated=1.18 MB
        0.16 real         1.20 user         0.00 sys
             6127616  maximum resident set size
                   0  average shared memory size
                   0  average unshared data size
                   0  average unshared stack size
                 481  page reclaims
                   0  page faults
                   0  swaps
                   0  block input operations
                   0  block output operations
                   0  messages sent
                   0  messages received
                   0  signals received
                   0  voluntary context switches
                 591  involuntary context switches
          6199596294  instructions retired
          2642462590  cycles elapsed
             5096384  peak memory footprint
