Threads=8
LoadTime(s)=0.00105446
CODE_EXECUTION_TIME(s)=0.0663894
RESULT=2077903
Throughput=3.12987e+07
VertexSetAllocated=0.00 Bytes
MiniGraphAllocated=1020.95 KB
        0.35 real         0.47 user         0.00 sys
             5980160  maximum resident set size
                   0  average shared memory size
                   0  average unshared data size
                   0  average unshared stack size
                 472  page reclaims
                   0  page faults
                   0  swaps
                   0  block input operations
                   0  block output operations
                   0  messages sent
                   0  messages received
                   0  signals received
                   0  voluntary context switches
                 373  involuntary context switches
          2360119718  instructions retired
           986405157  cycles elapsed
             5014720  peak memory footprint
