Threads=8
LoadTime(s)=0.00107883
CODE_EXECUTION_TIME(s)=3.79608
RESULT=1127174796
Throughput=2.96932e+08
VertexSetAllocated=1.89 MB
MiniGraphAllocated=1.76 MB
        4.08 real        24.70 user         0.05 sys
             7061504  maximum resident set size
                   0  average shared memory size
                   0  average unshared data size
                   0  average unshared stack size
                 534  page reclaims
                   0  page faults
                   0  swaps
                   0  block input operations
                   0  block output operations
                   0  messages sent
                   0  messages received
                   0  signals received
                   0  voluntary context switches
                8859  involuntary context switches
        142776776281  instructions retired
         48149215997  cycles elapsed
             6063232  peak memory footprint
