Threads=8
LoadTime(s)=0.00112154
CODE_EXECUTION_TIME(s)=2.30319
RESULT=32230662
Throughput=1.3994e+07
VertexSetAllocated=3.78 MB
MiniGraphAllocated=0.00 Bytes
        2.59 real        13.94 user         0.06 sys
             4767744  maximum resident set size
                   0  average shared memory size
                   0  average unshared data size
                   0  average unshared stack size
                 397  page reclaims
                   0  page faults
                   0  swaps
                   0  block input operations
                   0  block output operations
                   0  messages sent
                   0  messages received
                   0  signals received
                   1  voluntary context switches
               13939  involuntary context switches
         69256054969  instructions retired
         27573341119  cycles elapsed
             3752896  peak memory footprint
