Threads=8
LoadTime(s)=0.0011295
CODE_EXECUTION_TIME(s)=4.26574
RESULT=1127174796
Throughput=2.64239e+08
VertexSetAllocated=1.89 MB
MiniGraphAllocated=1.89 MB
        4.56 real        24.80 user         0.11 sys
             7208960  maximum resident set size
                   0  average shared memory size
                   0  average unshared data size
                   0  average unshared stack size
                 536  page reclaims
                   8  page faults
                   0  swaps
                   0  block input operations
                   0  block output operations
                   0  messages sent
                   0  messages received
                   0  signals received
                   1  voluntary context switches
               22768  involuntary context switches
        142899898432  instructions retired
         48528348724  cycles elapsed
             6243584  peak memory footprint
