Threads=8
LoadTime(s)=0.00118317
CODE_EXECUTION_TIME(s)=1.99662
RESULT=32230662
Throughput=1.61426e+07
VertexSetAllocated=3.78 MB
MiniGraphAllocated=0.00 Bytes
        2.28 real        13.91 user         0.02 sys
             4849664  maximum resident set size
                   0  average shared memory size
                   0  average unshared data size
                   0  average unshared stack size
                 401  page reclaims
                   2  page faults
                   0  swaps
                   0  block input operations
                   0  block output operations
                   0  messages sent
                   0  messages received
                   0  signals received
                   2  voluntary context switches
                4185  involuntary context switches
         69174396536  instructions retired
         27038324804  cycles elapsed
             3851200  peak memory footprint
