Threads=16
LoadTime(s)=0.00100167
CODE_EXECUTION_TIME(s)=3.14545
RESULT=7581407
Throughput=2.41027e+06
VertexSetAllocated=0.00 Bytes
MiniGraphAllocated=3.22 MB
        3.15 real        17.24 user         0.03 sys
             8372224  maximum resident set size
                   0  average shared memory size
                   0  average unshared data size
                   0  average unshared stack size
                 633  page reclaims
                   1  page faults
                   0  swaps
                   0  block input operations
                   0  block output operations
                   0  messages sent
                   0  messages received
                   0  signals received
                   0  voluntary context switches
                4787  involuntary context switches
         67793352317  instructions retired
         33630813136  cycles elapsed
             7128448  peak memory footprint
