Threads=1
LoadTime(s)=0.00196337
time: command terminated abnormally
      744.57 real       723.40 user         4.57 sys
             5242880  maximum resident set size
                   0  average shared memory size
                   0  average unshared data size
                   0  average unshared stack size
                 649  page reclaims
                   1  page faults
                   0  swaps
                   0  block input operations
                   0  block output operations
                   0  messages sent
                   0  messages received
                   0  signals received
                   0  voluntary context switches
              490424  involuntary context switches
       5742335662104  instructions retired
       1401588787801  cycles elapsed
             3883776  peak memory footprint
