Threads=1
LoadTime(s)=0.00161675
CODE_EXECUTION_TIME(s)=18.9681
RESULT=1127174796
Throughput=5.94248e+07
VertexSetAllocated=241.72 KB
MiniGraphAllocated=363.05 KB
       19.30 real        18.54 user         0.13 sys
             4341760  maximum resident set size
                   0  average shared memory size
                   0  average unshared data size
                   0  average unshared stack size
                 454  page reclaims
                   2  page faults
                   0  swaps
                   0  block input operations
                   0  block output operations
                   0  messages sent
                   0  messages received
                   0  signals received
                   1  voluntary context switches
               19982  involuntary context switches
        142690763790  instructions retired
         35155000402  cycles elapsed
             3031808  peak memory footprint
