Threads=1
LoadTime(s)=0.00439512
CODE_EXECUTION_TIME(s)=0.105799
RESULT=608389
Throughput=5.75041e+06
VertexSetAllocated=0.00 Bytes
MiniGraphAllocated=0.00 Bytes
        0.41 real         0.10 user         0.00 sys
             3883008  maximum resident set size
                   0  average shared memory size
                   0  average unshared data size
                   0  average unshared stack size
                 323  page reclaims
                  21  page faults
                   0  swaps
                   0  block input operations
                   0  block output operations
                   0  messages sent
                   0  messages received
                   0  signals received
                  14  voluntary context switches
                  46  involuntary context switches
           747016021  instructions retired
           218623839  cycles elapsed
             2507328  peak memory footprint
