Threads=16
LoadTime(s)=0.00188854
CODE_EXECUTION_TIME(s)=0.0206525
RESULT=608389
Throughput=2.94583e+07
VertexSetAllocated=0.00 Bytes
MiniGraphAllocated=0.00 Bytes
        0.31 real         0.14 user         0.00 sys
             4472832  maximum resident set size
                   0  average shared memory size
                   0  average unshared data size
                   0  average unshared stack size
                 393  page reclaims
                   1  page faults
                   0  swaps
                   0  block input operations
                   0  block output operations
                   0  messages sent
                   0  messages received
                   0  signals received
                   0  voluntary context switches
                 246  involuntary context switches
           749057459  instructions retired
           286255530  cycles elapsed
             3130240  peak memory footprint
