Threads=16
LoadTime(s)=0.00334283
CODE_EXECUTION_TIME(s)=0.0854016
RESULT=2077903
Throughput=2.4331e+07
VertexSetAllocated=0.00 Bytes
MiniGraphAllocated=1.42 MB
        0.43 real         0.49 user         0.00 sys
             6406144  maximum resident set size
                   0  average shared memory size
                   0  average unshared data size
                   0  average unshared stack size
                 517  page reclaims
                   1  page faults
                   0  swaps
                   0  block input operations
                   0  block output operations
                   0  messages sent
                   0  messages received
                   0  signals received
                   0  voluntary context switches
                 734  involuntary context switches
          2323737331  instructions retired
          1010086947  cycles elapsed
             5129472  peak memory footprint
