Threads=8
LoadTime(s)=0.0429219
CODE_EXECUTION_TIME(s)=7.10814
RESULT=1127174796
Throughput=1.58575e+08
VertexSetAllocated=1.89 MB
MiniGraphAllocated=1.80 MB
        8.10 real        24.11 user         0.18 sys
             6389760  maximum resident set size
                   0  average shared memory size
                   0  average unshared data size
                   0  average unshared stack size
                 577  page reclaims
                  21  page faults
                   0  swaps
                   0  block input operations
                   0  block output operations
                   0  messages sent
                   0  messages received
                   0  signals received
                  10  voluntary context switches
               34210  involuntary context switches
        142820362663  instructions retired
         50260713159  cycles elapsed
             5408064  peak memory footprint
