Threads=4
LoadTime(s)=0.00168604
CODE_EXECUTION_TIME(s)=0.507587
RESULT=6233709
Throughput=1.22811e+07
VertexSetAllocated=966.89 KB
MiniGraphAllocated=1.86 MB
        0.83 real         1.73 user         0.01 sys
             6553600  maximum resident set size
                   0  average shared memory size
                   0  average unshared data size
                   0  average unshared stack size
                 514  page reclaims
                   1  page faults
                   0  swaps
                   0  block input operations
                   0  block output operations
                   0  messages sent
                   0  messages received
                   0  signals received
                   1  voluntary context switches
                1599  involuntary context switches
          8462429070  instructions retired
          3478214991  cycles elapsed
             5227648  peak memory footprint
