Threads=4
LoadTime(s)=0.00230854
CODE_EXECUTION_TIME(s)=3.22253
RESULT=32230662
Throughput=1.00017e+07
VertexSetAllocated=1.89 MB
MiniGraphAllocated=0.00 Bytes
        3.52 real        12.28 user         0.05 sys
             4308992  maximum resident set size
                   0  average shared memory size
                   0  average unshared data size
                   0  average unshared stack size
                 374  page reclaims
                   2  page faults
                   0  swaps
                   0  block input operations
                   0  block output operations
                   0  messages sent
                   0  messages received
                   0  signals received
                   8  voluntary context switches
                5389  involuntary context switches
         69147410233  instructions retired
         21570061196  cycles elapsed
             2982848  peak memory footprint
