Threads=16
LoadTime(s)=0.00296475
CODE_EXECUTION_TIME(s)=6.57595
RESULT=1127174796
Throughput=1.71409e+08
VertexSetAllocated=3.78 MB
MiniGraphAllocated=2.93 MB
        6.87 real        23.38 user         0.10 sys
             8437760  maximum resident set size
                   0  average shared memory size
                   0  average unshared data size
                   0  average unshared stack size
                 640  page reclaims
                   2  page faults
                   0  swaps
                   0  block input operations
                   0  block output operations
                   0  messages sent
                   0  messages received
                   0  signals received
                   8  voluntary context switches
               17349  involuntary context switches
        142681083192  instructions retired
         48104391617  cycles elapsed
             7177600  peak memory footprint
