Threads=8
LoadTime(s)=0.0103202
CODE_EXECUTION_TIME(s)=2.17033
RESULT=262663639
Throughput=1.21025e+08
VertexSetAllocated=0.00 Bytes
MiniGraphAllocated=1.32 MB
        2.18 real        10.99 user         0.03 sys
            21282816  maximum resident set size
                   0  average shared memory size
                   0  average unshared data size
                   0  average unshared stack size
                1405  page reclaims
                   0  page faults
                   0  swaps
                   0  block input operations
                   0  block output operations
                   0  messages sent
                   0  messages received
                   0  signals received
                   0  voluntary context switches
                4168  involuntary context switches
         54096931426  instructions retired
         23127795425  cycles elapsed
            20268032  peak memory footprint
