Threads=8
LoadTime(s)=0.00814879
CODE_EXECUTION_TIME(s)=2.08479
RESULT=262663639
Throughput=1.2599e+08
VertexSetAllocated=0.00 Bytes
MiniGraphAllocated=1.30 MB
        2.38 real        10.89 user         0.03 sys
            21315584  maximum resident set size
                   0  average shared memory size
                   0  average unshared data size
                   0  average unshared stack size
                1404  page reclaims
                   0  page faults
                   0  swaps
                   0  block input operations
                   0  block output operations
                   0  messages sent
                   0  messages received
                   0  signals received
                   0  voluntary context switches
                4231  involuntary context switches
         54106614722  instructions retired
         22841498441  cycles elapsed
            20317248  peak memory footprint
