Threads=8
LoadTime(s)=0.0111184
CODE_EXECUTION_TIME(s)=2.20714
RESULT=262663639
Throughput=1.19006e+08
VertexSetAllocated=0.00 Bytes
MiniGraphAllocated=1.30 MB
        2.22 real        11.08 user         0.03 sys
            21282816  maximum resident set size
                   0  average shared memory size
                   0  average unshared data size
                   0  average unshared stack size
                1404  page reclaims
                   0  page faults
                   0  swaps
                   0  block input operations
                   0  block output operations
                   0  messages sent
                   0  messages received
                   0  signals received
                   0  voluntary context switches
                4817  involuntary context switches
         54103476380  instructions retired
         23216027874  cycles elapsed
            20317376  peak memory footprint
