Threads=8
LoadTime(s)=0.0193115
CODE_EXECUTION_TIME(s)=0.0515587
RESULT=2224385
Throughput=4.31428e+07
VertexSetAllocated=0.00 Bytes
MiniGraphAllocated=0.00 Bytes
        0.36 real         0.33 user         0.01 sys
            19398656  maximum resident set size
                   0  average shared memory size
                   0  average unshared data size
                   0  average unshared stack size
                1293  page reclaims
                   0  page faults
                   0  swaps
                   0  block input operations
                   0  block output operations
                   0  messages sent
                   0  messages received
                   0  signals received
                   8  voluntary context switches
                 167  involuntary context switches
          1591060721  instructions retired
           735373208  cycles elapsed
            18350784  peak memory footprint
