Threads=8
LoadTime(s)=0.00874067
CODE_EXECUTION_TIME(s)=2.06612
RESULT=262663639
Throughput=1.27129e+08
VertexSetAllocated=0.00 Bytes
MiniGraphAllocated=1.53 MB
        2.36 real        10.88 user         0.02 sys
            21463040  maximum resident set size
                   0  average shared memory size
                   0  average unshared data size
                   0  average unshared stack size
                1419  page reclaims
                   0  page faults
                   0  swaps
                   0  block input operations
                   0  block output operations
                   0  messages sent
                   0  messages received
                   0  signals received
                   0  voluntary context switches
                3612  involuntary context switches
         54124242621  instructions retired
         22857731344  cycles elapsed
            20448256  peak memory footprint
