Threads=8
LoadTime(s)=0.00936292
CODE_EXECUTION_TIME(s)=2.1609
RESULT=262663639
Throughput=1.21553e+08
VertexSetAllocated=0.00 Bytes
MiniGraphAllocated=1.35 MB
        2.17 real        10.95 user         0.03 sys
            21266432  maximum resident set size
                   0  average shared memory size
                   0  average unshared data size
                   0  average unshared stack size
                1406  page reclaims
                   0  page faults
                   0  swaps
                   0  block input operations
                   0  block output operations
                   0  messages sent
                   0  messages received
                   0  signals received
                   0  voluntary context switches
                4396  involuntary context switches
         54100026704  instructions retired
         23178612952  cycles elapsed
            20268096  peak memory footprint
