Threads=8
LoadTime(s)=0.00890571
CODE_EXECUTION_TIME(s)=0.83684
RESULT=252893
Throughput=302200
VertexSetAllocated=1.02 MB
MiniGraphAllocated=0.00 Bytes
        1.13 real         4.33 user         0.01 sys
            20004864  maximum resident set size
                   0  average shared memory size
                   0  average unshared data size
                   0  average unshared stack size
                1326  page reclaims
                   0  page faults
                   0  swaps
                   0  block input operations
                   0  block output operations
                   0  messages sent
                   0  messages received
                   0  signals received
                   0  voluntary context switches
                1489  involuntary context switches
         17825169255  instructions retired
          9124480726  cycles elapsed
            19006400  peak memory footprint
