Threads=8
LoadTime(s)=0.00897954
CODE_EXECUTION_TIME(s)=0.797812
RESULT=252893
Throughput=316983
VertexSetAllocated=1.02 MB
MiniGraphAllocated=0.00 Bytes
        1.09 real         4.28 user         0.01 sys
            19988480  maximum resident set size
                   0  average shared memory size
                   0  average unshared data size
                   0  average unshared stack size
                1326  page reclaims
                   0  page faults
                   0  swaps
                   0  block input operations
                   0  block output operations
                   0  messages sent
                   0  messages received
                   0  signals received
                   0  voluntary context switches
                1657  involuntary context switches
         17826511586  instructions retired
          8944409974  cycles elapsed
            19039360  peak memory footprint
