Threads=8
LoadTime(s)=0.00604154
CODE_EXECUTION_TIME(s)=0.312819
RESULT=16713192
Throughput=5.34276e+07
VertexSetAllocated=0.00 Bytes
MiniGraphAllocated=380.66 KB
        0.60 real         1.78 user         0.00 sys
            20119552  maximum resident set size
                   0  average shared memory size
                   0  average unshared data size
                   0  average unshared stack size
                1331  page reclaims
                   1  page faults
                   0  swaps
                   0  block input operations
                   0  block output operations
                   0  messages sent
                   0  messages received
                   0  signals received
                   0  voluntary context switches
                 573  involuntary context switches
          8086161453  instructions retired
          3756078464  cycles elapsed
            19022528  peak memory footprint
