Threads=8
LoadTime(s)=0.0111741
CODE_EXECUTION_TIME(s)=2.15666
RESULT=262663639
Throughput=1.21792e+08
VertexSetAllocated=0.00 Bytes
MiniGraphAllocated=1.48 MB
        2.46 real        10.93 user         0.03 sys
            21413888  maximum resident set size
                   0  average shared memory size
                   0  average unshared data size
                   0  average unshared stack size
                1394  page reclaims
                  19  page faults
                   0  swaps
                   0  block input operations
                   0  block output operations
                   0  messages sent
                   0  messages received
                   0  signals received
                   3  voluntary context switches
                4052  involuntary context switches
         54153122222  instructions retired
         23102833254  cycles elapsed
            20415552  peak memory footprint
