Threads=8
LoadTime(s)=0.0111988
CODE_EXECUTION_TIME(s)=2.14768
RESULT=262663639
Throughput=1.22301e+08
VertexSetAllocated=0.00 Bytes
MiniGraphAllocated=1.33 MB
        2.16 real        11.04 user         0.03 sys
            21266432  maximum resident set size
                   0  average shared memory size
                   0  average unshared data size
                   0  average unshared stack size
                1403  page reclaims
                   0  page faults
                   0  swaps
                   0  block input operations
                   0  block output operations
                   0  messages sent
                   0  messages received
                   0  signals received
                   0  voluntary context switches
                4132  involuntary context switches
         54162533293  instructions retired
         23226581712  cycles elapsed
            20268096  peak memory footprint
