Threads=8
LoadTime(s)=0.00879754
CODE_EXECUTION_TIME(s)=2.05635
RESULT=258570802
Throughput=1.25743e+08
VertexSetAllocated=521.59 KB
MiniGraphAllocated=800.45 KB
        2.35 real        10.79 user         0.03 sys
            20840448  maximum resident set size
                   0  average shared memory size
                   0  average unshared data size
                   0  average unshared stack size
                1377  page reclaims
                   0  page faults
                   0  swaps
                   0  block input operations
                   0  block output operations
                   0  messages sent
                   0  messages received
                   0  signals received
                   0  voluntary context switches
                4212  involuntary context switches
         51774317289  instructions retired
         22642691435  cycles elapsed
            19842176  peak memory footprint
