Threads=8
LoadTime(s)=0.00249683
CODE_EXECUTION_TIME(s)=1.89325
RESULT=8821744
Throughput=4.65957e+06
VertexSetAllocated=2.17 MB
MiniGraphAllocated=0.00 Bytes
        2.19 real        10.30 user         0.03 sys
             6225920  maximum resident set size
                   0  average shared memory size
                   0  average unshared data size
                   0  average unshared stack size
                 466  page reclaims
                  19  page faults
                   0  swaps
                   0  block input operations
                   0  block output operations
                   0  messages sent
                   0  messages received
                   0  signals received
                   3  voluntary context switches
                5178  involuntary context switches
         49251226145  instructions retired
         21113522325  cycles elapsed
             5194560  peak memory footprint
