Threads=8
LoadTime(s)=0.00192771
CODE_EXECUTION_TIME(s)=1.86773
RESULT=8821744
Throughput=4.72325e+06
VertexSetAllocated=2.17 MB
MiniGraphAllocated=0.00 Bytes
        2.16 real        10.32 user         0.02 sys
             6127616  maximum resident set size
                   0  average shared memory size
                   0  average unshared data size
                   0  average unshared stack size
                 483  page reclaims
                   0  page faults
                   0  swaps
                   0  block input operations
                   0  block output operations
                   0  messages sent
                   0  messages received
                   0  signals received
                   1  voluntary context switches
                4868  involuntary context switches
         49243520114  instructions retired
         21110372344  cycles elapsed
             5129152  peak memory footprint
