Threads=8
LoadTime(s)=0.0024565
CODE_EXECUTION_TIME(s)=0.353157
RESULT=5809356
Throughput=1.64498e+07
VertexSetAllocated=0.00 Bytes
MiniGraphAllocated=586.07 KB
        0.36 real         1.63 user         0.02 sys
             6684672  maximum resident set size
                   0  average shared memory size
                   0  average unshared data size
                   0  average unshared stack size
                 517  page reclaims
                   0  page faults
                   0  swaps
                   0  block input operations
                   0  block output operations
                   0  messages sent
                   0  messages received
                   0  signals received
                   0  voluntary context switches
                3193  involuntary context switches
          6469371835  instructions retired
          3373865600  cycles elapsed
             5604160  peak memory footprint
