Threads=8
LoadTime(s)=0.00187838
CODE_EXECUTION_TIME(s)=0.21526
RESULT=5809356
Throughput=2.69876e+07
VertexSetAllocated=0.00 Bytes
MiniGraphAllocated=613.98 KB
        0.50 real         1.43 user         0.00 sys
             6602752  maximum resident set size
                   0  average shared memory size
                   0  average unshared data size
                   0  average unshared stack size
                 509  page reclaims
                   0  page faults
                   0  swaps
                   0  block input operations
                   0  block output operations
                   0  messages sent
                   0  messages received
                   0  signals received
                   0  voluntary context switches
                 829  involuntary context switches
          6447296752  instructions retired
          2974476677  cycles elapsed
             5472896  peak memory footprint
