Threads=8
LoadTime(s)=0.00203317
CODE_EXECUTION_TIME(s)=1.9996
RESULT=8821744
Throughput=4.41176e+06
VertexSetAllocated=2.17 MB
MiniGraphAllocated=0.00 Bytes
        2.29 real        10.27 user         0.03 sys
             6242304  maximum resident set size
                   0  average shared memory size
                   0  average unshared data size
                   0  average unshared stack size
                 476  page reclaims
                   1  page faults
                   0  swaps
                   0  block input operations
                   0  block output operations
                   0  messages sent
                   0  messages received
                   0  signals received
                   1  voluntary context switches
                6740  involuntary context switches
         49259793863  instructions retired
         21012565861  cycles elapsed
             5178112  peak memory footprint
