Threads=8
LoadTime(s)=0.00181554
CODE_EXECUTION_TIME(s)=0.414571
RESULT=5809356
Throughput=1.40129e+07
VertexSetAllocated=0.00 Bytes
MiniGraphAllocated=682.77 KB
        0.43 real         1.64 user         0.03 sys
             6766592  maximum resident set size
                   0  average shared memory size
                   0  average unshared data size
                   0  average unshared stack size
                 518  page reclaims
                   0  page faults
                   0  swaps
                   0  block input operations
                   0  block output operations
                   0  messages sent
                   0  messages received
                   0  signals received
                   2  voluntary context switches
                5480  involuntary context switches
          6482197108  instructions retired
          3277058420  cycles elapsed
             5669632  peak memory footprint
