Threads=8
LoadTime(s)=0.00247821
CODE_EXECUTION_TIME(s)=0.449545
RESULT=5809356
Throughput=1.29227e+07
VertexSetAllocated=0.00 Bytes
MiniGraphAllocated=633.07 KB
        0.45 real         1.63 user         0.02 sys
             6651904  maximum resident set size
                   0  average shared memory size
                   0  average unshared data size
                   0  average unshared stack size
                 505  page reclaims
                   0  page faults
                   0  swaps
                   0  block input operations
                   0  block output operations
                   0  messages sent
                   0  messages received
                   0  signals received
                   0  voluntary context switches
                3296  involuntary context switches
          6468275113  instructions retired
          3298077645  cycles elapsed
             5505664  peak memory footprint
