Threads=8
LoadTime(s)=0.00179287
time: command terminated abnormally
        0.39 real         0.45 user         0.00 sys
             6553600  maximum resident set size
                   0  average shared memory size
                   0  average unshared data size
                   0  average unshared stack size
                 470  page reclaims
                  18  page faults
                   0  swaps
                   0  block input operations
                   0  block output operations
                   0  messages sent
                   0  messages received
                   0  signals received
                   2  voluntary context switches
                 169  involuntary context switches
          2210447385  instructions retired
          1000684171  cycles elapsed
             5358208  peak memory footprint
