Threads=8
LoadTime(s)=0.00193292
CODE_EXECUTION_TIME(s)=0.219919
RESULT=5809356
Throughput=2.64159e+07
VertexSetAllocated=0.00 Bytes
MiniGraphAllocated=620.79 KB
        0.51 real         1.43 user         0.00 sys
             6635520  maximum resident set size
                   0  average shared memory size
                   0  average unshared data size
                   0  average unshared stack size
                 513  page reclaims
                   0  page faults
                   0  swaps
                   0  block input operations
                   0  block output operations
                   0  messages sent
                   0  messages received
                   0  signals received
                   0  voluntary context switches
                 597  involuntary context switches
          6447300348  instructions retired
          2989815763  cycles elapsed
             5505664  peak memory footprint
