Threads=8
LoadTime(s)=0.00268617
CODE_EXECUTION_TIME(s)=0.405537
RESULT=5809356
Throughput=1.43251e+07
VertexSetAllocated=0.00 Bytes
MiniGraphAllocated=625.02 KB
        0.41 real         1.63 user         0.02 sys
             6651904  maximum resident set size
                   0  average shared memory size
                   0  average unshared data size
                   0  average unshared stack size
                 513  page reclaims
                   0  page faults
                   0  swaps
                   0  block input operations
                   0  block output operations
                   0  messages sent
                   0  messages received
                   0  signals received
                   0  voluntary context switches
                3087  involuntary context switches
          6469469284  instructions retired
          3413179438  cycles elapsed
             5571392  peak memory footprint
