Threads=8
LoadTime(s)=0.0069325
CODE_EXECUTION_TIME(s)=12.9022
RESULT=4479591993
Throughput=3.47196e+08
VertexSetAllocated=1.08 MB
MiniGraphAllocated=1.61 MB
       13.21 real        66.96 user         0.14 sys
             8192000  maximum resident set size
                   0  average shared memory size
                   0  average unshared data size
                   0  average unshared stack size
                 603  page reclaims
                   1  page faults
                   0  swaps
                   0  block input operations
                   0  block output operations
                   0  messages sent
                   0  messages received
                   0  signals received
                   8  voluntary context switches
               25688  involuntary context switches
        426429523244  instructions retired
        139996013205  cycles elapsed
             7210176  peak memory footprint
