Threads=8
LoadTime(s)=0.00279396
CODE_EXECUTION_TIME(s)=0.406609
RESULT=5809356
Throughput=1.42873e+07
VertexSetAllocated=0.00 Bytes
MiniGraphAllocated=599.60 KB
        0.41 real         1.65 user         0.02 sys
             6684672  maximum resident set size
                   0  average shared memory size
                   0  average unshared data size
                   0  average unshared stack size
                 515  page reclaims
                   0  page faults
                   0  swaps
                   0  block input operations
                   0  block output operations
                   0  messages sent
                   0  messages received
                   0  signals received
                   0  voluntary context switches
                3397  involuntary context switches
          6469907092  instructions retired
          3420206881  cycles elapsed
             5620608  peak memory footprint
