Threads=8
LoadTime(s)=0.00100125
CODE_EXECUTION_TIME(s)=2.71471
RESULT=32230662
Throughput=1.18726e+07
VertexSetAllocated=3.78 MB
MiniGraphAllocated=0.00 Bytes
        3.00 real        13.86 user         0.03 sys
             4833280  maximum resident set size
                   0  average shared memory size
                   0  average unshared data size
                   0  average unshared stack size
                 399  page reclaims
                   0  page faults
                   0  swaps
                   0  block input operations
                   0  block output operations
                   0  messages sent
                   0  messages received
                   0  signals received
                   0  voluntary context switches
                6323  involuntary context switches
         69194341113  instructions retired
         28906427611  cycles elapsed
             3801920  peak memory footprint
