Threads=8
LoadTime(s)=0.00100954
CODE_EXECUTION_TIME(s)=0.0243774
RESULT=608389
Throughput=2.49571e+07
VertexSetAllocated=0.00 Bytes
MiniGraphAllocated=0.00 Bytes
        0.31 real         0.13 user         0.00 sys
             4341760  maximum resident set size
                   0  average shared memory size
                   0  average unshared data size
                   0  average unshared stack size
                 370  page reclaims
                   4  page faults
                   0  swaps
                   0  block input operations
                   0  block output operations
                   0  messages sent
                   0  messages received
                   0  signals received
                   2  voluntary context switches
                 222  involuntary context switches
           761191636  instructions retired
           290226729  cycles elapsed
             3244544  peak memory footprint
