Threads=8
LoadTime(s)=0.00145946
CODE_EXECUTION_TIME(s)=2.5132
RESULT=32230662
Throughput=1.28246e+07
VertexSetAllocated=3.78 MB
MiniGraphAllocated=0.00 Bytes
        2.81 real        13.94 user         0.03 sys
             4849664  maximum resident set size
                   0  average shared memory size
                   0  average unshared data size
                   0  average unshared stack size
                 401  page reclaims
                   0  page faults
                   0  swaps
                   0  block input operations
                   0  block output operations
                   0  messages sent
                   0  messages received
                   0  signals received
                   0  voluntary context switches
                6055  involuntary context switches
         69189513757  instructions retired
         28517347031  cycles elapsed
             3851200  peak memory footprint
