Threads=8
LoadTime(s)=0.00102171
CODE_EXECUTION_TIME(s)=2.5715
RESULT=32230662
Throughput=1.25338e+07
VertexSetAllocated=3.78 MB
MiniGraphAllocated=0.00 Bytes
        2.86 real        13.97 user         0.04 sys
             4882432  maximum resident set size
                   0  average shared memory size
                   0  average unshared data size
                   0  average unshared stack size
                 400  page reclaims
                   1  page faults
                   0  swaps
                   0  block input operations
                   0  block output operations
                   0  messages sent
                   0  messages received
                   0  signals received
                   0  voluntary context switches
                9545  involuntary context switches
         69226052823  instructions retired
         28561446652  cycles elapsed
             3867520  peak memory footprint
