Threads=8
LoadTime(s)=0.00103121
CODE_EXECUTION_TIME(s)=4.6435
RESULT=1127174796
Throughput=2.42743e+08
VertexSetAllocated=1.89 MB
MiniGraphAllocated=1.64 MB
        4.93 real        24.15 user         0.07 sys
             6832128  maximum resident set size
                   0  average shared memory size
                   0  average unshared data size
                   0  average unshared stack size
                 520  page reclaims
                   1  page faults
                   0  swaps
                   0  block input operations
                   0  block output operations
                   0  messages sent
                   0  messages received
                   0  signals received
                   0  voluntary context switches
               11623  involuntary context switches
        142806133320  instructions retired
         50503716410  cycles elapsed
             5833856  peak memory footprint
