Threads=8
LoadTime(s)=0.00102279
CODE_EXECUTION_TIME(s)=0.0707455
RESULT=2077903
Throughput=2.93715e+07
VertexSetAllocated=0.00 Bytes
MiniGraphAllocated=1019.31 KB
        0.36 real         0.45 user         0.00 sys
             5783552  maximum resident set size
                   0  average shared memory size
                   0  average unshared data size
                   0  average unshared stack size
                 457  page reclaims
                   0  page faults
                   0  swaps
                   0  block input operations
                   0  block output operations
                   0  messages sent
                   0  messages received
                   0  signals received
                   0  voluntary context switches
                 458  involuntary context switches
          2361411562  instructions retired
          1009517029  cycles elapsed
             4719424  peak memory footprint
