Threads=8
LoadTime(s)=0.00101908
CODE_EXECUTION_TIME(s)=0.288431
RESULT=4514137
Throughput=1.56506e+07
VertexSetAllocated=0.00 Bytes
MiniGraphAllocated=1.23 MB
        0.29 real         1.53 user         0.00 sys
             6176768  maximum resident set size
                   0  average shared memory size
                   0  average unshared data size
                   0  average unshared stack size
                 480  page reclaims
                   0  page faults
                   0  swaps
                   0  block input operations
                   0  block output operations
                   0  messages sent
                   0  messages received
                   0  signals received
                   0  voluntary context switches
                1075  involuntary context switches
          6203971828  instructions retired
          3176064215  cycles elapsed
             5161984  peak memory footprint
