Threads=8
LoadTime(s)=0.00129988
CODE_EXECUTION_TIME(s)=0.291769
RESULT=4514137
Throughput=1.54716e+07
VertexSetAllocated=0.00 Bytes
MiniGraphAllocated=1.07 MB
        0.30 real         1.52 user         0.01 sys
             6012928  maximum resident set size
                   0  average shared memory size
                   0  average unshared data size
                   0  average unshared stack size
                 473  page reclaims
                   0  page faults
                   0  swaps
                   0  block input operations
                   0  block output operations
                   0  messages sent
                   0  messages received
                   0  signals received
                   0  voluntary context switches
                1665  involuntary context switches
          6208270027  instructions retired
          3145574634  cycles elapsed
             4998144  peak memory footprint
