Threads=2
LoadTime(s)=0.00388213
CODE_EXECUTION_TIME(s)=1.22151
RESULT=7024917
Throughput=5.75101e+06
VertexSetAllocated=277.26 KB
MiniGraphAllocated=501.02 KB
        1.70 real         1.96 user         0.01 sys
             6160384  maximum resident set size
                   0  average shared memory size
                   0  average unshared data size
                   0  average unshared stack size
                 482  page reclaims
                   2  page faults
                   0  swaps
                   0  block input operations
                   0  block output operations
                   0  messages sent
                   0  messages received
                   0  signals received
                   3  voluntary context switches
                1965  involuntary context switches
          8794228241  instructions retired
          4031114905  cycles elapsed
             4752192  peak memory footprint
