Threads=8
LoadTime(s)=0.00240746
CODE_EXECUTION_TIME(s)=0.0286693
RESULT=727044
Throughput=2.53596e+07
VertexSetAllocated=0.00 Bytes
MiniGraphAllocated=0.00 Bytes
        0.51 real         0.12 user         0.00 sys
             5505024  maximum resident set size
                   0  average shared memory size
                   0  average unshared data size
                   0  average unshared stack size
                 441  page reclaims
                   9  page faults
                   0  swaps
                   0  block input operations
                   0  block output operations
                   0  messages sent
                   0  messages received
                   0  signals received
                   2  voluntary context switches
                  99  involuntary context switches
           581555440  instructions retired
           254571994  cycles elapsed
             4113088  peak memory footprint
