Threads=4
LoadTime(s)=0.00934408
CODE_EXECUTION_TIME(s)=20.1912
RESULT=4479591993
Throughput=2.21858e+08
VertexSetAllocated=554.52 KB
MiniGraphAllocated=908.32 KB
       20.51 real        72.15 user         0.34 sys
             6356992  maximum resident set size
                   0  average shared memory size
                   0  average unshared data size
                   0  average unshared stack size
                 678  page reclaims
                   3  page faults
                   0  swaps
                   0  block input operations
                   0  block output operations
                   0  messages sent
                   0  messages received
                   0  signals received
                  10  voluntary context switches
               51754  involuntary context switches
        426252510365  instructions retired
        118519453852  cycles elapsed
             5539136  peak memory footprint
