Threads=4
LoadTime(s)=0.00685754
CODE_EXECUTION_TIME(s)=4.2218
RESULT=8821744
Throughput=2.08957e+06
VertexSetAllocated=1.08 MB
MiniGraphAllocated=0.00 Bytes
        4.70 real        10.65 user         0.06 sys
             5685248  maximum resident set size
                   0  average shared memory size
                   0  average unshared data size
                   0  average unshared stack size
                 456  page reclaims
                   2  page faults
                   0  swaps
                   0  block input operations
                   0  block output operations
                   0  messages sent
                   0  messages received
                   0  signals received
                   8  voluntary context switches
               11316  involuntary context switches
         49201976519  instructions retired
         21625544144  cycles elapsed
             4342656  peak memory footprint
