Threads=8
LoadTime(s)=0.00292283
CODE_EXECUTION_TIME(s)=0.561212
RESULT=7024917
Throughput=1.25174e+07
VertexSetAllocated=1.08 MB
MiniGraphAllocated=1.93 MB
        1.04 real         1.94 user         0.01 sys
             8224768  maximum resident set size
                   0  average shared memory size
                   0  average unshared data size
                   0  average unshared stack size
                 616  page reclaims
                   1  page faults
                   0  swaps
                   0  block input operations
                   0  block output operations
                   0  messages sent
                   0  messages received
                   0  signals received
                   0  voluntary context switches
                1341  involuntary context switches
          8790874552  instructions retired
          3922177499  cycles elapsed
             6931712  peak memory footprint
