Threads=8
LoadTime(s)=0.00387738
CODE_EXECUTION_TIME(s)=3.02907
RESULT=8821744
Throughput=2.91236e+06
VertexSetAllocated=2.17 MB
MiniGraphAllocated=0.00 Bytes
        3.48 real        10.47 user         0.05 sys
             6144000  maximum resident set size
                   0  average shared memory size
                   0  average unshared data size
                   0  average unshared stack size
                 488  page reclaims
                   2  page faults
                   0  swaps
                   0  block input operations
                   0  block output operations
                   0  messages sent
                   0  messages received
                   0  signals received
                   9  voluntary context switches
                9583  involuntary context switches
         49188471611  instructions retired
         20978345940  cycles elapsed
             4867200  peak memory footprint
