Threads=1
LoadTime(s)=0.00292925
CODE_EXECUTION_TIME(s)=2.23874
RESULT=7024917
Throughput=3.13789e+06
VertexSetAllocated=138.63 KB
MiniGraphAllocated=357.13 KB
        2.84 real         1.99 user         0.01 sys
             5750784  maximum resident set size
                   0  average shared memory size
                   0  average unshared data size
                   0  average unshared stack size
                 452  page reclaims
                   8  page faults
                   0  swaps
                   0  block input operations
                   0  block output operations
                   0  messages sent
                   0  messages received
                   0  signals received
                   0  voluntary context switches
                1627  involuntary context switches
          8798399884  instructions retired
          3742182464  cycles elapsed
             4326016  peak memory footprint
