Threads=2
LoadTime(s)=0.00107371
CODE_EXECUTION_TIME(s)=0.0542269
RESULT=608389
Throughput=1.12193e+07
VertexSetAllocated=0.00 Bytes
MiniGraphAllocated=0.00 Bytes
        0.35 real         0.11 user         0.00 sys
             3899392  maximum resident set size
                   0  average shared memory size
                   0  average unshared data size
                   0  average unshared stack size
                 344  page reclaims
                   3  page faults
                   0  swaps
                   0  block input operations
                   0  block output operations
                   0  messages sent
                   0  messages received
                   0  signals received
                   0  voluntary context switches
                  18  involuntary context switches
           745436291  instructions retired
           222151992  cycles elapsed
             2523904  peak memory footprint
