Threads=4
LoadTime(s)=0.00735321
CODE_EXECUTION_TIME(s)=11.7139
RESULT=1127174796
Throughput=9.62254e+07
VertexSetAllocated=966.89 KB
MiniGraphAllocated=1.07 MB
       12.30 real        24.31 user         0.13 sys
             5472256  maximum resident set size
                   0  average shared memory size
                   0  average unshared data size
                   0  average unshared stack size
                 602  page reclaims
                  21  page faults
                   0  swaps
                   0  block input operations
                   0  block output operations
                   0  messages sent
                   0  messages received
                   0  signals received
                  13  voluntary context switches
               22848  involuntary context switches
        142733753969  instructions retired
         49541244125  cycles elapsed
             4342976  peak memory footprint
