Threads=2
LoadTime(s)=0.00165508
CODE_EXECUTION_TIME(s)=0.351254
RESULT=2077903
Throughput=5.91567e+06
VertexSetAllocated=0.00 Bytes
MiniGraphAllocated=320.50 KB
        0.83 real         0.52 user         0.00 sys
             4587520  maximum resident set size
                   0  average shared memory size
                   0  average unshared data size
                   0  average unshared stack size
                 389  page reclaims
                   1  page faults
                   0  swaps
                   0  block input operations
                   0  block output operations
                   0  messages sent
                   0  messages received
                   0  signals received
                   0  voluntary context switches
                 583  involuntary context switches
          2320481533  instructions retired
          1083345450  cycles elapsed
             3195712  peak memory footprint
