Threads=2
LoadTime(s)=0.00697946
CODE_EXECUTION_TIME(s)=15.6086
RESULT=1127174796
Throughput=7.22148e+07
VertexSetAllocated=483.45 KB
MiniGraphAllocated=593.84 KB
       16.11 real        23.99 user         0.12 sys
             4603904  maximum resident set size
                   0  average shared memory size
                   0  average unshared data size
                   0  average unshared stack size
                 471  page reclaims
                  19  page faults
                   0  swaps
                   0  block input operations
                   0  block output operations
                   0  messages sent
                   0  messages received
                   0  signals received
                  13  voluntary context switches
               24297  involuntary context switches
        142744358125  instructions retired
         50022593797  cycles elapsed
             3605568  peak memory footprint
