Threads=1
LoadTime(s)=0.00342358
CODE_EXECUTION_TIME(s)=0.566292
RESULT=2077903
Throughput=3.66931e+06
VertexSetAllocated=0.00 Bytes
MiniGraphAllocated=227.03 KB
        1.05 real         0.53 user         0.00 sys
             4374528  maximum resident set size
                   0  average shared memory size
                   0  average unshared data size
                   0  average unshared stack size
                 371  page reclaims
                   6  page faults
                   0  swaps
                   0  block input operations
                   0  block output operations
                   0  messages sent
                   0  messages received
                   0  signals received
                   9  voluntary context switches
                 263  involuntary context switches
          2317754442  instructions retired
          1047446764  cycles elapsed
             3048320  peak memory footprint
