Threads=32
LoadTime(s)=0.00143994
CODE_EXECUTION_TIME(s)=1.06958
RESULT=1048807458
Throughput=9.8058e+08
VertexSetAllocated=15.11 MB
MiniGraphAllocated=0.00 Bytes
	Command being timed: "./bin/runner 32 /home/williamp/thesis_data/snap_format/wiki/"
	User time (seconds): 29.12
	System time (seconds): 0.01
	Percent of CPU this job got: 2708%
	Elapsed (wall clock) time (h:mm:ss or m:ss): 0:01.07
	Average shared text size (kbytes): 0
	Average unshared data size (kbytes): 0
	Average stack size (kbytes): 0
	Average total size (kbytes): 0
	Maximum resident set size (kbytes): 6240
	Average resident set size (kbytes): 0
	Major (requiring I/O) page faults: 7
	Minor (reclaiming a frame) page faults: 956
	Voluntary context switches: 262
	Involuntary context switches: 53
	Swaps: 0
	File system inputs: 0
	File system outputs: 24
	Socket messages sent: 0
	Socket messages received: 0
	Signals delivered: 0
	Page size (bytes): 4096
	Exit status: 0
