Threads=4
LoadTime(s)=0.00183595
CODE_EXECUTION_TIME(s)=6.18758
RESULT=1048807458
Throughput=1.69502e+08
VertexSetAllocated=1.89 MB
MiniGraphAllocated=0.00 Bytes
	Command being timed: "./bin/runner 4 /home/williamp/thesis_data/snap_format/wiki/"
	User time (seconds): 24.75
	System time (seconds): 0.00
	Percent of CPU this job got: 399%
	Elapsed (wall clock) time (h:mm:ss or m:ss): 0:06.19
	Average shared text size (kbytes): 0
	Average unshared data size (kbytes): 0
	Average stack size (kbytes): 0
	Average total size (kbytes): 0
	Maximum resident set size (kbytes): 5544
	Average resident set size (kbytes): 0
	Major (requiring I/O) page faults: 0
	Minor (reclaiming a frame) page faults: 1091
	Voluntary context switches: 12
	Involuntary context switches: 20
	Swaps: 0
	File system inputs: 0
	File system outputs: 24
	Socket messages sent: 0
	Socket messages received: 0
	Signals delivered: 0
	Page size (bytes): 4096
	Exit status: 0
