Threads=32
LoadTime(s)=0.0019833
CODE_EXECUTION_TIME(s)=1.19233
RESULT=1048807458
Throughput=8.79628e+08
VertexSetAllocated=15.11 MB
MiniGraphAllocated=0.00 Bytes
	Command being timed: "./bin/runner 32 /home/williamp/thesis_data/snap_format/wiki/"
	User time (seconds): 29.92
	System time (seconds): 0.00
	Percent of CPU this job got: 2495%
	Elapsed (wall clock) time (h:mm:ss or m:ss): 0:01.19
	Average shared text size (kbytes): 0
	Average unshared data size (kbytes): 0
	Average stack size (kbytes): 0
	Average total size (kbytes): 0
	Maximum resident set size (kbytes): 6388
	Average resident set size (kbytes): 0
	Major (requiring I/O) page faults: 0
	Minor (reclaiming a frame) page faults: 713
	Voluntary context switches: 176
	Involuntary context switches: 50
	Swaps: 0
	File system inputs: 0
	File system outputs: 24
	Socket messages sent: 0
	Socket messages received: 0
	Signals delivered: 0
	Page size (bytes): 4096
	Exit status: 0
