Threads=1
LoadTime(s)=0.00146893
CODE_EXECUTION_TIME(s)=23.7802
RESULT=1048807458
Throughput=4.41043e+07
VertexSetAllocated=483.45 KB
MiniGraphAllocated=0.00 Bytes
	Command being timed: "./bin/runner 1 /home/williamp/thesis_data/snap_format/wiki/"
	User time (seconds): 23.77
	System time (seconds): 0.01
	Percent of CPU this job got: 99%
	Elapsed (wall clock) time (h:mm:ss or m:ss): 0:23.78
	Average shared text size (kbytes): 0
	Average unshared data size (kbytes): 0
	Average stack size (kbytes): 0
	Average total size (kbytes): 0
	Maximum resident set size (kbytes): 5460
	Average resident set size (kbytes): 0
	Major (requiring I/O) page faults: 0
	Minor (reclaiming a frame) page faults: 1921
	Voluntary context switches: 2
	Involuntary context switches: 18
	Swaps: 0
	File system inputs: 0
	File system outputs: 24
	Socket messages sent: 0
	Socket messages received: 0
	Signals delivered: 0
	Page size (bytes): 4096
	Exit status: 0
