Threads=64
LoadTime(s)=0.00145844
CODE_EXECUTION_TIME(s)=1.00333
RESULT=1048807458
Throughput=1.04533e+09
VertexSetAllocated=30.22 MB
MiniGraphAllocated=0.00 Bytes
	Command being timed: "./bin/runner 64 /home/williamp/thesis_data/snap_format/wiki/"
	User time (seconds): 36.22
	System time (seconds): 0.01
	Percent of CPU this job got: 3587%
	Elapsed (wall clock) time (h:mm:ss or m:ss): 0:01.01
	Average shared text size (kbytes): 0
	Average unshared data size (kbytes): 0
	Average stack size (kbytes): 0
	Average total size (kbytes): 0
	Maximum resident set size (kbytes): 7412
	Average resident set size (kbytes): 0
	Major (requiring I/O) page faults: 0
	Minor (reclaiming a frame) page faults: 868
	Voluntary context switches: 450
	Involuntary context switches: 45
	Swaps: 0
	File system inputs: 0
	File system outputs: 8
	Socket messages sent: 0
	Socket messages received: 0
	Signals delivered: 0
	Page size (bytes): 4096
	Exit status: 0
