Threads=64
LoadTime(s)=0.00143077
CODE_EXECUTION_TIME(s)=0.950837
RESULT=1048807458
Throughput=1.10304e+09
VertexSetAllocated=30.22 MB
MiniGraphAllocated=0.00 Bytes
	Command being timed: "./bin/runner 64 /home/williamp/thesis_data/snap_format/wiki/"
	User time (seconds): 37.95
	System time (seconds): 0.22
	Percent of CPU this job got: 3986%
	Elapsed (wall clock) time (h:mm:ss or m:ss): 0:00.95
	Average shared text size (kbytes): 0
	Average unshared data size (kbytes): 0
	Average stack size (kbytes): 0
	Average total size (kbytes): 0
	Maximum resident set size (kbytes): 7300
	Average resident set size (kbytes): 0
	Major (requiring I/O) page faults: 0
	Minor (reclaiming a frame) page faults: 862
	Voluntary context switches: 508
	Involuntary context switches: 86
	Swaps: 0
	File system inputs: 0
	File system outputs: 8
	Socket messages sent: 0
	Socket messages received: 0
	Signals delivered: 0
	Page size (bytes): 4096
	Exit status: 0
