Threads=16
LoadTime(s)=0.00143822
CODE_EXECUTION_TIME(s)=1.75684
RESULT=1048807458
Throughput=5.96984e+08
VertexSetAllocated=7.55 MB
MiniGraphAllocated=0.00 Bytes
	Command being timed: "./bin/runner 16 /home/williamp/thesis_data/snap_format/wiki/"
	User time (seconds): 27.79
	System time (seconds): 0.00
	Percent of CPU this job got: 1578%
	Elapsed (wall clock) time (h:mm:ss or m:ss): 0:01.76
	Average shared text size (kbytes): 0
	Average unshared data size (kbytes): 0
	Average stack size (kbytes): 0
	Average total size (kbytes): 0
	Maximum resident set size (kbytes): 5948
	Average resident set size (kbytes): 0
	Major (requiring I/O) page faults: 1
	Minor (reclaiming a frame) page faults: 872
	Voluntary context switches: 72
	Involuntary context switches: 54
	Swaps: 0
	File system inputs: 0
	File system outputs: 8
	Socket messages sent: 0
	Socket messages received: 0
	Signals delivered: 0
	Page size (bytes): 4096
	Exit status: 0
