Threads=64
LoadTime(s)=0.00147102
CODE_EXECUTION_TIME(s)=0.926443
RESULT=1048807458
Throughput=1.13208e+09
VertexSetAllocated=30.22 MB
MiniGraphAllocated=0.00 Bytes
	Command being timed: "./bin/runner 64 /home/williamp/thesis_data/snap_format/wiki/"
	User time (seconds): 35.23
	System time (seconds): 0.25
	Percent of CPU this job got: 3803%
	Elapsed (wall clock) time (h:mm:ss or m:ss): 0:00.93
	Average shared text size (kbytes): 0
	Average unshared data size (kbytes): 0
	Average stack size (kbytes): 0
	Average total size (kbytes): 0
	Maximum resident set size (kbytes): 7284
	Average resident set size (kbytes): 0
	Major (requiring I/O) page faults: 0
	Minor (reclaiming a frame) page faults: 863
	Voluntary context switches: 536
	Involuntary context switches: 16
	Swaps: 0
	File system inputs: 0
	File system outputs: 8
	Socket messages sent: 0
	Socket messages received: 0
	Signals delivered: 0
	Page size (bytes): 4096
	Exit status: 0
