Threads=32
LoadTime(s)=0.00147443
CODE_EXECUTION_TIME(s)=1.17109
RESULT=1048807458
Throughput=8.95585e+08
VertexSetAllocated=15.11 MB
MiniGraphAllocated=0.00 Bytes
	Command being timed: "./bin/runner 32 /home/williamp/thesis_data/snap_format/wiki/"
	User time (seconds): 29.01
	System time (seconds): 0.00
	Percent of CPU this job got: 2463%
	Elapsed (wall clock) time (h:mm:ss or m:ss): 0:01.17
	Average shared text size (kbytes): 0
	Average unshared data size (kbytes): 0
	Average stack size (kbytes): 0
	Average total size (kbytes): 0
	Maximum resident set size (kbytes): 6240
	Average resident set size (kbytes): 0
	Major (requiring I/O) page faults: 1
	Minor (reclaiming a frame) page faults: 995
	Voluntary context switches: 246
	Involuntary context switches: 44
	Swaps: 0
	File system inputs: 0
	File system outputs: 8
	Socket messages sent: 0
	Socket messages received: 0
	Signals delivered: 0
	Page size (bytes): 4096
	Exit status: 0
