Threads=8
LoadTime(s)=0.008412
CODE_EXECUTION_TIME(s)=2.36761
RESULT=262663639
Throughput=1.1094e+08
VertexSetAllocated=0.00 Bytes
MiniGraphAllocated=1.47 MB
        2.38 real        11.04 user         0.06 sys
            21446656  maximum resident set size
                   0  average shared memory size
                   0  average unshared data size
                   0  average unshared stack size
                1414  page reclaims
                   0  page faults
                   0  swaps
                   0  block input operations
                   0  block output operations
                   0  messages sent
                   0  messages received
                   0  signals received
                   0  voluntary context switches
               11005  involuntary context switches
         54130081832  instructions retired
         23160023970  cycles elapsed
            20448320  peak memory footprint
