Threads=8
LoadTime(s)=0.0106768
CODE_EXECUTION_TIME(s)=2.25771
RESULT=262663639
Throughput=1.16341e+08
VertexSetAllocated=0.00 Bytes
MiniGraphAllocated=1.45 MB
        2.27 real        11.04 user         0.04 sys
            21446656  maximum resident set size
                   0  average shared memory size
                   0  average unshared data size
                   0  average unshared stack size
                1413  page reclaims
                   0  page faults
                   0  swaps
                   0  block input operations
                   0  block output operations
                   0  messages sent
                   0  messages received
                   0  signals received
                   0  voluntary context switches
                6974  involuntary context switches
         54157795507  instructions retired
         23040827650  cycles elapsed
            20431872  peak memory footprint
