Threads=8
LoadTime(s)=0.00593313
CODE_EXECUTION_TIME(s)=1.8093
RESULT=262663639
Throughput=1.45175e+08
VertexSetAllocated=0.00 Bytes
MiniGraphAllocated=1.56 MB
        1.82 real        10.24 user         0.05 sys
            21594112  maximum resident set size
                   0  average shared memory size
                   0  average unshared data size
                   0  average unshared stack size
                1421  page reclaims
                   0  page faults
                   0  swaps
                   0  block input operations
                   0  block output operations
                   0  messages sent
                   0  messages received
                   0  signals received
                   0  voluntary context switches
               10431  involuntary context switches
         54137867051  instructions retired
         21166041362  cycles elapsed
            20595776  peak memory footprint
