Threads=8
LoadTime(s)=0.00606871
CODE_EXECUTION_TIME(s)=2.37234
RESULT=262663639
Throughput=1.10719e+08
VertexSetAllocated=0.00 Bytes
MiniGraphAllocated=1.46 MB
        2.38 real        10.52 user         0.07 sys
            21397504  maximum resident set size
                   0  average shared memory size
                   0  average unshared data size
                   0  average unshared stack size
                1414  page reclaims
                   0  page faults
                   0  swaps
                   0  block input operations
                   0  block output operations
                   0  messages sent
                   0  messages received
                   0  signals received
                   0  voluntary context switches
               14097  involuntary context switches
         54219261894  instructions retired
         22264617561  cycles elapsed
            20399168  peak memory footprint
