Threads=8
LoadTime(s)=0.00594779
CODE_EXECUTION_TIME(s)=1.55871
RESULT=262663639
Throughput=1.68514e+08
VertexSetAllocated=0.00 Bytes
MiniGraphAllocated=1.45 MB
        1.57 real         9.94 user         0.02 sys
            21446656  maximum resident set size
                   0  average shared memory size
                   0  average unshared data size
                   0  average unshared stack size
                1413  page reclaims
                   0  page faults
                   0  swaps
                   0  block input operations
                   0  block output operations
                   0  messages sent
                   0  messages received
                   0  signals received
                   0  voluntary context switches
                3035  involuntary context switches
         54088815044  instructions retired
         20767713130  cycles elapsed
            20431872  peak memory footprint
