Threads=8
LoadTime(s)=0.0069175
CODE_EXECUTION_TIME(s)=3.89282
RESULT=262663639
Throughput=6.74739e+07
VertexSetAllocated=0.00 Bytes
MiniGraphAllocated=1.45 MB
        3.90 real        10.74 user         0.16 sys
            21331968  maximum resident set size
                   0  average shared memory size
                   0  average unshared data size
                   0  average unshared stack size
                1408  page reclaims
                   1  page faults
                   0  swaps
                   0  block input operations
                   0  block output operations
                   0  messages sent
                   0  messages received
                   0  signals received
                   1  voluntary context switches
               31472  involuntary context switches
         54375827495  instructions retired
         23237284159  cycles elapsed
            20300736  peak memory footprint
