Threads=8
LoadTime(s)=0.00595829
CODE_EXECUTION_TIME(s)=2.48046
RESULT=262663639
Throughput=1.05893e+08
VertexSetAllocated=0.00 Bytes
MiniGraphAllocated=1.38 MB
        2.49 real        10.87 user         0.10 sys
            21381120  maximum resident set size
                   0  average shared memory size
                   0  average unshared data size
                   0  average unshared stack size
                1413  page reclaims
                   0  page faults
                   0  swaps
                   0  block input operations
                   0  block output operations
                   0  messages sent
                   0  messages received
                   0  signals received
                   0  voluntary context switches
               16954  involuntary context switches
         54267241039  instructions retired
         22777264200  cycles elapsed
            20399232  peak memory footprint
