Threads=8
LoadTime(s)=0.010993
CODE_EXECUTION_TIME(s)=2.62145
RESULT=262663639
Throughput=1.00198e+08
VertexSetAllocated=0.00 Bytes
MiniGraphAllocated=1.39 MB
        2.64 real        11.03 user         0.09 sys
            21299200  maximum resident set size
                   0  average shared memory size
                   0  average unshared data size
                   0  average unshared stack size
                1406  page reclaims
                   0  page faults
                   0  swaps
                   0  block input operations
                   0  block output operations
                   0  messages sent
                   0  messages received
                   0  signals received
                   0  voluntary context switches
               14392  involuntary context switches
         54237685469  instructions retired
         23469422165  cycles elapsed
            20284416  peak memory footprint
