Threads=8
LoadTime(s)=0.00658008
CODE_EXECUTION_TIME(s)=4.01433
RESULT=262663639
Throughput=6.54314e+07
VertexSetAllocated=0.00 Bytes
MiniGraphAllocated=1.61 MB
        4.02 real        10.75 user         0.15 sys
            21479424  maximum resident set size
                   0  average shared memory size
                   0  average unshared data size
                   0  average unshared stack size
                1416  page reclaims
                   1  page faults
                   0  swaps
                   0  block input operations
                   0  block output operations
                   0  messages sent
                   0  messages received
                   0  signals received
                   2  voluntary context switches
               29687  involuntary context switches
         54292427614  instructions retired
         23341882660  cycles elapsed
            20464640  peak memory footprint
