Threads=8
LoadTime(s)=0.00598883
CODE_EXECUTION_TIME(s)=1.7423
RESULT=262663639
Throughput=1.50756e+08
VertexSetAllocated=0.00 Bytes
MiniGraphAllocated=1.33 MB
        1.75 real        10.10 user         0.04 sys
            21348352  maximum resident set size
                   0  average shared memory size
                   0  average unshared data size
                   0  average unshared stack size
                1409  page reclaims
                   0  page faults
                   0  swaps
                   0  block input operations
                   0  block output operations
                   0  messages sent
                   0  messages received
                   0  signals received
                   0  voluntary context switches
                8063  involuntary context switches
         54098823619  instructions retired
         21103153683  cycles elapsed
            20366464  peak memory footprint
