Threads=8
LoadTime(s)=0.0185511
CODE_EXECUTION_TIME(s)=2.0405
RESULT=262663639
Throughput=1.28725e+08
VertexSetAllocated=0.00 Bytes
MiniGraphAllocated=1.35 MB
        2.06 real        10.48 user         0.08 sys
            21299200  maximum resident set size
                   0  average shared memory size
                   0  average unshared data size
                   0  average unshared stack size
                1407  page reclaims
                   0  page faults
                   0  swaps
                   0  block input operations
                   0  block output operations
                   0  messages sent
                   0  messages received
                   0  signals received
                  10  voluntary context switches
               14688  involuntary context switches
         54206682646  instructions retired
         21689988084  cycles elapsed
            20284416  peak memory footprint
