Threads=8
LoadTime(s)=0.00595458
CODE_EXECUTION_TIME(s)=1.54465
RESULT=262663639
Throughput=1.70048e+08
VertexSetAllocated=0.00 Bytes
MiniGraphAllocated=1.36 MB
        1.55 real        10.01 user         0.01 sys
            21364736  maximum resident set size
                   0  average shared memory size
                   0  average unshared data size
                   0  average unshared stack size
                1409  page reclaims
                   0  page faults
                   0  swaps
                   0  block input operations
                   0  block output operations
                   0  messages sent
                   0  messages received
                   0  signals received
                   0  voluntary context switches
                2768  involuntary context switches
         54096854621  instructions retired
         20840143458  cycles elapsed
            20415744  peak memory footprint
