Threads=8
LoadTime(s)=0.00635504
CODE_EXECUTION_TIME(s)=1.58462
RESULT=262663639
Throughput=1.65759e+08
VertexSetAllocated=0.00 Bytes
MiniGraphAllocated=1.24 MB
        1.59 real         9.92 user         0.02 sys
            21200896  maximum resident set size
                   0  average shared memory size
                   0  average unshared data size
                   0  average unshared stack size
                1404  page reclaims
                   0  page faults
                   0  swaps
                   0  block input operations
                   0  block output operations
                   0  messages sent
                   0  messages received
                   0  signals received
                   0  voluntary context switches
                3392  involuntary context switches
         54102168778  instructions retired
         20747964915  cycles elapsed
            20202560  peak memory footprint
