Threads=8
LoadTime(s)=0.00597721
CODE_EXECUTION_TIME(s)=1.86423
RESULT=262663639
Throughput=1.40897e+08
VertexSetAllocated=0.00 Bytes
MiniGraphAllocated=1.41 MB
        1.87 real        10.18 user         0.05 sys
            21315584  maximum resident set size
                   0  average shared memory size
                   0  average unshared data size
                   0  average unshared stack size
                1407  page reclaims
                   0  page faults
                   0  swaps
                   0  block input operations
                   0  block output operations
                   0  messages sent
                   0  messages received
                   0  signals received
                   0  voluntary context switches
               10467  involuntary context switches
         54191087680  instructions retired
         21260345174  cycles elapsed
            20300800  peak memory footprint
