Threads=8
LoadTime(s)=0.00677875
CODE_EXECUTION_TIME(s)=1.66411
RESULT=262663639
Throughput=1.5784e+08
VertexSetAllocated=0.00 Bytes
MiniGraphAllocated=1.65 MB
        1.67 real        10.12 user         0.03 sys
            21626880  maximum resident set size
                   0  average shared memory size
                   0  average unshared data size
                   0  average unshared stack size
                1424  page reclaims
                   0  page faults
                   0  swaps
                   0  block input operations
                   0  block output operations
                   0  messages sent
                   0  messages received
                   0  signals received
                   0  voluntary context switches
                6309  involuntary context switches
         54087218645  instructions retired
         21023847987  cycles elapsed
            20612096  peak memory footprint
