Threads=8
LoadTime(s)=0.00601842
CODE_EXECUTION_TIME(s)=1.89815
RESULT=262663639
Throughput=1.38379e+08
VertexSetAllocated=0.00 Bytes
MiniGraphAllocated=1.45 MB
        1.90 real        10.41 user         0.05 sys
            21479424  maximum resident set size
                   0  average shared memory size
                   0  average unshared data size
                   0  average unshared stack size
                1415  page reclaims
                   0  page faults
                   0  swaps
                   0  block input operations
                   0  block output operations
                   0  messages sent
                   0  messages received
                   0  signals received
                   0  voluntary context switches
                9762  involuntary context switches
         54135553174  instructions retired
         21370055932  cycles elapsed
            20481088  peak memory footprint
