Threads=8
LoadTime(s)=0.00993517
CODE_EXECUTION_TIME(s)=2.21045
RESULT=262663639
Throughput=1.18828e+08
VertexSetAllocated=0.00 Bytes
MiniGraphAllocated=1.32 MB
        2.22 real        11.08 user         0.03 sys
            21200896  maximum resident set size
                   0  average shared memory size
                   0  average unshared data size
                   0  average unshared stack size
                1400  page reclaims
                   0  page faults
                   0  swaps
                   0  block input operations
                   0  block output operations
                   0  messages sent
                   0  messages received
                   0  signals received
                   0  voluntary context switches
                4304  involuntary context switches
         54201857583  instructions retired
         23566217837  cycles elapsed
            20153216  peak memory footprint
