Threads=8
LoadTime(s)=0.0105782
CODE_EXECUTION_TIME(s)=2.29416
RESULT=262663639
Throughput=1.14492e+08
VertexSetAllocated=0.00 Bytes
MiniGraphAllocated=1.27 MB
        2.31 real        11.06 user         0.06 sys
            21331968  maximum resident set size
                   0  average shared memory size
                   0  average unshared data size
                   0  average unshared stack size
                1405  page reclaims
                   0  page faults
                   0  swaps
                   0  block input operations
                   0  block output operations
                   0  messages sent
                   0  messages received
                   0  signals received
                   0  voluntary context switches
                9619  involuntary context switches
         54168659560  instructions retired
         23121624578  cycles elapsed
            20366528  peak memory footprint
