Threads=8
LoadTime(s)=0.00102038
CODE_EXECUTION_TIME(s)=0.198084
time: command terminated abnormally
        0.27 real         1.31 user         0.00 sys
             6799360  maximum resident set size
                   0  average shared memory size
                   0  average unshared data size
                   0  average unshared stack size
                 504  page reclaims
                   0  page faults
                   0  swaps
                   0  block input operations
                   0  block output operations
                   0  messages sent
                   0  messages received
                   0  signals received
                   0  voluntary context switches
                1470  involuntary context switches
          6563205950  instructions retired
          2940205139  cycles elapsed
             5603968  peak memory footprint
