Threads=8
LoadTime(s)=0.00104292
CODE_EXECUTION_TIME(s)=0.234759
RESULT=5809356
Throughput=2.47461e+07
VertexSetAllocated=0.00 Bytes
MiniGraphAllocated=670.21 KB
        0.23 real         1.36 user         0.01 sys
             6701056  maximum resident set size
                   0  average shared memory size
                   0  average unshared data size
                   0  average unshared stack size
                 514  page reclaims
                   0  page faults
                   0  swaps
                   0  block input operations
                   0  block output operations
                   0  messages sent
                   0  messages received
                   0  signals received
                   0  voluntary context switches
                2786  involuntary context switches
          6579782435  instructions retired
          2960428928  cycles elapsed
             5587584  peak memory footprint
