Threads=8
LoadTime(s)=0.00113517
CODE_EXECUTION_TIME(s)=0.191613
RESULT=5809356
Throughput=3.03182e+07
VertexSetAllocated=0.00 Bytes
MiniGraphAllocated=646.81 KB
        0.19 real         1.31 user         0.00 sys
             6619136  maximum resident set size
                   0  average shared memory size
                   0  average unshared data size
                   0  average unshared stack size
                 510  page reclaims
                   0  page faults
                   0  swaps
                   0  block input operations
                   0  block output operations
                   0  messages sent
                   0  messages received
                   0  signals received
                   0  voluntary context switches
                 523  involuntary context switches
          6557587609  instructions retired
          2928217378  cycles elapsed
             5538560  peak memory footprint
