Threads=8
LoadTime(s)=0.00104137
CODE_EXECUTION_TIME(s)=0.207855
RESULT=5809356
Throughput=2.79491e+07
VertexSetAllocated=0.00 Bytes
MiniGraphAllocated=658.98 KB
        0.21 real         1.31 user         0.00 sys
             6717440  maximum resident set size
                   0  average shared memory size
                   0  average unshared data size
                   0  average unshared stack size
                 515  page reclaims
                   0  page faults
                   0  swaps
                   0  block input operations
                   0  block output operations
                   0  messages sent
                   0  messages received
                   0  signals received
                   0  voluntary context switches
                1339  involuntary context switches
          6570392916  instructions retired
          2959641093  cycles elapsed
             5603968  peak memory footprint
