Threads=8
LoadTime(s)=0.00101817
CODE_EXECUTION_TIME(s)=0.200304
RESULT=5809356
Throughput=2.90026e+07
VertexSetAllocated=0.00 Bytes
MiniGraphAllocated=751.37 KB
        0.20 real         1.32 user         0.00 sys
             6799360  maximum resident set size
                   0  average shared memory size
                   0  average unshared data size
                   0  average unshared stack size
                 522  page reclaims
                   0  page faults
                   0  swaps
                   0  block input operations
                   0  block output operations
                   0  messages sent
                   0  messages received
                   0  signals received
                   0  voluntary context switches
                1230  involuntary context switches
          6569747635  instructions retired
          2966406262  cycles elapsed
             5685888  peak memory footprint
