Threads=8
LoadTime(s)=0.00209163
CODE_EXECUTION_TIME(s)=0.389699
RESULT=5809356
Throughput=1.49073e+07
VertexSetAllocated=0.00 Bytes
MiniGraphAllocated=647.08 KB
        0.39 real         1.67 user         0.02 sys
             6701056  maximum resident set size
                   0  average shared memory size
                   0  average unshared data size
                   0  average unshared stack size
                 510  page reclaims
                   0  page faults
                   0  swaps
                   0  block input operations
                   0  block output operations
                   0  messages sent
                   0  messages received
                   0  signals received
                   0  voluntary context switches
                3489  involuntary context switches
          6581503511  instructions retired
          3465305365  cycles elapsed
             5587584  peak memory footprint
