Threads=8
LoadTime(s)=0.00189125
CODE_EXECUTION_TIME(s)=0.301403
RESULT=5809356
Throughput=1.92744e+07
VertexSetAllocated=0.00 Bytes
MiniGraphAllocated=650.19 KB
        0.31 real         1.67 user         0.01 sys
             6668288  maximum resident set size
                   0  average shared memory size
                   0  average unshared data size
                   0  average unshared stack size
                 513  page reclaims
                   0  page faults
                   0  swaps
                   0  block input operations
                   0  block output operations
                   0  messages sent
                   0  messages received
                   0  signals received
                   0  voluntary context switches
                1602  involuntary context switches
          6574529379  instructions retired
          3392759660  cycles elapsed
             5554816  peak memory footprint
