Threads=8
LoadTime(s)=0.00108496
CODE_EXECUTION_TIME(s)=0.223844
RESULT=5809356
Throughput=2.59527e+07
VertexSetAllocated=0.00 Bytes
MiniGraphAllocated=633.17 KB
        0.23 real         1.38 user         0.01 sys
             6684672  maximum resident set size
                   0  average shared memory size
                   0  average unshared data size
                   0  average unshared stack size
                 497  page reclaims
                  15  page faults
                   0  swaps
                   0  block input operations
                   0  block output operations
                   0  messages sent
                   0  messages received
                   0  signals received
                   2  voluntary context switches
                3407  involuntary context switches
          6590258809  instructions retired
          2977897517  cycles elapsed
             5571200  peak memory footprint
