Threads=8
LoadTime(s)=0.00112033
CODE_EXECUTION_TIME(s)=0.246902
RESULT=5809356
Throughput=2.3529e+07
VertexSetAllocated=0.00 Bytes
MiniGraphAllocated=654.70 KB
        0.25 real         1.33 user         0.00 sys
             6668288  maximum resident set size
                   0  average shared memory size
                   0  average unshared data size
                   0  average unshared stack size
                 513  page reclaims
                   0  page faults
                   0  swaps
                   0  block input operations
                   0  block output operations
                   0  messages sent
                   0  messages received
                   0  signals received
                   0  voluntary context switches
                1682  involuntary context switches
          6570154454  instructions retired
          3014955362  cycles elapsed
             5554816  peak memory footprint
