Threads=8
LoadTime(s)=0.00104983
CODE_EXECUTION_TIME(s)=0.206125
RESULT=5809356
Throughput=2.81836e+07
VertexSetAllocated=0.00 Bytes
MiniGraphAllocated=630.77 KB
        0.21 real         1.31 user         0.00 sys
             6635520  maximum resident set size
                   0  average shared memory size
                   0  average unshared data size
                   0  average unshared stack size
                 513  page reclaims
                   0  page faults
                   0  swaps
                   0  block input operations
                   0  block output operations
                   0  messages sent
                   0  messages received
                   0  signals received
                   0  voluntary context switches
                1259  involuntary context switches
          6570421145  instructions retired
          2946518931  cycles elapsed
             5522048  peak memory footprint
