Threads=8
LoadTime(s)=0.001034
CODE_EXECUTION_TIME(s)=0.202899
RESULT=5809356
Throughput=2.86318e+07
VertexSetAllocated=0.00 Bytes
MiniGraphAllocated=639.06 KB
        0.20 real         1.31 user         0.01 sys
             6717440  maximum resident set size
                   0  average shared memory size
                   0  average unshared data size
                   0  average unshared stack size
                 515  page reclaims
                   0  page faults
                   0  swaps
                   0  block input operations
                   0  block output operations
                   0  messages sent
                   0  messages received
                   0  signals received
                   0  voluntary context switches
                2865  involuntary context switches
          6587380491  instructions retired
          2961753710  cycles elapsed
             5603968  peak memory footprint
