Threads=8
LoadTime(s)=0.00103454
CODE_EXECUTION_TIME(s)=0.252933
RESULT=5809356
Throughput=2.2968e+07
VertexSetAllocated=0.00 Bytes
MiniGraphAllocated=654.64 KB
        0.25 real         1.31 user         0.00 sys
             6701056  maximum resident set size
                   0  average shared memory size
                   0  average unshared data size
                   0  average unshared stack size
                 513  page reclaims
                   0  page faults
                   0  swaps
                   0  block input operations
                   0  block output operations
                   0  messages sent
                   0  messages received
                   0  signals received
                   0  voluntary context switches
                1936  involuntary context switches
          6568715872  instructions retired
          2956086737  cycles elapsed
             5587584  peak memory footprint
