Threads=8
LoadTime(s)=0.00102446
CODE_EXECUTION_TIME(s)=0.245405
RESULT=5809356
Throughput=2.36725e+07
VertexSetAllocated=0.00 Bytes
MiniGraphAllocated=614.71 KB
        0.25 real         1.47 user         0.01 sys
             6668288  maximum resident set size
                   0  average shared memory size
                   0  average unshared data size
                   0  average unshared stack size
                 512  page reclaims
                   0  page faults
                   0  swaps
                   0  block input operations
                   0  block output operations
                   0  messages sent
                   0  messages received
                   0  signals received
                   0  voluntary context switches
                1649  involuntary context switches
          6569724063  instructions retired
          3093148576  cycles elapsed
             5571264  peak memory footprint
