Threads=8
LoadTime(s)=0.00122396
CODE_EXECUTION_TIME(s)=0.540834
RESULT=5809356
Throughput=1.07415e+07
VertexSetAllocated=0.00 Bytes
MiniGraphAllocated=628.84 KB
        0.54 real         1.37 user         0.02 sys
             6684672  maximum resident set size
                   0  average shared memory size
                   0  average unshared data size
                   0  average unshared stack size
                 513  page reclaims
                   1  page faults
                   0  swaps
                   0  block input operations
                   0  block output operations
                   0  messages sent
                   0  messages received
                   0  signals received
                   1  voluntary context switches
                5514  involuntary context switches
          6605667692  instructions retired
          3174578656  cycles elapsed
             5604096  peak memory footprint
