Threads=8
LoadTime(s)=0.000551166
CODE_EXECUTION_TIME(s)=0.198785
RESULT=4514137
Throughput=2.27086e+07
VertexSetAllocated=0.00 Bytes
MiniGraphAllocated=1.25 MB
        0.20 real         1.30 user         0.01 sys
             6209536  maximum resident set size
                   0  average shared memory size
                   0  average unshared data size
                   0  average unshared stack size
                 484  page reclaims
                   0  page faults
                   0  swaps
                   0  block input operations
                   0  block output operations
                   0  messages sent
                   0  messages received
                   0  signals received
                   0  voluntary context switches
                1986  involuntary context switches
          6539183366  instructions retired
          2922317227  cycles elapsed
             5178304  peak memory footprint
