Threads=8
LoadTime(s)=0.000574792
CODE_EXECUTION_TIME(s)=0.295934
RESULT=4514137
Throughput=1.52539e+07
VertexSetAllocated=0.00 Bytes
MiniGraphAllocated=1.24 MB
        0.30 real         1.28 user         0.00 sys
             6209536  maximum resident set size
                   0  average shared memory size
                   0  average unshared data size
                   0  average unshared stack size
                 479  page reclaims
                   7  page faults
                   0  swaps
                   0  block input operations
                   0  block output operations
                   0  messages sent
                   0  messages received
                   0  signals received
                   1  voluntary context switches
                1864  involuntary context switches
          6538222125  instructions retired
          2849299552  cycles elapsed
             5194752  peak memory footprint
