Threads=8
LoadTime(s)=0.000531375
CODE_EXECUTION_TIME(s)=0.213585
RESULT=4514137
Throughput=2.11351e+07
VertexSetAllocated=0.00 Bytes
MiniGraphAllocated=1.13 MB
        0.21 real         1.37 user         0.00 sys
             6012928  maximum resident set size
                   0  average shared memory size
                   0  average unshared data size
                   0  average unshared stack size
                 473  page reclaims
                   0  page faults
                   0  swaps
                   0  block input operations
                   0  block output operations
                   0  messages sent
                   0  messages received
                   0  signals received
                   0  voluntary context switches
                1511  involuntary context switches
          6535950811  instructions retired
          2963835780  cycles elapsed
             4965248  peak memory footprint
