Threads=8
LoadTime(s)=0.000519541
CODE_EXECUTION_TIME(s)=0.194435
RESULT=4514137
Throughput=2.32167e+07
VertexSetAllocated=0.00 Bytes
MiniGraphAllocated=1.25 MB
        0.19 real         1.31 user         0.00 sys
             6144000  maximum resident set size
                   0  average shared memory size
                   0  average unshared data size
                   0  average unshared stack size
                 479  page reclaims
                   0  page faults
                   0  swaps
                   0  block input operations
                   0  block output operations
                   0  messages sent
                   0  messages received
                   0  signals received
                   0  voluntary context switches
                1353  involuntary context switches
          6532332861  instructions retired
          2949875618  cycles elapsed
             5096320  peak memory footprint
