Threads=8
LoadTime(s)=0.000542042
CODE_EXECUTION_TIME(s)=0.3799
RESULT=4514137
Throughput=1.18824e+07
VertexSetAllocated=0.00 Bytes
MiniGraphAllocated=1.21 MB
        0.38 real         1.51 user         0.01 sys
             6209536  maximum resident set size
                   0  average shared memory size
                   0  average unshared data size
                   0  average unshared stack size
                 482  page reclaims
                   0  page faults
                   0  swaps
                   0  block input operations
                   0  block output operations
                   0  messages sent
                   0  messages received
                   0  signals received
                   0  voluntary context switches
                1827  involuntary context switches
          6536382714  instructions retired
          3187321423  cycles elapsed
             5194752  peak memory footprint
