Threads=8
LoadTime(s)=0.000559542
CODE_EXECUTION_TIME(s)=0.199276
RESULT=4514137
Throughput=2.26527e+07
VertexSetAllocated=0.00 Bytes
MiniGraphAllocated=1.19 MB
        0.20 real         1.31 user         0.00 sys
             6078464  maximum resident set size
                   0  average shared memory size
                   0  average unshared data size
                   0  average unshared stack size
                 479  page reclaims
                   0  page faults
                   0  swaps
                   0  block input operations
                   0  block output operations
                   0  messages sent
                   0  messages received
                   0  signals received
                   0  voluntary context switches
                1266  involuntary context switches
          6530503009  instructions retired
          2941185050  cycles elapsed
             5030784  peak memory footprint
