Threads=8
LoadTime(s)=0.000525375
CODE_EXECUTION_TIME(s)=0.207319
RESULT=4514137
Throughput=2.17738e+07
VertexSetAllocated=0.00 Bytes
MiniGraphAllocated=1.18 MB
        0.21 real         1.30 user         0.01 sys
             6144000  maximum resident set size
                   0  average shared memory size
                   0  average unshared data size
                   0  average unshared stack size
                 483  page reclaims
                   0  page faults
                   0  swaps
                   0  block input operations
                   0  block output operations
                   0  messages sent
                   0  messages received
                   0  signals received
                   0  voluntary context switches
                1854  involuntary context switches
          6534980415  instructions retired
          2923537617  cycles elapsed
             5129216  peak memory footprint
