Threads=8
LoadTime(s)=0.000528958
CODE_EXECUTION_TIME(s)=0.202017
RESULT=4514137
Throughput=2.23453e+07
VertexSetAllocated=0.00 Bytes
MiniGraphAllocated=1.14 MB
        0.20 real         1.31 user         0.01 sys
             6012928  maximum resident set size
                   0  average shared memory size
                   0  average unshared data size
                   0  average unshared stack size
                 474  page reclaims
                   0  page faults
                   0  swaps
                   0  block input operations
                   0  block output operations
                   0  messages sent
                   0  messages received
                   0  signals received
                   0  voluntary context switches
                1833  involuntary context switches
          6537166663  instructions retired
          2949579733  cycles elapsed
             4948800  peak memory footprint
