Threads=8
LoadTime(s)=0.00053325
CODE_EXECUTION_TIME(s)=0.191514
RESULT=4514137
Throughput=2.35708e+07
VertexSetAllocated=0.00 Bytes
MiniGraphAllocated=1.16 MB
        0.19 real         1.31 user         0.00 sys
             5963776  maximum resident set size
                   0  average shared memory size
                   0  average unshared data size
                   0  average unshared stack size
                 469  page reclaims
                   1  page faults
                   0  swaps
                   0  block input operations
                   0  block output operations
                   0  messages sent
                   0  messages received
                   0  signals received
                   1  voluntary context switches
                 697  involuntary context switches
          6527611662  instructions retired
          2944173338  cycles elapsed
             4899648  peak memory footprint
