Threads=8
LoadTime(s)=0.000628584
CODE_EXECUTION_TIME(s)=0.307128
RESULT=4514137
Throughput=1.46979e+07
VertexSetAllocated=0.00 Bytes
MiniGraphAllocated=1.18 MB
        0.32 real         1.30 user         0.02 sys
             6127616  maximum resident set size
                   0  average shared memory size
                   0  average unshared data size
                   0  average unshared stack size
                 484  page reclaims
                   0  page faults
                   0  swaps
                   0  block input operations
                   0  block output operations
                   0  messages sent
                   0  messages received
                   0  signals received
                   0  voluntary context switches
                5592  involuntary context switches
          6566745114  instructions retired
          2942558531  cycles elapsed
             5129280  peak memory footprint
