Threads=8
LoadTime(s)=0.000537875
CODE_EXECUTION_TIME(s)=0.195874
RESULT=4514137
Throughput=2.30462e+07
VertexSetAllocated=0.00 Bytes
MiniGraphAllocated=1.23 MB
        0.20 real         1.31 user         0.00 sys
             6193152  maximum resident set size
                   0  average shared memory size
                   0  average unshared data size
                   0  average unshared stack size
                 482  page reclaims
                   1  page faults
                   0  swaps
                   0  block input operations
                   0  block output operations
                   0  messages sent
                   0  messages received
                   0  signals received
                   1  voluntary context switches
                 810  involuntary context switches
          6527679577  instructions retired
          2955057470  cycles elapsed
             5178368  peak memory footprint
