Threads=8
LoadTime(s)=0.000587042
CODE_EXECUTION_TIME(s)=0.203891
RESULT=4514137
Throughput=2.214e+07
VertexSetAllocated=0.00 Bytes
MiniGraphAllocated=1.18 MB
        0.20 real         1.31 user         0.01 sys
             6160384  maximum resident set size
                   0  average shared memory size
                   0  average unshared data size
                   0  average unshared stack size
                 477  page reclaims
                   7  page faults
                   0  swaps
                   0  block input operations
                   0  block output operations
                   0  messages sent
                   0  messages received
                   0  signals received
                   1  voluntary context switches
                1775  involuntary context switches
          6536392190  instructions retired
          2941472465  cycles elapsed
             5145600  peak memory footprint
