Threads=8
LoadTime(s)=0.00756433
CODE_EXECUTION_TIME(s)=1.97591
RESULT=262663639
Throughput=1.32933e+08
VertexSetAllocated=0.00 Bytes
MiniGraphAllocated=1.52 MB
        1.98 real        10.28 user         0.06 sys
            21610496  maximum resident set size
                   0  average shared memory size
                   0  average unshared data size
                   0  average unshared stack size
                1425  page reclaims
                   0  page faults
                   0  swaps
                   0  block input operations
                   0  block output operations
                   0  messages sent
                   0  messages received
                   0  signals received
                   0  voluntary context switches
               11871  involuntary context switches
         54161398364  instructions retired
         21183571524  cycles elapsed
            20628608  peak memory footprint
