Threads=8
LoadTime(s)=0.00593971
CODE_EXECUTION_TIME(s)=1.11079
RESULT=262663639
Throughput=2.36466e+08
VertexSetAllocated=0.00 Bytes
MiniGraphAllocated=1.47 MB
        1.12 real         8.50 user         0.02 sys
            21446656  maximum resident set size
                   0  average shared memory size
                   0  average unshared data size
                   0  average unshared stack size
                1414  page reclaims
                   0  page faults
                   0  swaps
                   0  block input operations
                   0  block output operations
                   0  messages sent
                   0  messages received
                   0  signals received
                   0  voluntary context switches
                4181  involuntary context switches
         54080468413  instructions retired
         18672403195  cycles elapsed
            20415424  peak memory footprint
