Threads=8
LoadTime(s)=0.00926033
CODE_EXECUTION_TIME(s)=1.88806
RESULT=262663639
Throughput=1.39118e+08
VertexSetAllocated=0.00 Bytes
MiniGraphAllocated=1.43 MB
        1.90 real        11.03 user         0.03 sys
            21364736  maximum resident set size
                   0  average shared memory size
                   0  average unshared data size
                   0  average unshared stack size
                1410  page reclaims
                   0  page faults
                   0  swaps
                   0  block input operations
                   0  block output operations
                   0  messages sent
                   0  messages received
                   0  signals received
                   0  voluntary context switches
                3854  involuntary context switches
         54115180180  instructions retired
         22274680448  cycles elapsed
            20333504  peak memory footprint
