Threads=8
LoadTime(s)=0.010427
CODE_EXECUTION_TIME(s)=1.89663
RESULT=262663639
Throughput=1.3849e+08
VertexSetAllocated=0.00 Bytes
MiniGraphAllocated=1.44 MB
        1.91 real        11.15 user         0.04 sys
            21413888  maximum resident set size
                   0  average shared memory size
                   0  average unshared data size
                   0  average unshared stack size
                1414  page reclaims
                   0  page faults
                   0  swaps
                   0  block input operations
                   0  block output operations
                   0  messages sent
                   0  messages received
                   0  signals received
                   0  voluntary context switches
                4220  involuntary context switches
         54121414506  instructions retired
         22382119928  cycles elapsed
            20382656  peak memory footprint
