Threads=8
LoadTime(s)=0.00593725
CODE_EXECUTION_TIME(s)=3.12805
RESULT=262663639
Throughput=8.39705e+07
VertexSetAllocated=0.00 Bytes
MiniGraphAllocated=1.36 MB
        3.13 real        10.66 user         0.05 sys
            21266432  maximum resident set size
                   0  average shared memory size
                   0  average unshared data size
                   0  average unshared stack size
                1404  page reclaims
                   0  page faults
                   0  swaps
                   0  block input operations
                   0  block output operations
                   0  messages sent
                   0  messages received
                   0  signals received
                   0  voluntary context switches
                9617  involuntary context switches
         54178886965  instructions retired
         23157131861  cycles elapsed
            20235200  peak memory footprint
