Threads=8
LoadTime(s)=0.00582375
CODE_EXECUTION_TIME(s)=1.10294
RESULT=262663639
Throughput=2.38149e+08
VertexSetAllocated=0.00 Bytes
MiniGraphAllocated=1.39 MB
        1.11 real         8.59 user         0.01 sys
            21397504  maximum resident set size
                   0  average shared memory size
                   0  average unshared data size
                   0  average unshared stack size
                1413  page reclaims
                   0  page faults
                   0  swaps
                   0  block input operations
                   0  block output operations
                   0  messages sent
                   0  messages received
                   0  signals received
                   0  voluntary context switches
                1958  involuntary context switches
         54074007471  instructions retired
         18875128775  cycles elapsed
            20382720  peak memory footprint
