Threads=8
LoadTime(s)=0.005846
CODE_EXECUTION_TIME(s)=1.17306
RESULT=262663639
Throughput=2.23914e+08
VertexSetAllocated=0.00 Bytes
MiniGraphAllocated=1.53 MB
        1.18 real         8.66 user         0.02 sys
            21495808  maximum resident set size
                   0  average shared memory size
                   0  average unshared data size
                   0  average unshared stack size
                1417  page reclaims
                   0  page faults
                   0  swaps
                   0  block input operations
                   0  block output operations
                   0  messages sent
                   0  messages received
                   0  signals received
                   0  voluntary context switches
                4885  involuntary context switches
         54082010343  instructions retired
         18780592931  cycles elapsed
            20464576  peak memory footprint
