Threads=8
LoadTime(s)=0.00586017
CODE_EXECUTION_TIME(s)=1.94588
RESULT=262663639
Throughput=1.34984e+08
VertexSetAllocated=0.00 Bytes
MiniGraphAllocated=1.44 MB
        1.95 real        10.31 user         0.05 sys
            21430272  maximum resident set size
                   0  average shared memory size
                   0  average unshared data size
                   0  average unshared stack size
                1414  page reclaims
                   0  page faults
                   0  swaps
                   0  block input operations
                   0  block output operations
                   0  messages sent
                   0  messages received
                   0  signals received
                   0  voluntary context switches
                9543  involuntary context switches
         54182970957  instructions retired
         21214640560  cycles elapsed
            20415488  peak memory footprint
