Threads=8
LoadTime(s)=0.00593
CODE_EXECUTION_TIME(s)=2.4147
RESULT=262663639
Throughput=1.08777e+08
VertexSetAllocated=0.00 Bytes
MiniGraphAllocated=1.32 MB
        2.42 real        10.37 user         0.11 sys
            21250048  maximum resident set size
                   0  average shared memory size
                   0  average unshared data size
                   0  average unshared stack size
                1402  page reclaims
                   0  page faults
                   0  swaps
                   0  block input operations
                   0  block output operations
                   0  messages sent
                   0  messages received
                   0  signals received
                   0  voluntary context switches
               20845  involuntary context switches
         54244255345  instructions retired
         21516395152  cycles elapsed
            20235264  peak memory footprint
