Threads=8
LoadTime(s)=0.00614133
CODE_EXECUTION_TIME(s)=2.1656
RESULT=262663639
Throughput=1.21289e+08
VertexSetAllocated=0.00 Bytes
MiniGraphAllocated=1.43 MB
        2.17 real        10.63 user         0.07 sys
            21348352  maximum resident set size
                   0  average shared memory size
                   0  average unshared data size
                   0  average unshared stack size
                1409  page reclaims
                   0  page faults
                   0  swaps
                   0  block input operations
                   0  block output operations
                   0  messages sent
                   0  messages received
                   0  signals received
                   0  voluntary context switches
               14088  involuntary context switches
         54166923303  instructions retired
         21886446689  cycles elapsed
            20317120  peak memory footprint
