Threads=8
LoadTime(s)=0.00616642
CODE_EXECUTION_TIME(s)=2.53485
RESULT=262663639
Throughput=1.03621e+08
VertexSetAllocated=0.00 Bytes
MiniGraphAllocated=1.26 MB
        2.54 real        10.70 user         0.14 sys
            21233664  maximum resident set size
                   0  average shared memory size
                   0  average unshared data size
                   0  average unshared stack size
                1400  page reclaims
                   1  page faults
                   0  swaps
                   0  block input operations
                   0  block output operations
                   0  messages sent
                   0  messages received
                   0  signals received
                   0  voluntary context switches
               26917  involuntary context switches
         54311448453  instructions retired
         22338449648  cycles elapsed
            20202432  peak memory footprint
