Threads=8
LoadTime(s)=0.00893521
CODE_EXECUTION_TIME(s)=3.333
RESULT=262663639
Throughput=7.88071e+07
VertexSetAllocated=0.00 Bytes
MiniGraphAllocated=1.33 MB
        3.35 real        11.13 user         0.17 sys
            21282816  maximum resident set size
                   0  average shared memory size
                   0  average unshared data size
                   0  average unshared stack size
                1405  page reclaims
                   0  page faults
                   0  swaps
                   0  block input operations
                   0  block output operations
                   0  messages sent
                   0  messages received
                   0  signals received
                   1  voluntary context switches
               33285  involuntary context switches
         54317734004  instructions retired
         23259770978  cycles elapsed
            20268032  peak memory footprint
