Threads=8
LoadTime(s)=0.00583342
CODE_EXECUTION_TIME(s)=1.10253
RESULT=262663639
Throughput=2.38237e+08
VertexSetAllocated=0.00 Bytes
MiniGraphAllocated=1.62 MB
        1.11 real         8.58 user         0.01 sys
            21659648  maximum resident set size
                   0  average shared memory size
                   0  average unshared data size
                   0  average unshared stack size
                1426  page reclaims
                   0  page faults
                   0  swaps
                   0  block input operations
                   0  block output operations
                   0  messages sent
                   0  messages received
                   0  signals received
                   0  voluntary context switches
                1903  involuntary context switches
         54086397690  instructions retired
         18876833290  cycles elapsed
            20661312  peak memory footprint
