Threads=8
LoadTime(s)=0.00100779
CODE_EXECUTION_TIME(s)=0.160361
RESULT=5809356
Throughput=3.62267e+07
VertexSetAllocated=0.00 Bytes
MiniGraphAllocated=659.08 KB
        0.16 real         1.27 user         0.00 sys
             6701056  maximum resident set size
                   0  average shared memory size
                   0  average unshared data size
                   0  average unshared stack size
                 515  page reclaims
                   0  page faults
                   0  swaps
                   0  block input operations
                   0  block output operations
                   0  messages sent
                   0  messages received
                   0  signals received
                   0  voluntary context switches
                 286  involuntary context switches
          6562503475  instructions retired
          2809250249  cycles elapsed
             5604032  peak memory footprint
