Threads=8
LoadTime(s)=0.00100567
CODE_EXECUTION_TIME(s)=0.176764
RESULT=5809356
Throughput=3.28651e+07
VertexSetAllocated=0.00 Bytes
MiniGraphAllocated=644.64 KB
        0.18 real         1.34 user         0.00 sys
             6668288  maximum resident set size
                   0  average shared memory size
                   0  average unshared data size
                   0  average unshared stack size
                 513  page reclaims
                   0  page faults
                   0  swaps
                   0  block input operations
                   0  block output operations
                   0  messages sent
                   0  messages received
                   0  signals received
                   0  voluntary context switches
                 272  involuntary context switches
          6556440959  instructions retired
          2810982638  cycles elapsed
             5554816  peak memory footprint
