Threads=8
LoadTime(s)=0.00122854
CODE_EXECUTION_TIME(s)=0.191392
RESULT=5809356
Throughput=3.03531e+07
VertexSetAllocated=0.00 Bytes
MiniGraphAllocated=619.86 KB
        0.19 real         1.31 user         0.00 sys
             6651904  maximum resident set size
                   0  average shared memory size
                   0  average unshared data size
                   0  average unshared stack size
                 511  page reclaims
                   0  page faults
                   0  swaps
                   0  block input operations
                   0  block output operations
                   0  messages sent
                   0  messages received
                   0  signals received
                   0  voluntary context switches
                 692  involuntary context switches
          6565048274  instructions retired
          2933223384  cycles elapsed
             5554880  peak memory footprint
