Threads=8
LoadTime(s)=0.00171387
CODE_EXECUTION_TIME(s)=0.655353
RESULT=5809356
Throughput=8.86447e+06
VertexSetAllocated=0.00 Bytes
MiniGraphAllocated=679.10 KB
        0.66 real         1.67 user         0.02 sys
             6750208  maximum resident set size
                   0  average shared memory size
                   0  average unshared data size
                   0  average unshared stack size
                 514  page reclaims
                   1  page faults
                   0  swaps
                   0  block input operations
                   0  block output operations
                   0  messages sent
                   0  messages received
                   0  signals received
                   0  voluntary context switches
                4720  involuntary context switches
          6599993144  instructions retired
          3804672255  cycles elapsed
             5669632  peak memory footprint
