Threads=8
LoadTime(s)=0.00102279
CODE_EXECUTION_TIME(s)=0.255334
RESULT=5809356
Throughput=2.2752e+07
VertexSetAllocated=0.00 Bytes
MiniGraphAllocated=612.79 KB
        0.26 real         1.36 user         0.01 sys
             6586368  maximum resident set size
                   0  average shared memory size
                   0  average unshared data size
                   0  average unshared stack size
                 511  page reclaims
                   0  page faults
                   0  swaps
                   0  block input operations
                   0  block output operations
                   0  messages sent
                   0  messages received
                   0  signals received
                   0  voluntary context switches
                2277  involuntary context switches
          6576395580  instructions retired
          3103342532  cycles elapsed
             5456448  peak memory footprint
