Threads=8
LoadTime(s)=0.00101808
CODE_EXECUTION_TIME(s)=0.166912
RESULT=5809356
Throughput=3.4805e+07
VertexSetAllocated=0.00 Bytes
MiniGraphAllocated=723.23 KB
        0.17 real         1.26 user         0.00 sys
             6750208  maximum resident set size
                   0  average shared memory size
                   0  average unshared data size
                   0  average unshared stack size
                 517  page reclaims
                   0  page faults
                   0  swaps
                   0  block input operations
                   0  block output operations
                   0  messages sent
                   0  messages received
                   0  signals received
                   0  voluntary context switches
                1070  involuntary context switches
          6562104202  instructions retired
          2765356769  cycles elapsed
             5636736  peak memory footprint
