Threads=8
LoadTime(s)=0.001713
CODE_EXECUTION_TIME(s)=0.503972
RESULT=5809356
Throughput=1.15272e+07
VertexSetAllocated=0.00 Bytes
MiniGraphAllocated=653.71 KB
        0.51 real         1.66 user         0.01 sys
             6635520  maximum resident set size
                   0  average shared memory size
                   0  average unshared data size
                   0  average unshared stack size
                 511  page reclaims
                   0  page faults
                   0  swaps
                   0  block input operations
                   0  block output operations
                   0  messages sent
                   0  messages received
                   0  signals received
                   0  voluntary context switches
                1990  involuntary context switches
          6576164132  instructions retired
          3706389598  cycles elapsed
             5522048  peak memory footprint
