Threads=8
LoadTime(s)=0.00101758
CODE_EXECUTION_TIME(s)=0.327256
RESULT=5809356
Throughput=1.77517e+07
VertexSetAllocated=0.00 Bytes
MiniGraphAllocated=605.08 KB
        0.33 real         1.49 user         0.00 sys
             6569984  maximum resident set size
                   0  average shared memory size
                   0  average unshared data size
                   0  average unshared stack size
                 504  page reclaims
                   1  page faults
                   0  swaps
                   0  block input operations
                   0  block output operations
                   0  messages sent
                   0  messages received
                   0  signals received
                   0  voluntary context switches
                1023  involuntary context switches
          6561327804  instructions retired
          3298022341  cycles elapsed
             5456512  peak memory footprint
