Threads=8
LoadTime(s)=0.00103442
CODE_EXECUTION_TIME(s)=0.205304
RESULT=5809356
Throughput=2.82964e+07
VertexSetAllocated=0.00 Bytes
MiniGraphAllocated=646.68 KB
        0.21 real         1.44 user         0.00 sys
             6701056  maximum resident set size
                   0  average shared memory size
                   0  average unshared data size
                   0  average unshared stack size
                 513  page reclaims
                   0  page faults
                   0  swaps
                   0  block input operations
                   0  block output operations
                   0  messages sent
                   0  messages received
                   0  signals received
                   0  voluntary context switches
                 955  involuntary context switches
          6568804499  instructions retired
          2946520035  cycles elapsed
             5587584  peak memory footprint
