Threads=8
LoadTime(s)=0.000534792
CODE_EXECUTION_TIME(s)=0.165061
RESULT=4514137
Throughput=2.73483e+07
VertexSetAllocated=0.00 Bytes
MiniGraphAllocated=1.25 MB
        0.16 real         1.26 user         0.00 sys
             6127616  maximum resident set size
                   0  average shared memory size
                   0  average unshared data size
                   0  average unshared stack size
                 481  page reclaims
                   0  page faults
                   0  swaps
                   0  block input operations
                   0  block output operations
                   0  messages sent
                   0  messages received
                   0  signals received
                   0  voluntary context switches
                 585  involuntary context switches
          6527408236  instructions retired
          2773384266  cycles elapsed
             5063488  peak memory footprint
