Threads=8
LoadTime(s)=0.000690833
CODE_EXECUTION_TIME(s)=0.166605
RESULT=4514137
Throughput=2.70948e+07
VertexSetAllocated=0.00 Bytes
MiniGraphAllocated=1.20 MB
        0.17 real         1.27 user         0.00 sys
             6176768  maximum resident set size
                   0  average shared memory size
                   0  average unshared data size
                   0  average unshared stack size
                 483  page reclaims
                   0  page faults
                   0  swaps
                   0  block input operations
                   0  block output operations
                   0  messages sent
                   0  messages received
                   0  signals received
                   0  voluntary context switches
                 498  involuntary context switches
          6524385248  instructions retired
          2804245971  cycles elapsed
             5211328  peak memory footprint
