Threads=8
LoadTime(s)=0.000559459
CODE_EXECUTION_TIME(s)=0.192339
RESULT=4514137
Throughput=2.34696e+07
VertexSetAllocated=0.00 Bytes
MiniGraphAllocated=1.22 MB
        0.19 real         1.31 user         0.00 sys
             6258688  maximum resident set size
                   0  average shared memory size
                   0  average unshared data size
                   0  average unshared stack size
                 486  page reclaims
                   0  page faults
                   0  swaps
                   0  block input operations
                   0  block output operations
                   0  messages sent
                   0  messages received
                   0  signals received
                   0  voluntary context switches
                 388  involuntary context switches
          6525285278  instructions retired
          2927604938  cycles elapsed
             5211008  peak memory footprint
