Threads=8
LoadTime(s)=0.00052625
CODE_EXECUTION_TIME(s)=0.170623
RESULT=4514137
Throughput=2.64569e+07
VertexSetAllocated=0.00 Bytes
MiniGraphAllocated=1.23 MB
        0.17 real         1.34 user         0.00 sys
             6160384  maximum resident set size
                   0  average shared memory size
                   0  average unshared data size
                   0  average unshared stack size
                 482  page reclaims
                   0  page faults
                   0  swaps
                   0  block input operations
                   0  block output operations
                   0  messages sent
                   0  messages received
                   0  signals received
                   0  voluntary context switches
                 315  involuntary context switches
          6524709186  instructions retired
          2858815780  cycles elapsed
             5112704  peak memory footprint
