Threads=8
LoadTime(s)=0.000536083
CODE_EXECUTION_TIME(s)=0.162082
RESULT=4514137
Throughput=2.78509e+07
VertexSetAllocated=0.00 Bytes
MiniGraphAllocated=1.22 MB
        0.16 real         1.27 user         0.00 sys
             6111232  maximum resident set size
                   0  average shared memory size
                   0  average unshared data size
                   0  average unshared stack size
                 479  page reclaims
                   0  page faults
                   0  swaps
                   0  block input operations
                   0  block output operations
                   0  messages sent
                   0  messages received
                   0  signals received
                   0  voluntary context switches
                 485  involuntary context switches
          6524119611  instructions retired
          2809812644  cycles elapsed
             5080000  peak memory footprint
