Threads=8
LoadTime(s)=0.000536375
CODE_EXECUTION_TIME(s)=0.188798
RESULT=4514137
Throughput=2.39099e+07
VertexSetAllocated=0.00 Bytes
MiniGraphAllocated=1.24 MB
        0.19 real         1.30 user         0.00 sys
             6144000  maximum resident set size
                   0  average shared memory size
                   0  average unshared data size
                   0  average unshared stack size
                 481  page reclaims
                   0  page faults
                   0  swaps
                   0  block input operations
                   0  block output operations
                   0  messages sent
                   0  messages received
                   0  signals received
                   0  voluntary context switches
                 401  involuntary context switches
          6523742913  instructions retired
          2919137784  cycles elapsed
             5112768  peak memory footprint
