Threads=4
LoadTime(s)=0.0105066
CODE_EXECUTION_TIME(s)=2.87075
RESULT=7581407
Throughput=2.64091e+06
VertexSetAllocated=0.00 Bytes
MiniGraphAllocated=1.02 MB
        2.89 real        10.63 user         0.03 sys
             5308416  maximum resident set size
                   0  average shared memory size
                   0  average unshared data size
                   0  average unshared stack size
                 396  page reclaims
                  42  page faults
                   0  swaps
                   0  block input operations
                   0  block output operations
                   0  messages sent
                   0  messages received
                   0  signals received
                  30  voluntary context switches
                3611  involuntary context switches
         68006105452  instructions retired
         21144200187  cycles elapsed
             3916608  peak memory footprint
