Threads=1
LoadTime(s)=0.0903992
CODE_EXECUTION_TIME(s)=6.09392
RESULT=252447350
Throughput=4.14261e+07
VertexSetAllocated=130.40 KB
MiniGraphAllocated=0.00 Bytes
        6.72 real         6.09 user         0.02 sys
            19038208  maximum resident set size
                   0  average shared memory size
                   0  average unshared data size
                   0  average unshared stack size
                1248  page reclaims
                  21  page faults
                   0  swaps
                   0  block input operations
                   0  block output operations
                   0  messages sent
                   0  messages received
                   0  signals received
                  40  voluntary context switches
                 457  involuntary context switches
         42884098212  instructions retired
         12035570798  cycles elapsed
            17728320  peak memory footprint
