Threads=8
LoadTime(s)=0.00330558
CODE_EXECUTION_TIME(s)=0.228029
RESULT=4514137
Throughput=1.97963e+07
VertexSetAllocated=0.00 Bytes
MiniGraphAllocated=1.03 MB
        0.24 real         1.20 user         0.00 sys
             5636096  maximum resident set size
                   0  average shared memory size
                   0  average unshared data size
                   0  average unshared stack size
                 390  page reclaims
                  75  page faults
                   0  swaps
                   0  block input operations
                   0  block output operations
                   0  messages sent
                   0  messages received
                   0  signals received
                  11  voluntary context switches
                 867  involuntary context switches
          6161974961  instructions retired
          2558163434  cycles elapsed
             4260736  peak memory footprint
