Threads=8
LoadTime(s)=0.0005635
CODE_EXECUTION_TIME(s)=0.234819
RESULT=4514137
Throughput=1.92239e+07
VertexSetAllocated=0.00 Bytes
MiniGraphAllocated=1.16 MB
        0.23 real         1.21 user         0.00 sys
             5832704  maximum resident set size
                   0  average shared memory size
                   0  average unshared data size
                   0  average unshared stack size
                 470  page reclaims
                   1  page faults
                   0  swaps
                   0  block input operations
                   0  block output operations
                   0  messages sent
                   0  messages received
                   0  signals received
                   0  voluntary context switches
                 520  involuntary context switches
          6154584470  instructions retired
          2554747033  cycles elapsed
             4473792  peak memory footprint
