Threads=8
LoadTime(s)=0.000526875
CODE_EXECUTION_TIME(s)=0.226443
RESULT=4514137
Throughput=1.9935e+07
VertexSetAllocated=0.00 Bytes
MiniGraphAllocated=1.22 MB
        0.23 real         1.17 user         0.00 sys
             5898240  maximum resident set size
                   0  average shared memory size
                   0  average unshared data size
                   0  average unshared stack size
                 472  page reclaims
                   1  page faults
                   0  swaps
                   0  block input operations
                   0  block output operations
                   0  messages sent
                   0  messages received
                   0  signals received
                   0  voluntary context switches
                 593  involuntary context switches
          6155101953  instructions retired
          2531681643  cycles elapsed
             4539328  peak memory footprint
