Threads=16
LoadTime(s)=0.0458346
CODE_EXECUTION_TIME(s)=0.153029
RESULT=10746270
Throughput=7.02238e+07
VertexSetAllocated=1.88 KB
MiniGraphAllocated=0.00 Bytes
	Command being timed: "./bin/runner 16 /home/williamp/thesis_data/snap_format/roadNet-CA/"
	User time (seconds): 2.42
	System time (seconds): 0.05
	Percent of CPU this job got: 1179%
	Elapsed (wall clock) time (h:mm:ss or m:ss): 0:00.21
	Average shared text size (kbytes): 0
	Average unshared data size (kbytes): 0
	Average stack size (kbytes): 0
	Average total size (kbytes): 0
	Maximum resident set size (kbytes): 72548
	Average resident set size (kbytes): 0
	Major (requiring I/O) page faults: 0
	Minor (reclaiming a frame) page faults: 17153
	Voluntary context switches: 49
	Involuntary context switches: 11
	Swaps: 0
	File system inputs: 0
	File system outputs: 8
	Socket messages sent: 0
	Socket messages received: 0
	Signals delivered: 0
	Page size (bytes): 4096
	Exit status: 0
