Threads=16
LoadTime(s)=0.0433306
CODE_EXECUTION_TIME(s)=0.239664
RESULT=2952147
Throughput=1.23178e+07
VertexSetAllocated=960.00 Bytes
MiniGraphAllocated=384.54 KB
	Command being timed: "./bin/runner 16 /home/williamp/thesis_data/snap_format/roadNet-CA/"
	User time (seconds): 3.81
	System time (seconds): 0.05
	Percent of CPU this job got: 1315%
	Elapsed (wall clock) time (h:mm:ss or m:ss): 0:00.29
	Average shared text size (kbytes): 0
	Average unshared data size (kbytes): 0
	Average stack size (kbytes): 0
	Average total size (kbytes): 0
	Maximum resident set size (kbytes): 72716
	Average resident set size (kbytes): 0
	Major (requiring I/O) page faults: 0
	Minor (reclaiming a frame) page faults: 17204
	Voluntary context switches: 77
	Involuntary context switches: 18
	Swaps: 0
	File system inputs: 0
	File system outputs: 8
	Socket messages sent: 0
	Socket messages received: 0
	Signals delivered: 0
	Page size (bytes): 4096
	Exit status: 0
