Threads=64
LoadTime(s)=0.0455025
CODE_EXECUTION_TIME(s)=0.124934
RESULT=2952147
Throughput=2.36297e+07
VertexSetAllocated=3.75 KB
MiniGraphAllocated=1.50 MB
	Command being timed: "./bin/runner 64 /home/williamp/thesis_data/snap_format/roadNet-CA/"
	User time (seconds): 7.64
	System time (seconds): 0.05
	Percent of CPU this job got: 4348%
	Elapsed (wall clock) time (h:mm:ss or m:ss): 0:00.17
	Average shared text size (kbytes): 0
	Average unshared data size (kbytes): 0
	Average stack size (kbytes): 0
	Average total size (kbytes): 0
	Maximum resident set size (kbytes): 74008
	Average resident set size (kbytes): 0
	Major (requiring I/O) page faults: 0
	Minor (reclaiming a frame) page faults: 17575
	Voluntary context switches: 325
	Involuntary context switches: 46
	Swaps: 0
	File system inputs: 0
	File system outputs: 8
	Socket messages sent: 0
	Socket messages received: 0
	Signals delivered: 0
	Page size (bytes): 4096
	Exit status: 0
