Threads=1
LoadTime(s)=0.0510902
CODE_EXECUTION_TIME(s)=32.088
RESULT=19463
Throughput=606.55
VertexSetAllocated=840.00 Bytes
MiniGraphAllocated=272.20 KB
	Command being timed: "./bin/runner 1 /home/williamp/thesis_data/snap_format/roadNet-CA/"
	User time (seconds): 32.06
	System time (seconds): 0.08
	Percent of CPU this job got: 100%
	Elapsed (wall clock) time (h:mm:ss or m:ss): 0:32.15
	Average shared text size (kbytes): 0
	Average unshared data size (kbytes): 0
	Average stack size (kbytes): 0
	Average total size (kbytes): 0
	Maximum resident set size (kbytes): 72344
	Average resident set size (kbytes): 0
	Major (requiring I/O) page faults: 0
	Minor (reclaiming a frame) page faults: 35008
	Voluntary context switches: 2
	Involuntary context switches: 37
	Swaps: 0
	File system inputs: 0
	File system outputs: 24
	Socket messages sent: 0
	Socket messages received: 0
	Signals delivered: 0
	Page size (bytes): 4096
	Exit status: 0
