Threads=32
LoadTime(s)=0.0486641
CODE_EXECUTION_TIME(s)=1.27305
RESULT=19140
Throughput=15034.8
VertexSetAllocated=26.25 KB
MiniGraphAllocated=8.11 MB
	Command being timed: "./bin/runner 32 /home/williamp/thesis_data/snap_format/roadNet-CA/"
	User time (seconds): 40.41
	System time (seconds): 0.07
	Percent of CPU this job got: 3030%
	Elapsed (wall clock) time (h:mm:ss or m:ss): 0:01.33
	Average shared text size (kbytes): 0
	Average unshared data size (kbytes): 0
	Average stack size (kbytes): 0
	Average total size (kbytes): 0
	Maximum resident set size (kbytes): 76960
	Average resident set size (kbytes): 0
	Major (requiring I/O) page faults: 0
	Minor (reclaiming a frame) page faults: 19550
	Voluntary context switches: 761
	Involuntary context switches: 60
	Swaps: 0
	File system inputs: 0
	File system outputs: 16
	Socket messages sent: 0
	Socket messages received: 0
	Signals delivered: 0
	Page size (bytes): 4096
	Exit status: 0
