Threads=32
LoadTime(s)=0.0438657
CODE_EXECUTION_TIME(s)=0.144069
RESULT=2952147
Throughput=2.04912e+07
VertexSetAllocated=1.88 KB
MiniGraphAllocated=769.13 KB
	Command being timed: "./bin/runner 32 /home/williamp/thesis_data/snap_format/roadNet-CA/"
	User time (seconds): 4.50
	System time (seconds): 0.10
	Percent of CPU this job got: 2304%
	Elapsed (wall clock) time (h:mm:ss or m:ss): 0:00.20
	Average shared text size (kbytes): 0
	Average unshared data size (kbytes): 0
	Average stack size (kbytes): 0
	Average total size (kbytes): 0
	Maximum resident set size (kbytes): 73092
	Average resident set size (kbytes): 0
	Major (requiring I/O) page faults: 2
	Minor (reclaiming a frame) page faults: 17322
	Voluntary context switches: 172
	Involuntary context switches: 35
	Swaps: 0
	File system inputs: 0
	File system outputs: 8
	Socket messages sent: 0
	Socket messages received: 0
	Signals delivered: 0
	Page size (bytes): 4096
	Exit status: 0
