Threads=64
LoadTime(s)=0.045476
CODE_EXECUTION_TIME(s)=0.0972969
RESULT=249596
Throughput=2.5653e+06
VertexSetAllocated=7.50 KB
MiniGraphAllocated=0.00 Bytes
	Command being timed: "./bin/runner 64 /home/williamp/thesis_data/snap_format/roadNet-CA/"
	User time (seconds): 5.81
	System time (seconds): 0.20
	Percent of CPU this job got: 3986%
	Elapsed (wall clock) time (h:mm:ss or m:ss): 0:00.15
	Average shared text size (kbytes): 0
	Average unshared data size (kbytes): 0
	Average stack size (kbytes): 0
	Average total size (kbytes): 0
	Maximum resident set size (kbytes): 73280
	Average resident set size (kbytes): 0
	Major (requiring I/O) page faults: 1
	Minor (reclaiming a frame) page faults: 17361
	Voluntary context switches: 298
	Involuntary context switches: 35
	Swaps: 0
	File system inputs: 0
	File system outputs: 8
	Socket messages sent: 0
	Socket messages received: 0
	Signals delivered: 0
	Page size (bytes): 4096
	Exit status: 0
