Threads=64
LoadTime(s)=0.0436468
CODE_EXECUTION_TIME(s)=0.112577
RESULT=10746270
Throughput=9.54569e+07
VertexSetAllocated=7.50 KB
MiniGraphAllocated=0.00 Bytes
	Command being timed: "./bin/runner 64 /home/williamp/thesis_data/snap_format/roadNet-CA/"
	User time (seconds): 6.99
	System time (seconds): 0.05
	Percent of CPU this job got: 4346%
	Elapsed (wall clock) time (h:mm:ss or m:ss): 0:00.16
	Average shared text size (kbytes): 0
	Average unshared data size (kbytes): 0
	Average stack size (kbytes): 0
	Average total size (kbytes): 0
	Maximum resident set size (kbytes): 73324
	Average resident set size (kbytes): 0
	Major (requiring I/O) page faults: 1
	Minor (reclaiming a frame) page faults: 17360
	Voluntary context switches: 313
	Involuntary context switches: 28
	Swaps: 0
	File system inputs: 0
	File system outputs: 8
	Socket messages sent: 0
	Socket messages received: 0
	Signals delivered: 0
	Page size (bytes): 4096
	Exit status: 0
