Threads=1
LoadTime(s)=0.0448097
CODE_EXECUTION_TIME(s)=3.05939
RESULT=2952147
Throughput=964945
VertexSetAllocated=60.00 Bytes
MiniGraphAllocated=24.03 KB
	Command being timed: "./bin/runner 1 /home/williamp/thesis_data/snap_format/roadNet-CA/"
	User time (seconds): 3.05
	System time (seconds): 0.05
	Percent of CPU this job got: 99%
	Elapsed (wall clock) time (h:mm:ss or m:ss): 0:03.11
	Average shared text size (kbytes): 0
	Average unshared data size (kbytes): 0
	Average stack size (kbytes): 0
	Average total size (kbytes): 0
	Maximum resident set size (kbytes): 72364
	Average resident set size (kbytes): 0
	Major (requiring I/O) page faults: 0
	Minor (reclaiming a frame) page faults: 23643
	Voluntary context switches: 2
	Involuntary context switches: 4
	Swaps: 0
	File system inputs: 0
	File system outputs: 8
	Socket messages sent: 0
	Socket messages received: 0
	Signals delivered: 0
	Page size (bytes): 4096
	Exit status: 0
