Threads=4
LoadTime(s)=0.0444338
CODE_EXECUTION_TIME(s)=0.87291
RESULT=521326
Throughput=597227
VertexSetAllocated=240.00 Bytes
MiniGraphAllocated=112.12 KB
	Command being timed: "./bin/runner 4 /home/williamp/thesis_data/snap_format/roadNet-CA/"
	User time (seconds): 3.49
	System time (seconds): 0.05
	Percent of CPU this job got: 382%
	Elapsed (wall clock) time (h:mm:ss or m:ss): 0:00.92
	Average shared text size (kbytes): 0
	Average unshared data size (kbytes): 0
	Average stack size (kbytes): 0
	Average total size (kbytes): 0
	Maximum resident set size (kbytes): 72476
	Average resident set size (kbytes): 0
	Major (requiring I/O) page faults: 2
	Minor (reclaiming a frame) page faults: 17122
	Voluntary context switches: 15
	Involuntary context switches: 2
	Swaps: 0
	File system inputs: 0
	File system outputs: 16
	Socket messages sent: 0
	Socket messages received: 0
	Signals delivered: 0
	Page size (bytes): 4096
	Exit status: 0
