Threads=64
LoadTime(s)=0.0447924
CODE_EXECUTION_TIME(s)=0.1161
RESULT=521326
Throughput=4.4903e+06
VertexSetAllocated=3.75 KB
MiniGraphAllocated=1.75 MB
	Command being timed: "./bin/runner 64 /home/williamp/thesis_data/snap_format/roadNet-CA/"
	User time (seconds): 7.18
	System time (seconds): 0.06
	Percent of CPU this job got: 4342%
	Elapsed (wall clock) time (h:mm:ss or m:ss): 0:00.16
	Average shared text size (kbytes): 0
	Average unshared data size (kbytes): 0
	Average stack size (kbytes): 0
	Average total size (kbytes): 0
	Maximum resident set size (kbytes): 74360
	Average resident set size (kbytes): 0
	Major (requiring I/O) page faults: 5
	Minor (reclaiming a frame) page faults: 17625
	Voluntary context switches: 457
	Involuntary context switches: 16
	Swaps: 0
	File system inputs: 0
	File system outputs: 8
	Socket messages sent: 0
	Socket messages received: 0
	Signals delivered: 0
	Page size (bytes): 4096
	Exit status: 0
