Threads=4
LoadTime(s)=0.0501345
CODE_EXECUTION_TIME(s)=8.24067
RESULT=19076
Throughput=2314.86
VertexSetAllocated=3.28 KB
MiniGraphAllocated=1.04 MB
	Command being timed: "./bin/runner 4 /home/williamp/thesis_data/snap_format/roadNet-CA/"
	User time (seconds): 32.95
	System time (seconds): 0.06
	Percent of CPU this job got: 397%
	Elapsed (wall clock) time (h:mm:ss or m:ss): 0:08.30
	Average shared text size (kbytes): 0
	Average unshared data size (kbytes): 0
	Average stack size (kbytes): 0
	Average total size (kbytes): 0
	Maximum resident set size (kbytes): 72564
	Average resident set size (kbytes): 0
	Major (requiring I/O) page faults: 0
	Minor (reclaiming a frame) page faults: 32964
	Voluntary context switches: 16
	Involuntary context switches: 53
	Swaps: 0
	File system inputs: 0
	File system outputs: 24
	Socket messages sent: 0
	Socket messages received: 0
	Signals delivered: 0
	Page size (bytes): 4096
	Exit status: 0
