Threads=1
LoadTime(s)=0.045764
CODE_EXECUTION_TIME(s)=3.18729
RESULT=2952147
Throughput=926224
VertexSetAllocated=60.00 Bytes
MiniGraphAllocated=24.03 KB
	Command being timed: "./bin/runner 1 /home/williamp/thesis_data/snap_format/roadNet-CA/"
	User time (seconds): 3.19
	System time (seconds): 0.05
	Percent of CPU this job got: 100%
	Elapsed (wall clock) time (h:mm:ss or m:ss): 0:03.24
	Average shared text size (kbytes): 0
	Average unshared data size (kbytes): 0
	Average stack size (kbytes): 0
	Average total size (kbytes): 0
	Maximum resident set size (kbytes): 72216
	Average resident set size (kbytes): 0
	Major (requiring I/O) page faults: 0
	Minor (reclaiming a frame) page faults: 23663
	Voluntary context switches: 4
	Involuntary context switches: 6
	Swaps: 0
	File system inputs: 0
	File system outputs: 16
	Socket messages sent: 0
	Socket messages received: 0
	Signals delivered: 0
	Page size (bytes): 4096
	Exit status: 0
