Threads=4
LoadTime(s)=0.00180608
CODE_EXECUTION_TIME(s)=0.0383455
RESULT=608389
Throughput=1.5866e+07
VertexSetAllocated=0.00 Bytes
MiniGraphAllocated=0.00 Bytes
        0.38 real         0.14 user         0.00 sys
             4112384  maximum resident set size
                   0  average shared memory size
                   0  average unshared data size
                   0  average unshared stack size
                 362  page reclaims
                   1  page faults
                   0  swaps
                   0  block input operations
                   0  block output operations
                   0  messages sent
                   0  messages received
                   0  signals received
                   0  voluntary context switches
                 310  involuntary context switches
           748384726  instructions retired
           266016997  cycles elapsed
             2736896  peak memory footprint
