Threads=8
LoadTime(s)=0.0103038
CODE_EXECUTION_TIME(s)=2.95566
RESULT=262663639
Throughput=8.8868e+07
VertexSetAllocated=0.00 Bytes
MiniGraphAllocated=1.08 MB
        2.97 real        10.49 user         0.07 sys
            20725760  maximum resident set size
                   0  average shared memory size
                   0  average unshared data size
                   0  average unshared stack size
                1378  page reclaims
                   1  page faults
                   0  swaps
                   0  block input operations
                   0  block output operations
                   0  messages sent
                   0  messages received
                   0  signals received
                   0  voluntary context switches
               12224  involuntary context switches
         52677205831  instructions retired
         22692242664  cycles elapsed
            19399744  peak memory footprint
