Threads=8
LoadTime(s)=0.00983717
CODE_EXECUTION_TIME(s)=1.19813
RESULT=262663639
Throughput=2.19229e+08
VertexSetAllocated=0.00 Bytes
MiniGraphAllocated=1.12 MB
        1.50 real         8.98 user         0.03 sys
            20807680  maximum resident set size
                   0  average shared memory size
                   0  average unshared data size
                   0  average unshared stack size
                1388  page reclaims
                   1  page faults
                   0  swaps
                   0  block input operations
                   0  block output operations
                   0  messages sent
                   0  messages received
                   0  signals received
                   0  voluntary context switches
                4255  involuntary context switches
         52611223188  instructions retired
         18533384948  cycles elapsed
            19481664  peak memory footprint
