Threads=8
LoadTime(s)=0.0102796
CODE_EXECUTION_TIME(s)=1.57193
RESULT=258570802
Throughput=1.64492e+08
VertexSetAllocated=521.59 KB
MiniGraphAllocated=780.30 KB
        1.88 real         9.92 user         0.03 sys
            20643840  maximum resident set size
                   0  average shared memory size
                   0  average unshared data size
                   0  average unshared stack size
                1379  page reclaims
                   1  page faults
                   0  swaps
                   0  block input operations
                   0  block output operations
                   0  messages sent
                   0  messages received
                   0  signals received
                   0  voluntary context switches
                5105  involuntary context switches
         50146496569  instructions retired
         19279247799  cycles elapsed
            19383616  peak memory footprint
