Threads=8
LoadTime(s)=0.00613429
CODE_EXECUTION_TIME(s)=1.61551
RESULT=262663639
Throughput=1.62589e+08
VertexSetAllocated=0.00 Bytes
MiniGraphAllocated=1.10 MB
        1.91 real        10.20 user         0.03 sys
            20725760  maximum resident set size
                   0  average shared memory size
                   0  average unshared data size
                   0  average unshared stack size
                1381  page reclaims
                   1  page faults
                   0  swaps
                   0  block input operations
                   0  block output operations
                   0  messages sent
                   0  messages received
                   0  signals received
                   0  voluntary context switches
                5391  involuntary context switches
         52625374448  instructions retired
         19825767814  cycles elapsed
            19366848  peak memory footprint
