Threads=8
LoadTime(s)=0.010111
CODE_EXECUTION_TIME(s)=0.185136
RESULT=16713192
Throughput=9.02753e+07
VertexSetAllocated=0.00 Bytes
MiniGraphAllocated=676.79 KB
        0.49 real         1.37 user         0.01 sys
            20348928  maximum resident set size
                   0  average shared memory size
                   0  average unshared data size
                   0  average unshared stack size
                1358  page reclaims
                   1  page faults
                   0  swaps
                   0  block input operations
                   0  block output operations
                   0  messages sent
                   0  messages received
                   0  signals received
                   0  voluntary context switches
                 279  involuntary context switches
          7522955695  instructions retired
          2976603689  cycles elapsed
            19039360  peak memory footprint
