Threads=8
LoadTime(s)=0.0102633
CODE_EXECUTION_TIME(s)=0.185612
RESULT=16713192
Throughput=9.00435e+07
VertexSetAllocated=0.00 Bytes
MiniGraphAllocated=612.13 KB
        0.49 real         1.37 user         0.01 sys
            20135936  maximum resident set size
                   0  average shared memory size
                   0  average unshared data size
                   0  average unshared stack size
                1349  page reclaims
                   1  page faults
                   0  swaps
                   0  block input operations
                   0  block output operations
                   0  messages sent
                   0  messages received
                   0  signals received
                   0  voluntary context switches
                 448  involuntary context switches
          7520853454  instructions retired
          2975524197  cycles elapsed
            18760576  peak memory footprint
