Threads=8
LoadTime(s)=0.00881417
CODE_EXECUTION_TIME(s)=1.6888
RESULT=258570802
Throughput=1.5311e+08
VertexSetAllocated=521.59 KB
MiniGraphAllocated=781.49 KB
        1.99 real        10.17 user         0.04 sys
            20578304  maximum resident set size
                   0  average shared memory size
                   0  average unshared data size
                   0  average unshared stack size
                1371  page reclaims
                   1  page faults
                   0  swaps
                   0  block input operations
                   0  block output operations
                   0  messages sent
                   0  messages received
                   0  signals received
                   0  voluntary context switches
                6737  involuntary context switches
         50162512130  instructions retired
         20026446549  cycles elapsed
            19268736  peak memory footprint
