Threads=8
LoadTime(s)=0.00998504
CODE_EXECUTION_TIME(s)=0.524133
RESULT=50139576
Throughput=9.56619e+07
VertexSetAllocated=521.59 KB
MiniGraphAllocated=670.32 KB
        0.82 real         3.72 user         0.02 sys
            20480000  maximum resident set size
                   0  average shared memory size
                   0  average unshared data size
                   0  average unshared stack size
                1366  page reclaims
                   1  page faults
                   0  swaps
                   0  block input operations
                   0  block output operations
                   0  messages sent
                   0  messages received
                   0  signals received
                   0  voluntary context switches
                3573  involuntary context switches
         19014664762  instructions retired
          7470710107  cycles elapsed
            19186880  peak memory footprint
