Threads=8
LoadTime(s)=0.00239688
CODE_EXECUTION_TIME(s)=2.53791
RESULT=8821744
Throughput=3.47599e+06
VertexSetAllocated=2.17 MB
MiniGraphAllocated=0.00 Bytes
        2.83 real        10.07 user         0.07 sys
             5881856  maximum resident set size
                   0  average shared memory size
                   0  average unshared data size
                   0  average unshared stack size
                 475  page reclaims
                   1  page faults
                   0  swaps
                   0  block input operations
                   0  block output operations
                   0  messages sent
                   0  messages received
                   0  signals received
                   1  voluntary context switches
               11598  involuntary context switches
         49203489731  instructions retired
         21458904785  cycles elapsed
             4572160  peak memory footprint
