Threads=8
LoadTime(s)=0.00151433
CODE_EXECUTION_TIME(s)=2.37683
RESULT=8821744
Throughput=3.71156e+06
VertexSetAllocated=2.17 MB
MiniGraphAllocated=0.00 Bytes
        2.67 real        10.20 user         0.06 sys
             5865472  maximum resident set size
                   0  average shared memory size
                   0  average unshared data size
                   0  average unshared stack size
                 455  page reclaims
                  19  page faults
                   0  swaps
                   0  block input operations
                   0  block output operations
                   0  messages sent
                   0  messages received
                   0  signals received
                   3  voluntary context switches
               11493  involuntary context switches
         49208532708  instructions retired
         22060516706  cycles elapsed
             4506432  peak memory footprint
