Threads=8
LoadTime(s)=0.00163221
CODE_EXECUTION_TIME(s)=0.163542
RESULT=5809356
Throughput=3.5522e+07
VertexSetAllocated=0.00 Bytes
MiniGraphAllocated=605.78 KB
        0.46 real         1.21 user         0.00 sys
             6340608  maximum resident set size
                   0  average shared memory size
                   0  average unshared data size
                   0  average unshared stack size
                 509  page reclaims
                   1  page faults
                   0  swaps
                   0  block input operations
                   0  block output operations
                   0  messages sent
                   0  messages received
                   0  signals received
                   0  voluntary context switches
                 443  involuntary context switches
          6314703433  instructions retired
          2607000164  cycles elapsed
             4915904  peak memory footprint
