Threads=8
LoadTime(s)=0.00101479
CODE_EXECUTION_TIME(s)=0.154309
RESULT=5809356
Throughput=3.76476e+07
VertexSetAllocated=0.00 Bytes
MiniGraphAllocated=595.71 KB
        0.15 real         1.20 user         0.00 sys
             6340608  maximum resident set size
                   0  average shared memory size
                   0  average unshared data size
                   0  average unshared stack size
                 503  page reclaims
                   1  page faults
                   0  swaps
                   0  block input operations
                   0  block output operations
                   0  messages sent
                   0  messages received
                   0  signals received
                   0  voluntary context switches
                 360  involuntary context switches
          6310998177  instructions retired
          2644391575  cycles elapsed
             4915904  peak memory footprint
