Threads=8
LoadTime(s)=0.00182246
CODE_EXECUTION_TIME(s)=15.9179
RESULT=4479591993
Throughput=2.81419e+08
VertexSetAllocated=1.08 MB
MiniGraphAllocated=1.53 MB
       16.25 real        66.12 user         0.30 sys
             7766016  maximum resident set size
                   0  average shared memory size
                   0  average unshared data size
                   0  average unshared stack size
                 590  page reclaims
                   1  page faults
                   0  swaps
                   0  block input operations
                   0  block output operations
                   0  messages sent
                   0  messages received
                   0  signals received
                   0  voluntary context switches
               56463  involuntary context switches
        426266105234  instructions retired
        136564331970  cycles elapsed
             6489344  peak memory footprint
