Threads=8
LoadTime(s)=0.00687671
CODE_EXECUTION_TIME(s)=0.0190157
RESULT=727044
Throughput=3.82339e+07
VertexSetAllocated=0.00 Bytes
MiniGraphAllocated=0.00 Bytes
        0.31 real         0.10 user         0.00 sys
             5439488  maximum resident set size
                   0  average shared memory size
                   0  average unshared data size
                   0  average unshared stack size
                 427  page reclaims
                  20  page faults
                   0  swaps
                   0  block input operations
                   0  block output operations
                   0  messages sent
                   0  messages received
                   0  signals received
                  11  voluntary context switches
                 142  involuntary context switches
           588363978  instructions retired
           245713805  cycles elapsed
             4014656  peak memory footprint
