Threads=8
LoadTime(s)=0.00247892
CODE_EXECUTION_TIME(s)=2.30507
RESULT=8821744
Throughput=3.82711e+06
VertexSetAllocated=2.17 MB
MiniGraphAllocated=0.00 Bytes
        2.60 real        10.14 user         0.03 sys
             5898240  maximum resident set size
                   0  average shared memory size
                   0  average unshared data size
                   0  average unshared stack size
                 473  page reclaims
                   2  page faults
                   0  swaps
                   0  block input operations
                   0  block output operations
                   0  messages sent
                   0  messages received
                   0  signals received
                   0  voluntary context switches
                6531  involuntary context switches
         49160873063  instructions retired
         21803297535  cycles elapsed
             4604992  peak memory footprint
