Threads=8
LoadTime(s)=0.00203771
CODE_EXECUTION_TIME(s)=0.327736
RESULT=7024917
Throughput=2.14347e+07
VertexSetAllocated=1.08 MB
MiniGraphAllocated=1.84 MB
        0.62 real         1.82 user         0.01 sys
             8159232  maximum resident set size
                   0  average shared memory size
                   0  average unshared data size
                   0  average unshared stack size
                 620  page reclaims
                   1  page faults
                   0  swaps
                   0  block input operations
                   0  block output operations
                   0  messages sent
                   0  messages received
                   0  signals received
                   1  voluntary context switches
                2108  involuntary context switches
          8797773580  instructions retired
          3607667573  cycles elapsed
             6915456  peak memory footprint
