Threads=8
LoadTime(s)=0.00101933
CODE_EXECUTION_TIME(s)=0.161655
RESULT=5809356
Throughput=3.59368e+07
VertexSetAllocated=0.00 Bytes
MiniGraphAllocated=605.75 KB
        0.16 real         1.21 user         0.00 sys
             6340608  maximum resident set size
                   0  average shared memory size
                   0  average unshared data size
                   0  average unshared stack size
                 499  page reclaims
                   1  page faults
                   0  swaps
                   0  block input operations
                   0  block output operations
                   0  messages sent
                   0  messages received
                   0  signals received
                   0  voluntary context switches
                 473  involuntary context switches
          6314642557  instructions retired
          2668885553  cycles elapsed
             4932352  peak memory footprint
