Threads=8
LoadTime(s)=0.00102296
CODE_EXECUTION_TIME(s)=0.200242
RESULT=4514137
Throughput=2.25434e+07
VertexSetAllocated=0.00 Bytes
MiniGraphAllocated=1.18 MB
        0.50 real         1.21 user         0.00 sys
             5816320  maximum resident set size
                   0  average shared memory size
                   0  average unshared data size
                   0  average unshared stack size
                 473  page reclaims
                   1  page faults
                   0  swaps
                   0  block input operations
                   0  block output operations
                   0  messages sent
                   0  messages received
                   0  signals received
                   0  voluntary context switches
                 260  involuntary context switches
          6153650562  instructions retired
          2609791434  cycles elapsed
             4457408  peak memory footprint
