Threads=8
LoadTime(s)=0.00108442
CODE_EXECUTION_TIME(s)=6.32848
RESULT=1127174796
Throughput=1.78111e+08
VertexSetAllocated=1.89 MB
MiniGraphAllocated=1.80 MB
        6.63 real        23.97 user         0.13 sys
             6701056  maximum resident set size
                   0  average shared memory size
                   0  average unshared data size
                   0  average unshared stack size
                 525  page reclaims
                   2  page faults
                   0  swaps
                   0  block input operations
                   0  block output operations
                   0  messages sent
                   0  messages received
                   0  signals received
                   0  voluntary context switches
               25324  involuntary context switches
        142741935077  instructions retired
         49938368222  cycles elapsed
             5375040  peak memory footprint
