Threads=8
LoadTime(s)=0.00109567
CODE_EXECUTION_TIME(s)=0.0260816
RESULT=608389
Throughput=2.33264e+07
VertexSetAllocated=0.00 Bytes
MiniGraphAllocated=0.00 Bytes
        0.31 real         0.15 user         0.00 sys
             4096000  maximum resident set size
                   0  average shared memory size
                   0  average unshared data size
                   0  average unshared stack size
                 364  page reclaims
                   1  page faults
                   0  swaps
                   0  block input operations
                   0  block output operations
                   0  messages sent
                   0  messages received
                   0  signals received
                   0  voluntary context switches
                  69  involuntary context switches
           746569765  instructions retired
           288837175  cycles elapsed
             2687616  peak memory footprint
