Threads=8
LoadTime(s)=0.00101325
CODE_EXECUTION_TIME(s)=0.714124
RESULT=6233709
Throughput=8.72917e+06
VertexSetAllocated=1.89 MB
MiniGraphAllocated=3.25 MB
        1.10 real         1.81 user         0.02 sys
             8241152  maximum resident set size
                   0  average shared memory size
                   0  average unshared data size
                   0  average unshared stack size
                 622  page reclaims
                   1  page faults
                   0  swaps
                   0  block input operations
                   0  block output operations
                   0  messages sent
                   0  messages received
                   0  signals received
                   0  voluntary context switches
                3273  involuntary context switches
          8477543661  instructions retired
          4069639402  cycles elapsed
             6898688  peak memory footprint
