Threads=8
LoadTime(s)=0.000526333
CODE_EXECUTION_TIME(s)=0.187297
RESULT=4514137
Throughput=2.41015e+07
VertexSetAllocated=0.00 Bytes
MiniGraphAllocated=1.22 MB
        0.19 real         1.16 user         0.00 sys
             5799936  maximum resident set size
                   0  average shared memory size
                   0  average unshared data size
                   0  average unshared stack size
                 468  page reclaims
                   1  page faults
                   0  swaps
                   0  block input operations
                   0  block output operations
                   0  messages sent
                   0  messages received
                   0  signals received
                   0  voluntary context switches
                 548  involuntary context switches
          6155346838  instructions retired
          2551311223  cycles elapsed
             4408128  peak memory footprint
