Threads=8
LoadTime(s)=0.00101708
CODE_EXECUTION_TIME(s)=0.0827084
RESULT=2077903
Throughput=2.51232e+07
VertexSetAllocated=0.00 Bytes
MiniGraphAllocated=1.00 MB
        0.37 real         0.45 user         0.00 sys
             5619712  maximum resident set size
                   0  average shared memory size
                   0  average unshared data size
                   0  average unshared stack size
                 458  page reclaims
                   1  page faults
                   0  swaps
                   0  block input operations
                   0  block output operations
                   0  messages sent
                   0  messages received
                   0  signals received
                   0  voluntary context switches
                 240  involuntary context switches
          2319103242  instructions retired
           978149434  cycles elapsed
             4277248  peak memory footprint
