Threads=8
LoadTime(s)=0.00100742
CODE_EXECUTION_TIME(s)=5.24681
RESULT=1127174796
Throughput=2.1483e+08
VertexSetAllocated=1.89 MB
MiniGraphAllocated=1.80 MB
        5.55 real        23.38 user         0.07 sys
             6782976  maximum resident set size
                   0  average shared memory size
                   0  average unshared data size
                   0  average unshared stack size
                 514  page reclaims
                  20  page faults
                   0  swaps
                   0  block input operations
                   0  block output operations
                   0  messages sent
                   0  messages received
                   0  signals received
                   3  voluntary context switches
               14214  involuntary context switches
        142652572504  instructions retired
         49601986353  cycles elapsed
             5522752  peak memory footprint
