Threads=8
LoadTime(s)=0.000558875
CODE_EXECUTION_TIME(s)=0.223935
RESULT=4514137
Throughput=2.01583e+07
VertexSetAllocated=0.00 Bytes
MiniGraphAllocated=1.18 MB
        0.22 real         1.26 user         0.00 sys
             5783552  maximum resident set size
                   0  average shared memory size
                   0  average unshared data size
                   0  average unshared stack size
                 466  page reclaims
                   1  page faults
                   0  swaps
                   0  block input operations
                   0  block output operations
                   0  messages sent
                   0  messages received
                   0  signals received
                   0  voluntary context switches
                 526  involuntary context switches
          6154423318  instructions retired
          2713309327  cycles elapsed
             4424640  peak memory footprint
