Threads=8
LoadTime(s)=0.000549291
CODE_EXECUTION_TIME(s)=0.207504
RESULT=4514137
Throughput=2.17544e+07
VertexSetAllocated=0.00 Bytes
MiniGraphAllocated=1.16 MB
        0.21 real         1.20 user         0.00 sys
             5750784  maximum resident set size
                   0  average shared memory size
                   0  average unshared data size
                   0  average unshared stack size
                 464  page reclaims
                   1  page faults
                   0  swaps
                   0  block input operations
                   0  block output operations
                   0  messages sent
                   0  messages received
                   0  signals received
                   0  voluntary context switches
                 523  involuntary context switches
          6154737831  instructions retired
          2687654986  cycles elapsed
             4391872  peak memory footprint
