Threads=8
LoadTime(s)=0.000546625
CODE_EXECUTION_TIME(s)=0.192288
RESULT=4514137
Throughput=2.34759e+07
VertexSetAllocated=0.00 Bytes
MiniGraphAllocated=1.18 MB
        0.19 real         1.18 user         0.00 sys
             5914624  maximum resident set size
                   0  average shared memory size
                   0  average unshared data size
                   0  average unshared stack size
                 479  page reclaims
                   1  page faults
                   0  swaps
                   0  block input operations
                   0  block output operations
                   0  messages sent
                   0  messages received
                   0  signals received
                   0  voluntary context switches
                 409  involuntary context switches
          6154466395  instructions retired
          2588581509  cycles elapsed
             4621504  peak memory footprint
