Threads=8
LoadTime(s)=0.00100529
CODE_EXECUTION_TIME(s)=6.95205
RESULT=1127174796
Throughput=1.62136e+08
VertexSetAllocated=1.89 MB
MiniGraphAllocated=1.81 MB
        7.31 real        23.33 user         0.13 sys
             6668288  maximum resident set size
                   0  average shared memory size
                   0  average unshared data size
                   0  average unshared stack size
                 524  page reclaims
                   2  page faults
                   0  swaps
                   0  block input operations
                   0  block output operations
                   0  messages sent
                   0  messages received
                   0  signals received
                   1  voluntary context switches
               26522  involuntary context switches
        142752564236  instructions retired
         51522040386  cycles elapsed
             5375168  peak memory footprint
