Threads=8
LoadTime(s)=0.00236296
CODE_EXECUTION_TIME(s)=4.89869
RESULT=32230662
Throughput=6.57945e+06
VertexSetAllocated=3.78 MB
MiniGraphAllocated=0.00 Bytes
        5.23 real        13.86 user         0.18 sys
             4489216  maximum resident set size
                   0  average shared memory size
                   0  average unshared data size
                   0  average unshared stack size
                 472  page reclaims
                   2  page faults
                   0  swaps
                   0  block input operations
                   0  block output operations
                   0  messages sent
                   0  messages received
                   0  signals received
                   1  voluntary context switches
               35734  involuntary context switches
         69400983959  instructions retired
         29713013968  cycles elapsed
             3228480  peak memory footprint
