Threads=8
LoadTime(s)=0.00162258
CODE_EXECUTION_TIME(s)=0.378138
RESULT=4514137
Throughput=1.19378e+07
VertexSetAllocated=0.00 Bytes
MiniGraphAllocated=1.12 MB
        0.39 real         1.46 user         0.00 sys
             5816320  maximum resident set size
                   0  average shared memory size
                   0  average unshared data size
                   0  average unshared stack size
                 469  page reclaims
                   1  page faults
                   0  swaps
                   0  block input operations
                   0  block output operations
                   0  messages sent
                   0  messages received
                   0  signals received
                   0  voluntary context switches
                 869  involuntary context switches
          6158276467  instructions retired
          3109506840  cycles elapsed
             4506752  peak memory footprint
