Threads=32
LoadTime(s)=0.0192962
CODE_EXECUTION_TIME(s)=0.192456
RESULT=96615211
Throughput=5.02011e+08
VertexSetAllocated=2.04 MB
MiniGraphAllocated=6.56 MB
	Command being timed: "./bin/runner 32 /home/williamp/thesis_data/snap_format/dblp/"
	User time (seconds): 5.96
	System time (seconds): 0.03
	Percent of CPU this job got: 2740%
	Elapsed (wall clock) time (h:mm:ss or m:ss): 0:00.21
	Average shared text size (kbytes): 0
	Average unshared data size (kbytes): 0
	Average stack size (kbytes): 0
	Average total size (kbytes): 0
	Maximum resident set size (kbytes): 24992
	Average resident set size (kbytes): 0
	Major (requiring I/O) page faults: 7
	Minor (reclaiming a frame) page faults: 5776
	Voluntary context switches: 383
	Involuntary context switches: 12
	Swaps: 0
	File system inputs: 0
	File system outputs: 16
	Socket messages sent: 0
	Socket messages received: 0
	Signals delivered: 0
	Page size (bytes): 4096
	Exit status: 0
