Threads=64
LoadTime(s)=0.0195853
CODE_EXECUTION_TIME(s)=0.169127
RESULT=96615211
Throughput=5.71258e+08
VertexSetAllocated=4.07 MB
MiniGraphAllocated=11.25 MB
	Command being timed: "./bin/runner 64 /home/williamp/thesis_data/snap_format/dblp/"
	User time (seconds): 9.53
	System time (seconds): 0.22
	Percent of CPU this job got: 4902%
	Elapsed (wall clock) time (h:mm:ss or m:ss): 0:00.19
	Average shared text size (kbytes): 0
	Average unshared data size (kbytes): 0
	Average stack size (kbytes): 0
	Average total size (kbytes): 0
	Maximum resident set size (kbytes): 31140
	Average resident set size (kbytes): 0
	Major (requiring I/O) page faults: 62
	Minor (reclaiming a frame) page faults: 7121
	Voluntary context switches: 1332
	Involuntary context switches: 28
	Swaps: 0
	File system inputs: 0
	File system outputs: 8
	Socket messages sent: 0
	Socket messages received: 0
	Signals delivered: 0
	Page size (bytes): 4096
	Exit status: 0
