Threads=64
LoadTime(s)=0.0164063
runner: /home/williamp/graphmini/src/backend/minigraph.h:881: virtual minigraph::ManagedContainer minigraph::MiniGraphCostModel::indices(const minigraph::VertexSet&) const: Assertion `out.size() == _to_iter.size()' failed.
Command terminated by signal 11
	Command being timed: "./bin/runner 64 /home/williamp/thesis_data/snap_format/dblp/"
	User time (seconds): 0.05
	System time (seconds): 0.09
	Percent of CPU this job got: 109%
	Elapsed (wall clock) time (h:mm:ss or m:ss): 0:00.13
	Average shared text size (kbytes): 0
	Average unshared data size (kbytes): 0
	Average stack size (kbytes): 0
	Average total size (kbytes): 0
	Maximum resident set size (kbytes): 21084
	Average resident set size (kbytes): 0
	Major (requiring I/O) page faults: 0
	Minor (reclaiming a frame) page faults: 4345
	Voluntary context switches: 216
	Involuntary context switches: 3
	Swaps: 0
	File system inputs: 0
	File system outputs: 8
	Socket messages sent: 0
	Socket messages received: 0
	Signals delivered: 0
	Page size (bytes): 4096
	Exit status: 0
