Threads=32
LoadTime(s)=0.0160138
CODE_EXECUTION_TIME(s)=0.0596504
RESULT=16713192
Throughput=2.80186e+08
VertexSetAllocated=0.00 Bytes
MiniGraphAllocated=2.26 MB
	Command being timed: "./bin/runner 32 /home/williamp/thesis_data/snap_format/dblp/"
	User time (seconds): 1.79
	System time (seconds): 0.04
	Percent of CPU this job got: 2240%
	Elapsed (wall clock) time (h:mm:ss or m:ss): 0:00.08
	Average shared text size (kbytes): 0
	Average unshared data size (kbytes): 0
	Average stack size (kbytes): 0
	Average total size (kbytes): 0
	Maximum resident set size (kbytes): 22560
	Average resident set size (kbytes): 0
	Major (requiring I/O) page faults: 28
	Minor (reclaiming a frame) page faults: 4682
	Voluntary context switches: 149
	Involuntary context switches: 12
	Swaps: 0
	File system inputs: 0
	File system outputs: 8
	Socket messages sent: 0
	Socket messages received: 0
	Signals delivered: 0
	Page size (bytes): 4096
	Exit status: 0
