Threads=64
LoadTime(s)=0.016661
CODE_EXECUTION_TIME(s)=0.131732
RESULT=96615211
Throughput=7.33421e+08
VertexSetAllocated=4.07 MB
MiniGraphAllocated=11.34 MB
	Command being timed: "./bin/runner 64 /home/williamp/thesis_data/snap_format/dblp/"
	User time (seconds): 7.94
	System time (seconds): 0.04
	Percent of CPU this job got: 5188%
	Elapsed (wall clock) time (h:mm:ss or m:ss): 0:00.15
	Average shared text size (kbytes): 0
	Average unshared data size (kbytes): 0
	Average stack size (kbytes): 0
	Average total size (kbytes): 0
	Maximum resident set size (kbytes): 32320
	Average resident set size (kbytes): 0
	Major (requiring I/O) page faults: 0
	Minor (reclaiming a frame) page faults: 7134
	Voluntary context switches: 1162
	Involuntary context switches: 14
	Swaps: 0
	File system inputs: 0
	File system outputs: 8
	Socket messages sent: 0
	Socket messages received: 0
	Signals delivered: 0
	Page size (bytes): 4096
	Exit status: 0
