Threads=16
LoadTime(s)=0.0159836
CODE_EXECUTION_TIME(s)=0.0913056
RESULT=16713192
Throughput=1.83047e+08
VertexSetAllocated=0.00 Bytes
MiniGraphAllocated=1.36 MB
	Command being timed: "./bin/runner 16 /home/williamp/thesis_data/snap_format/dblp/"
	User time (seconds): 1.43
	System time (seconds): 0.02
	Percent of CPU this job got: 1289%
	Elapsed (wall clock) time (h:mm:ss or m:ss): 0:00.11
	Average shared text size (kbytes): 0
	Average unshared data size (kbytes): 0
	Average stack size (kbytes): 0
	Average total size (kbytes): 0
	Maximum resident set size (kbytes): 21632
	Average resident set size (kbytes): 0
	Major (requiring I/O) page faults: 14
	Minor (reclaiming a frame) page faults: 4421
	Voluntary context switches: 115
	Involuntary context switches: 6
	Swaps: 0
	File system inputs: 0
	File system outputs: 8
	Socket messages sent: 0
	Socket messages received: 0
	Signals delivered: 0
	Page size (bytes): 4096
	Exit status: 0
