Threads=16
LoadTime(s)=0.0405899
CODE_EXECUTION_TIME(s)=58.3769
RESULT=91488735459
Throughput=1.56721e+09
VertexSetAllocated=44.15 MB
MiniGraphAllocated=0.00 Bytes
	Command being timed: "./bin/runner 16 /home/williamp/thesis_data/snap_format/youtube/"
	User time (seconds): 933.91
	System time (seconds): 0.11
	Percent of CPU this job got: 1598%
	Elapsed (wall clock) time (h:mm:ss or m:ss): 0:58.42
	Average shared text size (kbytes): 0
	Average unshared data size (kbytes): 0
	Average stack size (kbytes): 0
	Average total size (kbytes): 0
	Maximum resident set size (kbytes): 56704
	Average resident set size (kbytes): 0
	Major (requiring I/O) page faults: 0
	Minor (reclaiming a frame) page faults: 61553
	Voluntary context switches: 99
	Involuntary context switches: 1068
	Swaps: 0
	File system inputs: 0
	File system outputs: 24
	Socket messages sent: 0
	Socket messages received: 0
	Signals delivered: 0
	Page size (bytes): 4096
	Exit status: 0
