Threads=16
LoadTime(s)=0.0376818
Command terminated by signal 11
	Command being timed: "./bin/runner 16 /home/williamp/thesis_data/snap_format/youtube/"
	User time (seconds): 172.45
	System time (seconds): 0.04
	Percent of CPU this job got: 1576%
	Elapsed (wall clock) time (h:mm:ss or m:ss): 0:10.94
	Average shared text size (kbytes): 0
	Average unshared data size (kbytes): 0
	Average stack size (kbytes): 0
	Average total size (kbytes): 0
	Maximum resident set size (kbytes): 55220
	Average resident set size (kbytes): 0
	Major (requiring I/O) page faults: 0
	Minor (reclaiming a frame) page faults: 13701
	Voluntary context switches: 69
	Involuntary context switches: 219
	Swaps: 0
	File system inputs: 0
	File system outputs: 8
	Socket messages sent: 0
	Socket messages received: 0
	Signals delivered: 0
	Page size (bytes): 4096
	Exit status: 0
