Threads=64
LoadTime(s)=0.038122
CODE_EXECUTION_TIME(s)=26.4108
RESULT=91488735459
Throughput=3.46406e+09
VertexSetAllocated=176.58 MB
MiniGraphAllocated=0.00 Bytes
	Command being timed: "./bin/runner 64 /home/williamp/thesis_data/snap_format/youtube/"
	User time (seconds): 1337.18
	System time (seconds): 0.09
	Percent of CPU this job got: 5052%
	Elapsed (wall clock) time (h:mm:ss or m:ss): 0:26.46
	Average shared text size (kbytes): 0
	Average unshared data size (kbytes): 0
	Average stack size (kbytes): 0
	Average total size (kbytes): 0
	Maximum resident set size (kbytes): 63732
	Average resident set size (kbytes): 0
	Major (requiring I/O) page faults: 27
	Minor (reclaiming a frame) page faults: 42112
	Voluntary context switches: 886
	Involuntary context switches: 1287
	Swaps: 0
	File system inputs: 0
	File system outputs: 24
	Socket messages sent: 0
	Socket messages received: 0
	Signals delivered: 0
	Page size (bytes): 4096
	Exit status: 0
