Threads=32
LoadTime(s)=0.040675
CODE_EXECUTION_TIME(s)=44.5749
RESULT=12371157628
Throughput=2.77537e+08
VertexSetAllocated=44.15 MB
MiniGraphAllocated=28.18 MB
	Command being timed: "./bin/runner 32 /home/williamp/thesis_data/snap_format/youtube/"
	User time (seconds): 160.74
	System time (seconds): 0.08
	Percent of CPU this job got: 360%
	Elapsed (wall clock) time (h:mm:ss or m:ss): 0:44.63
	Average shared text size (kbytes): 0
	Average unshared data size (kbytes): 0
	Average stack size (kbytes): 0
	Average total size (kbytes): 0
	Maximum resident set size (kbytes): 80224
	Average resident set size (kbytes): 0
	Major (requiring I/O) page faults: 6
	Minor (reclaiming a frame) page faults: 36381
	Voluntary context switches: 553
	Involuntary context switches: 277
	Swaps: 0
	File system inputs: 0
	File system outputs: 24
	Socket messages sent: 0
	Socket messages received: 0
	Signals delivered: 0
	Page size (bytes): 4096
	Exit status: 0
