Threads=64
LoadTime(s)=0.0402764
CODE_EXECUTION_TIME(s)=44.5274
RESULT=12371157628
Throughput=2.77832e+08
VertexSetAllocated=88.29 MB
MiniGraphAllocated=38.67 MB
	Command being timed: "./bin/runner 64 /home/williamp/thesis_data/snap_format/youtube/"
	User time (seconds): 197.70
	System time (seconds): 0.34
	Percent of CPU this job got: 444%
	Elapsed (wall clock) time (h:mm:ss or m:ss): 0:44.58
	Average shared text size (kbytes): 0
	Average unshared data size (kbytes): 0
	Average stack size (kbytes): 0
	Average total size (kbytes): 0
	Maximum resident set size (kbytes): 90616
	Average resident set size (kbytes): 0
	Major (requiring I/O) page faults: 0
	Minor (reclaiming a frame) page faults: 28987
	Voluntary context switches: 669
	Involuntary context switches: 331
	Swaps: 0
	File system inputs: 0
	File system outputs: 24
	Socket messages sent: 0
	Socket messages received: 0
	Signals delivered: 0
	Page size (bytes): 4096
	Exit status: 0
