Threads=1
LoadTime(s)=0.0405224
CODE_EXECUTION_TIME(s)=145.499
RESULT=12371157628
Throughput=8.50258e+07
VertexSetAllocated=1.38 MB
MiniGraphAllocated=4.90 MB
	Command being timed: "./bin/runner 1 /home/williamp/thesis_data/snap_format/youtube/"
	User time (seconds): 145.46
	System time (seconds): 0.06
	Percent of CPU this job got: 99%
	Elapsed (wall clock) time (h:mm:ss or m:ss): 2:25.55
	Average shared text size (kbytes): 0
	Average unshared data size (kbytes): 0
	Average stack size (kbytes): 0
	Average total size (kbytes): 0
	Maximum resident set size (kbytes): 58952
	Average resident set size (kbytes): 0
	Major (requiring I/O) page faults: 0
	Minor (reclaiming a frame) page faults: 33269
	Voluntary context switches: 2
	Involuntary context switches: 501
	Swaps: 0
	File system inputs: 0
	File system outputs: 24
	Socket messages sent: 0
	Socket messages received: 0
	Signals delivered: 0
	Page size (bytes): 4096
	Exit status: 0
