Threads=32
LoadTime(s)=0.0400698
CODE_EXECUTION_TIME(s)=30.4648
RESULT=91488735459
Throughput=3.0031e+09
VertexSetAllocated=88.29 MB
MiniGraphAllocated=0.00 Bytes
	Command being timed: "./bin/runner 32 /home/williamp/thesis_data/snap_format/youtube/"
	User time (seconds): 960.10
	System time (seconds): 0.08
	Percent of CPU this job got: 3146%
	Elapsed (wall clock) time (h:mm:ss or m:ss): 0:30.51
	Average shared text size (kbytes): 0
	Average unshared data size (kbytes): 0
	Average stack size (kbytes): 0
	Average total size (kbytes): 0
	Maximum resident set size (kbytes): 59296
	Average resident set size (kbytes): 0
	Major (requiring I/O) page faults: 0
	Minor (reclaiming a frame) page faults: 51033
	Voluntary context switches: 246
	Involuntary context switches: 1033
	Swaps: 0
	File system inputs: 0
	File system outputs: 24
	Socket messages sent: 0
	Socket messages received: 0
	Signals delivered: 0
	Page size (bytes): 4096
	Exit status: 0
