Threads=64
LoadTime(s)=0.0391791
CODE_EXECUTION_TIME(s)=43.9438
RESULT=12371157628
Throughput=2.81522e+08
VertexSetAllocated=88.29 MB
MiniGraphAllocated=38.59 MB
	Command being timed: "./bin/runner 64 /home/williamp/thesis_data/snap_format/youtube/"
	User time (seconds): 195.95
	System time (seconds): 0.10
	Percent of CPU this job got: 445%
	Elapsed (wall clock) time (h:mm:ss or m:ss): 0:44.00
	Average shared text size (kbytes): 0
	Average unshared data size (kbytes): 0
	Average stack size (kbytes): 0
	Average total size (kbytes): 0
	Maximum resident set size (kbytes): 90728
	Average resident set size (kbytes): 0
	Major (requiring I/O) page faults: 35
	Minor (reclaiming a frame) page faults: 31169
	Voluntary context switches: 748
	Involuntary context switches: 300
	Swaps: 0
	File system inputs: 0
	File system outputs: 24
	Socket messages sent: 0
	Socket messages received: 0
	Signals delivered: 0
	Page size (bytes): 4096
	Exit status: 0
