Threads=32
LoadTime(s)=0.0404507
CODE_EXECUTION_TIME(s)=35.1843
RESULT=91488735459
Throughput=2.60027e+09
VertexSetAllocated=88.29 MB
MiniGraphAllocated=0.00 Bytes
	Command being timed: "./bin/runner 32 /home/williamp/thesis_data/snap_format/youtube/"
	User time (seconds): 1110.87
	System time (seconds): 0.08
	Percent of CPU this job got: 3152%
	Elapsed (wall clock) time (h:mm:ss or m:ss): 0:35.23
	Average shared text size (kbytes): 0
	Average unshared data size (kbytes): 0
	Average stack size (kbytes): 0
	Average total size (kbytes): 0
	Maximum resident set size (kbytes): 59072
	Average resident set size (kbytes): 0
	Major (requiring I/O) page faults: 0
	Minor (reclaiming a frame) page faults: 43433
	Voluntary context switches: 326
	Involuntary context switches: 1593
	Swaps: 0
	File system inputs: 0
	File system outputs: 24
	Socket messages sent: 0
	Socket messages received: 0
	Signals delivered: 0
	Page size (bytes): 4096
	Exit status: 0
