Threads=16
LoadTime(s)=0.0382668
CODE_EXECUTION_TIME(s)=62.2923
RESULT=91488735459
Throughput=1.4687e+09
VertexSetAllocated=44.15 MB
MiniGraphAllocated=0.00 Bytes
	Command being timed: "./bin/runner 16 /home/williamp/thesis_data/snap_format/youtube/"
	User time (seconds): 996.56
	System time (seconds): 0.11
	Percent of CPU this job got: 1598%
	Elapsed (wall clock) time (h:mm:ss or m:ss): 1:02.34
	Average shared text size (kbytes): 0
	Average unshared data size (kbytes): 0
	Average stack size (kbytes): 0
	Average total size (kbytes): 0
	Maximum resident set size (kbytes): 56832
	Average resident set size (kbytes): 0
	Major (requiring I/O) page faults: 0
	Minor (reclaiming a frame) page faults: 80331
	Voluntary context switches: 106
	Involuntary context switches: 1386
	Swaps: 0
	File system inputs: 0
	File system outputs: 24
	Socket messages sent: 0
	Socket messages received: 0
	Signals delivered: 0
	Page size (bytes): 4096
	Exit status: 0
