Threads=32
LoadTime(s)=0.0390832
CODE_EXECUTION_TIME(s)=43.7612
RESULT=12371157628
Throughput=2.82697e+08
VertexSetAllocated=44.15 MB
MiniGraphAllocated=28.23 MB
	Command being timed: "./bin/runner 32 /home/williamp/thesis_data/snap_format/youtube/"
	User time (seconds): 160.77
	System time (seconds): 0.06
	Percent of CPU this job got: 367%
	Elapsed (wall clock) time (h:mm:ss or m:ss): 0:43.81
	Average shared text size (kbytes): 0
	Average unshared data size (kbytes): 0
	Average stack size (kbytes): 0
	Average total size (kbytes): 0
	Maximum resident set size (kbytes): 80176
	Average resident set size (kbytes): 0
	Major (requiring I/O) page faults: 48
	Minor (reclaiming a frame) page faults: 35624
	Voluntary context switches: 471
	Involuntary context switches: 210
	Swaps: 0
	File system inputs: 0
	File system outputs: 24
	Socket messages sent: 0
	Socket messages received: 0
	Signals delivered: 0
	Page size (bytes): 4096
	Exit status: 0
