Threads=16
LoadTime(s)=0.0402466
CODE_EXECUTION_TIME(s)=44.7072
RESULT=12371157628
Throughput=2.76715e+08
VertexSetAllocated=22.07 MB
MiniGraphAllocated=20.63 MB
	Command being timed: "./bin/runner 16 /home/williamp/thesis_data/snap_format/youtube/"
	User time (seconds): 154.14
	System time (seconds): 0.10
	Percent of CPU this job got: 344%
	Elapsed (wall clock) time (h:mm:ss or m:ss): 0:44.76
	Average shared text size (kbytes): 0
	Average unshared data size (kbytes): 0
	Average stack size (kbytes): 0
	Average total size (kbytes): 0
	Maximum resident set size (kbytes): 73080
	Average resident set size (kbytes): 0
	Major (requiring I/O) page faults: 1
	Minor (reclaiming a frame) page faults: 39203
	Voluntary context switches: 186
	Involuntary context switches: 193
	Swaps: 0
	File system inputs: 0
	File system outputs: 24
	Socket messages sent: 0
	Socket messages received: 0
	Signals delivered: 0
	Page size (bytes): 4096
	Exit status: 0
