Threads=64
LoadTime(s)=0.0401041
CODE_EXECUTION_TIME(s)=24.8699
RESULT=91488735459
Throughput=3.67869e+09
VertexSetAllocated=176.58 MB
MiniGraphAllocated=0.00 Bytes
	Command being timed: "./bin/runner 64 /home/williamp/thesis_data/snap_format/youtube/"
	User time (seconds): 1326.97
	System time (seconds): 0.35
	Percent of CPU this job got: 5325%
	Elapsed (wall clock) time (h:mm:ss or m:ss): 0:24.92
	Average shared text size (kbytes): 0
	Average unshared data size (kbytes): 0
	Average stack size (kbytes): 0
	Average total size (kbytes): 0
	Maximum resident set size (kbytes): 63724
	Average resident set size (kbytes): 0
	Major (requiring I/O) page faults: 3
	Minor (reclaiming a frame) page faults: 42305
	Voluntary context switches: 624
	Involuntary context switches: 1780
	Swaps: 0
	File system inputs: 0
	File system outputs: 8
	Socket messages sent: 0
	Socket messages received: 0
	Signals delivered: 0
	Page size (bytes): 4096
	Exit status: 0
