Threads=32
LoadTime(s)=0.040144
CODE_EXECUTION_TIME(s)=30.5006
RESULT=91488735459
Throughput=2.99957e+09
VertexSetAllocated=88.29 MB
MiniGraphAllocated=0.00 Bytes
	Command being timed: "./bin/runner 32 /home/williamp/thesis_data/snap_format/youtube/"
	User time (seconds): 960.99
	System time (seconds): 0.09
	Percent of CPU this job got: 3145%
	Elapsed (wall clock) time (h:mm:ss or m:ss): 0:30.55
	Average shared text size (kbytes): 0
	Average unshared data size (kbytes): 0
	Average stack size (kbytes): 0
	Average total size (kbytes): 0
	Maximum resident set size (kbytes): 59144
	Average resident set size (kbytes): 0
	Major (requiring I/O) page faults: 2
	Minor (reclaiming a frame) page faults: 44416
	Voluntary context switches: 367
	Involuntary context switches: 1186
	Swaps: 0
	File system inputs: 0
	File system outputs: 16
	Socket messages sent: 0
	Socket messages received: 0
	Signals delivered: 0
	Page size (bytes): 4096
	Exit status: 0
