Threads=32
LoadTime(s)=0.0382861
Command terminated by signal 11
	Command being timed: "./bin/runner 32 /home/williamp/thesis_data/snap_format/youtube/"
	User time (seconds): 60.87
	System time (seconds): 0.05
	Percent of CPU this job got: 2951%
	Elapsed (wall clock) time (h:mm:ss or m:ss): 0:02.06
	Average shared text size (kbytes): 0
	Average unshared data size (kbytes): 0
	Average stack size (kbytes): 0
	Average total size (kbytes): 0
	Maximum resident set size (kbytes): 55936
	Average resident set size (kbytes): 0
	Major (requiring I/O) page faults: 0
	Minor (reclaiming a frame) page faults: 13245
	Voluntary context switches: 167
	Involuntary context switches: 84
	Swaps: 0
	File system inputs: 0
	File system outputs: 8
	Socket messages sent: 0
	Socket messages received: 0
	Signals delivered: 0
	Page size (bytes): 4096
	Exit status: 0
