Threads=64
LoadTime(s)=0.0380585
CODE_EXECUTION_TIME(s)=29.7324
RESULT=91488735459
Throughput=3.07707e+09
VertexSetAllocated=176.58 MB
MiniGraphAllocated=0.00 Bytes
	Command being timed: "./bin/runner 64 /home/williamp/thesis_data/snap_format/youtube/"
	User time (seconds): 1553.87
	System time (seconds): 0.85
	Percent of CPU this job got: 5218%
	Elapsed (wall clock) time (h:mm:ss or m:ss): 0:29.79
	Average shared text size (kbytes): 0
	Average unshared data size (kbytes): 0
	Average stack size (kbytes): 0
	Average total size (kbytes): 0
	Maximum resident set size (kbytes): 63700
	Average resident set size (kbytes): 0
	Major (requiring I/O) page faults: 0
	Minor (reclaiming a frame) page faults: 45634
	Voluntary context switches: 836
	Involuntary context switches: 17901
	Swaps: 0
	File system inputs: 0
	File system outputs: 24
	Socket messages sent: 0
	Socket messages received: 0
	Signals delivered: 0
	Page size (bytes): 4096
	Exit status: 0
