Threads=16
LoadTime(s)=0.0401914
CODE_EXECUTION_TIME(s)=58.9155
RESULT=91488735459
Throughput=1.55288e+09
VertexSetAllocated=44.15 MB
MiniGraphAllocated=0.00 Bytes
	Command being timed: "./bin/runner 16 /home/williamp/thesis_data/snap_format/youtube/"
	User time (seconds): 942.52
	System time (seconds): 0.14
	Percent of CPU this job got: 1598%
	Elapsed (wall clock) time (h:mm:ss or m:ss): 0:58.96
	Average shared text size (kbytes): 0
	Average unshared data size (kbytes): 0
	Average stack size (kbytes): 0
	Average total size (kbytes): 0
	Maximum resident set size (kbytes): 56788
	Average resident set size (kbytes): 0
	Major (requiring I/O) page faults: 0
	Minor (reclaiming a frame) page faults: 110580
	Voluntary context switches: 103
	Involuntary context switches: 1234
	Swaps: 0
	File system inputs: 0
	File system outputs: 24
	Socket messages sent: 0
	Socket messages received: 0
	Signals delivered: 0
	Page size (bytes): 4096
	Exit status: 0
