Threads=4
LoadTime(s)=0.039235
CODE_EXECUTION_TIME(s)=48.7845
RESULT=12371157628
Throughput=2.53588e+08
VertexSetAllocated=5.52 MB
MiniGraphAllocated=11.61 MB
	Command being timed: "./bin/runner 4 /home/williamp/thesis_data/snap_format/youtube/"
	User time (seconds): 147.38
	System time (seconds): 0.05
	Percent of CPU this job got: 301%
	Elapsed (wall clock) time (h:mm:ss or m:ss): 0:48.83
	Average shared text size (kbytes): 0
	Average unshared data size (kbytes): 0
	Average stack size (kbytes): 0
	Average total size (kbytes): 0
	Maximum resident set size (kbytes): 64868
	Average resident set size (kbytes): 0
	Major (requiring I/O) page faults: 0
	Minor (reclaiming a frame) page faults: 38408
	Voluntary context switches: 19
	Involuntary context switches: 170
	Swaps: 0
	File system inputs: 0
	File system outputs: 24
	Socket messages sent: 0
	Socket messages received: 0
	Signals delivered: 0
	Page size (bytes): 4096
	Exit status: 0
