Threads=16
LoadTime(s)=0.0400191
CODE_EXECUTION_TIME(s)=44.5361
RESULT=12371157628
Throughput=2.77778e+08
VertexSetAllocated=22.07 MB
MiniGraphAllocated=20.10 MB
	Command being timed: "./bin/runner 16 /home/williamp/thesis_data/snap_format/youtube/"
	User time (seconds): 153.04
	System time (seconds): 0.09
	Percent of CPU this job got: 343%
	Elapsed (wall clock) time (h:mm:ss or m:ss): 0:44.59
	Average shared text size (kbytes): 0
	Average unshared data size (kbytes): 0
	Average stack size (kbytes): 0
	Average total size (kbytes): 0
	Maximum resident set size (kbytes): 72600
	Average resident set size (kbytes): 0
	Major (requiring I/O) page faults: 8
	Minor (reclaiming a frame) page faults: 46652
	Voluntary context switches: 201
	Involuntary context switches: 277
	Swaps: 0
	File system inputs: 0
	File system outputs: 24
	Socket messages sent: 0
	Socket messages received: 0
	Signals delivered: 0
	Page size (bytes): 4096
	Exit status: 0
