Threads=32
LoadTime(s)=0.0383047
CODE_EXECUTION_TIME(s)=30.5092
RESULT=91488735459
Throughput=2.99872e+09
VertexSetAllocated=88.29 MB
MiniGraphAllocated=0.00 Bytes
	Command being timed: "./bin/runner 32 /home/williamp/thesis_data/snap_format/youtube/"
	User time (seconds): 960.77
	System time (seconds): 0.08
	Percent of CPU this job got: 3144%
	Elapsed (wall clock) time (h:mm:ss or m:ss): 0:30.56
	Average shared text size (kbytes): 0
	Average unshared data size (kbytes): 0
	Average stack size (kbytes): 0
	Average total size (kbytes): 0
	Maximum resident set size (kbytes): 59220
	Average resident set size (kbytes): 0
	Major (requiring I/O) page faults: 0
	Minor (reclaiming a frame) page faults: 43947
	Voluntary context switches: 308
	Involuntary context switches: 1079
	Swaps: 0
	File system inputs: 0
	File system outputs: 24
	Socket messages sent: 0
	Socket messages received: 0
	Signals delivered: 0
	Page size (bytes): 4096
	Exit status: 0
