Threads=8
LoadTime(s)=0.00595513
CODE_EXECUTION_TIME(s)=0.033849
RESULT=2224385
Throughput=6.57149e+07
VertexSetAllocated=0.00 Bytes
MiniGraphAllocated=0.00 Bytes
        0.04 real         0.22 user         0.00 sys
            19120128  maximum resident set size
                   0  average shared memory size
                   0  average unshared data size
                   0  average unshared stack size
                1280  page reclaims
                   1  page faults
                   0  swaps
                   0  block input operations
                   0  block output operations
                   0  messages sent
                   0  messages received
                   0  signals received
                   0  voluntary context switches
                 313  involuntary context switches
          1093008360  instructions retired
           506935560  cycles elapsed
            17728192  peak memory footprint
