Threads=8
LoadTime(s)=0.00104696
CODE_EXECUTION_TIME(s)=0.0152781
RESULT=727044
Throughput=4.75873e+07
VertexSetAllocated=0.00 Bytes
MiniGraphAllocated=0.00 Bytes
        0.02 real         0.10 user         0.00 sys
             5390336  maximum resident set size
                   0  average shared memory size
                   0  average unshared data size
                   0  average unshared stack size
                 441  page reclaims
                   1  page faults
                   0  swaps
                   0  block input operations
                   0  block output operations
                   0  messages sent
                   0  messages received
                   0  signals received
                   0  voluntary context switches
                  66  involuntary context switches
           580000123  instructions retired
           235739039  cycles elapsed
             3965504  peak memory footprint
