Threads=8
LoadTime(s)=0.000579958
CODE_EXECUTION_TIME(s)=0.0228969
RESULT=608389
Throughput=2.65708e+07
VertexSetAllocated=0.00 Bytes
MiniGraphAllocated=0.00 Bytes
        0.02 real         0.12 user         0.00 sys
             4046848  maximum resident set size
                   0  average shared memory size
                   0  average unshared data size
                   0  average unshared stack size
                 359  page reclaims
                   1  page faults
                   0  swaps
                   0  block input operations
                   0  block output operations
                   0  messages sent
                   0  messages received
                   0  signals received
                   0  voluntary context switches
                 412  involuntary context switches
           748678736  instructions retired
           284056150  cycles elapsed
             2638464  peak memory footprint
