Threads=8
LoadTime(s)=0.000555041
CODE_EXECUTION_TIME(s)=0.0188814
RESULT=608389
Throughput=3.22216e+07
VertexSetAllocated=0.00 Bytes
MiniGraphAllocated=0.00 Bytes
        0.02 real         0.12 user         0.00 sys
             4096000  maximum resident set size
                   0  average shared memory size
                   0  average unshared data size
                   0  average unshared stack size
                 363  page reclaims
                   1  page faults
                   0  swaps
                   0  block input operations
                   0  block output operations
                   0  messages sent
                   0  messages received
                   0  signals received
                   0  voluntary context switches
                  84  involuntary context switches
           745942577  instructions retired
           276597458  cycles elapsed
             2687616  peak memory footprint
