Threads=8
LoadTime(s)=0.00336521
CODE_EXECUTION_TIME(s)=0.0193997
RESULT=608389
Throughput=3.13607e+07
VertexSetAllocated=0.00 Bytes
MiniGraphAllocated=0.00 Bytes
        0.10 real         0.12 user         0.00 sys
             4161536  maximum resident set size
                   0  average shared memory size
                   0  average unshared data size
                   0  average unshared stack size
                 369  page reclaims
                   3  page faults
                   0  swaps
                   0  block input operations
                   0  block output operations
                   0  messages sent
                   0  messages received
                   0  signals received
                  18  voluntary context switches
                 154  involuntary context switches
           751205983  instructions retired
           282732222  cycles elapsed
             2802496  peak memory footprint
