Threads=8
LoadTime(s)=0.000525083
CODE_EXECUTION_TIME(s)=0.0201524
RESULT=608389
Throughput=3.01894e+07
VertexSetAllocated=0.00 Bytes
MiniGraphAllocated=0.00 Bytes
        0.02 real         0.12 user         0.00 sys
             3997696  maximum resident set size
                   0  average shared memory size
                   0  average unshared data size
                   0  average unshared stack size
                 352  page reclaims
                   8  page faults
                   0  swaps
                   0  block input operations
                   0  block output operations
                   0  messages sent
                   0  messages received
                   0  signals received
                   1  voluntary context switches
                  56  involuntary context switches
           746022449  instructions retired
           275122460  cycles elapsed
             2572864  peak memory footprint
