Threads=8
LoadTime(s)=0.000958
CODE_EXECUTION_TIME(s)=0.0218897
RESULT=608389
Throughput=2.77934e+07
VertexSetAllocated=0.00 Bytes
MiniGraphAllocated=0.00 Bytes
        0.02 real         0.12 user         0.00 sys
             4112384  maximum resident set size
                   0  average shared memory size
                   0  average unshared data size
                   0  average unshared stack size
                 363  page reclaims
                   1  page faults
                   0  swaps
                   0  block input operations
                   0  block output operations
                   0  messages sent
                   0  messages received
                   0  signals received
                   0  voluntary context switches
                 139  involuntary context switches
           746326287  instructions retired
           272628948  cycles elapsed
             2704000  peak memory footprint
