Threads=2
LoadTime(s)=0.0122746
CODE_EXECUTION_TIME(s)=0.618168
RESULT=16713192
Throughput=2.70366e+07
VertexSetAllocated=0.00 Bytes
MiniGraphAllocated=129.21 KB
        0.96 real         1.13 user         0.02 sys
            19218432  maximum resident set size
                   0  average shared memory size
                   0  average unshared data size
                   0  average unshared stack size
                1281  page reclaims
                   1  page faults
                   0  swaps
                   0  block input operations
                   0  block output operations
                   0  messages sent
                   0  messages received
                   0  signals received
                   0  voluntary context switches
                4479  involuntary context switches
          7581505890  instructions retired
          2315462985  cycles elapsed
            17793728  peak memory footprint
