Threads=1
LoadTime(s)=0.0127484
CODE_EXECUTION_TIME(s)=6.24073
RESULT=252447350
Throughput=4.04516e+07
VertexSetAllocated=130.40 KB
MiniGraphAllocated=0.00 Bytes
        6.56 real         6.13 user         0.04 sys
            18890752  maximum resident set size
                   0  average shared memory size
                   0  average unshared data size
                   0  average unshared stack size
                1292  page reclaims
                   3  page faults
                   0  swaps
                   0  block input operations
                   0  block output operations
                   0  messages sent
                   0  messages received
                   0  signals received
                   0  voluntary context switches
                3241  involuntary context switches
         42859997720  instructions retired
         12195673879  cycles elapsed
            17580608  peak memory footprint
