Threads=4
LoadTime(s)=0.0121631
CODE_EXECUTION_TIME(s)=1.74765
RESULT=252447350
Throughput=1.4445e+08
VertexSetAllocated=521.59 KB
MiniGraphAllocated=0.00 Bytes
        2.09 real         6.45 user         0.08 sys
            19447808  maximum resident set size
                   0  average shared memory size
                   0  average unshared data size
                   0  average unshared stack size
                1310  page reclaims
                   1  page faults
                   0  swaps
                   0  block input operations
                   0  block output operations
                   0  messages sent
                   0  messages received
                   0  signals received
                   0  voluntary context switches
               13328  involuntary context switches
         42998467743  instructions retired
         13368601819  cycles elapsed
            18170880  peak memory footprint
