Threads=2
LoadTime(s)=0.016276
CODE_EXECUTION_TIME(s)=3.0763
RESULT=252447350
Throughput=8.20619e+07
VertexSetAllocated=260.80 KB
MiniGraphAllocated=0.00 Bytes
        3.41 real         6.10 user         0.03 sys
            19251200  maximum resident set size
                   0  average shared memory size
                   0  average unshared data size
                   0  average unshared stack size
                1282  page reclaims
                   2  page faults
                   0  swaps
                   0  block input operations
                   0  block output operations
                   0  messages sent
                   0  messages received
                   0  signals received
                   0  voluntary context switches
                3220  involuntary context switches
         42911916795  instructions retired
         12080383077  cycles elapsed
            17908608  peak memory footprint
