Threads=1
LoadTime(s)=0.0154102
CODE_EXECUTION_TIME(s)=1.11405
RESULT=16713192
Throughput=1.50022e+07
VertexSetAllocated=0.00 Bytes
MiniGraphAllocated=91.13 KB
        1.45 real         1.11 user         0.01 sys
            19087360  maximum resident set size
                   0  average shared memory size
                   0  average unshared data size
                   0  average unshared stack size
                1265  page reclaims
                   8  page faults
                   0  swaps
                   0  block input operations
                   0  block output operations
                   0  messages sent
                   0  messages received
                   0  signals received
                   0  voluntary context switches
                 403  involuntary context switches
          7612961496  instructions retired
          2204675981  cycles elapsed
            17695424  peak memory footprint
