Threads=4
LoadTime(s)=0.0177217
CODE_EXECUTION_TIME(s)=0.2744
RESULT=16713192
Throughput=6.09081e+07
VertexSetAllocated=0.00 Bytes
MiniGraphAllocated=297.56 KB
        0.61 real         1.08 user         0.01 sys
            19529728  maximum resident set size
                   0  average shared memory size
                   0  average unshared data size
                   0  average unshared stack size
                1307  page reclaims
                   1  page faults
                   0  swaps
                   0  block input operations
                   0  block output operations
                   0  messages sent
                   0  messages received
                   0  signals received
                   1  voluntary context switches
                 847  involuntary context switches
          7548825630  instructions retired
          2146937453  cycles elapsed
            18137920  peak memory footprint
