Threads=2
LoadTime(s)=0.0110911
CODE_EXECUTION_TIME(s)=3.16471
RESULT=96615211
Throughput=3.0529e+07
VertexSetAllocated=130.40 KB
MiniGraphAllocated=371.91 KB
        3.51 real         6.13 user         0.04 sys
            19873792  maximum resident set size
                   0  average shared memory size
                   0  average unshared data size
                   0  average unshared stack size
                1320  page reclaims
                   2  page faults
                   0  swaps
                   0  block input operations
                   0  block output operations
                   0  messages sent
                   0  messages received
                   0  signals received
                   0  voluntary context switches
                2529  involuntary context switches
         40450301354  instructions retired
         11257185547  cycles elapsed
            18531328  peak memory footprint
