Threads=2
LoadTime(s)=0.0196161
CODE_EXECUTION_TIME(s)=0.556127
RESULT=16713192
Throughput=3.00528e+07
VertexSetAllocated=0.00 Bytes
MiniGraphAllocated=129.21 KB
        0.89 real         1.09 user         0.02 sys
            19382272  maximum resident set size
                   0  average shared memory size
                   0  average unshared data size
                   0  average unshared stack size
                1272  page reclaims
                  19  page faults
                   0  swaps
                   0  block input operations
                   0  block output operations
                   0  messages sent
                   0  messages received
                   0  signals received
                   2  voluntary context switches
                1117  involuntary context switches
          7556248667  instructions retired
          2189735843  cycles elapsed
            17990464  peak memory footprint
