Threads=4
LoadTime(s)=0.0160961
CODE_EXECUTION_TIME(s)=1.55979
RESULT=252447350
Throughput=1.61847e+08
VertexSetAllocated=521.59 KB
MiniGraphAllocated=0.00 Bytes
        1.90 real         6.15 user         0.03 sys
            19529728  maximum resident set size
                   0  average shared memory size
                   0  average unshared data size
                   0  average unshared stack size
                1302  page reclaims
                   1  page faults
                   0  swaps
                   0  block input operations
                   0  block output operations
                   0  messages sent
                   0  messages received
                   0  signals received
                   0  voluntary context switches
                4323  involuntary context switches
         42920857945  instructions retired
         12240139965  cycles elapsed
            18269376  peak memory footprint
