Threads=4
LoadTime(s)=0.00951783
CODE_EXECUTION_TIME(s)=0.324547
RESULT=16713192
Throughput=5.14969e+07
VertexSetAllocated=0.00 Bytes
MiniGraphAllocated=297.53 KB
        0.64 real         1.23 user         0.01 sys
            19513344  maximum resident set size
                   0  average shared memory size
                   0  average unshared data size
                   0  average unshared stack size
                1303  page reclaims
                   2  page faults
                   0  swaps
                   0  block input operations
                   0  block output operations
                   0  messages sent
                   0  messages received
                   0  signals received
                   1  voluntary context switches
                1376  involuntary context switches
          7555889658  instructions retired
          2612105795  cycles elapsed
            18088640  peak memory footprint
