Threads=4
LoadTime(s)=0.0109755
CODE_EXECUTION_TIME(s)=1.63195
RESULT=252447350
Throughput=1.54691e+08
VertexSetAllocated=521.59 KB
MiniGraphAllocated=0.00 Bytes
        1.98 real         6.30 user         0.05 sys
            19464192  maximum resident set size
                   0  average shared memory size
                   0  average unshared data size
                   0  average unshared stack size
                1298  page reclaims
                   1  page faults
                   0  swaps
                   0  block input operations
                   0  block output operations
                   0  messages sent
                   0  messages received
                   0  signals received
                   1  voluntary context switches
                7390  involuntary context switches
         42947642397  instructions retired
         12812296797  cycles elapsed
            18138048  peak memory footprint
