Threads=2
LoadTime(s)=0.0143003
CODE_EXECUTION_TIME(s)=0.605294
RESULT=16713192
Throughput=2.76117e+07
VertexSetAllocated=0.00 Bytes
MiniGraphAllocated=129.21 KB
        0.95 real         1.11 user         0.02 sys
            19267584  maximum resident set size
                   0  average shared memory size
                   0  average unshared data size
                   0  average unshared stack size
                1344  page reclaims
                   1  page faults
                   0  swaps
                   0  block input operations
                   0  block output operations
                   0  messages sent
                   0  messages received
                   0  signals received
                   1  voluntary context switches
                1577  involuntary context switches
          7557430955  instructions retired
          2234209778  cycles elapsed
            18023424  peak memory footprint
