Threads=2
LoadTime(s)=0.0105982
CODE_EXECUTION_TIME(s)=3.08693
RESULT=252447350
Throughput=8.17794e+07
VertexSetAllocated=260.80 KB
MiniGraphAllocated=0.00 Bytes
        3.41 real         6.13 user         0.03 sys
            19234816  maximum resident set size
                   0  average shared memory size
                   0  average unshared data size
                   0  average unshared stack size
                1345  page reclaims
                   2  page faults
                   0  swaps
                   0  block input operations
                   0  block output operations
                   0  messages sent
                   0  messages received
                   0  signals received
                   1  voluntary context switches
                2046  involuntary context switches
         42903857018  instructions retired
         12114499580  cycles elapsed
            17957888  peak memory footprint
