Threads=1
LoadTime(s)=0.013883
CODE_EXECUTION_TIME(s)=6.22356
RESULT=252447350
Throughput=4.05632e+07
VertexSetAllocated=130.40 KB
MiniGraphAllocated=0.00 Bytes
        6.55 real         6.13 user         0.05 sys
            18989056  maximum resident set size
                   0  average shared memory size
                   0  average unshared data size
                   0  average unshared stack size
                1306  page reclaims
                  21  page faults
                   0  swaps
                   0  block input operations
                   0  block output operations
                   0  messages sent
                   0  messages received
                   0  signals received
                   4  voluntary context switches
                1210  involuntary context switches
         42853327700  instructions retired
         12145701397  cycles elapsed
            17744704  peak memory footprint
