Threads=2
LoadTime(s)=0.0132612
CODE_EXECUTION_TIME(s)=0.556902
RESULT=16713192
Throughput=3.0011e+07
VertexSetAllocated=0.00 Bytes
MiniGraphAllocated=129.21 KB
        0.96 real         1.10 user         0.01 sys
            19316736  maximum resident set size
                   0  average shared memory size
                   0  average unshared data size
                   0  average unshared stack size
                1286  page reclaims
                   2  page faults
                   0  swaps
                   0  block input operations
                   0  block output operations
                   0  messages sent
                   0  messages received
                   0  signals received
                   0  voluntary context switches
                1210  involuntary context switches
          7553720563  instructions retired
          2206689093  cycles elapsed
            17924928  peak memory footprint
