Threads=4
LoadTime(s)=0.0116086
CODE_EXECUTION_TIME(s)=0.277262
RESULT=16713192
Throughput=6.02795e+07
VertexSetAllocated=0.00 Bytes
MiniGraphAllocated=296.46 KB
        0.59 real         1.09 user         0.01 sys
            19611648  maximum resident set size
                   0  average shared memory size
                   0  average unshared data size
                   0  average unshared stack size
                1308  page reclaims
                   1  page faults
                   0  swaps
                   0  block input operations
                   0  block output operations
                   0  messages sent
                   0  messages received
                   0  signals received
                   0  voluntary context switches
                1307  involuntary context switches
          7551014201  instructions retired
          2166708249  cycles elapsed
            18219840  peak memory footprint
