Threads=1
LoadTime(s)=0.0121842
CODE_EXECUTION_TIME(s)=5.78163
RESULT=96615211
Throughput=1.67107e+07
VertexSetAllocated=65.20 KB
MiniGraphAllocated=228.53 KB
        6.10 real         5.73 user         0.03 sys
            19415040  maximum resident set size
                   0  average shared memory size
                   0  average unshared data size
                   0  average unshared stack size
                1291  page reclaims
                   2  page faults
                   0  swaps
                   0  block input operations
                   0  block output operations
                   0  messages sent
                   0  messages received
                   0  signals received
                   0  voluntary context switches
                 516  involuntary context switches
         40399272735  instructions retired
         11356843431  cycles elapsed
            18088896  peak memory footprint
