Threads=4
LoadTime(s)=0.0111089
CODE_EXECUTION_TIME(s)=0.272998
RESULT=16713192
Throughput=6.12209e+07
VertexSetAllocated=0.00 Bytes
MiniGraphAllocated=296.55 KB
        0.59 real         1.09 user         0.01 sys
            19529728  maximum resident set size
                   0  average shared memory size
                   0  average unshared data size
                   0  average unshared stack size
                1303  page reclaims
                   1  page faults
                   0  swaps
                   0  block input operations
                   0  block output operations
                   0  messages sent
                   0  messages received
                   0  signals received
                   0  voluntary context switches
                 323  involuntary context switches
          7543770419  instructions retired
          2140379733  cycles elapsed
            18137920  peak memory footprint
