Threads=4
LoadTime(s)=0.0135432
CODE_EXECUTION_TIME(s)=0.274648
RESULT=16713192
Throughput=6.08532e+07
VertexSetAllocated=0.00 Bytes
MiniGraphAllocated=296.56 KB
        0.61 real         1.09 user         0.01 sys
            19628032  maximum resident set size
                   0  average shared memory size
                   0  average unshared data size
                   0  average unshared stack size
                1308  page reclaims
                   2  page faults
                   0  swaps
                   0  block input operations
                   0  block output operations
                   0  messages sent
                   0  messages received
                   0  signals received
                   2  voluntary context switches
                 541  involuntary context switches
          7547776414  instructions retired
          2148793117  cycles elapsed
            18252672  peak memory footprint
