Threads=4
LoadTime(s)=0.0195192
CODE_EXECUTION_TIME(s)=1.61128
RESULT=252447350
Throughput=1.56675e+08
VertexSetAllocated=521.59 KB
MiniGraphAllocated=0.00 Bytes
        1.93 real         6.28 user         0.03 sys
            19382272  maximum resident set size
                   0  average shared memory size
                   0  average unshared data size
                   0  average unshared stack size
                1292  page reclaims
                   1  page faults
                   0  swaps
                   0  block input operations
                   0  block output operations
                   0  messages sent
                   0  messages received
                   0  signals received
                   0  voluntary context switches
                5011  involuntary context switches
         42926530945  instructions retired
         12751323096  cycles elapsed
            18056128  peak memory footprint
