Threads=1
LoadTime(s)=0.0132785
CODE_EXECUTION_TIME(s)=5.85156
RESULT=96615211
Throughput=1.6511e+07
VertexSetAllocated=65.20 KB
MiniGraphAllocated=228.53 KB
        6.20 real         5.76 user         0.04 sys
            19464192  maximum resident set size
                   0  average shared memory size
                   0  average unshared data size
                   0  average unshared stack size
                1374  page reclaims
                   3  page faults
                   0  swaps
                   0  block input operations
                   0  block output operations
                   0  messages sent
                   0  messages received
                   0  signals received
                   1  voluntary context switches
                2370  involuntary context switches
         40414424644  instructions retired
         11437457773  cycles elapsed
            18203520  peak memory footprint
