Threads=2
LoadTime(s)=0.0091045
CODE_EXECUTION_TIME(s)=1.74242
RESULT=4764685
Throughput=2.73453e+06
VertexSetAllocated=0.00 Bytes
MiniGraphAllocated=322.36 KB
        2.07 real         3.46 user         0.02 sys
            19398656  maximum resident set size
                   0  average shared memory size
                   0  average unshared data size
                   0  average unshared stack size
                1291  page reclaims
                   2  page faults
                   0  swaps
                   0  block input operations
                   0  block output operations
                   0  messages sent
                   0  messages received
                   0  signals received
                   1  voluntary context switches
                1249  involuntary context switches
         25318205083  instructions retired
          6855845583  cycles elapsed
            17990400  peak memory footprint
