Threads=2
LoadTime(s)=0.0180673
CODE_EXECUTION_TIME(s)=0.674279
RESULT=16713192
Throughput=2.47868e+07
VertexSetAllocated=0.00 Bytes
MiniGraphAllocated=129.21 KB
        1.01 real         1.11 user         0.02 sys
            19333120  maximum resident set size
                   0  average shared memory size
                   0  average unshared data size
                   0  average unshared stack size
                1288  page reclaims
                   2  page faults
                   0  swaps
                   0  block input operations
                   0  block output operations
                   0  messages sent
                   0  messages received
                   0  signals received
                   0  voluntary context switches
                1588  involuntary context switches
          7555746105  instructions retired
          2253426291  cycles elapsed
            17908416  peak memory footprint
