Threads=1
LoadTime(s)=0.00936521
CODE_EXECUTION_TIME(s)=5.89458
RESULT=96615211
Throughput=1.63905e+07
VertexSetAllocated=65.20 KB
MiniGraphAllocated=228.53 KB
        6.23 real         5.74 user         0.05 sys
            19349504  maximum resident set size
                   0  average shared memory size
                   0  average unshared data size
                   0  average unshared stack size
                1349  page reclaims
                   2  page faults
                   0  swaps
                   0  block input operations
                   0  block output operations
                   0  messages sent
                   0  messages received
                   0  signals received
                   3  voluntary context switches
                5711  involuntary context switches
         40442836334  instructions retired
         11428322146  cycles elapsed
            18039616  peak memory footprint
