Threads=4
LoadTime(s)=0.018879
CODE_EXECUTION_TIME(s)=0.311397
RESULT=16713192
Throughput=5.36717e+07
VertexSetAllocated=0.00 Bytes
MiniGraphAllocated=297.16 KB
        0.64 real         1.24 user         0.01 sys
            19595264  maximum resident set size
                   0  average shared memory size
                   0  average unshared data size
                   0  average unshared stack size
                1308  page reclaims
                   1  page faults
                   0  swaps
                   0  block input operations
                   0  block output operations
                   0  messages sent
                   0  messages received
                   0  signals received
                   1  voluntary context switches
                 124  involuntary context switches
          7542317676  instructions retired
          2128846287  cycles elapsed
            18187008  peak memory footprint
