Threads=1
LoadTime(s)=0.015163
CODE_EXECUTION_TIME(s)=5.76569
RESULT=96615211
Throughput=1.67569e+07
VertexSetAllocated=65.20 KB
MiniGraphAllocated=228.53 KB
        6.09 real         5.74 user         0.04 sys
            19333120  maximum resident set size
                   0  average shared memory size
                   0  average unshared data size
                   0  average unshared stack size
                1285  page reclaims
                   2  page faults
                   0  swaps
                   0  block input operations
                   0  block output operations
                   0  messages sent
                   0  messages received
                   0  signals received
                   3  voluntary context switches
                 405  involuntary context switches
         40400886769  instructions retired
         11359671235  cycles elapsed
            17974016  peak memory footprint
