Threads=4
LoadTime(s)=0.0133866
CODE_EXECUTION_TIME(s)=1.86608
RESULT=252447350
Throughput=1.35282e+08
VertexSetAllocated=521.59 KB
MiniGraphAllocated=0.00 Bytes
        2.20 real         6.56 user         0.12 sys
            19333120  maximum resident set size
                   0  average shared memory size
                   0  average unshared data size
                   0  average unshared stack size
                1345  page reclaims
                   1  page faults
                   0  swaps
                   0  block input operations
                   0  block output operations
                   0  messages sent
                   0  messages received
                   0  signals received
                   2  voluntary context switches
               22812  involuntary context switches
         43078646794  instructions retired
         13876352156  cycles elapsed
            18039744  peak memory footprint
