Threads=2
LoadTime(s)=0.0144297
CODE_EXECUTION_TIME(s)=2.87216
RESULT=96615211
Throughput=3.36386e+07
VertexSetAllocated=130.40 KB
MiniGraphAllocated=371.91 KB
        3.21 real         5.74 user         0.01 sys
            19611648  maximum resident set size
                   0  average shared memory size
                   0  average unshared data size
                   0  average unshared stack size
                1303  page reclaims
                   2  page faults
                   0  swaps
                   0  block input operations
                   0  block output operations
                   0  messages sent
                   0  messages received
                   0  signals received
                   3  voluntary context switches
                 166  involuntary context switches
         40425927989  instructions retired
         11313949654  cycles elapsed
            18236288  peak memory footprint
