Threads=2
LoadTime(s)=0.0126076
CODE_EXECUTION_TIME(s)=1.74547
RESULT=4764685
Throughput=2.72974e+06
VertexSetAllocated=0.00 Bytes
MiniGraphAllocated=322.36 KB
        2.08 real         3.48 user         0.02 sys
            19578880  maximum resident set size
                   0  average shared memory size
                   0  average unshared data size
                   0  average unshared stack size
                1302  page reclaims
                   1  page faults
                   0  swaps
                   0  block input operations
                   0  block output operations
                   0  messages sent
                   0  messages received
                   0  signals received
                   0  voluntary context switches
                 328  involuntary context switches
         25310964831  instructions retired
          6877134690  cycles elapsed
            18187072  peak memory footprint
