Threads=2
LoadTime(s)=0.0160186
CODE_EXECUTION_TIME(s)=0.563961
RESULT=16713192
Throughput=2.96354e+07
VertexSetAllocated=0.00 Bytes
MiniGraphAllocated=129.21 KB
        0.90 real         1.09 user         0.01 sys
            19398656  maximum resident set size
                   0  average shared memory size
                   0  average unshared data size
                   0  average unshared stack size
                1290  page reclaims
                   2  page faults
                   0  swaps
                   0  block input operations
                   0  block output operations
                   0  messages sent
                   0  messages received
                   0  signals received
                   0  voluntary context switches
                 796  involuntary context switches
          7549166960  instructions retired
          2161383510  cycles elapsed
            18039744  peak memory footprint
