Threads=4
LoadTime(s)=0.0146702
CODE_EXECUTION_TIME(s)=0.322064
RESULT=16713192
Throughput=5.1894e+07
VertexSetAllocated=0.00 Bytes
MiniGraphAllocated=263.84 KB
        0.68 real         1.21 user         0.02 sys
            19660800  maximum resident set size
                   0  average shared memory size
                   0  average unshared data size
                   0  average unshared stack size
                1313  page reclaims
                   1  page faults
                   0  swaps
                   0  block input operations
                   0  block output operations
                   0  messages sent
                   0  messages received
                   0  signals received
                   1  voluntary context switches
                2501  involuntary context switches
          7566193213  instructions retired
          2531503006  cycles elapsed
            18301888  peak memory footprint
