Threads=1
LoadTime(s)=0.0147289
CODE_EXECUTION_TIME(s)=6.24899
RESULT=252447350
Throughput=4.03981e+07
VertexSetAllocated=130.40 KB
MiniGraphAllocated=0.00 Bytes
        6.58 real         6.10 user         0.04 sys
            18972672  maximum resident set size
                   0  average shared memory size
                   0  average unshared data size
                   0  average unshared stack size
                1278  page reclaims
                   3  page faults
                   0  swaps
                   0  block input operations
                   0  block output operations
                   0  messages sent
                   0  messages received
                   0  signals received
                   1  voluntary context switches
                 805  involuntary context switches
         42844204663  instructions retired
         12107527737  cycles elapsed
            17662656  peak memory footprint
