Threads=4
LoadTime(s)=0.0106026
CODE_EXECUTION_TIME(s)=0.280604
RESULT=16713192
Throughput=5.95614e+07
VertexSetAllocated=0.00 Bytes
MiniGraphAllocated=263.87 KB
        0.60 real         1.09 user         0.02 sys
            19644416  maximum resident set size
                   0  average shared memory size
                   0  average unshared data size
                   0  average unshared stack size
                1296  page reclaims
                  15  page faults
                   0  swaps
                   0  block input operations
                   0  block output operations
                   0  messages sent
                   0  messages received
                   0  signals received
                   1  voluntary context switches
                1820  involuntary context switches
          7559393467  instructions retired
          2183584985  cycles elapsed
            18334848  peak memory footprint
