Threads=2
LoadTime(s)=0.0218163
CODE_EXECUTION_TIME(s)=3.28762
RESULT=252447350
Throughput=7.67874e+07
VertexSetAllocated=260.80 KB
MiniGraphAllocated=0.00 Bytes
        3.68 real         6.17 user         0.06 sys
            19152896  maximum resident set size
                   0  average shared memory size
                   0  average unshared data size
                   0  average unshared stack size
                1323  page reclaims
                   2  page faults
                   0  swaps
                   0  block input operations
                   0  block output operations
                   0  messages sent
                   0  messages received
                   0  signals received
                   0  voluntary context switches
               11160  involuntary context switches
         42978750490  instructions retired
         12355419562  cycles elapsed
            17908736  peak memory footprint
