Threads=4
LoadTime(s)=0.0105666
CODE_EXECUTION_TIME(s)=2.15319
RESULT=96615211
Throughput=4.48708e+07
VertexSetAllocated=260.80 KB
MiniGraphAllocated=915.12 KB
        2.48 real         8.00 user         0.08 sys
            20496384  maximum resident set size
                   0  average shared memory size
                   0  average unshared data size
                   0  average unshared stack size
                1358  page reclaims
                   5  page faults
                   0  swaps
                   0  block input operations
                   0  block output operations
                   0  messages sent
                   0  messages received
                   0  signals received
                   3  voluntary context switches
               11061  involuntary context switches
         40516826712  instructions retired
         12187401782  cycles elapsed
            19170368  peak memory footprint
