Threads=4
LoadTime(s)=0.0171405
CODE_EXECUTION_TIME(s)=1.756
RESULT=96615211
Throughput=5.50201e+07
VertexSetAllocated=260.80 KB
MiniGraphAllocated=914.62 KB
        2.08 real         6.95 user         0.02 sys
            20398080  maximum resident set size
                   0  average shared memory size
                   0  average unshared data size
                   0  average unshared stack size
                1356  page reclaims
                   1  page faults
                   0  swaps
                   0  block input operations
                   0  block output operations
                   0  messages sent
                   0  messages received
                   0  signals received
                   1  voluntary context switches
                1315  involuntary context switches
         40434756077  instructions retired
         11298706163  cycles elapsed
            19039168  peak memory footprint
