Threads=2
LoadTime(s)=0.0104861
CODE_EXECUTION_TIME(s)=0.668165
RESULT=16713192
Throughput=2.50136e+07
VertexSetAllocated=0.00 Bytes
MiniGraphAllocated=129.21 KB
        0.98 real         1.18 user         0.02 sys
            19202048  maximum resident set size
                   0  average shared memory size
                   0  average unshared data size
                   0  average unshared stack size
                1294  page reclaims
                   1  page faults
                   0  swaps
                   0  block input operations
                   0  block output operations
                   0  messages sent
                   0  messages received
                   0  signals received
                   0  voluntary context switches
                3012  involuntary context switches
          7569490349  instructions retired
          2464922805  cycles elapsed
            17826560  peak memory footprint
