Threads=1
LoadTime(s)=0.0162638
CODE_EXECUTION_TIME(s)=5.79671
RESULT=96615211
Throughput=1.66673e+07
VertexSetAllocated=65.20 KB
MiniGraphAllocated=228.53 KB
        6.12 real         5.72 user         0.06 sys
            19365888  maximum resident set size
                   0  average shared memory size
                   0  average unshared data size
                   0  average unshared stack size
                1287  page reclaims
                   2  page faults
                   0  swaps
                   0  block input operations
                   0  block output operations
                   0  messages sent
                   0  messages received
                   0  signals received
                   0  voluntary context switches
                2945  involuntary context switches
         40424309982  instructions retired
         11368898362  cycles elapsed
            18039680  peak memory footprint
