Threads=4
LoadTime(s)=0.0100464
CODE_EXECUTION_TIME(s)=0.385161
RESULT=16713192
Throughput=4.33927e+07
VertexSetAllocated=0.00 Bytes
MiniGraphAllocated=263.79 KB
        0.84 real         1.38 user         0.02 sys
            19562496  maximum resident set size
                   0  average shared memory size
                   0  average unshared data size
                   0  average unshared stack size
                1308  page reclaims
                   1  page faults
                   0  swaps
                   0  block input operations
                   0  block output operations
                   0  messages sent
                   0  messages received
                   0  signals received
                   1  voluntary context switches
                2510  involuntary context switches
          7563467328  instructions retired
          2797578226  cycles elapsed
            18170688  peak memory footprint
