Threads=1
LoadTime(s)=0.0124458
CODE_EXECUTION_TIME(s)=5.81528
RESULT=96615211
Throughput=1.6614e+07
VertexSetAllocated=65.20 KB
MiniGraphAllocated=228.53 KB
        6.13 real         5.71 user         0.05 sys
            19333120  maximum resident set size
                   0  average shared memory size
                   0  average unshared data size
                   0  average unshared stack size
                1360  page reclaims
                   2  page faults
                   0  swaps
                   0  block input operations
                   0  block output operations
                   0  messages sent
                   0  messages received
                   0  signals received
                   3  voluntary context switches
                3423  involuntary context switches
         40426748217  instructions retired
         11344333147  cycles elapsed
            18072448  peak memory footprint
