Threads=1
LoadTime(s)=0.0128696
CODE_EXECUTION_TIME(s)=1.10516
RESULT=16713192
Throughput=1.51228e+07
VertexSetAllocated=0.00 Bytes
MiniGraphAllocated=91.13 KB
        1.46 real         1.10 user         0.01 sys
            19070976  maximum resident set size
                   0  average shared memory size
                   0  average unshared data size
                   0  average unshared stack size
                1270  page reclaims
                   2  page faults
                   0  swaps
                   0  block input operations
                   0  block output operations
                   0  messages sent
                   0  messages received
                   0  signals received
                   2  voluntary context switches
                 317  involuntary context switches
          7611703892  instructions retired
          2193974773  cycles elapsed
            17679040  peak memory footprint
