Threads=1
LoadTime(s)=0.0130681
CODE_EXECUTION_TIME(s)=7.30764
RESULT=252447350
Throughput=3.45457e+07
VertexSetAllocated=130.40 KB
MiniGraphAllocated=0.00 Bytes
        7.79 real         6.48 user         0.11 sys
            19136512  maximum resident set size
                   0  average shared memory size
                   0  average unshared data size
                   0  average unshared stack size
                1431  page reclaims
                   3  page faults
                   0  swaps
                   0  block input operations
                   0  block output operations
                   0  messages sent
                   0  messages received
                   0  signals received
                   3  voluntary context switches
               19925  involuntary context switches
         43002492671  instructions retired
         12603635442  cycles elapsed
            17859392  peak memory footprint
