Threads=2
LoadTime(s)=0.0148115
CODE_EXECUTION_TIME(s)=2.87679
RESULT=96615211
Throughput=3.35843e+07
VertexSetAllocated=130.40 KB
MiniGraphAllocated=371.91 KB
        3.27 real         5.68 user         0.03 sys
            19578880  maximum resident set size
                   0  average shared memory size
                   0  average unshared data size
                   0  average unshared stack size
                1337  page reclaims
                   2  page faults
                   0  swaps
                   0  block input operations
                   0  block output operations
                   0  messages sent
                   0  messages received
                   0  signals received
                   0  voluntary context switches
                2161  involuntary context switches
         40444598383  instructions retired
         11250879272  cycles elapsed
            18301824  peak memory footprint
