Threads=1
LoadTime(s)=0.0112838
CODE_EXECUTION_TIME(s)=1.10548
RESULT=16713192
Throughput=1.51184e+07
VertexSetAllocated=0.00 Bytes
MiniGraphAllocated=91.13 KB
        1.43 real         1.10 user         0.01 sys
            19152896  maximum resident set size
                   0  average shared memory size
                   0  average unshared data size
                   0  average unshared stack size
                1275  page reclaims
                   2  page faults
                   0  swaps
                   0  block input operations
                   0  block output operations
                   0  messages sent
                   0  messages received
                   0  signals received
                   0  voluntary context switches
                  23  involuntary context switches
          7609218142  instructions retired
          2196159186  cycles elapsed
            17810304  peak memory footprint
