Threads=1
LoadTime(s)=0.0156923
CODE_EXECUTION_TIME(s)=1.9014
RESULT=16713192
Throughput=8.78995e+06
VertexSetAllocated=0.00 Bytes
MiniGraphAllocated=91.13 KB
        2.58 real         1.59 user         0.05 sys
            19120128  maximum resident set size
                   0  average shared memory size
                   0  average unshared data size
                   0  average unshared stack size
                1776  page reclaims
                   1  page faults
                   0  swaps
                   0  block input operations
                   0  block output operations
                   0  messages sent
                   0  messages received
                   0  signals received
                   1  voluntary context switches
                7879  involuntary context switches
          7677815014  instructions retired
          2708815429  cycles elapsed
            17810240  peak memory footprint
