Threads=2
LoadTime(s)=0.0122351
CODE_EXECUTION_TIME(s)=0.537837
RESULT=16713192
Throughput=3.10748e+07
VertexSetAllocated=0.00 Bytes
MiniGraphAllocated=129.21 KB
        0.86 real         1.07 user         0.01 sys
            19415040  maximum resident set size
                   0  average shared memory size
                   0  average unshared data size
                   0  average unshared stack size
                1273  page reclaims
                  20  page faults
                   0  swaps
                   0  block input operations
                   0  block output operations
                   0  messages sent
                   0  messages received
                   0  signals received
                   4  voluntary context switches
                  39  involuntary context switches
          7546448191  instructions retired
          2131554347  cycles elapsed
            18056128  peak memory footprint
