Threads=4
LoadTime(s)=0.0131868
CODE_EXECUTION_TIME(s)=0.298236
RESULT=16713192
Throughput=5.60402e+07
VertexSetAllocated=0.00 Bytes
MiniGraphAllocated=263.55 KB
        0.65 real         1.15 user         0.01 sys
            19628032  maximum resident set size
                   0  average shared memory size
                   0  average unshared data size
                   0  average unshared stack size
                1314  page reclaims
                   1  page faults
                   0  swaps
                   0  block input operations
                   0  block output operations
                   0  messages sent
                   0  messages received
                   0  signals received
                   0  voluntary context switches
                 917  involuntary context switches
          7547810543  instructions retired
          2382511126  cycles elapsed
            18269120  peak memory footprint
