Threads=4
LoadTime(s)=0.0108418
CODE_EXECUTION_TIME(s)=1.71153
RESULT=252447350
Throughput=1.47498e+08
VertexSetAllocated=521.59 KB
MiniGraphAllocated=0.00 Bytes
        2.04 real         6.83 user         0.02 sys
            19398656  maximum resident set size
                   0  average shared memory size
                   0  average unshared data size
                   0  average unshared stack size
                1295  page reclaims
                   1  page faults
                   0  swaps
                   0  block input operations
                   0  block output operations
                   0  messages sent
                   0  messages received
                   0  signals received
                   1  voluntary context switches
                 203  involuntary context switches
         42890714960  instructions retired
         11995624909  cycles elapsed
            18056064  peak memory footprint
