Threads=1
LoadTime(s)=0.0113856
CODE_EXECUTION_TIME(s)=6.20459
RESULT=252447350
Throughput=4.06872e+07
VertexSetAllocated=130.40 KB
MiniGraphAllocated=0.00 Bytes
        6.52 real         6.15 user         0.03 sys
            18923520  maximum resident set size
                   0  average shared memory size
                   0  average unshared data size
                   0  average unshared stack size
                1344  page reclaims
                   2  page faults
                   0  swaps
                   0  block input operations
                   0  block output operations
                   0  messages sent
                   0  messages received
                   0  signals received
                   1  voluntary context switches
                 823  involuntary context switches
         42841089499  instructions retired
         12159658476  cycles elapsed
            17613504  peak memory footprint
