Threads=2
LoadTime(s)=0.0146778
CODE_EXECUTION_TIME(s)=0.537082
RESULT=16713192
Throughput=3.11185e+07
VertexSetAllocated=0.00 Bytes
MiniGraphAllocated=129.21 KB
        0.86 real         1.07 user         0.01 sys
            19316736  maximum resident set size
                   0  average shared memory size
                   0  average unshared data size
                   0  average unshared stack size
                1286  page reclaims
                   1  page faults
                   0  swaps
                   0  block input operations
                   0  block output operations
                   0  messages sent
                   0  messages received
                   0  signals received
                   2  voluntary context switches
                 118  involuntary context switches
          7543487827  instructions retired
          2137323228  cycles elapsed
            17924928  peak memory footprint
