Threads=1
LoadTime(s)=0.0104198
CODE_EXECUTION_TIME(s)=5.74711
RESULT=96615211
Throughput=1.68111e+07
VertexSetAllocated=65.20 KB
MiniGraphAllocated=228.53 KB
        6.07 real         5.70 user         0.03 sys
            19300352  maximum resident set size
                   0  average shared memory size
                   0  average unshared data size
                   0  average unshared stack size
                1284  page reclaims
                   1  page faults
                   0  swaps
                   0  block input operations
                   0  block output operations
                   0  messages sent
                   0  messages received
                   0  signals received
                   2  voluntary context switches
                1650  involuntary context switches
         40408743831  instructions retired
         11288254831  cycles elapsed
            17957696  peak memory footprint
