Threads=2
LoadTime(s)=0.0106533
CODE_EXECUTION_TIME(s)=0.560889
RESULT=16713192
Throughput=2.97977e+07
VertexSetAllocated=0.00 Bytes
MiniGraphAllocated=129.21 KB
        0.89 real         1.10 user         0.02 sys
            19218432  maximum resident set size
                   0  average shared memory size
                   0  average unshared data size
                   0  average unshared stack size
                1402  page reclaims
                   1  page faults
                   0  swaps
                   0  block input operations
                   0  block output operations
                   0  messages sent
                   0  messages received
                   0  signals received
                   0  voluntary context switches
                1189  involuntary context switches
          7554885556  instructions retired
          2195876824  cycles elapsed
            17810112  peak memory footprint
