Threads=2
LoadTime(s)=0.023478
CODE_EXECUTION_TIME(s)=1.98692
RESULT=4764685
Throughput=2.39803e+06
VertexSetAllocated=0.00 Bytes
MiniGraphAllocated=322.36 KB
        2.34 real         3.80 user         0.03 sys
            19415040  maximum resident set size
                   0  average shared memory size
                   0  average unshared data size
                   0  average unshared stack size
                1323  page reclaims
                   5  page faults
                   0  swaps
                   0  block input operations
                   0  block output operations
                   0  messages sent
                   0  messages received
                   0  signals received
                   3  voluntary context switches
                5150  involuntary context switches
         25352691072  instructions retired
          7092423355  cycles elapsed
            18088768  peak memory footprint
