Threads=2
LoadTime(s)=0.0166534
CODE_EXECUTION_TIME(s)=0.541393
RESULT=16713192
Throughput=3.08707e+07
VertexSetAllocated=0.00 Bytes
MiniGraphAllocated=129.21 KB
        0.86 real         1.08 user         0.01 sys
            19251200  maximum resident set size
                   0  average shared memory size
                   0  average unshared data size
                   0  average unshared stack size
                1282  page reclaims
                   2  page faults
                   0  swaps
                   0  block input operations
                   0  block output operations
                   0  messages sent
                   0  messages received
                   0  signals received
                   0  voluntary context switches
                 121  involuntary context switches
          7543338498  instructions retired
          2137157031  cycles elapsed
            17826496  peak memory footprint
