Threads=2
LoadTime(s)=0.0159286
CODE_EXECUTION_TIME(s)=0.543135
RESULT=16713192
Throughput=3.07717e+07
VertexSetAllocated=0.00 Bytes
MiniGraphAllocated=129.21 KB
        0.86 real         1.09 user         0.01 sys
            19349504  maximum resident set size
                   0  average shared memory size
                   0  average unshared data size
                   0  average unshared stack size
                1289  page reclaims
                   1  page faults
                   0  swaps
                   0  block input operations
                   0  block output operations
                   0  messages sent
                   0  messages received
                   0  signals received
                   0  voluntary context switches
                  41  involuntary context switches
          7542720507  instructions retired
          2143204044  cycles elapsed
            17957696  peak memory footprint
