Threads=4
LoadTime(s)=0.00920267
CODE_EXECUTION_TIME(s)=0.273803
RESULT=16713192
Throughput=6.10409e+07
VertexSetAllocated=0.00 Bytes
MiniGraphAllocated=296.12 KB
        0.61 real         1.09 user         0.01 sys
            19595264  maximum resident set size
                   0  average shared memory size
                   0  average unshared data size
                   0  average unshared stack size
                1309  page reclaims
                   2  page faults
                   0  swaps
                   0  block input operations
                   0  block output operations
                   0  messages sent
                   0  messages received
                   0  signals received
                   0  voluntary context switches
                 149  involuntary context switches
          7545172890  instructions retired
          2140909372  cycles elapsed
            18203456  peak memory footprint
