Threads=1
LoadTime(s)=0.0142033
CODE_EXECUTION_TIME(s)=6.24812
RESULT=252447350
Throughput=4.04037e+07
VertexSetAllocated=130.40 KB
MiniGraphAllocated=0.00 Bytes
        6.57 real         6.11 user         0.05 sys
            19038208  maximum resident set size
                   0  average shared memory size
                   0  average unshared data size
                   0  average unshared stack size
                1346  page reclaims
                   2  page faults
                   0  swaps
                   0  block input operations
                   0  block output operations
                   0  messages sent
                   0  messages received
                   0  signals received
                   1  voluntary context switches
                2362  involuntary context switches
         42856943822  instructions retired
         12137700607  cycles elapsed
            17728192  peak memory footprint
