Threads=4
LoadTime(s)=0.0134238
CODE_EXECUTION_TIME(s)=0.313074
RESULT=16713192
Throughput=5.33842e+07
VertexSetAllocated=0.00 Bytes
MiniGraphAllocated=296.51 KB
        0.64 real         1.24 user         0.01 sys
            19611648  maximum resident set size
                   0  average shared memory size
                   0  average unshared data size
                   0  average unshared stack size
                1309  page reclaims
                   1  page faults
                   0  swaps
                   0  block input operations
                   0  block output operations
                   0  messages sent
                   0  messages received
                   0  signals received
                   0  voluntary context switches
                 362  involuntary context switches
          7547123268  instructions retired
          2141012495  cycles elapsed
            18219840  peak memory footprint
