Threads=2
LoadTime(s)=0.0152796
CODE_EXECUTION_TIME(s)=2.85487
RESULT=96615211
Throughput=3.38423e+07
VertexSetAllocated=130.40 KB
MiniGraphAllocated=371.91 KB
        3.18 real         5.70 user         0.02 sys
            19742720  maximum resident set size
                   0  average shared memory size
                   0  average unshared data size
                   0  average unshared stack size
                1294  page reclaims
                  20  page faults
                   0  swaps
                   0  block input operations
                   0  block output operations
                   0  messages sent
                   0  messages received
                   0  signals received
                   2  voluntary context switches
                  34  involuntary context switches
         40429743370  instructions retired
         11253200424  cycles elapsed
            18400256  peak memory footprint
