Threads=1
LoadTime(s)=0.014601
CODE_EXECUTION_TIME(s)=5.76302
RESULT=96615211
Throughput=1.67647e+07
VertexSetAllocated=65.20 KB
MiniGraphAllocated=228.53 KB
        6.08 real         5.75 user         0.02 sys
            19496960  maximum resident set size
                   0  average shared memory size
                   0  average unshared data size
                   0  average unshared stack size
                1277  page reclaims
                  20  page faults
                   0  swaps
                   0  block input operations
                   0  block output operations
                   0  messages sent
                   0  messages received
                   0  signals received
                   7  voluntary context switches
                 201  involuntary context switches
         40397931303  instructions retired
         11371126016  cycles elapsed
            18220096  peak memory footprint
