Threads=4
LoadTime(s)=0.0102357
CODE_EXECUTION_TIME(s)=0.272264
RESULT=16713192
Throughput=6.1386e+07
VertexSetAllocated=0.00 Bytes
MiniGraphAllocated=297.38 KB
        0.59 real         1.08 user         0.01 sys
            19562496  maximum resident set size
                   0  average shared memory size
                   0  average unshared data size
                   0  average unshared stack size
                1287  page reclaims
                  19  page faults
                   0  swaps
                   0  block input operations
                   0  block output operations
                   0  messages sent
                   0  messages received
                   0  signals received
                   6  voluntary context switches
                 180  involuntary context switches
          7547606954  instructions retired
          2139669184  cycles elapsed
            18170688  peak memory footprint
