Threads=2
LoadTime(s)=0.0164702
CODE_EXECUTION_TIME(s)=0.540605
RESULT=16713192
Throughput=3.09157e+07
VertexSetAllocated=0.00 Bytes
MiniGraphAllocated=129.21 KB
        0.86 real         1.08 user         0.01 sys
            19202048  maximum resident set size
                   0  average shared memory size
                   0  average unshared data size
                   0  average unshared stack size
                1279  page reclaims
                   1  page faults
                   0  swaps
                   0  block input operations
                   0  block output operations
                   0  messages sent
                   0  messages received
                   0  signals received
                   0  voluntary context switches
                  18  involuntary context switches
          7542453959  instructions retired
          2137790780  cycles elapsed
            17793792  peak memory footprint
