Threads=2
LoadTime(s)=0.0100841
CODE_EXECUTION_TIME(s)=2.86784
RESULT=96615211
Throughput=3.36892e+07
VertexSetAllocated=130.40 KB
MiniGraphAllocated=371.91 KB
        3.19 real         5.71 user         0.03 sys
            19759104  maximum resident set size
                   0  average shared memory size
                   0  average unshared data size
                   0  average unshared stack size
                1308  page reclaims
                   6  page faults
                   0  swaps
                   0  block input operations
                   0  block output operations
                   0  messages sent
                   0  messages received
                   0  signals received
                   4  voluntary context switches
                1405  involuntary context switches
         40436805143  instructions retired
         11280583106  cycles elapsed
            18400192  peak memory footprint
