Threads=4
LoadTime(s)=0.0139843
CODE_EXECUTION_TIME(s)=0.27178
RESULT=16713192
Throughput=6.14954e+07
VertexSetAllocated=0.00 Bytes
MiniGraphAllocated=296.48 KB
        0.60 real         1.09 user         0.01 sys
            19660800  maximum resident set size
                   0  average shared memory size
                   0  average unshared data size
                   0  average unshared stack size
                1311  page reclaims
                   1  page faults
                   0  swaps
                   0  block input operations
                   0  block output operations
                   0  messages sent
                   0  messages received
                   0  signals received
                   0  voluntary context switches
                  65  involuntary context switches
          7544198455  instructions retired
          2126269590  cycles elapsed
            18301888  peak memory footprint
