Threads=1
LoadTime(s)=0.0217096
CODE_EXECUTION_TIME(s)=1.22105
RESULT=16713192
Throughput=1.36875e+07
VertexSetAllocated=0.00 Bytes
MiniGraphAllocated=91.13 KB
        1.58 real         1.14 user         0.02 sys
            19070976  maximum resident set size
                   0  average shared memory size
                   0  average unshared data size
                   0  average unshared stack size
                1614  page reclaims
                   5  page faults
                   0  swaps
                   0  block input operations
                   0  block output operations
                   0  messages sent
                   0  messages received
                   0  signals received
                   3  voluntary context switches
                2583  involuntary context switches
          7634884242  instructions retired
          2324192281  cycles elapsed
            17728192  peak memory footprint
