Threads=2
LoadTime(s)=0.0889332
CODE_EXECUTION_TIME(s)=4.6031
RESULT=252447350
Throughput=5.48429e+07
VertexSetAllocated=260.80 KB
MiniGraphAllocated=0.00 Bytes
        5.10 real         7.62 user         0.14 sys
            19120128  maximum resident set size
                   0  average shared memory size
                   0  average unshared data size
                   0  average unshared stack size
                1360  page reclaims
                  20  page faults
                   0  swaps
                   0  block input operations
                   0  block output operations
                   0  messages sent
                   0  messages received
                   0  signals received
                  44  voluntary context switches
               21576  involuntary context switches
         43119782402  instructions retired
         13669715260  cycles elapsed
            17826752  peak memory footprint
