Threads=1
LoadTime(s)=0.0134702
CODE_EXECUTION_TIME(s)=6.73561
RESULT=96615211
Throughput=1.43439e+07
VertexSetAllocated=65.20 KB
MiniGraphAllocated=228.53 KB
        7.12 real         6.60 user         0.04 sys
            19447808  maximum resident set size
                   0  average shared memory size
                   0  average unshared data size
                   0  average unshared stack size
                1340  page reclaims
                   3  page faults
                   0  swaps
                   0  block input operations
                   0  block output operations
                   0  messages sent
                   0  messages received
                   0  signals received
                  10  voluntary context switches
                4893  involuntary context switches
         40437457084  instructions retired
         11384882181  cycles elapsed
            18203712  peak memory footprint
