Threads=4
LoadTime(s)=0.00983067
CODE_EXECUTION_TIME(s)=0.36217
RESULT=16713192
Throughput=4.61474e+07
VertexSetAllocated=0.00 Bytes
MiniGraphAllocated=296.49 KB
        0.71 real         1.24 user         0.03 sys
            19693568  maximum resident set size
                   0  average shared memory size
                   0  average unshared data size
                   0  average unshared stack size
                1313  page reclaims
                   1  page faults
                   0  swaps
                   0  block input operations
                   0  block output operations
                   0  messages sent
                   0  messages received
                   0  signals received
                   0  voluntary context switches
                5965  involuntary context switches
          7594420430  instructions retired
          2642956893  cycles elapsed
            18384000  peak memory footprint
