Threads=2
LoadTime(s)=0.0124992
CODE_EXECUTION_TIME(s)=1.75644
RESULT=4764685
Throughput=2.7127e+06
VertexSetAllocated=0.00 Bytes
MiniGraphAllocated=322.36 KB
        2.08 real         3.51 user         0.01 sys
            19447808  maximum resident set size
                   0  average shared memory size
                   0  average unshared data size
                   0  average unshared stack size
                1294  page reclaims
                   1  page faults
                   0  swaps
                   0  block input operations
                   0  block output operations
                   0  messages sent
                   0  messages received
                   0  signals received
                   1  voluntary context switches
                  55  involuntary context switches
         25306800023  instructions retired
          6924506660  cycles elapsed
            18006656  peak memory footprint
