Threads=4
LoadTime(s)=0.0141893
CODE_EXECUTION_TIME(s)=1.4244
RESULT=96615211
Throughput=6.78285e+07
VertexSetAllocated=260.80 KB
MiniGraphAllocated=914.52 KB
        1.76 real         5.66 user         0.02 sys
            20463616  maximum resident set size
                   0  average shared memory size
                   0  average unshared data size
                   0  average unshared stack size
                1360  page reclaims
                   1  page faults
                   0  swaps
                   0  block input operations
                   0  block output operations
                   0  messages sent
                   0  messages received
                   0  signals received
                   1  voluntary context switches
                 732  involuntary context switches
         40428692251  instructions retired
         11157183489  cycles elapsed
            19137600  peak memory footprint
