Threads=4
LoadTime(s)=0.0154925
CODE_EXECUTION_TIME(s)=1.98891
RESULT=252447350
Throughput=1.26928e+08
VertexSetAllocated=521.59 KB
MiniGraphAllocated=0.00 Bytes
        2.32 real         7.13 user         0.05 sys
            19496960  maximum resident set size
                   0  average shared memory size
                   0  average unshared data size
                   0  average unshared stack size
                1407  page reclaims
                   1  page faults
                   0  swaps
                   0  block input operations
                   0  block output operations
                   0  messages sent
                   0  messages received
                   0  signals received
                   1  voluntary context switches
                8113  involuntary context switches
         42955429847  instructions retired
         12833708894  cycles elapsed
            18236480  peak memory footprint
