Threads=1
LoadTime(s)=0.0162093
CODE_EXECUTION_TIME(s)=6.20615
RESULT=252447350
Throughput=4.0677e+07
VertexSetAllocated=130.40 KB
MiniGraphAllocated=0.00 Bytes
        6.54 real         6.12 user         0.04 sys
            18825216  maximum resident set size
                   0  average shared memory size
                   0  average unshared data size
                   0  average unshared stack size
                1296  page reclaims
                   3  page faults
                   0  swaps
                   0  block input operations
                   0  block output operations
                   0  messages sent
                   0  messages received
                   0  signals received
                   1  voluntary context switches
                2570  involuntary context switches
         42857281495  instructions retired
         12156855271  cycles elapsed
            17547840  peak memory footprint
