Threads=4
LoadTime(s)=0.0144561
CODE_EXECUTION_TIME(s)=0.875405
RESULT=4764685
Throughput=5.44283e+06
VertexSetAllocated=0.00 Bytes
MiniGraphAllocated=666.46 KB
        1.20 real         3.49 user         0.01 sys
            20234240  maximum resident set size
                   0  average shared memory size
                   0  average unshared data size
                   0  average unshared stack size
                1347  page reclaims
                   1  page faults
                   0  swaps
                   0  block input operations
                   0  block output operations
                   0  messages sent
                   0  messages received
                   0  signals received
                   0  voluntary context switches
                 721  involuntary context switches
         25311577907  instructions retired
          6887312077  cycles elapsed
            18941120  peak memory footprint
