Threads=4
LoadTime(s)=0.014132
CODE_EXECUTION_TIME(s)=0.543557
RESULT=16713192
Throughput=3.07478e+07
VertexSetAllocated=0.00 Bytes
MiniGraphAllocated=296.47 KB
        0.88 real         1.31 user         0.02 sys
            19595264  maximum resident set size
                   0  average shared memory size
                   0  average unshared data size
                   0  average unshared stack size
                1388  page reclaims
                   2  page faults
                   0  swaps
                   0  block input operations
                   0  block output operations
                   0  messages sent
                   0  messages received
                   0  signals received
                   1  voluntary context switches
                4019  involuntary context switches
          7578709569  instructions retired
          2803262815  cycles elapsed
            18350976  peak memory footprint
