Threads=2
LoadTime(s)=0.0109696
CODE_EXECUTION_TIME(s)=1.73725
RESULT=4764685
Throughput=2.74265e+06
VertexSetAllocated=0.00 Bytes
MiniGraphAllocated=322.36 KB
        2.06 real         3.46 user         0.02 sys
            19677184  maximum resident set size
                   0  average shared memory size
                   0  average unshared data size
                   0  average unshared stack size
                1308  page reclaims
                   2  page faults
                   0  swaps
                   0  block input operations
                   0  block output operations
                   0  messages sent
                   0  messages received
                   0  signals received
                   0  voluntary context switches
                  41  involuntary context switches
         25309221550  instructions retired
          6850807253  cycles elapsed
            18367616  peak memory footprint
