Threads=1
LoadTime(s)=0.00952825
CODE_EXECUTION_TIME(s)=1.17082
RESULT=16713192
Throughput=1.42748e+07
VertexSetAllocated=0.00 Bytes
MiniGraphAllocated=91.13 KB
        1.49 real         1.12 user         0.02 sys
            19087360  maximum resident set size
                   0  average shared memory size
                   0  average unshared data size
                   0  average unshared stack size
                1403  page reclaims
                  19  page faults
                   0  swaps
                   0  block input operations
                   0  block output operations
                   0  messages sent
                   0  messages received
                   0  signals received
                   4  voluntary context switches
                1313  involuntary context switches
          7626269801  instructions retired
          2248783073  cycles elapsed
            17744576  peak memory footprint
