Threads=1
LoadTime(s)=0.0118796
CODE_EXECUTION_TIME(s)=5.83311
RESULT=96615211
Throughput=1.65633e+07
VertexSetAllocated=65.20 KB
MiniGraphAllocated=228.53 KB
        6.15 real         5.80 user         0.03 sys
            19349504  maximum resident set size
                   0  average shared memory size
                   0  average unshared data size
                   0  average unshared stack size
                1287  page reclaims
                   2  page faults
                   0  swaps
                   0  block input operations
                   0  block output operations
                   0  messages sent
                   0  messages received
                   0  signals received
                   2  voluntary context switches
                 627  involuntary context switches
         40400503202  instructions retired
         11472855694  cycles elapsed
            18023360  peak memory footprint
