Threads=4
LoadTime(s)=0.0120543
CODE_EXECUTION_TIME(s)=0.286089
RESULT=16713192
Throughput=5.84196e+07
VertexSetAllocated=0.00 Bytes
MiniGraphAllocated=297.59 KB
        0.61 real         1.12 user         0.01 sys
            19677184  maximum resident set size
                   0  average shared memory size
                   0  average unshared data size
                   0  average unshared stack size
                1310  page reclaims
                   1  page faults
                   0  swaps
                   0  block input operations
                   0  block output operations
                   0  messages sent
                   0  messages received
                   0  signals received
                   0  voluntary context switches
                 921  involuntary context switches
          7550294151  instructions retired
          2274576141  cycles elapsed
            18367616  peak memory footprint
