Threads=1
LoadTime(s)=0.0108063
CODE_EXECUTION_TIME(s)=1.11148
RESULT=16713192
Throughput=1.50368e+07
VertexSetAllocated=0.00 Bytes
MiniGraphAllocated=91.13 KB
        1.43 real         1.11 user         0.01 sys
            19103744  maximum resident set size
                   0  average shared memory size
                   0  average unshared data size
                   0  average unshared stack size
                1273  page reclaims
                   1  page faults
                   0  swaps
                   0  block input operations
                   0  block output operations
                   0  messages sent
                   0  messages received
                   0  signals received
                   2  voluntary context switches
                 414  involuntary context switches
          7612607321  instructions retired
          2201740157  cycles elapsed
            17744640  peak memory footprint
