Threads=4
LoadTime(s)=0.0146455
CODE_EXECUTION_TIME(s)=0.270574
RESULT=16713192
Throughput=6.17693e+07
VertexSetAllocated=0.00 Bytes
MiniGraphAllocated=297.16 KB
        0.60 real         1.08 user         0.01 sys
            19677184  maximum resident set size
                   0  average shared memory size
                   0  average unshared data size
                   0  average unshared stack size
                1308  page reclaims
                   5  page faults
                   0  swaps
                   0  block input operations
                   0  block output operations
                   0  messages sent
                   0  messages received
                   0  signals received
                   2  voluntary context switches
                 137  involuntary context switches
          7543292359  instructions retired
          2124799395  cycles elapsed
            18367616  peak memory footprint
