Threads=2
LoadTime(s)=0.0160278
CODE_EXECUTION_TIME(s)=3.05227
RESULT=252447350
Throughput=8.27079e+07
VertexSetAllocated=260.80 KB
MiniGraphAllocated=0.00 Bytes
        3.43 real         6.08 user         0.03 sys
            19267584  maximum resident set size
                   0  average shared memory size
                   0  average unshared data size
                   0  average unshared stack size
                1282  page reclaims
                   2  page faults
                   0  swaps
                   0  block input operations
                   0  block output operations
                   0  messages sent
                   0  messages received
                   0  signals received
                   0  voluntary context switches
                1043  involuntary context switches
         42894742480  instructions retired
         12008865723  cycles elapsed
            17924992  peak memory footprint
