Threads=1
LoadTime(s)=0.017301
CODE_EXECUTION_TIME(s)=5.73848
RESULT=96615211
Throughput=1.68364e+07
VertexSetAllocated=65.20 KB
MiniGraphAllocated=228.53 KB
        6.07 real         5.71 user         0.04 sys
            19398656  maximum resident set size
                   0  average shared memory size
                   0  average unshared data size
                   0  average unshared stack size
                1276  page reclaims
                  15  page faults
                   0  swaps
                   0  block input operations
                   0  block output operations
                   0  messages sent
                   0  messages received
                   0  signals received
                   1  voluntary context switches
                 332  involuntary context switches
         40403350794  instructions retired
         11311289137  cycles elapsed
            18056000  peak memory footprint
