Threads=2
LoadTime(s)=0.0232857
CODE_EXECUTION_TIME(s)=1.83371
RESULT=4764685
Throughput=2.59839e+06
VertexSetAllocated=0.00 Bytes
MiniGraphAllocated=322.36 KB
        2.17 real         3.53 user         0.03 sys
            19480576  maximum resident set size
                   0  average shared memory size
                   0  average unshared data size
                   0  average unshared stack size
                1337  page reclaims
                   1  page faults
                   0  swaps
                   0  block input operations
                   0  block output operations
                   0  messages sent
                   0  messages received
                   0  signals received
                   1  voluntary context switches
                3322  involuntary context switches
         25335928593  instructions retired
          7036650475  cycles elapsed
            18252736  peak memory footprint
