Threads=1
LoadTime(s)=0.00989938
CODE_EXECUTION_TIME(s)=1.09994
RESULT=16713192
Throughput=1.51947e+07
VertexSetAllocated=0.00 Bytes
MiniGraphAllocated=91.13 KB
        1.41 real         1.10 user         0.01 sys
            19120128  maximum resident set size
                   0  average shared memory size
                   0  average unshared data size
                   0  average unshared stack size
                1273  page reclaims
                   1  page faults
                   0  swaps
                   0  block input operations
                   0  block output operations
                   0  messages sent
                   0  messages received
                   0  signals received
                   0  voluntary context switches
                 149  involuntary context switches
          7610458371  instructions retired
          2183619458  cycles elapsed
            17744576  peak memory footprint
