Threads=1
LoadTime(s)=0.0141168
CODE_EXECUTION_TIME(s)=6.82138
RESULT=252447350
Throughput=3.70082e+07
VertexSetAllocated=130.40 KB
MiniGraphAllocated=0.00 Bytes
        7.24 real         6.36 user         0.08 sys
            18923520  maximum resident set size
                   0  average shared memory size
                   0  average unshared data size
                   0  average unshared stack size
                1402  page reclaims
                   2  page faults
                   0  swaps
                   0  block input operations
                   0  block output operations
                   0  messages sent
                   0  messages received
                   0  signals received
                   1  voluntary context switches
               10077  involuntary context switches
         42921057472  instructions retired
         12407243497  cycles elapsed
            17613376  peak memory footprint
