Threads=1
LoadTime(s)=0.018014
CODE_EXECUTION_TIME(s)=5.74653
RESULT=96615211
Throughput=1.68128e+07
VertexSetAllocated=65.20 KB
MiniGraphAllocated=228.53 KB
        6.07 real         5.71 user         0.03 sys
            19283968  maximum resident set size
                   0  average shared memory size
                   0  average unshared data size
                   0  average unshared stack size
                1275  page reclaims
                  10  page faults
                   0  swaps
                   0  block input operations
                   0  block output operations
                   0  messages sent
                   0  messages received
                   0  signals received
                   1  voluntary context switches
                 184  involuntary context switches
         40399126362  instructions retired
         11303408460  cycles elapsed
            17908480  peak memory footprint
