Threads=2
LoadTime(s)=0.0120384
CODE_EXECUTION_TIME(s)=0.539089
RESULT=16713192
Throughput=3.10027e+07
VertexSetAllocated=0.00 Bytes
MiniGraphAllocated=129.21 KB
        0.85 real         1.08 user         0.01 sys
            19349504  maximum resident set size
                   0  average shared memory size
                   0  average unshared data size
                   0  average unshared stack size
                1287  page reclaims
                   2  page faults
                   0  swaps
                   0  block input operations
                   0  block output operations
                   0  messages sent
                   0  messages received
                   0  signals received
                   1  voluntary context switches
                  27  involuntary context switches
          7542418680  instructions retired
          2133323020  cycles elapsed
            17957696  peak memory footprint
