Threads=1
LoadTime(s)=0.0175769
CODE_EXECUTION_TIME(s)=1.10099
RESULT=16713192
Throughput=1.51802e+07
VertexSetAllocated=0.00 Bytes
MiniGraphAllocated=91.13 KB
        1.42 real         1.10 user         0.01 sys
            19136512  maximum resident set size
                   0  average shared memory size
                   0  average unshared data size
                   0  average unshared stack size
                1274  page reclaims
                   1  page faults
                   0  swaps
                   0  block input operations
                   0  block output operations
                   0  messages sent
                   0  messages received
                   0  signals received
                   0  voluntary context switches
                 143  involuntary context switches
          7610650293  instructions retired
          2186191178  cycles elapsed
            17760960  peak memory footprint
