Threads=4
LoadTime(s)=0.00638108
CODE_EXECUTION_TIME(s)=0.902781
RESULT=4764685
Throughput=5.27779e+06
VertexSetAllocated=0.00 Bytes
MiniGraphAllocated=667.25 KB
        1.22 real         3.52 user         0.02 sys
            19955712  maximum resident set size
                   0  average shared memory size
                   0  average unshared data size
                   0  average unshared stack size
                1331  page reclaims
                   2  page faults
                   0  swaps
                   0  block input operations
                   0  block output operations
                   0  messages sent
                   0  messages received
                   0  signals received
                   0  voluntary context switches
                3538  involuntary context switches
         25334199889  instructions retired
          7057226630  cycles elapsed
            18563904  peak memory footprint
