Threads=1
LoadTime(s)=0.0102438
CODE_EXECUTION_TIME(s)=1.105
RESULT=16713192
Throughput=1.51251e+07
VertexSetAllocated=0.00 Bytes
MiniGraphAllocated=91.13 KB
        1.43 real         1.10 user         0.01 sys
            19169280  maximum resident set size
                   0  average shared memory size
                   0  average unshared data size
                   0  average unshared stack size
                1275  page reclaims
                   2  page faults
                   0  swaps
                   0  block input operations
                   0  block output operations
                   0  messages sent
                   0  messages received
                   0  signals received
                   5  voluntary context switches
                  42  involuntary context switches
          7610073478  instructions retired
          2196965915  cycles elapsed
            17826624  peak memory footprint
