Threads=2
LoadTime(s)=0.0136895
CODE_EXECUTION_TIME(s)=2.60368
RESULT=4764685
Throughput=1.82998e+06
VertexSetAllocated=0.00 Bytes
MiniGraphAllocated=322.36 KB
        2.98 real         4.15 user         0.06 sys
            19513344  maximum resident set size
                   0  average shared memory size
                   0  average unshared data size
                   0  average unshared stack size
                1389  page reclaims
                   2  page faults
                   0  swaps
                   0  block input operations
                   0  block output operations
                   0  messages sent
                   0  messages received
                   0  signals received
                   3  voluntary context switches
               10390  involuntary context switches
         25394743524  instructions retired
          8141577150  cycles elapsed
            18269056  peak memory footprint
