Threads=1
LoadTime(s)=0.00878496
CODE_EXECUTION_TIME(s)=1.11235
RESULT=16713192
Throughput=1.50251e+07
VertexSetAllocated=0.00 Bytes
MiniGraphAllocated=91.13 KB
        1.43 real         1.10 user         0.01 sys
            19136512  maximum resident set size
                   0  average shared memory size
                   0  average unshared data size
                   0  average unshared stack size
                1275  page reclaims
                   1  page faults
                   0  swaps
                   0  block input operations
                   0  block output operations
                   0  messages sent
                   0  messages received
                   0  signals received
                   1  voluntary context switches
                 690  involuntary context switches
          7614875202  instructions retired
          2208703097  cycles elapsed
            17760960  peak memory footprint
