Threads=1
LoadTime(s)=0.0120158
CODE_EXECUTION_TIME(s)=6.57307
RESULT=252447350
Throughput=3.84063e+07
VertexSetAllocated=130.40 KB
MiniGraphAllocated=0.00 Bytes
        6.89 real         6.19 user         0.06 sys
            18923520  maximum resident set size
                   0  average shared memory size
                   0  average unshared data size
                   0  average unshared stack size
                1305  page reclaims
                   2  page faults
                   0  swaps
                   0  block input operations
                   0  block output operations
                   0  messages sent
                   0  messages received
                   0  signals received
                   2  voluntary context switches
                8325  involuntary context switches
         42903324102  instructions retired
         12363500022  cycles elapsed
            17613504  peak memory footprint
