Threads=4
LoadTime(s)=0.0129886
CODE_EXECUTION_TIME(s)=0.885386
RESULT=4764685
Throughput=5.38148e+06
VertexSetAllocated=0.00 Bytes
MiniGraphAllocated=666.27 KB
        1.21 real         3.48 user         0.02 sys
            19939328  maximum resident set size
                   0  average shared memory size
                   0  average unshared data size
                   0  average unshared stack size
                1330  page reclaims
                   1  page faults
                   0  swaps
                   0  block input operations
                   0  block output operations
                   0  messages sent
                   0  messages received
                   0  signals received
                   1  voluntary context switches
                3531  involuntary context switches
         25333432518  instructions retired
          6908401768  cycles elapsed
            18580416  peak memory footprint
