Threads=2
LoadTime(s)=0.0146116
CODE_EXECUTION_TIME(s)=1.75397
RESULT=4764685
Throughput=2.71652e+06
VertexSetAllocated=0.00 Bytes
MiniGraphAllocated=322.36 KB
        2.08 real         3.50 user         0.01 sys
            19595264  maximum resident set size
                   0  average shared memory size
                   0  average unshared data size
                   0  average unshared stack size
                1306  page reclaims
                   1  page faults
                   0  swaps
                   0  block input operations
                   0  block output operations
                   0  messages sent
                   0  messages received
                   0  signals received
                   0  voluntary context switches
                 799  involuntary context switches
         25313120182  instructions retired
          6913142117  cycles elapsed
            18269248  peak memory footprint
