Threads=2
LoadTime(s)=0.0100491
CODE_EXECUTION_TIME(s)=0.544556
RESULT=16713192
Throughput=3.06914e+07
VertexSetAllocated=0.00 Bytes
MiniGraphAllocated=129.21 KB
        0.86 real         1.08 user         0.01 sys
            19513344  maximum resident set size
                   0  average shared memory size
                   0  average unshared data size
                   0  average unshared stack size
                1297  page reclaims
                   2  page faults
                   0  swaps
                   0  block input operations
                   0  block output operations
                   0  messages sent
                   0  messages received
                   0  signals received
                   1  voluntary context switches
                 463  involuntary context switches
          7546777459  instructions retired
          2149436690  cycles elapsed
            18170880  peak memory footprint
