Threads=4
LoadTime(s)=0.0113638
CODE_EXECUTION_TIME(s)=0.2769
RESULT=16713192
Throughput=6.03582e+07
VertexSetAllocated=0.00 Bytes
MiniGraphAllocated=296.61 KB
        0.60 real         1.08 user         0.01 sys
            19464192  maximum resident set size
                   0  average shared memory size
                   0  average unshared data size
                   0  average unshared stack size
                1301  page reclaims
                   1  page faults
                   0  swaps
                   0  block input operations
                   0  block output operations
                   0  messages sent
                   0  messages received
                   0  signals received
                   0  voluntary context switches
                1030  involuntary context switches
          7549106992  instructions retired
          2168544641  cycles elapsed
            18072384  peak memory footprint
