Threads=4
LoadTime(s)=0.0094745
CODE_EXECUTION_TIME(s)=1.6462
RESULT=96615211
Throughput=5.86898e+07
VertexSetAllocated=260.80 KB
MiniGraphAllocated=915.05 KB
        2.08 real         5.93 user         0.08 sys
            19824640  maximum resident set size
                   0  average shared memory size
                   0  average unshared data size
                   0  average unshared stack size
                1426  page reclaims
                   1  page faults
                   0  swaps
                   0  block input operations
                   0  block output operations
                   0  messages sent
                   0  messages received
                   0  signals received
                   1  voluntary context switches
               13108  involuntary context switches
         40533674188  instructions retired
         12064256462  cycles elapsed
            19170304  peak memory footprint
