Threads=1
LoadTime(s)=0.0168373
CODE_EXECUTION_TIME(s)=6.20263
RESULT=96615211
Throughput=1.55765e+07
VertexSetAllocated=65.20 KB
MiniGraphAllocated=228.53 KB
        6.54 real         5.78 user         0.09 sys
            19218432  maximum resident set size
                   0  average shared memory size
                   0  average unshared data size
                   0  average unshared stack size
                1481  page reclaims
                   2  page faults
                   0  swaps
                   0  block input operations
                   0  block output operations
                   0  messages sent
                   0  messages received
                   0  signals received
                   1  voluntary context switches
               13298  involuntary context switches
         40508870800  instructions retired
         11629068569  cycles elapsed
            18236480  peak memory footprint
