Threads=4
LoadTime(s)=0.015843
CODE_EXECUTION_TIME(s)=0.272657
RESULT=16713192
Throughput=6.12974e+07
VertexSetAllocated=0.00 Bytes
MiniGraphAllocated=297.60 KB
        0.60 real         1.09 user         0.01 sys
            19709952  maximum resident set size
                   0  average shared memory size
                   0  average unshared data size
                   0  average unshared stack size
                1299  page reclaims
                  19  page faults
                   0  swaps
                   0  block input operations
                   0  block output operations
                   0  messages sent
                   0  messages received
                   0  signals received
                   2  voluntary context switches
                  84  involuntary context switches
          7545492907  instructions retired
          2134527844  cycles elapsed
            18383936  peak memory footprint
