Threads=2
LoadTime(s)=0.0191471
CODE_EXECUTION_TIME(s)=0.533655
RESULT=16713192
Throughput=3.13184e+07
VertexSetAllocated=0.00 Bytes
MiniGraphAllocated=129.21 KB
        0.86 real         1.07 user         0.01 sys
            19283968  maximum resident set size
                   0  average shared memory size
                   0  average unshared data size
                   0  average unshared stack size
                1280  page reclaims
                   5  page faults
                   0  swaps
                   0  block input operations
                   0  block output operations
                   0  messages sent
                   0  messages received
                   0  signals received
                   2  voluntary context switches
                 120  involuntary context switches
          7543760003  instructions retired
          2130788723  cycles elapsed
            17875712  peak memory footprint
