Threads=2
LoadTime(s)=0.0139063
CODE_EXECUTION_TIME(s)=0.545975
RESULT=16713192
Throughput=3.06117e+07
VertexSetAllocated=0.00 Bytes
MiniGraphAllocated=129.21 KB
        0.87 real         1.09 user         0.01 sys
            19333120  maximum resident set size
                   0  average shared memory size
                   0  average unshared data size
                   0  average unshared stack size
                1287  page reclaims
                   1  page faults
                   0  swaps
                   0  block input operations
                   0  block output operations
                   0  messages sent
                   0  messages received
                   0  signals received
                   4  voluntary context switches
                 503  involuntary context switches
          7546481401  instructions retired
          2153252784  cycles elapsed
            17908416  peak memory footprint
