Threads=1
LoadTime(s)=0.0239428
CODE_EXECUTION_TIME(s)=1.52708
RESULT=16713192
Throughput=1.09446e+07
VertexSetAllocated=0.00 Bytes
MiniGraphAllocated=91.13 KB
        1.97 real         1.30 user         0.03 sys
            19218432  maximum resident set size
                   0  average shared memory size
                   0  average unshared data size
                   0  average unshared stack size
                1857  page reclaims
                   2  page faults
                   0  swaps
                   0  block input operations
                   0  block output operations
                   0  messages sent
                   0  messages received
                   0  signals received
                   1  voluntary context switches
                2782  involuntary context switches
          7636653607  instructions retired
          2441220438  cycles elapsed
            17990528  peak memory footprint
