Threads=2
LoadTime(s)=0.00963467
CODE_EXECUTION_TIME(s)=0.541684
RESULT=16713192
Throughput=3.08541e+07
VertexSetAllocated=0.00 Bytes
MiniGraphAllocated=129.21 KB
        0.87 real         1.08 user         0.01 sys
            19251200  maximum resident set size
                   0  average shared memory size
                   0  average unshared data size
                   0  average unshared stack size
                1281  page reclaims
                   2  page faults
                   0  swaps
                   0  block input operations
                   0  block output operations
                   0  messages sent
                   0  messages received
                   0  signals received
                   0  voluntary context switches
                 109  involuntary context switches
          7543067515  instructions retired
          2141833831  cycles elapsed
            17826496  peak memory footprint
