Threads=2
LoadTime(s)=0.0117427
CODE_EXECUTION_TIME(s)=3.31082
RESULT=252447350
Throughput=7.62492e+07
VertexSetAllocated=260.80 KB
MiniGraphAllocated=0.00 Bytes
        3.65 real         6.20 user         0.07 sys
            19087360  maximum resident set size
                   0  average shared memory size
                   0  average unshared data size
                   0  average unshared stack size
                1319  page reclaims
                   2  page faults
                   0  swaps
                   0  block input operations
                   0  block output operations
                   0  messages sent
                   0  messages received
                   0  signals received
                   1  voluntary context switches
               12228  involuntary context switches
         42988423104  instructions retired
         12467388690  cycles elapsed
            17711808  peak memory footprint
