Threads=4
LoadTime(s)=0.0149411
CODE_EXECUTION_TIME(s)=0.312574
RESULT=16713192
Throughput=5.34695e+07
VertexSetAllocated=0.00 Bytes
MiniGraphAllocated=296.60 KB
        0.65 real         1.20 user         0.01 sys
            19709952  maximum resident set size
                   0  average shared memory size
                   0  average unshared data size
                   0  average unshared stack size
                1315  page reclaims
                   1  page faults
                   0  swaps
                   0  block input operations
                   0  block output operations
                   0  messages sent
                   0  messages received
                   0  signals received
                   1  voluntary context switches
                1022  involuntary context switches
          7549502053  instructions retired
          2536405015  cycles elapsed
            18400384  peak memory footprint
