Threads=1
LoadTime(s)=0.0137418
CODE_EXECUTION_TIME(s)=1.0985
RESULT=16713192
Throughput=1.52146e+07
VertexSetAllocated=0.00 Bytes
MiniGraphAllocated=91.13 KB
        1.43 real         1.10 user         0.01 sys
            19070976  maximum resident set size
                   0  average shared memory size
                   0  average unshared data size
                   0  average unshared stack size
                1270  page reclaims
                   2  page faults
                   0  swaps
                   0  block input operations
                   0  block output operations
                   0  messages sent
                   0  messages received
                   0  signals received
                   3  voluntary context switches
                  27  involuntary context switches
          7609558657  instructions retired
          2191623091  cycles elapsed
            17679040  peak memory footprint
