Threads=1
LoadTime(s)=0.0174621
CODE_EXECUTION_TIME(s)=3.5686
RESULT=4764685
Throughput=1.33517e+06
VertexSetAllocated=0.00 Bytes
MiniGraphAllocated=231.70 KB
        3.90 real         3.52 user         0.03 sys
            19300352  maximum resident set size
                   0  average shared memory size
                   0  average unshared data size
                   0  average unshared stack size
                1360  page reclaims
                   2  page faults
                   0  swaps
                   0  block input operations
                   0  block output operations
                   0  messages sent
                   0  messages received
                   0  signals received
                   7  voluntary context switches
                1359  involuntary context switches
         25280666040  instructions retired
          6996219005  cycles elapsed
            17990336  peak memory footprint
