Threads=4
LoadTime(s)=0.0655998
CODE_EXECUTION_TIME(s)=1.44809
RESULT=96615211
Throughput=6.67192e+07
VertexSetAllocated=260.80 KB
MiniGraphAllocated=915.12 KB
        1.84 real         5.71 user         0.03 sys
            20430848  maximum resident set size
                   0  average shared memory size
                   0  average unshared data size
                   0  average unshared stack size
                1360  page reclaims
                   2  page faults
                   0  swaps
                   0  block input operations
                   0  block output operations
                   0  messages sent
                   0  messages received
                   0  signals received
                  40  voluntary context switches
                3278  involuntary context switches
         40498483142  instructions retired
         11412185275  cycles elapsed
            19121280  peak memory footprint
