Threads=2
LoadTime(s)=0.008632
CODE_EXECUTION_TIME(s)=2.88309
RESULT=96615211
Throughput=3.3511e+07
VertexSetAllocated=130.40 KB
MiniGraphAllocated=371.91 KB
        3.21 real         5.73 user         0.02 sys
            19513344  maximum resident set size
                   0  average shared memory size
                   0  average unshared data size
                   0  average unshared stack size
                1298  page reclaims
                   2  page faults
                   0  swaps
                   0  block input operations
                   0  block output operations
                   0  messages sent
                   0  messages received
                   0  signals received
                   3  voluntary context switches
                2404  involuntary context switches
         40444012248  instructions retired
         11329116775  cycles elapsed
            18088640  peak memory footprint
