Threads=2
LoadTime(s)=0.0127767
CODE_EXECUTION_TIME(s)=1.97398
RESULT=4764685
Throughput=2.41374e+06
VertexSetAllocated=0.00 Bytes
MiniGraphAllocated=322.36 KB
        2.33 real         3.55 user         0.05 sys
            19546112  maximum resident set size
                   0  average shared memory size
                   0  average unshared data size
                   0  average unshared stack size
                1363  page reclaims
                   2  page faults
                   0  swaps
                   0  block input operations
                   0  block output operations
                   0  messages sent
                   0  messages received
                   0  signals received
                   0  voluntary context switches
                7879  involuntary context switches
         25372903468  instructions retired
          7187762022  cycles elapsed
            18269056  peak memory footprint
